ON: integer over/underflow
ON: division-by-zero

2018-13221_tmp.sol:43:7: Warning: "throw" is deprecated in favour of "revert()", "require()" and "assert()".
      throw;
      ^---^
2018-13221_tmp.sol:50:5: Warning: Defining constructors as functions with the same name as the contract is deprecated. Use "constructor(...) { ... }" instead.
    function Ownable() {
    ^ (Relevant source part starts here and spans across multiple lines).
2018-13221_tmp.sol:54:34: Warning: "throw" is deprecated in favour of "revert()", "require()" and "assert()".
        if (msg.sender != owner) throw;
                                 ^---^
2018-13221_tmp.sol:86:8: Warning: "throw" is deprecated in favour of "revert()", "require()" and "assert()".
       throw;
       ^---^
2018-13221_tmp.sol:103:5: Warning: Use of the "var" keyword is deprecated.
    var _allowance = allowed[_from][msg.sender];
    ^------------^
2018-13221_tmp.sol:116:64: Warning: "throw" is deprecated in favour of "revert()", "require()" and "assert()".
    if ((_value != 0) && (allowed[msg.sender][_spender] != 0)) throw;
                                                               ^---^
2018-13221_tmp.sol:132:3: Warning: Defining constructors as functions with the same name as the contract is deprecated. Use "constructor(...) { ... }" instead.
  function Extreme () { 
  ^ (Relevant source part starts here and spans across multiple lines).
2018-13221_tmp.sol:154:38: Warning: "throw" is deprecated in favour of "revert()", "require()" and "assert()".
        if (balances[this] < amount) throw; 
                                     ^---^
2018-13221_tmp.sol:161:45: Warning: "throw" is deprecated in favour of "revert()", "require()" and "assert()".
        if (balances[msg.sender] < amount ) throw;
                                            ^---^
2018-13221_tmp.sol:165:13: Warning: "throw" is deprecated in favour of "revert()", "require()" and "assert()".
            throw;
            ^---^
2018-13221_tmp.sol:41:3: Warning: This declaration shadows a builtin symbol.
  function assert(bool assertion) internal {
  ^ (Relevant source part starts here and spans across multiple lines).
2018-13221_tmp.sol:93:5: Warning: Invoking events without "emit" prefix is deprecated.
    Transfer(msg.sender, _to, _value);
    ^-------------------------------^
2018-13221_tmp.sol:109:5: Warning: Invoking events without "emit" prefix is deprecated.
    Transfer(_from, _to, _value);
    ^--------------------------^
2018-13221_tmp.sol:118:5: Warning: Invoking events without "emit" prefix is deprecated.
    Approval(msg.sender, _spender, _value);
    ^------------------------------------^
2018-13221_tmp.sol:136:9: Warning: Invoking events without "emit" prefix is deprecated.
        Transfer(0, this, totalSupply);
        ^----------------------------^
2018-13221_tmp.sol:137:9: Warning: Invoking events without "emit" prefix is deprecated.
        Transfer(this, msg.sender, totalSupply);
        ^-------------------------------------^
2018-13221_tmp.sol:157:9: Warning: Invoking events without "emit" prefix is deprecated.
        Transfer(this, msg.sender, amount);
        ^--------------------------------^
2018-13221_tmp.sol:167:13: Warning: Invoking events without "emit" prefix is deprecated.
            Transfer(msg.sender, this, amount);
            ^--------------------------------^
2018-13221_tmp.sol:176:9: Warning: Invoking events without "emit" prefix is deprecated.
        Transfer(msg.sender, _to, _value);
        ^-------------------------------^
2018-13221_tmp.sol:182:9: Warning: Invoking events without "emit" prefix is deprecated.
        Transfer(0, this, mintedAmount);
        ^-----------------------------^
2018-13221_tmp.sol:183:9: Warning: Invoking events without "emit" prefix is deprecated.
        Transfer(this, target, mintedAmount);
        ^----------------------------------^
2018-13221_tmp.sol:50:5: Warning: No visibility specified. Defaulting to "public". 
    function Ownable() {
    ^ (Relevant source part starts here and spans across multiple lines).
2018-13221_tmp.sol:57:5: Warning: No visibility specified. Defaulting to "public". 
    function transferOwnership(address newOwner) onlyOwner {
    ^ (Relevant source part starts here and spans across multiple lines).
2018-13221_tmp.sol:66:3: Warning: No visibility specified. Defaulting to "public". 
  function balanceOf(address who) constant returns (uint);
  ^------------------------------------------------------^
2018-13221_tmp.sol:67:3: Warning: No visibility specified. Defaulting to "public". 
  function transfer(address to, uint value);
  ^----------------------------------------^
2018-13221_tmp.sol:71:3: Warning: No visibility specified. Defaulting to "public". 
  function allowance(address owner, address spender) constant returns (uint);
  ^-------------------------------------------------------------------------^
2018-13221_tmp.sol:72:3: Warning: No visibility specified. Defaulting to "public". 
  function transferFrom(address from, address to, uint value);
  ^----------------------------------------------------------^
2018-13221_tmp.sol:73:3: Warning: No visibility specified. Defaulting to "public". 
  function approve(address spender, uint value);
  ^--------------------------------------------^
2018-13221_tmp.sol:90:3: Warning: No visibility specified. Defaulting to "public". 
  function transfer(address _to, uint _value) onlyPayloadSize(2 * 32) {
  ^ (Relevant source part starts here and spans across multiple lines).
2018-13221_tmp.sol:95:3: Warning: No visibility specified. Defaulting to "public". 
  function balanceOf(address _owner) constant returns (uint balance) {
  ^ (Relevant source part starts here and spans across multiple lines).
2018-13221_tmp.sol:102:3: Warning: No visibility specified. Defaulting to "public". 
  function transferFrom(address _from, address _to, uint _value) onlyPayloadSize(3 * 32) {
  ^ (Relevant source part starts here and spans across multiple lines).
2018-13221_tmp.sol:111:3: Warning: No visibility specified. Defaulting to "public". 
  function approve(address _spender, uint _value) {
  ^ (Relevant source part starts here and spans across multiple lines).
2018-13221_tmp.sol:120:3: Warning: No visibility specified. Defaulting to "public". 
  function allowance(address _owner, address _spender) constant returns (uint remaining) {
  ^ (Relevant source part starts here and spans across multiple lines).
2018-13221_tmp.sol:132:3: Warning: No visibility specified. Defaulting to "public". 
  function Extreme () { 
  ^ (Relevant source part starts here and spans across multiple lines).
2018-13221_tmp.sol:146:5: Warning: No visibility specified. Defaulting to "public". 
    function setPrices(uint256 newSellPrice, uint256 newBuyPrice) onlyOwner {
    ^ (Relevant source part starts here and spans across multiple lines).
2018-13221_tmp.sol:151:5: Warning: No visibility specified. Defaulting to "public". 
    function buy() payable returns (uint amount)
    ^ (Relevant source part starts here and spans across multiple lines).
2018-13221_tmp.sol:160:5: Warning: No visibility specified. Defaulting to "public". 
    function sell(uint256 amount) {
    ^ (Relevant source part starts here and spans across multiple lines).
2018-13221_tmp.sol:171:3: Warning: No visibility specified. Defaulting to "public". 
  function transfer(address _to, uint256 _value) {
  ^ (Relevant source part starts here and spans across multiple lines).
2018-13221_tmp.sol:179:4: Warning: No visibility specified. Defaulting to "public". 
   function mintToken(address target, uint256 mintedAmount) onlyOwner {
   ^ (Relevant source part starts here and spans across multiple lines).
2018-13221_tmp.sol:29:3: Warning: Function state mutability can be restricted to pure
  function max64(uint64 a, uint64 b) internal constant returns (uint64) {
  ^ (Relevant source part starts here and spans across multiple lines).
2018-13221_tmp.sol:32:3: Warning: Function state mutability can be restricted to pure
  function min64(uint64 a, uint64 b) internal constant returns (uint64) {
  ^ (Relevant source part starts here and spans across multiple lines).
2018-13221_tmp.sol:35:3: Warning: Function state mutability can be restricted to pure
  function max256(uint256 a, uint256 b) internal constant returns (uint256) {
  ^ (Relevant source part starts here and spans across multiple lines).
2018-13221_tmp.sol:38:3: Warning: Function state mutability can be restricted to pure
  function min256(uint256 a, uint256 b) internal constant returns (uint256) {
  ^ (Relevant source part starts here and spans across multiple lines).
2018-13221_tmp.sol:41:3: Warning: Function state mutability can be restricted to pure
  function assert(bool assertion) internal {
  ^ (Relevant source part starts here and spans across multiple lines).
- all funcs : 80
- reachable : 17
* Generating Paths ... took 6.4e-05s
- paths : 29

Iter : 10 To explore : 826 Explored : 835 Total elapsed : 17.846648
Iter : 20 To explore : 1047 Explored : 2108 Total elapsed : 25.73024
Iter : 30 To explore : 1233 Explored : 3342 Total elapsed : 43.822402
Iter : 40 To explore : 1692 Explored : 3811 Total elapsed : 55.393962
Iter : 50 To explore : 1881 Explored : 4010 Total elapsed : 66.915856
Iter : 60 To explore : 2461 Explored : 4600 Total elapsed : 68.136659
Iter : 70 To explore : 2950 Explored : 5099 Total elapsed : 69.348159
Iter : 80 To explore : 3338 Explored : 5497 Total elapsed : 70.667783
Iter : 90 To explore : 3621 Explored : 5790 Total elapsed : 71.978798
Iter : 100 To explore : 3776 Explored : 5955 Total elapsed : 73.273729
Iter : 110 To explore : 3879 Explored : 6068 Total elapsed : 74.65154
Iter : 120 To explore : 4193 Explored : 6392 Total elapsed : 75.96591
Iter : 130 To explore : 4837 Explored : 7046 Total elapsed : 77.285914
Iter : 140 To explore : 5062 Explored : 12541 Total elapsed : 102.654839
Iter : 150 To explore : 5137 Explored : 12626 Total elapsed : 104.212227
Iter : 160 To explore : 2541 Explored : 15332 Total elapsed : 117.679165
Iter : 170 To explore : 2731 Explored : 15532 Total elapsed : 130.349809
Iter : 180 To explore : 3038 Explored : 18634 Total elapsed : 147.055204
Iter : 190 To explore : 3385 Explored : 18991 Total elapsed : 159.30766
Iter : 200 To explore : 3577 Explored : 19193 Total elapsed : 160.796678
Iter : 210 To explore : 4172 Explored : 19798 Total elapsed : 162.078338
Iter : 220 To explore : 4672 Explored : 20308 Total elapsed : 163.359402
Iter : 230 To explore : 5130 Explored : 20776 Total elapsed : 164.63644
Iter : 240 To explore : 5472 Explored : 21128 Total elapsed : 165.909543
Iter : 250 To explore : 5713 Explored : 21379 Total elapsed : 167.167536
Iter : 260 To explore : 5979 Explored : 21655 Total elapsed : 168.496319
Iter : 270 To explore : 5419 Explored : 26884 Total elapsed : 189.551481
Iter : 280 To explore : 5420 Explored : 26895 Total elapsed : 190.957898
Iter : 290 To explore : 5419 Explored : 26904 Total elapsed : 215.261838
Iter : 300 To explore : 5418 Explored : 26913 Total elapsed : 216.672545
Iter : 310 To explore : 5413 Explored : 26918 Total elapsed : 218.003461
Iter : 320 To explore : 5408 Explored : 26923 Total elapsed : 219.321536
Iter : 330 To explore : 5398 Explored : 26923 Total elapsed : 220.658711
Iter : 340 To explore : 5388 Explored : 26923 Total elapsed : 221.96764
Iter : 350 To explore : 5378 Explored : 26923 Total elapsed : 223.277035
Iter : 360 To explore : 5368 Explored : 26923 Total elapsed : 224.591591
Iter : 370 To explore : 5368 Explored : 26933 Total elapsed : 225.898871
Iter : 380 To explore : 5362 Explored : 26937 Total elapsed : 227.202513
Iter : 390 To explore : 5365 Explored : 26950 Total elapsed : 228.523396
Iter : 400 To explore : 5376 Explored : 26971 Total elapsed : 229.855009
Iter : 410 To explore : 5391 Explored : 26996 Total elapsed : 231.211543
Iter : 420 To explore : 5703 Explored : 27318 Total elapsed : 232.623451
Iter : 430 To explore : 5711 Explored : 27336 Total elapsed : 234.012044
Iter : 440 To explore : 6052 Explored : 27687 Total elapsed : 235.438412
Iter : 450 To explore : 5931 Explored : 33759 Total elapsed : 242.847259
Iter : 460 To explore : 5941 Explored : 33779 Total elapsed : 244.135115
Iter : 470 To explore : 5947 Explored : 33795 Total elapsed : 257.13778
Iter : 480 To explore : 5950 Explored : 33808 Total elapsed : 258.545771
Iter : 490 To explore : 5959 Explored : 33827 Total elapsed : 270.502629
Iter : 500 To explore : 5971 Explored : 33849 Total elapsed : 271.787738
Iter : 510 To explore : 2575 Explored : 36471 Total elapsed : 288.284065
Iter : 520 To explore : 2574 Explored : 36480 Total elapsed : 289.773332
Iter : 530 To explore : 2579 Explored : 36495 Total elapsed : 291.292695
Iter : 540 To explore : 2579 Explored : 36505 Total elapsed : 314.46233
Iter : 550 To explore : 2626 Explored : 36562 Total elapsed : 316.043765
Iter : 560 To explore : 2704 Explored : 36650 Total elapsed : 317.721031
Iter : 570 To explore : 2898 Explored : 36854 Total elapsed : 319.365494
Iter : 580 To explore : 3046 Explored : 37012 Total elapsed : 320.901457
Iter : 590 To explore : 3247 Explored : 37223 Total elapsed : 322.41007
Iter : 600 To explore : 3206 Explored : 40544 Total elapsed : 334.166718
Iter : 610 To explore : 3211 Explored : 40559 Total elapsed : 347.335158
Iter : 620 To explore : 3218 Explored : 40576 Total elapsed : 360.890851
Iter : 630 To explore : 3309 Explored : 40677 Total elapsed : 362.382099
Iter : 640 To explore : 3328 Explored : 40706 Total elapsed : 363.896914
Iter : 650 To explore : 3282 Explored : 43983 Total elapsed : 376.624517
Iter : 660 To explore : 3275 Explored : 43986 Total elapsed : 389.951655
Iter : 670 To explore : 3270 Explored : 43991 Total elapsed : 402.235409
Iter : 680 To explore : 3263 Explored : 43994 Total elapsed : 403.755759
Iter : 690 To explore : 3262 Explored : 44003 Total elapsed : 405.272591
Iter : 700 To explore : 3293 Explored : 44044 Total elapsed : 406.804027
Iter : 710 To explore : 3375 Explored : 44136 Total elapsed : 420.285509
Iter : 720 To explore : 3411 Explored : 47637 Total elapsed : 427.452117
Iter : 730 To explore : 3405 Explored : 47641 Total elapsed : 429.051265
Iter : 740 To explore : 3401 Explored : 47647 Total elapsed : 430.694412
Iter : 750 To explore : 3394 Explored : 47650 Total elapsed : 454.967149
Iter : 760 To explore : 3416 Explored : 47682 Total elapsed : 468.680668
Iter : 770 To explore : 3530 Explored : 47806 Total elapsed : 470.266156
Iter : 780 To explore : 3622 Explored : 47908 Total elapsed : 471.895873
Iter : 790 To explore : 3509 Explored : 51366 Total elapsed : 485.410468
Iter : 800 To explore : 3507 Explored : 51374 Total elapsed : 499.172755
Iter : 810 To explore : 3503 Explored : 51380 Total elapsed : 512.163525
Iter : 820 To explore : 3499 Explored : 51386 Total elapsed : 513.753711
Iter : 830 To explore : 3503 Explored : 51400 Total elapsed : 515.357605
Iter : 840 To explore : 3505 Explored : 51412 Total elapsed : 516.922055
Iter : 850 To explore : 3507 Explored : 51424 Total elapsed : 518.456181
Iter : 860 To explore : 3509 Explored : 51436 Total elapsed : 520.035145
Iter : 870 To explore : 3510 Explored : 51447 Total elapsed : 521.568133
=== Report ===
[1] [IO] line 85, (size + 4) : proven
[2] [IO] line 102, (3 * 32) : proven
[3] [IO] line 106, (balances[_to] + _value) : unproven
[4] [IO] line 107, (balances[_from] - _value) : unproven
[5] [IO] line 108, (_allowance - _value) : unproven
[6] [IO] line 155, (balances[msg.sender] + amount) : unproven
[7] [IO] line 156, (balances[this] - amount) : unproven
[8] [IO] line 162, (balances[this] + amount) : unproven
[9] [IO] line 163, (balances[msg.sender] - amount) : unproven
[10] [IO] line 164, (amount * sellPrice) : unproven
[11] [IO] line 173, (balances[_to] + _value) : unproven
[12] [IO] line 174, (balances[msg.sender] - _value) : proven
[13] [IO] line 175, (balances[_to] + _value) : proven
[14] [IO] line 180, (balances[target] + mintedAmount) : unproven
[15] [IO] line 181, (totalSupply + mintedAmount) : unproven
[16] [DZ] line 153, (msg.value / buyPrice) : unproven

=== Result Summary ===
# Queries                : 16
- integer over/underflow : 15
- division-by-zero       : 1
- assertion              : 0

# Alarms                 : 12
- integer over/underflow : 11
- division-by-zero       : 1
- assertion              : 0

# Proven                 : 4
- integer over/underflow : 4
- division-by-zero       : 0
- assertion              : 0

Time Elapsed : 535.554695
