ON: integer over/underflow
ON: division-by-zero

2018-10468_tmp.sol:29:46: Warning: "throw" is deprecated in favour of "revert()", "require()" and "assert()".
        if(msg.data.length < (2 * 32) + 4) { throw; }
                                             ^---^
2018-10468_tmp.sol:49:46: Warning: "throw" is deprecated in favour of "revert()", "require()" and "assert()".
        if(msg.data.length < (3 * 32) + 4) { throw; }
                                             ^---^
2018-10468_tmp.sol:89:36: Warning: "throw" is deprecated in favour of "revert()", "require()" and "assert()".
        if (msg.sender != owner) { throw; }
                                   ^---^
2018-10468_tmp.sol:95:36: Warning: "throw" is deprecated in favour of "revert()", "require()" and "assert()".
        if (msg.sender != owner) { throw; }
                                   ^---^
2018-10468_tmp.sol:101:36: Warning: "throw" is deprecated in favour of "revert()", "require()" and "assert()".
        if (msg.sender != owner) { throw; }
                                   ^---^
2018-10468_tmp.sol:114:35: Warning: "throw" is deprecated in favour of "revert()", "require()" and "assert()".
        if (!purchasingAllowed) { throw; }
                                  ^---^
2018-10468_tmp.sol:42:13: Warning: Invoking events without "emit" prefix is deprecated.
            Transfer(msg.sender, _to, _value);
            ^-------------------------------^
2018-10468_tmp.sol:66:13: Warning: Invoking events without "emit" prefix is deprecated.
            Transfer(_from, _to, _value);
            ^--------------------------^
2018-10468_tmp.sol:77:9: Warning: Invoking events without "emit" prefix is deprecated.
        Approval(msg.sender, _spender, _value);
        ^------------------------------------^
2018-10468_tmp.sol:126:33: Warning: This function only accepts a single "bytes" argument. Please use "abi.encodePacked(...)" or a similar function to encode the data.
            bytes20 bonusHash = ripemd160(block.coinbase, block.number, block.timestamp);
                                ^------------------------------------------------------^
2018-10468_tmp.sol:144:9: Warning: Invoking events without "emit" prefix is deprecated.
        Transfer(address(this), msg.sender, tokensIssued);
        ^-----------------------------------------------^
2018-10468_tmp.sol:4:5: Warning: No visibility specified. Defaulting to "public". 
    function balanceOf(address _owner) constant returns (uint256);
    ^------------------------------------------------------------^
2018-10468_tmp.sol:5:5: Warning: No visibility specified. Defaulting to "public". 
    function transfer(address _to, uint256 _value) returns (bool);
    ^------------------------------------------------------------^
2018-10468_tmp.sol:21:5: Warning: No visibility specified. Defaulting to "public". 
    function name() constant returns (string) { return "Useless Ethereum Token"; }
    ^----------------------------------------------------------------------------^
2018-10468_tmp.sol:22:5: Warning: No visibility specified. Defaulting to "public". 
    function symbol() constant returns (string) { return "UET"; }
    ^-----------------------------------------------------------^
2018-10468_tmp.sol:23:5: Warning: No visibility specified. Defaulting to "public". 
    function decimals() constant returns (uint8) { return 18; }
    ^---------------------------------------------------------^
2018-10468_tmp.sol:25:5: Warning: No visibility specified. Defaulting to "public". 
    function balanceOf(address _owner) constant returns (uint256) { return balances[_owner]; }
    ^----------------------------------------------------------------------------------------^
2018-10468_tmp.sol:27:5: Warning: No visibility specified. Defaulting to "public". 
    function transfer(address _to, uint256 _value) returns (bool success) {
    ^ (Relevant source part starts here and spans across multiple lines).
2018-10468_tmp.sol:47:5: Warning: No visibility specified. Defaulting to "public". 
    function transferFrom(address _from, address _to, uint256 _value) returns (bool success) {
    ^ (Relevant source part starts here and spans across multiple lines).
2018-10468_tmp.sol:71:5: Warning: No visibility specified. Defaulting to "public". 
    function approve(address _spender, uint256 _value) returns (bool success) {
    ^ (Relevant source part starts here and spans across multiple lines).
2018-10468_tmp.sol:81:5: Warning: No visibility specified. Defaulting to "public". 
    function allowance(address _owner, address _spender) constant returns (uint256) {
    ^ (Relevant source part starts here and spans across multiple lines).
2018-10468_tmp.sol:88:5: Warning: No visibility specified. Defaulting to "public". 
    function enablePurchasing() {
    ^ (Relevant source part starts here and spans across multiple lines).
2018-10468_tmp.sol:94:5: Warning: No visibility specified. Defaulting to "public". 
    function disablePurchasing() {
    ^ (Relevant source part starts here and spans across multiple lines).
2018-10468_tmp.sol:100:5: Warning: No visibility specified. Defaulting to "public". 
    function withdrawForeignTokens(address _tokenContract) returns (bool) {
    ^ (Relevant source part starts here and spans across multiple lines).
2018-10468_tmp.sol:109:5: Warning: No visibility specified. Defaulting to "public". 
    function getStats() constant returns (uint256, uint256, uint256, bool) {
    ^ (Relevant source part starts here and spans across multiple lines).
2018-10468_tmp.sol:113:5: Warning: No visibility specified. Defaulting to "public". 
    function() payable {
    ^ (Relevant source part starts here and spans across multiple lines).
2018-10468_tmp.sol:21:5: Warning: Function state mutability can be restricted to pure
    function name() constant returns (string) { return "Useless Ethereum Token"; }
    ^----------------------------------------------------------------------------^
2018-10468_tmp.sol:22:5: Warning: Function state mutability can be restricted to pure
    function symbol() constant returns (string) { return "UET"; }
    ^-----------------------------------------------------------^
2018-10468_tmp.sol:23:5: Warning: Function state mutability can be restricted to pure
    function decimals() constant returns (uint8) { return 18; }
    ^---------------------------------------------------------^
- all funcs : 22
- reachable : 19
* Generating Paths ... took 0.011267s
- paths : 292

Iter : 10 To explore : 950 Explored : 1902 Total elapsed : 157.487414
Iter : 20 To explore : 1273 Explored : 2235 Total elapsed : 294.816383
Iter : 30 To explore : 2149 Explored : 3121 Total elapsed : 429.059632
