ON: integer over/underflow
ON: division-by-zero

0x286BDA1413a2Df81731D4930ce2F862a35A609fE_tmp.sol:107:9: Warning: Use of the "var" keyword is deprecated.
        var _allowance = allowed[_from][msg.sender];
        ^------------^
0x286BDA1413a2Df81731D4930ce2F862a35A609fE_tmp.sol:162:5: Warning: Defining constructors as functions with the same name as the contract is deprecated. Use "constructor(...) { ... }" instead.
    function Ownable() {
    ^ (Relevant source part starts here and spans across multiple lines).
0x286BDA1413a2Df81731D4930ce2F862a35A609fE_tmp.sol:73:9: Warning: Invoking events without "emit" prefix is deprecated.
        Transfer(msg.sender, _to, _value);
        ^-------------------------------^
0x286BDA1413a2Df81731D4930ce2F862a35A609fE_tmp.sol:115:9: Warning: Invoking events without "emit" prefix is deprecated.
        Transfer(_from, _to, _value);
        ^--------------------------^
0x286BDA1413a2Df81731D4930ce2F862a35A609fE_tmp.sol:133:9: Warning: Invoking events without "emit" prefix is deprecated.
        Approval(msg.sender, _spender, _value);
        ^------------------------------------^
0x286BDA1413a2Df81731D4930ce2F862a35A609fE_tmp.sol:219:9: Warning: Invoking events without "emit" prefix is deprecated.
        Pause();
        ^-----^
0x286BDA1413a2Df81731D4930ce2F862a35A609fE_tmp.sol:227:9: Warning: Invoking events without "emit" prefix is deprecated.
        Unpause();
        ^-------^
0x286BDA1413a2Df81731D4930ce2F862a35A609fE_tmp.sol:259:9: Warning: Invoking events without "emit" prefix is deprecated.
        MintFinished();
        ^------------^
0x286BDA1413a2Df81731D4930ce2F862a35A609fE_tmp.sol:267:9: Warning: Invoking events without "emit" prefix is deprecated.
        Mint(_to, _amount);
        ^----------------^
0x286BDA1413a2Df81731D4930ce2F862a35A609fE_tmp.sol:268:9: Warning: Invoking events without "emit" prefix is deprecated.
        Transfer(this, _to, _amount);
        ^--------------------------^
0x286BDA1413a2Df81731D4930ce2F862a35A609fE_tmp.sol:40:5: Warning: No visibility specified. Defaulting to "public". 
    function balanceOf(address who) constant returns (uint256);
    ^---------------------------------------------------------^
0x286BDA1413a2Df81731D4930ce2F862a35A609fE_tmp.sol:41:5: Warning: No visibility specified. Defaulting to "public". 
    function transfer(address to, uint256 value) returns (bool);
    ^----------------------------------------------------------^
0x286BDA1413a2Df81731D4930ce2F862a35A609fE_tmp.sol:50:5: Warning: No visibility specified. Defaulting to "public". 
    function allowance(address owner, address spender) constant returns (uint256);
    ^----------------------------------------------------------------------------^
0x286BDA1413a2Df81731D4930ce2F862a35A609fE_tmp.sol:51:5: Warning: No visibility specified. Defaulting to "public". 
    function transferFrom(address from, address to, uint256 value) returns (bool);
    ^----------------------------------------------------------------------------^
0x286BDA1413a2Df81731D4930ce2F862a35A609fE_tmp.sol:52:5: Warning: No visibility specified. Defaulting to "public". 
    function approve(address spender, uint256 value) returns (bool);
    ^--------------------------------------------------------------^
0x286BDA1413a2Df81731D4930ce2F862a35A609fE_tmp.sol:70:5: Warning: No visibility specified. Defaulting to "public". 
    function transfer(address _to, uint256 _value) returns (bool) {
    ^ (Relevant source part starts here and spans across multiple lines).
0x286BDA1413a2Df81731D4930ce2F862a35A609fE_tmp.sol:82:5: Warning: No visibility specified. Defaulting to "public". 
    function balanceOf(address _owner) constant returns (uint256 balance) {
    ^ (Relevant source part starts here and spans across multiple lines).
0x286BDA1413a2Df81731D4930ce2F862a35A609fE_tmp.sol:106:5: Warning: No visibility specified. Defaulting to "public". 
    function transferFrom(address _from, address _to, uint256 _value) returns (bool) {
    ^ (Relevant source part starts here and spans across multiple lines).
0x286BDA1413a2Df81731D4930ce2F862a35A609fE_tmp.sol:124:5: Warning: No visibility specified. Defaulting to "public". 
    function approve(address _spender, uint256 _value) returns (bool) {
    ^ (Relevant source part starts here and spans across multiple lines).
0x286BDA1413a2Df81731D4930ce2F862a35A609fE_tmp.sol:143:5: Warning: No visibility specified. Defaulting to "public". 
    function allowance(address _owner, address _spender) constant returns (uint256 remaining) {
    ^ (Relevant source part starts here and spans across multiple lines).
0x286BDA1413a2Df81731D4930ce2F862a35A609fE_tmp.sol:162:5: Warning: No visibility specified. Defaulting to "public". 
    function Ownable() {
    ^ (Relevant source part starts here and spans across multiple lines).
0x286BDA1413a2Df81731D4930ce2F862a35A609fE_tmp.sol:180:5: Warning: No visibility specified. Defaulting to "public". 
    function transferOwnership(address newOwner) onlyOwner {
    ^ (Relevant source part starts here and spans across multiple lines).
0x286BDA1413a2Df81731D4930ce2F862a35A609fE_tmp.sol:249:5: Warning: No visibility specified. Defaulting to "public". 
    function mint(address _to, uint256 _amount) whenNotPaused onlyOwner returns (bool) {
    ^ (Relevant source part starts here and spans across multiple lines).
0x286BDA1413a2Df81731D4930ce2F862a35A609fE_tmp.sol:257:5: Warning: No visibility specified. Defaulting to "public". 
    function finishMinting() whenNotPaused onlyOwner returns (bool) {
    ^ (Relevant source part starts here and spans across multiple lines).
0x286BDA1413a2Df81731D4930ce2F862a35A609fE_tmp.sol:291:5: Warning: No visibility specified. Defaulting to "public". 
    function transfer(address _to, uint _value) whenNotPaused canTransfer returns (bool) {
    ^ (Relevant source part starts here and spans across multiple lines).
0x286BDA1413a2Df81731D4930ce2F862a35A609fE_tmp.sol:302:5: Warning: No visibility specified. Defaulting to "public". 
    function transferFrom(address _from, address _to, uint _value) whenNotPaused canTransfer returns (bool) {
    ^ (Relevant source part starts here and spans across multiple lines).
0x286BDA1413a2Df81731D4930ce2F862a35A609fE_tmp.sol:312:5: Warning: No visibility specified. Defaulting to "public". 
    function approve(address _spender, uint256 _value) whenNotPaused returns (bool) {
    ^ (Relevant source part starts here and spans across multiple lines).
0x286BDA1413a2Df81731D4930ce2F862a35A609fE_tmp.sol:328:5: Warning: No visibility specified. Defaulting to "public". 
    function enableTransfer() onlyOwner returns (bool) {
    ^ (Relevant source part starts here and spans across multiple lines).
0x286BDA1413a2Df81731D4930ce2F862a35A609fE_tmp.sol:8:5: Warning: Function state mutability can be restricted to pure
    function mul(uint256 a, uint256 b) internal constant returns (uint256) {
    ^ (Relevant source part starts here and spans across multiple lines).
0x286BDA1413a2Df81731D4930ce2F862a35A609fE_tmp.sol:14:5: Warning: Function state mutability can be restricted to pure
    function div(uint256 a, uint256 b) internal constant returns (uint256) {
    ^ (Relevant source part starts here and spans across multiple lines).
0x286BDA1413a2Df81731D4930ce2F862a35A609fE_tmp.sol:21:5: Warning: Function state mutability can be restricted to pure
    function sub(uint256 a, uint256 b) internal constant returns (uint256) {
    ^ (Relevant source part starts here and spans across multiple lines).
0x286BDA1413a2Df81731D4930ce2F862a35A609fE_tmp.sol:26:5: Warning: Function state mutability can be restricted to pure
    function add(uint256 a, uint256 b) internal constant returns (uint256) {
    ^ (Relevant source part starts here and spans across multiple lines).
- all funcs : 101
- reachable : 16
* Generating Paths ... took 8.7e-05s
- paths : 40

Iter : 10 To explore : 157 Explored : 320 Total elapsed : 6.329536
Iter : 20 To explore : 114 Explored : 439 Total elapsed : 12.096396
Iter : 30 To explore : 154 Explored : 589 Total elapsed : 28.676665
Iter : 40 To explore : 143 Explored : 785 Total elapsed : 84.392853
Iter : 50 To explore : 184 Explored : 836 Total elapsed : 100.447339
Iter : 60 To explore : 143 Explored : 958 Total elapsed : 131.188338
Iter : 70 To explore : 169 Explored : 994 Total elapsed : 145.928192
Iter : 80 To explore : 214 Explored : 1049 Total elapsed : 179.115264
Iter : 90 To explore : 294 Explored : 1139 Total elapsed : 231.467308
Iter : 100 To explore : 352 Explored : 1207 Total elapsed : 234.358697
Iter : 110 To explore : 376 Explored : 1241 Total elapsed : 261.877829
Iter : 120 To explore : 421 Explored : 1296 Total elapsed : 262.985034
Iter : 130 To explore : 454 Explored : 1339 Total elapsed : 295.630537
Iter : 140 To explore : 469 Explored : 1364 Total elapsed : 357.133558
Iter : 150 To explore : 506 Explored : 1411 Total elapsed : 358.211357
Iter : 160 To explore : 541 Explored : 1456 Total elapsed : 359.943768
Iter : 170 To explore : 543 Explored : 1468 Total elapsed : 381.709917
Iter : 180 To explore : 573 Explored : 1508 Total elapsed : 382.757145
Iter : 190 To explore : 577 Explored : 1522 Total elapsed : 394.249662
Iter : 200 To explore : 602 Explored : 1557 Total elapsed : 395.425038
Iter : 210 To explore : 621 Explored : 1586 Total elapsed : 396.464043
Iter : 220 To explore : 639 Explored : 1614 Total elapsed : 397.635073
Iter : 230 To explore : 656 Explored : 1641 Total elapsed : 398.6859
Iter : 240 To explore : 658 Explored : 1653 Total elapsed : 399.72971
Iter : 250 To explore : 716 Explored : 1721 Total elapsed : 405.956573
Iter : 260 To explore : 767 Explored : 1782 Total elapsed : 408.762297
Iter : 270 To explore : 826 Explored : 1851 Total elapsed : 432.212241
Iter : 280 To explore : 866 Explored : 1901 Total elapsed : 455.140068
Iter : 290 To explore : 901 Explored : 1946 Total elapsed : 456.431501
Iter : 300 To explore : 935 Explored : 1990 Total elapsed : 457.562169
Iter : 310 To explore : 967 Explored : 2032 Total elapsed : 468.770796
Iter : 320 To explore : 996 Explored : 2071 Total elapsed : 475.898418
Iter : 330 To explore : 1012 Explored : 2097 Total elapsed : 513.810362
=== Report ===
[1] [IO] line 71, (balances[msg.sender] - _value) : unproven
[2] [IO] line 72, (balances[_to] + _value) : unproven
[3] [IO] line 112, (balances[_to] + _value) : unproven
[4] [IO] line 113, (balances[_from] - _value) : unproven
[5] [IO] line 114, (_allowance - _value) : unproven
[6] [IO] line 264, (totalSupply + _amount) : unproven
[7] [IO] line 265, (totalSupply + _amount) : unproven
[8] [IO] line 266, (balances[_to] + _amount) : unproven

=== Result Summary ===
# Queries                : 8
- integer over/underflow : 8
- division-by-zero       : 0
- assertion              : 0

# Alarms                 : 8
- integer over/underflow : 8
- division-by-zero       : 0
- assertion              : 0

# Proven                 : 0
- integer over/underflow : 0
- division-by-zero       : 0
- assertion              : 0

Time Elapsed : 534.531909
