ON: integer over/underflow
ON: division-by-zero

2018-10299_tmp.sol:165:3: Warning: Defining constructors as functions with the same name as the contract is deprecated. Use "constructor(...) { ... }" instead.
  function Ownable() {
  ^ (Relevant source part starts here and spans across multiple lines).
2018-10299_tmp.sol:290:5: Warning: Defining constructors as functions with the same name as the contract is deprecated. Use "constructor(...) { ... }" instead.
    function BecToken() {
    ^ (Relevant source part starts here and spans across multiple lines).
2018-10299_tmp.sol:66:5: Warning: Invoking events without "emit" prefix is deprecated.
    Transfer(msg.sender, _to, _value);
    ^-------------------------------^
2018-10299_tmp.sol:118:5: Warning: Invoking events without "emit" prefix is deprecated.
    Transfer(_from, _to, _value);
    ^--------------------------^
2018-10299_tmp.sol:134:5: Warning: Invoking events without "emit" prefix is deprecated.
    Approval(msg.sender, _spender, _value);
    ^------------------------------------^
2018-10299_tmp.sol:185:5: Warning: Invoking events without "emit" prefix is deprecated.
    OwnershipTransferred(owner, newOwner);
    ^-----------------------------------^
2018-10299_tmp.sol:223:5: Warning: Invoking events without "emit" prefix is deprecated.
    Pause();
    ^-----^
2018-10299_tmp.sol:231:5: Warning: Invoking events without "emit" prefix is deprecated.
    Unpause();
    ^-------^
2018-10299_tmp.sol:264:9: Warning: Invoking events without "emit" prefix is deprecated.
        Transfer(msg.sender, _receivers[i], _value);
        ^-----------------------------------------^
2018-10299_tmp.sol:165:3: Warning: No visibility specified. Defaulting to "public". 
  function Ownable() {
  ^ (Relevant source part starts here and spans across multiple lines).
2018-10299_tmp.sol:290:5: Warning: No visibility specified. Defaulting to "public". 
    function BecToken() {
    ^ (Relevant source part starts here and spans across multiple lines).
2018-10299_tmp.sol:295:5: Warning: No visibility specified. Defaulting to "public". 
    function () {
    ^ (Relevant source part starts here and spans across multiple lines).
2018-10299_tmp.sol:8:3: Warning: Function state mutability can be restricted to pure
  function mul(uint256 a, uint256 b) internal constant returns (uint256) {
  ^ (Relevant source part starts here and spans across multiple lines).
2018-10299_tmp.sol:14:3: Warning: Function state mutability can be restricted to pure
  function div(uint256 a, uint256 b) internal constant returns (uint256) {
  ^ (Relevant source part starts here and spans across multiple lines).
2018-10299_tmp.sol:21:3: Warning: Function state mutability can be restricted to pure
  function sub(uint256 a, uint256 b) internal constant returns (uint256) {
  ^ (Relevant source part starts here and spans across multiple lines).
2018-10299_tmp.sol:26:3: Warning: Function state mutability can be restricted to pure
  function add(uint256 a, uint256 b) internal constant returns (uint256) {
  ^ (Relevant source part starts here and spans across multiple lines).
- all funcs : 91
- reachable : 14
* Generating Paths ... took 7e-05s
- paths : 37

Iter : 10 To explore : 1036 Explored : 1045 Total elapsed : 1.820073
Iter : 20 To explore : 2058 Explored : 2077 Total elapsed : 17.269178
Iter : 30 To explore : 2538 Explored : 4787 Total elapsed : 20.910908
Iter : 40 To explore : 3113 Explored : 5372 Total elapsed : 23.198706
Iter : 50 To explore : 4088 Explored : 6357 Total elapsed : 36.857235
Iter : 60 To explore : 4866 Explored : 7145 Total elapsed : 62.474625
Iter : 70 To explore : 5071 Explored : 7360 Total elapsed : 78.721722
Iter : 80 To explore : 5179 Explored : 7478 Total elapsed : 91.509918
Iter : 90 To explore : 5225 Explored : 7534 Total elapsed : 104.431214
Iter : 100 To explore : 5421 Explored : 7740 Total elapsed : 126.994749
Iter : 110 To explore : 5637 Explored : 7966 Total elapsed : 152.903716
Iter : 120 To explore : 5601 Explored : 12684 Total elapsed : 194.893379
Iter : 130 To explore : 5866 Explored : 12959 Total elapsed : 214.52472
Iter : 140 To explore : 5961 Explored : 13064 Total elapsed : 257.015052
Iter : 150 To explore : 6002 Explored : 13115 Total elapsed : 287.747382
Iter : 160 To explore : 6122 Explored : 13245 Total elapsed : 322.005554
Iter : 170 To explore : 6214 Explored : 13347 Total elapsed : 335.009812
Iter : 180 To explore : 6356 Explored : 13499 Total elapsed : 348.088132
Iter : 190 To explore : 6442 Explored : 13595 Total elapsed : 361.073581
Iter : 200 To explore : 6570 Explored : 13733 Total elapsed : 374.122019
Iter : 210 To explore : 6614 Explored : 13787 Total elapsed : 387.922777
Iter : 220 To explore : 6662 Explored : 13845 Total elapsed : 400.847441
Iter : 230 To explore : 6782 Explored : 13975 Total elapsed : 414.164423
Iter : 240 To explore : 6851 Explored : 14054 Total elapsed : 425.510213
Iter : 250 To explore : 6999 Explored : 14212 Total elapsed : 442.499392
Iter : 260 To explore : 7087 Explored : 14310 Total elapsed : 462.474547
Iter : 270 To explore : 7121 Explored : 14354 Total elapsed : 477.336886
Iter : 280 To explore : 7174 Explored : 14417 Total elapsed : 487.264594
Iter : 290 To explore : 7208 Explored : 14461 Total elapsed : 501.859804
Iter : 300 To explore : 7233 Explored : 14496 Total elapsed : 524.038227
Iter : 310 To explore : 7293 Explored : 14566 Total elapsed : 527.983014
=== Report ===
[1] [IO] line 64, (balances[msg.sender] - _value) : proven
[2] [IO] line 65, (balances[_to] + _value) : unproven
[3] [IO] line 115, (balances[_from] - _value) : proven
[4] [IO] line 116, (balances[_to] + _value) : unproven
[5] [IO] line 117, (allowed[_from][msg.sender] - _value) : proven
[6] [IO] line 257, (uint256(cnt) * _value) : unproven
[7] [IO] line 261, (balances[msg.sender] - amount) : proven
[8] [IO] line 262, (i + 1) : proven
[9] [IO] line 263, (balances[_receivers[i]] + _value) : unproven
[10] [IO] line 291, (10 ** uint256(decimals)) : proven
[11] [IO] line 291, (7000000000 * (10 ** uint256(decimals))) : proven

=== Result Summary ===
# Queries                : 11
- integer over/underflow : 11
- division-by-zero       : 0
- assertion              : 0

# Alarms                 : 4
- integer over/underflow : 4
- division-by-zero       : 0
- assertion              : 0

# Proven                 : 7
- integer over/underflow : 7
- division-by-zero       : 0
- assertion              : 0

Time Elapsed : 531.240973
