ON: integer over/underflow
ON: division-by-zero

EvolutionnetwideCoin_tmp.sol:117:5: Warning: Function state mutability can be restricted to view
    function validTransfer(address _from, address _to, uint256 _value, bool _lockCheck) internal {
    ^ (Relevant source part starts here and spans across multiple lines).
- all funcs : 104
- reachable : 20
* Generating Paths ... took 0.000117s
- paths : 62

Iter : 10 To explore : 25 Explored : 167 Total elapsed : 1.751872
Iter : 20 To explore : 55 Explored : 207 Total elapsed : 2.937735
Iter : 30 To explore : 72 Explored : 234 Total elapsed : 4.279143
Iter : 40 To explore : 80 Explored : 252 Total elapsed : 5.599934
Iter : 50 To explore : 106 Explored : 288 Total elapsed : 6.905764
Iter : 60 To explore : 112 Explored : 304 Total elapsed : 8.236851
Iter : 70 To explore : 115 Explored : 317 Total elapsed : 9.51942
Iter : 80 To explore : 116 Explored : 328 Total elapsed : 10.826056
Iter : 90 To explore : 122 Explored : 344 Total elapsed : 12.171777
Iter : 100 To explore : 127 Explored : 359 Total elapsed : 13.528717
Iter : 110 To explore : 122 Explored : 364 Total elapsed : 14.829913
Iter : 120 To explore : 115 Explored : 367 Total elapsed : 16.156456
Iter : 130 To explore : 124 Explored : 386 Total elapsed : 17.506375
Iter : 140 To explore : 119 Explored : 391 Total elapsed : 18.78697
Iter : 150 To explore : 121 Explored : 403 Total elapsed : 20.083282
Iter : 160 To explore : 125 Explored : 417 Total elapsed : 21.404544
Iter : 170 To explore : 129 Explored : 431 Total elapsed : 22.712512
Iter : 180 To explore : 131 Explored : 443 Total elapsed : 24.007378
Iter : 190 To explore : 130 Explored : 452 Total elapsed : 25.292878
Iter : 200 To explore : 132 Explored : 464 Total elapsed : 26.622763
Iter : 210 To explore : 126 Explored : 468 Total elapsed : 27.945088
Iter : 220 To explore : 123 Explored : 475 Total elapsed : 29.297794
Iter : 230 To explore : 121 Explored : 483 Total elapsed : 30.612464
Iter : 240 To explore : 111 Explored : 483 Total elapsed : 31.898485
Iter : 250 To explore : 101 Explored : 483 Total elapsed : 33.191794
Iter : 260 To explore : 96 Explored : 488 Total elapsed : 34.507255
Iter : 270 To explore : 103 Explored : 505 Total elapsed : 35.823394
Iter : 280 To explore : 93 Explored : 505 Total elapsed : 37.128661
Iter : 290 To explore : 92 Explored : 514 Total elapsed : 38.471512
Iter : 300 To explore : 94 Explored : 526 Total elapsed : 39.899373
Iter : 310 To explore : 94 Explored : 536 Total elapsed : 41.239063
Iter : 320 To explore : 90 Explored : 542 Total elapsed : 42.549917
Iter : 330 To explore : 80 Explored : 542 Total elapsed : 43.850998
Iter : 340 To explore : 74 Explored : 546 Total elapsed : 45.164092
Iter : 350 To explore : 66 Explored : 548 Total elapsed : 46.488409
Iter : 360 To explore : 56 Explored : 548 Total elapsed : 47.799656
Iter : 370 To explore : 46 Explored : 548 Total elapsed : 49.125913
Iter : 380 To explore : 36 Explored : 548 Total elapsed : 50.450827
Iter : 390 To explore : 26 Explored : 548 Total elapsed : 51.749506
Iter : 400 To explore : 26 Explored : 558 Total elapsed : 53.071677
Iter : 410 To explore : 21 Explored : 563 Total elapsed : 54.403139
Iter : 420 To explore : 13 Explored : 565 Total elapsed : 55.71829
Iter : 430 To explore : 5 Explored : 567 Total elapsed : 57.045419
=== Report ===
[1] [IO] line 139, (user[_to].balance - _value) : proven
[2] [IO] line 140, (totalSupply - _value) : unproven
[3] [IO] line 148, (user[msg.sender].balance - _value) : proven
[4] [IO] line 149, (user[_to].balance + _value) : unproven
[5] [IO] line 165, (user[_from].balance - _value) : proven
[6] [IO] line 166, (user[_to].balance + _value) : unproven
[7] [IO] line 168, (user[_from].allowed[msg.sender] - _value) : proven
[8] [IO] line 176, (user[msg.sender].balance - _value) : proven
[9] [IO] line 177, (user[_to].balance + _value) : unproven
[10] [IO] line 186, (user[_from].balance - _value) : proven
[11] [IO] line 187, (user[_to].balance + _value) : unproven
[12] [IO] line 371, (10 ** uint256(decimals)) : proven
[13] [IO] line 371, (initialSupply * (10 ** uint256(decimals))) : proven

=== Result Summary ===
# Queries                : 13
- integer over/underflow : 13
- division-by-zero       : 0
- assertion              : 0

# Alarms                 : 5
- integer over/underflow : 5
- division-by-zero       : 0
- assertion              : 0

# Proven                 : 8
- integer over/underflow : 8
- division-by-zero       : 0
- assertion              : 0

Time Elapsed : 57.715975
