ON: integer over/underflow
ON: division-by-zero

2018-13326_tmp.sol:100:5: Warning: Defining constructors as functions with the same name as the contract is deprecated. Use "constructor(...) { ... }" instead.
    function Bittelux() {
    ^ (Relevant source part starts here and spans across multiple lines).
2018-13326_tmp.sol:51:13: Warning: Invoking events without "emit" prefix is deprecated.
            Transfer(msg.sender, _to, _value);
            ^-------------------------------^
2018-13326_tmp.sol:63:13: Warning: Invoking events without "emit" prefix is deprecated.
            Transfer(_from, _to, _value);
            ^--------------------------^
2018-13326_tmp.sol:74:9: Warning: Invoking events without "emit" prefix is deprecated.
        Approval(msg.sender, _spender, _value);
        ^------------------------------------^
2018-13326_tmp.sol:118:9: Warning: Invoking events without "emit" prefix is deprecated.
        Transfer(fundsWallet, msg.sender, amount); // Broadcast a message to the blockchain
        ^---------------------------------------^
2018-13326_tmp.sol:127:9: Warning: Invoking events without "emit" prefix is deprecated.
        Approval(msg.sender, _spender, _value);
        ^------------------------------------^
2018-13326_tmp.sol:132:54: Warning: "sha3" has been deprecated in favour of "keccak256"
 ... sha3("receiveApproval(address,uint256,address,bytes)") ... 
     ^----------------------------------------------------^
2018-13326_tmp.sol:6:5: Warning: No visibility specified. Defaulting to "public". 
    function totalSupply() constant returns (uint256 supply) {}
    ^---------------------------------------------------------^
2018-13326_tmp.sol:6:46: Warning: Unused function parameter. Remove or comment out the variable name to silence this warning.
    function totalSupply() constant returns (uint256 supply) {}
                                             ^------------^
2018-13326_tmp.sol:10:5: Warning: No visibility specified. Defaulting to "public". 
    function balanceOf(address _owner) constant returns (uint256 balance) {}
    ^----------------------------------------------------------------------^
2018-13326_tmp.sol:10:24: Warning: Unused function parameter. Remove or comment out the variable name to silence this warning.
    function balanceOf(address _owner) constant returns (uint256 balance) {}
                       ^------------^
2018-13326_tmp.sol:10:58: Warning: Unused function parameter. Remove or comment out the variable name to silence this warning.
    function balanceOf(address _owner) constant returns (uint256 balance) {}
                                                         ^-------------^
2018-13326_tmp.sol:16:5: Warning: No visibility specified. Defaulting to "public". 
    function transfer(address _to, uint256 _value) returns (bool success) {}
    ^----------------------------------------------------------------------^
2018-13326_tmp.sol:16:23: Warning: Unused function parameter. Remove or comment out the variable name to silence this warning.
    function transfer(address _to, uint256 _value) returns (bool success) {}
                      ^---------^
2018-13326_tmp.sol:16:36: Warning: Unused function parameter. Remove or comment out the variable name to silence this warning.
    function transfer(address _to, uint256 _value) returns (bool success) {}
                                   ^------------^
2018-13326_tmp.sol:16:61: Warning: Unused function parameter. Remove or comment out the variable name to silence this warning.
    function transfer(address _to, uint256 _value) returns (bool success) {}
                                                            ^----------^
2018-13326_tmp.sol:23:5: Warning: No visibility specified. Defaulting to "public". 
    function transferFrom(address _from, address _to, uint256 _value) returns (bool success) {}
    ^-----------------------------------------------------------------------------------------^
2018-13326_tmp.sol:23:27: Warning: Unused function parameter. Remove or comment out the variable name to silence this warning.
    function transferFrom(address _from, address _to, uint256 _value) returns (bool success) {}
                          ^-----------^
2018-13326_tmp.sol:23:42: Warning: Unused function parameter. Remove or comment out the variable name to silence this warning.
    function transferFrom(address _from, address _to, uint256 _value) returns (bool success) {}
                                         ^---------^
2018-13326_tmp.sol:23:55: Warning: Unused function parameter. Remove or comment out the variable name to silence this warning.
    function transferFrom(address _from, address _to, uint256 _value) returns (bool success) {}
                                                      ^------------^
2018-13326_tmp.sol:23:80: Warning: Unused function parameter. Remove or comment out the variable name to silence this warning.
    function transferFrom(address _from, address _to, uint256 _value) returns (bool success) {}
                                                                               ^----------^
2018-13326_tmp.sol:29:5: Warning: No visibility specified. Defaulting to "public". 
    function approve(address _spender, uint256 _value) returns (bool success) {}
    ^--------------------------------------------------------------------------^
2018-13326_tmp.sol:29:22: Warning: Unused function parameter. Remove or comment out the variable name to silence this warning.
    function approve(address _spender, uint256 _value) returns (bool success) {}
                     ^--------------^
2018-13326_tmp.sol:29:40: Warning: Unused function parameter. Remove or comment out the variable name to silence this warning.
    function approve(address _spender, uint256 _value) returns (bool success) {}
                                       ^------------^
2018-13326_tmp.sol:29:65: Warning: Unused function parameter. Remove or comment out the variable name to silence this warning.
    function approve(address _spender, uint256 _value) returns (bool success) {}
                                                                ^----------^
2018-13326_tmp.sol:34:5: Warning: No visibility specified. Defaulting to "public". 
    function allowance(address _owner, address _spender) constant returns (uint256 remaining) {}
    ^------------------------------------------------------------------------------------------^
2018-13326_tmp.sol:34:24: Warning: Unused function parameter. Remove or comment out the variable name to silence this warning.
    function allowance(address _owner, address _spender) constant returns (uint256 remaining) {}
                       ^------------^
2018-13326_tmp.sol:34:40: Warning: Unused function parameter. Remove or comment out the variable name to silence this warning.
    function allowance(address _owner, address _spender) constant returns (uint256 remaining) {}
                                       ^--------------^
2018-13326_tmp.sol:34:76: Warning: Unused function parameter. Remove or comment out the variable name to silence this warning.
    function allowance(address _owner, address _spender) constant returns (uint256 remaining) {}
                                                                           ^---------------^
2018-13326_tmp.sol:43:5: Warning: No visibility specified. Defaulting to "public". 
    function transfer(address _to, uint256 _value) returns (bool success) {
    ^ (Relevant source part starts here and spans across multiple lines).
2018-13326_tmp.sol:56:5: Warning: No visibility specified. Defaulting to "public". 
    function transferFrom(address _from, address _to, uint256 _value) returns (bool success) {
    ^ (Relevant source part starts here and spans across multiple lines).
2018-13326_tmp.sol:68:5: Warning: No visibility specified. Defaulting to "public". 
    function balanceOf(address _owner) constant returns (uint256 balance) {
    ^ (Relevant source part starts here and spans across multiple lines).
2018-13326_tmp.sol:72:5: Warning: No visibility specified. Defaulting to "public". 
    function approve(address _spender, uint256 _value) returns (bool success) {
    ^ (Relevant source part starts here and spans across multiple lines).
2018-13326_tmp.sol:78:5: Warning: No visibility specified. Defaulting to "public". 
    function allowance(address _owner, address _spender) constant returns (uint256 remaining) {
    ^ (Relevant source part starts here and spans across multiple lines).
2018-13326_tmp.sol:100:5: Warning: No visibility specified. Defaulting to "public". 
    function Bittelux() {
    ^ (Relevant source part starts here and spans across multiple lines).
2018-13326_tmp.sol:110:5: Warning: No visibility specified. Defaulting to "public". 
    function() payable{
    ^ (Relevant source part starts here and spans across multiple lines).
2018-13326_tmp.sol:125:5: Warning: No visibility specified. Defaulting to "public". 
    function approveAndCall(address _spender, uint256 _value, bytes _extraData) returns (bool success) {
    ^ (Relevant source part starts here and spans across multiple lines).
2018-13326_tmp.sol:6:5: Warning: Function state mutability can be restricted to pure
    function totalSupply() constant returns (uint256 supply) {}
    ^---------------------------------------------------------^
2018-13326_tmp.sol:10:5: Warning: Function state mutability can be restricted to pure
    function balanceOf(address _owner) constant returns (uint256 balance) {}
    ^----------------------------------------------------------------------^
2018-13326_tmp.sol:16:5: Warning: Function state mutability can be restricted to pure
    function transfer(address _to, uint256 _value) returns (bool success) {}
    ^----------------------------------------------------------------------^
2018-13326_tmp.sol:23:5: Warning: Function state mutability can be restricted to pure
    function transferFrom(address _from, address _to, uint256 _value) returns (bool success) {}
    ^-----------------------------------------------------------------------------------------^
2018-13326_tmp.sol:29:5: Warning: Function state mutability can be restricted to pure
    function approve(address _spender, uint256 _value) returns (bool success) {}
    ^--------------------------------------------------------------------------^
2018-13326_tmp.sol:34:5: Warning: Function state mutability can be restricted to pure
    function allowance(address _owner, address _spender) constant returns (uint256 remaining) {}
    ^------------------------------------------------------------------------------------------^
- all funcs : 33
- reachable : 13
* Generating Paths ... took 2.8e-05s
- paths : 20

Iter : 10 To explore : 270 Explored : 715 Total elapsed : 27.39209
Iter : 20 To explore : 260 Explored : 1035 Total elapsed : 46.179777
Iter : 30 To explore : 255 Explored : 1680 Total elapsed : 94.152847
Iter : 40 To explore : 317 Explored : 1752 Total elapsed : 123.038928
Iter : 50 To explore : 289 Explored : 2323 Total elapsed : 171.33063
Iter : 60 To explore : 349 Explored : 2393 Total elapsed : 258.831715
Iter : 70 To explore : 451 Explored : 2505 Total elapsed : 318.441588
Iter : 80 To explore : 367 Explored : 2869 Total elapsed : 354.440932
Iter : 90 To explore : 406 Explored : 2918 Total elapsed : 416.267607
Iter : 100 To explore : 438 Explored : 2960 Total elapsed : 493.101747
Iter : 110 To explore : 676 Explored : 3208 Total elapsed : 498.769384
Iter : 120 To explore : 793 Explored : 3335 Total elapsed : 504.225675
Iter : 130 To explore : 907 Explored : 3459 Total elapsed : 518.353544
Iter : 140 To explore : 993 Explored : 3555 Total elapsed : 523.163304
=== Report ===
[1] [IO] line 49, (balances[msg.sender] - _value) : proven
[2] [IO] line 50, (balances[_to] + _value) : proven
[3] [IO] line 60, (balances[_to] + _value) : proven
[4] [IO] line 61, (balances[_from] - _value) : proven
[5] [IO] line 62, (allowed[_from][msg.sender] - _value) : proven
[6] [IO] line 111, (totalEthInWei + msg.value) : unproven
[7] [IO] line 112, (msg.value * unitsOneEthCanBuy) : unproven
[8] [IO] line 115, (balances[fundsWallet] - amount) : proven
[9] [IO] line 116, (balances[msg.sender] + amount) : proven

=== Result Summary ===
# Queries                : 9
- integer over/underflow : 9
- division-by-zero       : 0
- assertion              : 0

# Alarms                 : 2
- integer over/underflow : 2
- division-by-zero       : 0
- assertion              : 0

# Proven                 : 7
- integer over/underflow : 7
- division-by-zero       : 0
- assertion              : 0

Time Elapsed : 536.600011
