ON: integer over/underflow
ON: division-by-zero

0x5ab793e36070f0fac928ea15826b0c1bc5365119_tmp.sol:590:28: Warning: Unused function parameter. Remove or comment out the variable name to silence this warning.
    function tokenFallback(address from_, uint256 value_, bytes data_) external pure {
                           ^-----------^
0x5ab793e36070f0fac928ea15826b0c1bc5365119_tmp.sol:590:43: Warning: Unused function parameter. Remove or comment out the variable name to silence this warning.
    function tokenFallback(address from_, uint256 value_, bytes data_) external pure {
                                          ^------------^
0x5ab793e36070f0fac928ea15826b0c1bc5365119_tmp.sol:590:59: Warning: Unused function parameter. Remove or comment out the variable name to silence this warning.
    function tokenFallback(address from_, uint256 value_, bytes data_) external pure {
                                                          ^---------^
- all funcs : 106
- reachable : 37
* Generating Paths ... took 0.000328s
- paths : 134

Iter : 10 To explore : 2092 Explored : 2101 Total elapsed : 33.181196
Iter : 20 To explore : 4169 Explored : 4188 Total elapsed : 34.090713
Iter : 30 To explore : 6121 Explored : 6150 Total elapsed : 37.514007
Iter : 40 To explore : 7563 Explored : 7602 Total elapsed : 49.721251
Iter : 50 To explore : 9289 Explored : 9338 Total elapsed : 87.19062
Iter : 60 To explore : 11166 Explored : 11225 Total elapsed : 116.771973
Iter : 70 To explore : 12714 Explored : 12783 Total elapsed : 120.231312
Iter : 80 To explore : 14499 Explored : 14578 Total elapsed : 147.172976
Iter : 90 To explore : 15590 Explored : 15679 Total elapsed : 147.972481
Iter : 100 To explore : 17122 Explored : 17221 Total elapsed : 158.916707
Iter : 110 To explore : 19408 Explored : 19517 Total elapsed : 159.630632
Iter : 120 To explore : 21716 Explored : 21835 Total elapsed : 159.949547
Iter : 130 To explore : 23986 Explored : 24115 Total elapsed : 160.501783
Iter : 140 To explore : 26174 Explored : 26313 Total elapsed : 161.415537
Iter : 150 To explore : 28367 Explored : 28516 Total elapsed : 162.198866
Iter : 160 To explore : 30596 Explored : 30755 Total elapsed : 162.555407
Iter : 170 To explore : 32842 Explored : 33011 Total elapsed : 162.781273
Iter : 180 To explore : 35062 Explored : 35241 Total elapsed : 163.044367
Iter : 190 To explore : 37266 Explored : 37455 Total elapsed : 163.526983
Iter : 200 To explore : 39465 Explored : 39664 Total elapsed : 163.785423
Iter : 210 To explore : 41682 Explored : 41891 Total elapsed : 164.055904
Iter : 220 To explore : 43818 Explored : 44037 Total elapsed : 164.626885
Iter : 230 To explore : 45900 Explored : 46129 Total elapsed : 165.410142
Iter : 240 To explore : 47867 Explored : 48106 Total elapsed : 166.993787
Iter : 250 To explore : 49894 Explored : 50143 Total elapsed : 167.221375
Iter : 260 To explore : 51981 Explored : 52240 Total elapsed : 168.605967
Iter : 270 To explore : 53943 Explored : 54212 Total elapsed : 170.510117
Iter : 280 To explore : 55871 Explored : 56150 Total elapsed : 171.812035
Iter : 290 To explore : 57868 Explored : 58157 Total elapsed : 174.776096
Iter : 300 To explore : 59771 Explored : 60070 Total elapsed : 177.992567
Iter : 310 To explore : 61752 Explored : 62061 Total elapsed : 178.766593
Iter : 320 To explore : 63753 Explored : 64072 Total elapsed : 179.889986
Iter : 330 To explore : 65760 Explored : 66089 Total elapsed : 180.979277
Iter : 340 To explore : 67647 Explored : 67986 Total elapsed : 182.00251
Iter : 350 To explore : 69678 Explored : 70027 Total elapsed : 183.339954
Iter : 360 To explore : 71593 Explored : 71952 Total elapsed : 184.402623
Iter : 370 To explore : 73484 Explored : 73853 Total elapsed : 184.789562
Iter : 380 To explore : 75587 Explored : 75966 Total elapsed : 185.394201
Iter : 390 To explore : 77755 Explored : 78144 Total elapsed : 186.302882
Iter : 400 To explore : 79891 Explored : 80290 Total elapsed : 186.707639
Iter : 410 To explore : 81905 Explored : 82314 Total elapsed : 187.796363
Iter : 420 To explore : 83817 Explored : 84236 Total elapsed : 189.144322
Iter : 430 To explore : 85631 Explored : 86060 Total elapsed : 191.096288
Iter : 440 To explore : 87356 Explored : 87795 Total elapsed : 194.947817
Iter : 450 To explore : 89064 Explored : 89513 Total elapsed : 196.716238
Iter : 460 To explore : 90951 Explored : 91410 Total elapsed : 197.806739
Iter : 470 To explore : 92811 Explored : 93280 Total elapsed : 199.274109
Iter : 480 To explore : 94863 Explored : 95342 Total elapsed : 199.738832
Iter : 490 To explore : 96771 Explored : 97260 Total elapsed : 200.661845
Iter : 500 To explore : 98532 Explored : 99031 Total elapsed : 205.913291
Iter : 510 To explore : 100222 Explored : 100731 Total elapsed : 206.477924
Iter : 520 To explore : 102145 Explored : 102664 Total elapsed : 206.734317
Iter : 530 To explore : 104150 Explored : 104679 Total elapsed : 207.016567
Iter : 540 To explore : 106014 Explored : 106553 Total elapsed : 207.750714
Iter : 550 To explore : 107776 Explored : 108325 Total elapsed : 212.887683
Iter : 560 To explore : 109597 Explored : 110156 Total elapsed : 213.484581
Iter : 570 To explore : 111533 Explored : 112102 Total elapsed : 214.962948
Iter : 580 To explore : 113585 Explored : 114164 Total elapsed : 215.440698
Iter : 590 To explore : 115640 Explored : 116229 Total elapsed : 215.847135
Iter : 600 To explore : 117632 Explored : 118231 Total elapsed : 216.636879
Iter : 610 To explore : 119719 Explored : 120328 Total elapsed : 217.212333
Iter : 620 To explore : 121706 Explored : 122325 Total elapsed : 218.043273
Iter : 630 To explore : 123600 Explored : 124229 Total elapsed : 218.940802
Iter : 640 To explore : 125461 Explored : 126100 Total elapsed : 219.91952
Iter : 650 To explore : 127580 Explored : 128229 Total elapsed : 220.146731
Iter : 660 To explore : 129564 Explored : 130223 Total elapsed : 220.463476
Iter : 670 To explore : 131345 Explored : 132014 Total elapsed : 221.35282
Iter : 680 To explore : 133257 Explored : 133936 Total elapsed : 222.28076
Iter : 690 To explore : 135349 Explored : 136038 Total elapsed : 222.751906
Iter : 700 To explore : 137491 Explored : 138190 Total elapsed : 273.149905
Iter : 710 To explore : 139573 Explored : 140282 Total elapsed : 323.382704
Iter : 720 To explore : 141675 Explored : 142394 Total elapsed : 323.616573
Iter : 730 To explore : 143755 Explored : 144484 Total elapsed : 323.976985
Iter : 740 To explore : 145824 Explored : 146563 Total elapsed : 324.195757
Iter : 750 To explore : 147897 Explored : 148646 Total elapsed : 324.504122
Iter : 760 To explore : 149793 Explored : 150552 Total elapsed : 329.406342
Iter : 770 To explore : 151590 Explored : 152359 Total elapsed : 329.704377
Iter : 780 To explore : 153473 Explored : 154252 Total elapsed : 334.146648
Iter : 790 To explore : 155232 Explored : 156021 Total elapsed : 339.031325
Iter : 800 To explore : 156925 Explored : 157724 Total elapsed : 343.493972
Iter : 810 To explore : 158849 Explored : 159658 Total elapsed : 405.090643
Iter : 820 To explore : 160896 Explored : 161715 Total elapsed : 405.29896
Iter : 830 To explore : 162819 Explored : 163648 Total elapsed : 406.145145
Iter : 840 To explore : 164662 Explored : 165501 Total elapsed : 431.987078
Iter : 850 To explore : 166467 Explored : 167316 Total elapsed : 464.175012
Iter : 860 To explore : 168349 Explored : 169208 Total elapsed : 503.406829
Iter : 870 To explore : 170133 Explored : 171002 Total elapsed : 516.723878
Iter : 880 To explore : 171811 Explored : 172690 Total elapsed : 518.881025
Iter : 890 To explore : 173416 Explored : 174305 Total elapsed : 520.764095
Iter : 900 To explore : 175278 Explored : 176177 Total elapsed : 522.208665
Iter : 910 To explore : 177027 Explored : 177936 Total elapsed : 527.221489
Iter : 920 To explore : 178799 Explored : 179718 Total elapsed : 528.646582
Iter : 930 To explore : 180863 Explored : 181792 Total elapsed : 529.299849
Iter : 940 To explore : 182830 Explored : 183769 Total elapsed : 529.91316
=== Report ===
[1] [IO] line 301, (i + 1) : proven
[2] [IO] line 317, (i + 1) : proven
[3] [IO] line 388, (balanceOf[msg.sender] - _value) : proven
[4] [IO] line 389, (balanceOf[_to] + _value) : unproven
[5] [IO] line 398, (balanceOf[msg.sender] - _value) : proven
[6] [IO] line 399, (balanceOf[_to] + _value) : unproven
[7] [IO] line 424, (balanceOf[_from] - _value) : proven
[8] [IO] line 425, (balanceOf[_to] + _value) : unproven
[9] [IO] line 426, (allowance[_from][msg.sender] - _value) : proven
[10] [IO] line 462, (balanceOf[_from] - _unitAmount) : proven
[11] [IO] line 463, (totalSupply - _unitAmount) : unproven
[12] [IO] line 482, (totalSupply + _unitAmount) : unproven
[13] [IO] line 483, (balanceOf[_to] + _unitAmount) : unproven
[14] [IO] line 507, (amount * 100000000) : unproven
[15] [IO] line 508, (amount * addresses.length) : unproven
[16] [IO] line 511, (i + 1) : proven
[17] [IO] line 516, (balanceOf[addresses[i]] + amount) : unproven
[18] [IO] line 519, (balanceOf[msg.sender] - totalAmount) : unproven
[19] [IO] line 531, (i + 1) : proven
[20] [IO] line 537, (amounts[i] * 100000000) : unproven
[21] [IO] line 538, (balanceOf[addresses[i]] + amounts[i]) : unproven
[22] [IO] line 539, (totalAmount + amounts[i]) : unproven
[23] [IO] line 544, (balanceOf[msg.sender] - totalAmount) : proven
[24] [IO] line 561, (balanceOf[_from] - _value) : proven
[25] [IO] line 562, (balanceOf[_to] + _value) : unproven

=== Result Summary ===
# Queries                : 25
- integer over/underflow : 25
- division-by-zero       : 0
- assertion              : 0

# Alarms                 : 14
- integer over/underflow : 14
- division-by-zero       : 0
- assertion              : 0

# Proven                 : 11
- integer over/underflow : 11
- division-by-zero       : 0
- assertion              : 0

Time Elapsed : 530.129022
