ON: integer over/underflow
ON: division-by-zero

2018-17050_tmp.sol:5:5: Warning: Defining constructors as functions with the same name as the contract is deprecated. Use "constructor(...) { ... }" instead.
    function owned() {
    ^ (Relevant source part starts here and spans across multiple lines).
2018-17050_tmp.sol:36:5: Warning: Defining constructors as functions with the same name as the contract is deprecated. Use "constructor(...) { ... }" instead.
    function token(
    ^ (Relevant source part starts here and spans across multiple lines).
2018-17050_tmp.sol:101:5: Warning: Defining constructors as functions with the same name as the contract is deprecated. Use "constructor(...) { ... }" instead.
    function PolyAi(
    ^ (Relevant source part starts here and spans across multiple lines).
2018-17050_tmp.sol:55:9: Warning: Invoking events without "emit" prefix is deprecated.
        Transfer(msg.sender, _to, _value);                   // Notify anyone listening that this transfer took place
        ^-------------------------------^
2018-17050_tmp.sol:83:9: Warning: Invoking events without "emit" prefix is deprecated.
        Transfer(_from, _to, _value);
        ^--------------------------^
2018-17050_tmp.sol:115:9: Warning: Invoking events without "emit" prefix is deprecated.
        Transfer(msg.sender, _to, _value);                   // Notify anyone listening that this transfer took place
        ^-------------------------------^
2018-17050_tmp.sol:127:9: Warning: Invoking events without "emit" prefix is deprecated.
        Transfer(_from, _to, _value);
        ^--------------------------^
2018-17050_tmp.sol:133:9: Warning: Invoking events without "emit" prefix is deprecated.
        Transfer(0, owner, mintedAmount);
        ^------------------------------^
2018-17050_tmp.sol:134:9: Warning: Invoking events without "emit" prefix is deprecated.
        Transfer(owner, target, mintedAmount);
        ^-----------------------------------^
2018-17050_tmp.sol:139:9: Warning: Invoking events without "emit" prefix is deprecated.
        FrozenFunds(target, freeze);
        ^-------------------------^
2018-17050_tmp.sol:5:5: Warning: No visibility specified. Defaulting to "public". 
    function owned() {
    ^ (Relevant source part starts here and spans across multiple lines).
2018-17050_tmp.sol:14:5: Warning: No visibility specified. Defaulting to "public". 
    function transferOwnership(address newOwner) onlyOwner {
    ^ (Relevant source part starts here and spans across multiple lines).
2018-17050_tmp.sol:19:27: Warning: No visibility specified. Defaulting to "public". 
contract tokenRecipient { function receiveApproval(address _from, uint256 _value, address _token, bytes _extraData); }
                          ^----------------------------------------------------------------------------------------^
2018-17050_tmp.sol:36:5: Warning: No visibility specified. Defaulting to "public". 
    function token(
    ^ (Relevant source part starts here and spans across multiple lines).
2018-17050_tmp.sol:50:5: Warning: No visibility specified. Defaulting to "public". 
    function transfer(address _to, uint256 _value) {
    ^ (Relevant source part starts here and spans across multiple lines).
2018-17050_tmp.sol:59:5: Warning: No visibility specified. Defaulting to "public". 
    function approve(address _spender, uint256 _value)
    ^ (Relevant source part starts here and spans across multiple lines).
2018-17050_tmp.sol:66:5: Warning: No visibility specified. Defaulting to "public". 
    function approveAndCall(address _spender, uint256 _value, bytes _extraData)
    ^ (Relevant source part starts here and spans across multiple lines).
2018-17050_tmp.sol:76:5: Warning: No visibility specified. Defaulting to "public". 
    function transferFrom(address _from, address _to, uint256 _value) returns (bool success) {
    ^ (Relevant source part starts here and spans across multiple lines).
2018-17050_tmp.sol:88:5: Warning: No visibility specified. Defaulting to "public". 
    function () {
    ^ (Relevant source part starts here and spans across multiple lines).
2018-17050_tmp.sol:101:5: Warning: No visibility specified. Defaulting to "public". 
    function PolyAi(
    ^ (Relevant source part starts here and spans across multiple lines).
2018-17050_tmp.sol:109:5: Warning: No visibility specified. Defaulting to "public". 
    function transfer(address _to, uint256 _value) {
    ^ (Relevant source part starts here and spans across multiple lines).
2018-17050_tmp.sol:119:5: Warning: No visibility specified. Defaulting to "public". 
    function transferFrom(address _from, address _to, uint256 _value) returns (bool success) {
    ^ (Relevant source part starts here and spans across multiple lines).
2018-17050_tmp.sol:131:5: Warning: No visibility specified. Defaulting to "public". 
    function mintToken(address target, uint256 mintedAmount) onlyOwner {
    ^ (Relevant source part starts here and spans across multiple lines).
2018-17050_tmp.sol:137:5: Warning: No visibility specified. Defaulting to "public". 
    function freezeAccount(address target, bool freeze) onlyOwner {
    ^ (Relevant source part starts here and spans across multiple lines).
- all funcs : 30
- reachable : 13
* Generating Paths ... took 3.5e-05s
- paths : 24

Iter : 10 To explore : 14 Explored : 23 Total elapsed : 0.737833
Iter : 20 To explore : 10 Explored : 29 Total elapsed : 1.512468
Iter : 30 To explore : 3 Explored : 32 Total elapsed : 2.892251
=== Report ===
[1] [IO] line 111, (balanceOf[_to] + _value) : unproven
[2] [IO] line 113, (balanceOf[msg.sender] - _value) : proven
[3] [IO] line 114, (balanceOf[_to] + _value) : proven
[4] [IO] line 122, (balanceOf[_to] + _value) : unproven
[5] [IO] line 124, (balanceOf[_from] - _value) : proven
[6] [IO] line 125, (balanceOf[_to] + _value) : proven
[7] [IO] line 126, (allowance[_from][msg.sender] - _value) : proven
[8] [IO] line 132, (balanceOf[target] + mintedAmount) : unproven

=== Result Summary ===
# Queries                : 8
- integer over/underflow : 8
- division-by-zero       : 0
- assertion              : 0

# Alarms                 : 3
- integer over/underflow : 3
- division-by-zero       : 0
- assertion              : 0

# Proven                 : 5
- integer over/underflow : 5
- division-by-zero       : 0
- assertion              : 0

Time Elapsed : 3.493191
