ON: integer over/underflow
ON: division-by-zero

2018-13778_tmp.sol:6:5: Warning: Defining constructors as functions with the same name as the contract is deprecated. Use "constructor(...) { ... }" instead.
    function owned() public {
    ^ (Relevant source part starts here and spans across multiple lines).
2018-13778_tmp.sol:45:5: Warning: Defining constructors as functions with the same name as the contract is deprecated. Use "constructor(...) { ... }" instead.
    function TokenERC20(
    ^ (Relevant source part starts here and spans across multiple lines).
2018-13778_tmp.sol:187:5: Warning: Defining constructors as functions with the same name as the contract is deprecated. Use "constructor(...) { ... }" instead.
    function CGCToken(
    ^ (Relevant source part starts here and spans across multiple lines).
- all funcs : 38
- reachable : 16
* Generating Paths ... took 5e-05s
- paths : 34

Iter : 10 To explore : 300 Explored : 604 Total elapsed : 14.980775
Iter : 20 To explore : 448 Explored : 1323 Total elapsed : 23.421292
Iter : 30 To explore : 646 Explored : 2187 Total elapsed : 32.179769
Iter : 40 To explore : 754 Explored : 2305 Total elapsed : 38.848372
Iter : 50 To explore : 899 Explored : 2460 Total elapsed : 39.773765
Iter : 60 To explore : 1043 Explored : 2614 Total elapsed : 40.652533
Iter : 70 To explore : 848 Explored : 3446 Total elapsed : 43.312446
Iter : 80 To explore : 852 Explored : 3460 Total elapsed : 52.818965
Iter : 90 To explore : 598 Explored : 3816 Total elapsed : 58.115801
Iter : 100 To explore : 620 Explored : 3848 Total elapsed : 59.003585
Iter : 110 To explore : 632 Explored : 3870 Total elapsed : 59.883738
Iter : 120 To explore : 637 Explored : 3885 Total elapsed : 68.099448
Iter : 130 To explore : 649 Explored : 3907 Total elapsed : 69.015886
Iter : 140 To explore : 691 Explored : 3959 Total elapsed : 69.927294
Iter : 150 To explore : 382 Explored : 4372 Total elapsed : 79.482523
Iter : 160 To explore : 492 Explored : 4492 Total elapsed : 80.483946
Iter : 170 To explore : 495 Explored : 5077 Total elapsed : 82.69803
Iter : 180 To explore : 508 Explored : 5100 Total elapsed : 91.571171
Iter : 190 To explore : 528 Explored : 5130 Total elapsed : 92.56278
Iter : 200 To explore : 499 Explored : 5679 Total elapsed : 96.251346
Iter : 210 To explore : 489 Explored : 5679 Total elapsed : 97.077753
Iter : 220 To explore : 479 Explored : 5679 Total elapsed : 97.98795
Iter : 230 To explore : 486 Explored : 5696 Total elapsed : 107.568561
Iter : 240 To explore : 262 Explored : 5955 Total elapsed : 117.706634
Iter : 250 To explore : 249 Explored : 6230 Total elapsed : 119.618675
Iter : 260 To explore : 267 Explored : 6258 Total elapsed : 126.329697
Iter : 270 To explore : 289 Explored : 6290 Total elapsed : 147.50912
Iter : 280 To explore : 241 Explored : 6526 Total elapsed : 155.249024
Iter : 290 To explore : 237 Explored : 6532 Total elapsed : 156.253696
Iter : 300 To explore : 237 Explored : 6542 Total elapsed : 177.304333
Iter : 310 To explore : 239 Explored : 6554 Total elapsed : 178.307309
Iter : 320 To explore : 238 Explored : 6563 Total elapsed : 179.304061
Iter : 330 To explore : 239 Explored : 6574 Total elapsed : 180.289058
Iter : 340 To explore : 237 Explored : 6582 Total elapsed : 181.399053
Iter : 350 To explore : 222 Explored : 6793 Total elapsed : 196.925375
Iter : 360 To explore : 218 Explored : 6799 Total elapsed : 197.945944
Iter : 370 To explore : 217 Explored : 6808 Total elapsed : 198.991461
Iter : 380 To explore : 219 Explored : 6820 Total elapsed : 220.165645
Iter : 390 To explore : 217 Explored : 6828 Total elapsed : 221.179049
Iter : 400 To explore : 214 Explored : 6835 Total elapsed : 222.179174
Iter : 410 To explore : 213 Explored : 6844 Total elapsed : 223.199484
Iter : 420 To explore : 214 Explored : 6855 Total elapsed : 224.338123
Iter : 430 To explore : 213 Explored : 6864 Total elapsed : 245.413776
Iter : 440 To explore : 252 Explored : 6913 Total elapsed : 246.506621
Iter : 450 To explore : 285 Explored : 6956 Total elapsed : 248.950454
Iter : 460 To explore : 337 Explored : 7018 Total elapsed : 250.886846
Iter : 470 To explore : 366 Explored : 7057 Total elapsed : 252.578542
Iter : 480 To explore : 414 Explored : 7115 Total elapsed : 253.705122
Iter : 490 To explore : 442 Explored : 7153 Total elapsed : 255.581426
Iter : 500 To explore : 464 Explored : 7185 Total elapsed : 256.708187
Iter : 510 To explore : 488 Explored : 7219 Total elapsed : 257.777144
Iter : 520 To explore : 505 Explored : 7246 Total elapsed : 258.835789
Iter : 530 To explore : 522 Explored : 7273 Total elapsed : 260.120047
Iter : 540 To explore : 550 Explored : 7311 Total elapsed : 261.202844
Iter : 550 To explore : 551 Explored : 7322 Total elapsed : 297.991968
Iter : 560 To explore : 561 Explored : 7342 Total elapsed : 335.998317
Iter : 570 To explore : 577 Explored : 7368 Total elapsed : 337.803737
Iter : 580 To explore : 614 Explored : 7415 Total elapsed : 339.41216
Iter : 590 To explore : 648 Explored : 7459 Total elapsed : 341.44055
Iter : 600 To explore : 649 Explored : 7470 Total elapsed : 342.471231
Iter : 610 To explore : 669 Explored : 7500 Total elapsed : 343.517451
Iter : 620 To explore : 702 Explored : 7543 Total elapsed : 380.725949
Iter : 630 To explore : 740 Explored : 7591 Total elapsed : 381.752954
Iter : 640 To explore : 756 Explored : 7617 Total elapsed : 382.796528
Iter : 650 To explore : 762 Explored : 7633 Total elapsed : 385.088046
Iter : 660 To explore : 788 Explored : 7669 Total elapsed : 421.604065
Iter : 670 To explore : 788 Explored : 7679 Total elapsed : 422.63692
Iter : 680 To explore : 798 Explored : 7699 Total elapsed : 423.762181
Iter : 690 To explore : 821 Explored : 7732 Total elapsed : 424.829332
Iter : 700 To explore : 837 Explored : 7758 Total elapsed : 426.568199
Iter : 710 To explore : 860 Explored : 7791 Total elapsed : 427.602176
Iter : 720 To explore : 878 Explored : 7819 Total elapsed : 428.665193
Iter : 730 To explore : 881 Explored : 7832 Total elapsed : 465.498132
Iter : 740 To explore : 889 Explored : 7850 Total elapsed : 467.286171
Iter : 750 To explore : 887 Explored : 7858 Total elapsed : 503.59013
=== Report ===
[1] [IO] line 50, (10 ** uint256(decimals)) : proven
[2] [IO] line 50, (initialSupply * (10 ** uint256(decimals))) : unproven
[3] [IO] line 100, (allowance[_from][msg.sender] - _value) : proven
[4] [IO] line 147, (balanceOf[msg.sender] - _value) : proven
[5] [IO] line 148, (totalSupply - _value) : unproven
[6] [IO] line 164, (balanceOf[_from] - _value) : proven
[7] [IO] line 165, (allowance[_from][msg.sender] - _value) : proven
[8] [IO] line 166, (totalSupply - _value) : unproven
[9] [IO] line 197, (balanceOf[_to] + _value) : unproven
[10] [IO] line 200, (balanceOf[_from] - _value) : proven
[11] [IO] line 201, (balanceOf[_to] + _value) : proven
[12] [IO] line 209, (balanceOf[target] + mintedAmount) : unproven
[13] [IO] line 210, (totalSupply + mintedAmount) : unproven

=== Result Summary ===
# Queries                : 13
- integer over/underflow : 13
- division-by-zero       : 0
- assertion              : 0

# Alarms                 : 6
- integer over/underflow : 6
- division-by-zero       : 0
- assertion              : 0

# Proven                 : 7
- integer over/underflow : 7
- division-by-zero       : 0
- assertion              : 0

Time Elapsed : 539.781807
