ON: integer over/underflow
ON: division-by-zero

2018-13227_tmp.sol:6:5: Warning: Defining constructors as functions with the same name as the contract is deprecated. Use "constructor(...) { ... }" instead.
    function owned() {
    ^ (Relevant source part starts here and spans across multiple lines).
2018-13227_tmp.sol:11:34: Warning: "throw" is deprecated in favour of "revert()", "require()" and "assert()".
        if (msg.sender != owner) throw;
                                 ^---^
2018-13227_tmp.sol:38:5: Warning: Defining constructors as functions with the same name as the contract is deprecated. Use "constructor(...) { ... }" instead.
    function token(
    ^ (Relevant source part starts here and spans across multiple lines).
2018-13227_tmp.sol:53:45: Warning: "throw" is deprecated in favour of "revert()", "require()" and "assert()".
        if (balanceOf[msg.sender] < _value) throw;           // Check if the sender has enough
                                            ^---^
2018-13227_tmp.sol:54:55: Warning: "throw" is deprecated in favour of "revert()", "require()" and "assert()".
        if (balanceOf[_to] + _value < balanceOf[_to]) throw; // Check for overflows
                                                      ^---^
2018-13227_tmp.sol:79:40: Warning: "throw" is deprecated in favour of "revert()", "require()" and "assert()".
        if (balanceOf[_from] < _value) throw;                 // Check if the sender has enough
                                       ^---^
2018-13227_tmp.sol:80:55: Warning: "throw" is deprecated in favour of "revert()", "require()" and "assert()".
        if (balanceOf[_to] + _value < balanceOf[_to]) throw;  // Check for overflows
                                                      ^---^
2018-13227_tmp.sol:81:52: Warning: "throw" is deprecated in favour of "revert()", "require()" and "assert()".
        if (_value > allowance[_from][msg.sender]) throw;   // Check allowance
                                                   ^---^
2018-13227_tmp.sol:91:9: Warning: "throw" is deprecated in favour of "revert()", "require()" and "assert()".
        throw;     // Prevents accidental sending of ether
        ^---^
2018-13227_tmp.sol:112:5: Warning: Defining constructors as functions with the same name as the contract is deprecated. Use "constructor(...) { ... }" instead.
    function MoneyChainNetToken() token (initialSupply, tokenName, decimalUnits, tokenSymbol) {}
    ^------------------------------------------------------------------------------------------^
2018-13227_tmp.sol:115:45: Warning: "throw" is deprecated in favour of "revert()", "require()" and "assert()".
        if (balanceOf[msg.sender] < _value) throw;           // Check if the sender has enough
                                            ^---^
2018-13227_tmp.sol:116:55: Warning: "throw" is deprecated in favour of "revert()", "require()" and "assert()".
        if (balanceOf[_to] + _value < balanceOf[_to]) throw; // Check for overflows
                                                      ^---^
2018-13227_tmp.sol:117:40: Warning: "throw" is deprecated in favour of "revert()", "require()" and "assert()".
        if (frozenAccount[msg.sender]) throw;                // Check if frozen
                                       ^---^
2018-13227_tmp.sol:126:35: Warning: "throw" is deprecated in favour of "revert()", "require()" and "assert()".
        if (frozenAccount[_from]) throw;                        // Check if frozen
                                  ^---^
2018-13227_tmp.sol:127:40: Warning: "throw" is deprecated in favour of "revert()", "require()" and "assert()".
        if (balanceOf[_from] < _value) throw;                 // Check if the sender has enough
                                       ^---^
2018-13227_tmp.sol:128:55: Warning: "throw" is deprecated in favour of "revert()", "require()" and "assert()".
        if (balanceOf[_to] + _value < balanceOf[_to]) throw;  // Check for overflows
                                                      ^---^
2018-13227_tmp.sol:129:52: Warning: "throw" is deprecated in favour of "revert()", "require()" and "assert()".
        if (_value > allowance[_from][msg.sender]) throw;   // Check allowance
                                                   ^---^
2018-13227_tmp.sol:156:39: Warning: "throw" is deprecated in favour of "revert()", "require()" and "assert()".
        if (balanceOf[this] < amount) throw;               // checks if it has enough to sell
                                      ^---^
2018-13227_tmp.sol:163:46: Warning: "throw" is deprecated in favour of "revert()", "require()" and "assert()".
        if (balanceOf[msg.sender] < amount ) throw;        // checks if the sender has enough to sell
                                             ^---^
2018-13227_tmp.sol:167:13: Warning: "throw" is deprecated in favour of "revert()", "require()" and "assert()".
            throw;                                         // to do this last to avoid recursion attacks
            ^---^
2018-13227_tmp.sol:57:9: Warning: Invoking events without "emit" prefix is deprecated.
        Transfer(msg.sender, _to, _value);                   // Notify anyone listening that this transfer took place
        ^-------------------------------^
2018-13227_tmp.sol:85:9: Warning: Invoking events without "emit" prefix is deprecated.
        Transfer(_from, _to, _value);
        ^--------------------------^
2018-13227_tmp.sol:120:9: Warning: Invoking events without "emit" prefix is deprecated.
        Transfer(msg.sender, _to, _value);                   // Notify anyone listening that this transfer took place
        ^-------------------------------^
2018-13227_tmp.sol:133:9: Warning: Invoking events without "emit" prefix is deprecated.
        Transfer(_from, _to, _value);
        ^--------------------------^
2018-13227_tmp.sol:140:9: Warning: Invoking events without "emit" prefix is deprecated.
        Transfer(0, this, mintedAmount);
        ^-----------------------------^
2018-13227_tmp.sol:141:9: Warning: Invoking events without "emit" prefix is deprecated.
        Transfer(this, target, mintedAmount);
        ^----------------------------------^
2018-13227_tmp.sol:146:9: Warning: Invoking events without "emit" prefix is deprecated.
        FrozenFunds(target, freeze);
        ^-------------------------^
2018-13227_tmp.sol:159:9: Warning: Invoking events without "emit" prefix is deprecated.
        Transfer(this, msg.sender, amount);                // execute an event reflecting the change
        ^--------------------------------^
2018-13227_tmp.sol:169:13: Warning: Invoking events without "emit" prefix is deprecated.
            Transfer(msg.sender, this, amount);            // executes an event reflecting on the change
            ^--------------------------------^
2018-13227_tmp.sol:6:5: Warning: No visibility specified. Defaulting to "public". 
    function owned() {
    ^ (Relevant source part starts here and spans across multiple lines).
2018-13227_tmp.sol:15:5: Warning: No visibility specified. Defaulting to "public". 
    function transferOwnership(address newOwner) onlyOwner {
    ^ (Relevant source part starts here and spans across multiple lines).
2018-13227_tmp.sol:20:27: Warning: No visibility specified. Defaulting to "public". 
contract tokenRecipient { function receiveApproval(address _from, uint256 _value, address _token, bytes _extraData); }
                          ^----------------------------------------------------------------------------------------^
2018-13227_tmp.sol:38:5: Warning: No visibility specified. Defaulting to "public". 
    function token(
    ^ (Relevant source part starts here and spans across multiple lines).
2018-13227_tmp.sol:52:5: Warning: No visibility specified. Defaulting to "public". 
    function transfer(address _to, uint256 _value) {
    ^ (Relevant source part starts here and spans across multiple lines).
2018-13227_tmp.sol:61:5: Warning: No visibility specified. Defaulting to "public". 
    function approve(address _spender, uint256 _value)
    ^ (Relevant source part starts here and spans across multiple lines).
2018-13227_tmp.sol:68:5: Warning: No visibility specified. Defaulting to "public". 
    function approveAndCall(address _spender, uint256 _value, bytes _extraData)
    ^ (Relevant source part starts here and spans across multiple lines).
2018-13227_tmp.sol:78:5: Warning: No visibility specified. Defaulting to "public". 
    function transferFrom(address _from, address _to, uint256 _value) returns (bool success) {
    ^ (Relevant source part starts here and spans across multiple lines).
2018-13227_tmp.sol:90:5: Warning: No visibility specified. Defaulting to "public". 
    function () {
    ^ (Relevant source part starts here and spans across multiple lines).
2018-13227_tmp.sol:112:5: Warning: No visibility specified. Defaulting to "public". 
    function MoneyChainNetToken() token (initialSupply, tokenName, decimalUnits, tokenSymbol) {}
    ^------------------------------------------------------------------------------------------^
2018-13227_tmp.sol:114:5: Warning: No visibility specified. Defaulting to "public". 
    function transfer(address _to, uint256 _value) {
    ^ (Relevant source part starts here and spans across multiple lines).
2018-13227_tmp.sol:125:5: Warning: No visibility specified. Defaulting to "public". 
    function transferFrom(address _from, address _to, uint256 _value) returns (bool success) {
    ^ (Relevant source part starts here and spans across multiple lines).
2018-13227_tmp.sol:137:5: Warning: No visibility specified. Defaulting to "public". 
    function mintToken(address target, uint256 mintedAmount) onlyOwner {
    ^ (Relevant source part starts here and spans across multiple lines).
2018-13227_tmp.sol:144:5: Warning: No visibility specified. Defaulting to "public". 
    function freezeAccount(address target, bool freeze) onlyOwner {
    ^ (Relevant source part starts here and spans across multiple lines).
2018-13227_tmp.sol:149:5: Warning: No visibility specified. Defaulting to "public". 
    function setPrices(uint256 newSellPrice, uint256 newBuyPrice) onlyOwner {
    ^ (Relevant source part starts here and spans across multiple lines).
2018-13227_tmp.sol:154:5: Warning: No visibility specified. Defaulting to "public". 
    function buy() payable {
    ^ (Relevant source part starts here and spans across multiple lines).
2018-13227_tmp.sol:162:5: Warning: No visibility specified. Defaulting to "public". 
    function sell(uint256 amount) {
    ^ (Relevant source part starts here and spans across multiple lines).
- all funcs : 37
- reachable : 20
* Generating Paths ... took 4.6e-05s
- paths : 35

Iter : 10 To explore : 829 Explored : 838 Total elapsed : 3.375218
Iter : 20 To explore : 902 Explored : 1741 Total elapsed : 16.847884
Iter : 30 To explore : 1219 Explored : 3336 Total elapsed : 39.440665
Iter : 40 To explore : 1252 Explored : 5840 Total elapsed : 52.628875
Iter : 50 To explore : 1395 Explored : 5993 Total elapsed : 54.133478
Iter : 60 To explore : 1740 Explored : 6348 Total elapsed : 55.550461
Iter : 70 To explore : 2286 Explored : 6904 Total elapsed : 57.105502
Iter : 80 To explore : 2108 Explored : 9147 Total elapsed : 75.030579
Iter : 90 To explore : 2609 Explored : 9658 Total elapsed : 76.508222
Iter : 100 To explore : 2902 Explored : 9961 Total elapsed : 78.010522
Iter : 110 To explore : 3133 Explored : 10202 Total elapsed : 79.52305
Iter : 120 To explore : 3507 Explored : 10586 Total elapsed : 80.99893
Iter : 130 To explore : 3780 Explored : 10869 Total elapsed : 82.560066
Iter : 140 To explore : 4074 Explored : 11173 Total elapsed : 83.975134
Iter : 150 To explore : 4381 Explored : 11490 Total elapsed : 85.349944
Iter : 160 To explore : 4629 Explored : 11748 Total elapsed : 86.779706
Iter : 170 To explore : 4779 Explored : 11908 Total elapsed : 88.187492
Iter : 180 To explore : 4833 Explored : 11972 Total elapsed : 89.635466
Iter : 190 To explore : 5065 Explored : 12214 Total elapsed : 91.144049
Iter : 200 To explore : 5232 Explored : 21927 Total elapsed : 106.146818
Iter : 210 To explore : 5923 Explored : 22628 Total elapsed : 107.666089
Iter : 220 To explore : 6552 Explored : 23267 Total elapsed : 109.145509
Iter : 230 To explore : 4827 Explored : 23853 Total elapsed : 126.237821
Iter : 240 To explore : 4817 Explored : 23853 Total elapsed : 133.180809
Iter : 250 To explore : 4809 Explored : 23855 Total elapsed : 134.666153
Iter : 260 To explore : 4799 Explored : 23855 Total elapsed : 136.10883
Iter : 270 To explore : 4793 Explored : 23859 Total elapsed : 137.568597
Iter : 280 To explore : 4791 Explored : 23867 Total elapsed : 139.049067
Iter : 290 To explore : 4898 Explored : 23984 Total elapsed : 140.540597
Iter : 300 To explore : 4999 Explored : 24095 Total elapsed : 141.984196
Iter : 310 To explore : 5021 Explored : 24127 Total elapsed : 143.423291
Iter : 320 To explore : 5041 Explored : 24157 Total elapsed : 144.772184
Iter : 330 To explore : 5055 Explored : 24181 Total elapsed : 146.219708
Iter : 340 To explore : 5059 Explored : 24195 Total elapsed : 147.737948
Iter : 350 To explore : 5128 Explored : 24274 Total elapsed : 149.145202
Iter : 360 To explore : 5034 Explored : 29329 Total elapsed : 157.316478
Iter : 370 To explore : 5174 Explored : 29479 Total elapsed : 158.911113
Iter : 380 To explore : 5519 Explored : 29834 Total elapsed : 160.704624
Iter : 390 To explore : 5833 Explored : 30158 Total elapsed : 162.569025
Iter : 400 To explore : 6110 Explored : 30445 Total elapsed : 164.243918
Iter : 410 To explore : 6339 Explored : 30684 Total elapsed : 165.93709
Iter : 420 To explore : 6575 Explored : 30930 Total elapsed : 167.507387
Iter : 430 To explore : 6769 Explored : 31134 Total elapsed : 169.167662
Iter : 440 To explore : 6964 Explored : 31339 Total elapsed : 170.734897
Iter : 450 To explore : 7131 Explored : 31516 Total elapsed : 172.413455
Iter : 460 To explore : 7300 Explored : 31695 Total elapsed : 179.516393
Iter : 470 To explore : 7415 Explored : 31820 Total elapsed : 183.768732
Iter : 480 To explore : 7510 Explored : 31925 Total elapsed : 189.475653
Iter : 490 To explore : 7582 Explored : 32007 Total elapsed : 196.85185
Iter : 500 To explore : 7620 Explored : 32055 Total elapsed : 204.453097
Iter : 510 To explore : 7646 Explored : 32091 Total elapsed : 205.928895
Iter : 520 To explore : 7714 Explored : 32169 Total elapsed : 207.471073
Iter : 530 To explore : 8059 Explored : 32524 Total elapsed : 209.026366
Iter : 540 To explore : 8373 Explored : 32848 Total elapsed : 210.545388
Iter : 550 To explore : 8657 Explored : 33142 Total elapsed : 212.070743
Iter : 560 To explore : 8917 Explored : 33412 Total elapsed : 213.570862
Iter : 570 To explore : 9144 Explored : 33649 Total elapsed : 215.114733
Iter : 580 To explore : 9358 Explored : 33873 Total elapsed : 216.663939
Iter : 590 To explore : 9522 Explored : 34047 Total elapsed : 218.264873
Iter : 600 To explore : 9669 Explored : 34204 Total elapsed : 219.8189
Iter : 610 To explore : 9804 Explored : 34349 Total elapsed : 221.37553
Iter : 620 To explore : 9907 Explored : 34462 Total elapsed : 222.886786
Iter : 630 To explore : 10004 Explored : 34569 Total elapsed : 224.359627
Iter : 640 To explore : 10083 Explored : 34658 Total elapsed : 225.702315
Iter : 650 To explore : 10134 Explored : 34719 Total elapsed : 227.1635
Iter : 660 To explore : 10149 Explored : 34744 Total elapsed : 228.657552
Iter : 670 To explore : 10144 Explored : 34749 Total elapsed : 230.128243
Iter : 680 To explore : 10385 Explored : 35000 Total elapsed : 238.092368
Iter : 690 To explore : 10696 Explored : 35321 Total elapsed : 269.102976
Iter : 700 To explore : 10985 Explored : 35620 Total elapsed : 295.000582
Iter : 710 To explore : 11270 Explored : 35915 Total elapsed : 314.53167
Iter : 720 To explore : 11518 Explored : 36173 Total elapsed : 327.974156
Iter : 730 To explore : 11749 Explored : 36414 Total elapsed : 329.449714
Iter : 740 To explore : 11973 Explored : 36648 Total elapsed : 330.926332
Iter : 750 To explore : 12199 Explored : 36884 Total elapsed : 338.382962
Iter : 760 To explore : 12404 Explored : 37099 Total elapsed : 339.82996
Iter : 770 To explore : 12594 Explored : 37299 Total elapsed : 341.495247
Iter : 780 To explore : 12776 Explored : 37491 Total elapsed : 343.259781
Iter : 790 To explore : 12948 Explored : 37673 Total elapsed : 344.865262
Iter : 800 To explore : 13118 Explored : 37853 Total elapsed : 346.382826
Iter : 810 To explore : 13255 Explored : 38000 Total elapsed : 347.888902
Iter : 820 To explore : 13404 Explored : 38159 Total elapsed : 349.197538
Iter : 830 To explore : 13533 Explored : 38298 Total elapsed : 350.492504
Iter : 840 To explore : 13629 Explored : 38404 Total elapsed : 352.004605
Iter : 850 To explore : 13762 Explored : 38547 Total elapsed : 353.433409
Iter : 860 To explore : 13844 Explored : 38639 Total elapsed : 354.923299
Iter : 870 To explore : 13913 Explored : 38718 Total elapsed : 356.426358
Iter : 880 To explore : 13948 Explored : 38763 Total elapsed : 357.890825
Iter : 890 To explore : 14129 Explored : 38954 Total elapsed : 359.382055
Iter : 900 To explore : 14409 Explored : 39244 Total elapsed : 360.876115
Iter : 910 To explore : 14690 Explored : 39535 Total elapsed : 362.378668
Iter : 920 To explore : 14985 Explored : 39840 Total elapsed : 363.871901
Iter : 930 To explore : 15258 Explored : 40123 Total elapsed : 365.312441
Iter : 940 To explore : 15433 Explored : 40308 Total elapsed : 366.836206
Iter : 950 To explore : 15655 Explored : 40540 Total elapsed : 368.3337
Iter : 960 To explore : 15855 Explored : 40750 Total elapsed : 369.802361
Iter : 970 To explore : 16094 Explored : 40999 Total elapsed : 371.155014
Iter : 980 To explore : 16284 Explored : 41199 Total elapsed : 372.649192
Iter : 990 To explore : 16447 Explored : 41372 Total elapsed : 374.143089
Iter : 1000 To explore : 12991 Explored : 54413 Total elapsed : 404.05952
Iter : 1010 To explore : 13337 Explored : 54769 Total elapsed : 405.617835
Iter : 1020 To explore : 13656 Explored : 55098 Total elapsed : 407.360009
Iter : 1030 To explore : 13945 Explored : 55397 Total elapsed : 408.915874
Iter : 1040 To explore : 14210 Explored : 55672 Total elapsed : 410.470191
Iter : 1050 To explore : 14448 Explored : 55920 Total elapsed : 417.938631
Iter : 1060 To explore : 14667 Explored : 56149 Total elapsed : 419.588036
Iter : 1070 To explore : 14854 Explored : 56346 Total elapsed : 429.570396
Iter : 1080 To explore : 15012 Explored : 56514 Total elapsed : 431.112282
Iter : 1090 To explore : 15159 Explored : 56671 Total elapsed : 432.59545
Iter : 1100 To explore : 15285 Explored : 56807 Total elapsed : 446.194664
Iter : 1110 To explore : 15367 Explored : 56899 Total elapsed : 447.762874
Iter : 1120 To explore : 15432 Explored : 56974 Total elapsed : 449.41713
Iter : 1130 To explore : 15492 Explored : 57044 Total elapsed : 450.990928
Iter : 1140 To explore : 15644 Explored : 57206 Total elapsed : 452.520481
Iter : 1150 To explore : 15979 Explored : 57551 Total elapsed : 454.761746
Iter : 1160 To explore : 16268 Explored : 57850 Total elapsed : 456.416203
Iter : 1170 To explore : 16521 Explored : 58113 Total elapsed : 458.083037
Iter : 1180 To explore : 16759 Explored : 58361 Total elapsed : 459.813702
Iter : 1190 To explore : 16990 Explored : 58602 Total elapsed : 461.355441
Iter : 1200 To explore : 17198 Explored : 58820 Total elapsed : 462.777512
Iter : 1210 To explore : 17378 Explored : 59010 Total elapsed : 464.553912
Iter : 1220 To explore : 17530 Explored : 59172 Total elapsed : 466.347337
Iter : 1230 To explore : 17658 Explored : 59310 Total elapsed : 467.821228
Iter : 1240 To explore : 17759 Explored : 59421 Total elapsed : 469.497756
Iter : 1250 To explore : 17853 Explored : 59525 Total elapsed : 471.142197
Iter : 1260 To explore : 17915 Explored : 59597 Total elapsed : 472.765295
Iter : 1270 To explore : 18069 Explored : 59761 Total elapsed : 474.24833
Iter : 1280 To explore : 18399 Explored : 60101 Total elapsed : 475.802498
Iter : 1290 To explore : 18683 Explored : 60395 Total elapsed : 477.394851
Iter : 1300 To explore : 18981 Explored : 60703 Total elapsed : 478.817343
Iter : 1310 To explore : 19218 Explored : 60950 Total elapsed : 480.339834
Iter : 1320 To explore : 19439 Explored : 61181 Total elapsed : 481.881036
Iter : 1330 To explore : 19623 Explored : 61375 Total elapsed : 483.429665
Iter : 1340 To explore : 19760 Explored : 61522 Total elapsed : 484.954592
Iter : 1350 To explore : 19914 Explored : 61686 Total elapsed : 489.306682
Iter : 1360 To explore : 20049 Explored : 61831 Total elapsed : 490.936649
Iter : 1370 To explore : 20159 Explored : 61951 Total elapsed : 497.078391
Iter : 1380 To explore : 20246 Explored : 62048 Total elapsed : 504.619406
Iter : 1390 To explore : 20292 Explored : 62104 Total elapsed : 506.172264
Iter : 1400 To explore : 20320 Explored : 62142 Total elapsed : 507.782917
Iter : 1410 To explore : 20483 Explored : 62315 Total elapsed : 509.235407
Iter : 1420 To explore : 20802 Explored : 62644 Total elapsed : 510.798633
Iter : 1430 To explore : 21095 Explored : 62947 Total elapsed : 512.412652
Iter : 1440 To explore : 21377 Explored : 63239 Total elapsed : 513.853658
Iter : 1450 To explore : 21584 Explored : 63456 Total elapsed : 515.471074
Iter : 1460 To explore : 21812 Explored : 63694 Total elapsed : 516.954964
Iter : 1470 To explore : 22010 Explored : 63902 Total elapsed : 518.433356
=== Report ===
[1] [IO] line 107, (10 ** 8) : proven
[2] [IO] line 107, (35000000 * (10 ** 8)) : proven
[3] [IO] line 116, (balanceOf[_to] + _value) : unproven
[4] [IO] line 118, (balanceOf[msg.sender] - _value) : proven
[5] [IO] line 119, (balanceOf[_to] + _value) : proven
[6] [IO] line 128, (balanceOf[_to] + _value) : unproven
[7] [IO] line 130, (balanceOf[_from] - _value) : proven
[8] [IO] line 131, (balanceOf[_to] + _value) : proven
[9] [IO] line 132, (allowance[_from][msg.sender] - _value) : proven
[10] [IO] line 138, (balanceOf[target] + mintedAmount) : unproven
[11] [IO] line 139, (totalSupply + mintedAmount) : unproven
[12] [IO] line 157, (balanceOf[msg.sender] + amount) : unproven
[13] [IO] line 158, (balanceOf[this] - amount) : unproven
[14] [IO] line 164, (balanceOf[this] + amount) : unproven
[15] [IO] line 165, (balanceOf[msg.sender] - amount) : unproven
[16] [IO] line 166, (amount * sellPrice) : unproven
[17] [DZ] line 155, (msg.value / buyPrice) : unproven

=== Result Summary ===
# Queries                : 17
- integer over/underflow : 16
- division-by-zero       : 1
- assertion              : 0

# Alarms                 : 10
- integer over/underflow : 9
- division-by-zero       : 1
- assertion              : 0

# Proven                 : 7
- integer over/underflow : 7
- division-by-zero       : 0
- assertion              : 0

Time Elapsed : 530.668182
