ON: integer over/underflow
ON: division-by-zero

2018-13202_tmp.sol:5:3: Warning: Defining constructors as functions with the same name as the contract is deprecated. Use "constructor(...) { ... }" instead.
  function owned() {
  ^ (Relevant source part starts here and spans across multiple lines).
2018-13202_tmp.sol:10:30: Warning: "throw" is deprecated in favour of "revert()", "require()" and "assert()".
    if (msg.sender != owner) throw;
                             ^---^
2018-13202_tmp.sol:37:3: Warning: Defining constructors as functions with the same name as the contract is deprecated. Use "constructor(...) { ... }" instead.
  function token(
  ^ (Relevant source part starts here and spans across multiple lines).
2018-13202_tmp.sol:52:41: Warning: "throw" is deprecated in favour of "revert()", "require()" and "assert()".
    if (balanceOf[msg.sender] < _value) throw;           // Check if the sender has enough
                                        ^---^
2018-13202_tmp.sol:53:51: Warning: "throw" is deprecated in favour of "revert()", "require()" and "assert()".
    if (balanceOf[_to] + _value < balanceOf[_to]) throw; // Check for overflows
                                                  ^---^
2018-13202_tmp.sol:78:36: Warning: "throw" is deprecated in favour of "revert()", "require()" and "assert()".
    if (balanceOf[_from] < _value) throw;                 // Check if the sender has enough
                                   ^---^
2018-13202_tmp.sol:79:51: Warning: "throw" is deprecated in favour of "revert()", "require()" and "assert()".
    if (balanceOf[_to] + _value < balanceOf[_to]) throw;  // Check for overflows
                                                  ^---^
2018-13202_tmp.sol:80:48: Warning: "throw" is deprecated in favour of "revert()", "require()" and "assert()".
    if (_value > allowance[_from][msg.sender]) throw;   // Check allowance
                                               ^---^
2018-13202_tmp.sol:90:5: Warning: "throw" is deprecated in favour of "revert()", "require()" and "assert()".
    throw;     // Prevents accidental sending of ether
    ^---^
2018-13202_tmp.sol:108:3: Warning: Defining constructors as functions with the same name as the contract is deprecated. Use "constructor(...) { ... }" instead.
  function MyBoToken(
  ^ (Relevant source part starts here and spans across multiple lines).
2018-13202_tmp.sol:117:41: Warning: "throw" is deprecated in favour of "revert()", "require()" and "assert()".
    if (balanceOf[msg.sender] < _value) throw;           // Check if the sender has enough
                                        ^---^
2018-13202_tmp.sol:118:51: Warning: "throw" is deprecated in favour of "revert()", "require()" and "assert()".
    if (balanceOf[_to] + _value < balanceOf[_to]) throw; // Check for overflows
                                                  ^---^
2018-13202_tmp.sol:119:36: Warning: "throw" is deprecated in favour of "revert()", "require()" and "assert()".
    if (frozenAccount[msg.sender]) throw;                // Check if frozen
                                   ^---^
2018-13202_tmp.sol:128:31: Warning: "throw" is deprecated in favour of "revert()", "require()" and "assert()".
    if (frozenAccount[_from]) throw;                        // Check if frozen
                              ^---^
2018-13202_tmp.sol:129:36: Warning: "throw" is deprecated in favour of "revert()", "require()" and "assert()".
    if (balanceOf[_from] < _value) throw;                 // Check if the sender has enough
                                   ^---^
2018-13202_tmp.sol:130:51: Warning: "throw" is deprecated in favour of "revert()", "require()" and "assert()".
    if (balanceOf[_to] + _value < balanceOf[_to]) throw;  // Check for overflows
                                                  ^---^
2018-13202_tmp.sol:131:48: Warning: "throw" is deprecated in favour of "revert()", "require()" and "assert()".
    if (_value > allowance[_from][msg.sender]) throw;   // Check allowance
                                               ^---^
2018-13202_tmp.sol:158:35: Warning: "throw" is deprecated in favour of "revert()", "require()" and "assert()".
    if (balanceOf[this] < amount) throw;               // checks if it has enough to sell
                                  ^---^
2018-13202_tmp.sol:165:42: Warning: "throw" is deprecated in favour of "revert()", "require()" and "assert()".
    if (balanceOf[msg.sender] < amount ) throw;        // checks if the sender has enough to sell
                                         ^---^
2018-13202_tmp.sol:169:7: Warning: "throw" is deprecated in favour of "revert()", "require()" and "assert()".
      throw;                                         // to do this last to avoid recursion attacks
      ^---^
2018-13202_tmp.sol:176:41: Warning: "throw" is deprecated in favour of "revert()", "require()" and "assert()".
    if (balanceOf[msg.sender] < amount) throw;            // Check if the sender has enough
                                        ^---^
2018-13202_tmp.sol:56:5: Warning: Invoking events without "emit" prefix is deprecated.
    Transfer(msg.sender, _to, _value);                   // Notify anyone listening that this transfer took place
    ^-------------------------------^
2018-13202_tmp.sol:84:5: Warning: Invoking events without "emit" prefix is deprecated.
    Transfer(_from, _to, _value);
    ^--------------------------^
2018-13202_tmp.sol:122:5: Warning: Invoking events without "emit" prefix is deprecated.
    Transfer(msg.sender, _to, _value);                   // Notify anyone listening that this transfer took place
    ^-------------------------------^
2018-13202_tmp.sol:135:5: Warning: Invoking events without "emit" prefix is deprecated.
    Transfer(_from, _to, _value);
    ^--------------------------^
2018-13202_tmp.sol:142:5: Warning: Invoking events without "emit" prefix is deprecated.
    Transfer(0, this, mintedAmount);
    ^-----------------------------^
2018-13202_tmp.sol:143:5: Warning: Invoking events without "emit" prefix is deprecated.
    Transfer(this, target, mintedAmount);
    ^----------------------------------^
2018-13202_tmp.sol:148:5: Warning: Invoking events without "emit" prefix is deprecated.
    FrozenFunds(target, freeze);
    ^-------------------------^
2018-13202_tmp.sol:161:5: Warning: Invoking events without "emit" prefix is deprecated.
    Transfer(this, msg.sender, amount);                // execute an event reflecting the change
    ^--------------------------------^
2018-13202_tmp.sol:171:7: Warning: Invoking events without "emit" prefix is deprecated.
      Transfer(msg.sender, this, amount);            // executes an event reflecting on the change
      ^--------------------------------^
2018-13202_tmp.sol:179:5: Warning: Invoking events without "emit" prefix is deprecated.
    Burn(msg.sender, amount);
    ^----------------------^
2018-13202_tmp.sol:5:3: Warning: No visibility specified. Defaulting to "public". 
  function owned() {
  ^ (Relevant source part starts here and spans across multiple lines).
2018-13202_tmp.sol:14:3: Warning: No visibility specified. Defaulting to "public". 
  function transferOwnership(address newOwner) onlyOwner {
  ^ (Relevant source part starts here and spans across multiple lines).
2018-13202_tmp.sol:19:27: Warning: No visibility specified. Defaulting to "public". 
contract tokenRecipient { function receiveApproval(address _from, uint256 _value, address _token, bytes _extraData); }
                          ^----------------------------------------------------------------------------------------^
2018-13202_tmp.sol:37:3: Warning: No visibility specified. Defaulting to "public". 
  function token(
  ^ (Relevant source part starts here and spans across multiple lines).
2018-13202_tmp.sol:51:3: Warning: No visibility specified. Defaulting to "public". 
  function transfer(address _to, uint256 _value) {
  ^ (Relevant source part starts here and spans across multiple lines).
2018-13202_tmp.sol:60:3: Warning: No visibility specified. Defaulting to "public". 
  function approve(address _spender, uint256 _value)
  ^ (Relevant source part starts here and spans across multiple lines).
2018-13202_tmp.sol:67:3: Warning: No visibility specified. Defaulting to "public". 
  function approveAndCall(address _spender, uint256 _value, bytes _extraData)
  ^ (Relevant source part starts here and spans across multiple lines).
2018-13202_tmp.sol:77:3: Warning: No visibility specified. Defaulting to "public". 
  function transferFrom(address _from, address _to, uint256 _value) returns (bool success) {
  ^ (Relevant source part starts here and spans across multiple lines).
2018-13202_tmp.sol:89:3: Warning: No visibility specified. Defaulting to "public". 
  function () {
  ^ (Relevant source part starts here and spans across multiple lines).
2018-13202_tmp.sol:108:3: Warning: No visibility specified. Defaulting to "public". 
  function MyBoToken(
  ^ (Relevant source part starts here and spans across multiple lines).
2018-13202_tmp.sol:116:3: Warning: No visibility specified. Defaulting to "public". 
  function transfer(address _to, uint256 _value) {
  ^ (Relevant source part starts here and spans across multiple lines).
2018-13202_tmp.sol:127:3: Warning: No visibility specified. Defaulting to "public". 
  function transferFrom(address _from, address _to, uint256 _value) returns (bool success) {
  ^ (Relevant source part starts here and spans across multiple lines).
2018-13202_tmp.sol:139:3: Warning: No visibility specified. Defaulting to "public". 
  function mintToken(address target, uint256 mintedAmount) onlyOwner {
  ^ (Relevant source part starts here and spans across multiple lines).
2018-13202_tmp.sol:146:3: Warning: No visibility specified. Defaulting to "public". 
  function freezeAccount(address target, bool freeze) onlyOwner {
  ^ (Relevant source part starts here and spans across multiple lines).
2018-13202_tmp.sol:151:3: Warning: No visibility specified. Defaulting to "public". 
  function setPrices(uint256 newSellPrice, uint256 newBuyPrice) onlyOwner {
  ^ (Relevant source part starts here and spans across multiple lines).
2018-13202_tmp.sol:156:3: Warning: No visibility specified. Defaulting to "public". 
  function buy() payable {
  ^ (Relevant source part starts here and spans across multiple lines).
2018-13202_tmp.sol:164:3: Warning: No visibility specified. Defaulting to "public". 
  function sell(uint256 amount) {
  ^ (Relevant source part starts here and spans across multiple lines).
2018-13202_tmp.sol:175:3: Warning: No visibility specified. Defaulting to "public". 
  function burn(uint256 amount) onlyOwner returns (bool success) {
  ^ (Relevant source part starts here and spans across multiple lines).
- all funcs : 37
- reachable : 19
* Generating Paths ... took 5.3e-05s
- paths : 36

Iter : 10 To explore : 87 Explored : 182 Total elapsed : 23.635556
Iter : 20 To explore : 174 Explored : 279 Total elapsed : 24.882055
Iter : 30 To explore : 236 Explored : 351 Total elapsed : 26.410451
Iter : 40 To explore : 363 Explored : 488 Total elapsed : 37.47327
Iter : 50 To explore : 459 Explored : 594 Total elapsed : 41.907842
Iter : 60 To explore : 503 Explored : 648 Total elapsed : 66.882743
Iter : 70 To explore : 561 Explored : 716 Total elapsed : 74.087074
Iter : 80 To explore : 629 Explored : 794 Total elapsed : 76.914442
Iter : 90 To explore : 671 Explored : 846 Total elapsed : 78.837491
Iter : 100 To explore : 722 Explored : 907 Total elapsed : 80.27464
Iter : 110 To explore : 819 Explored : 1014 Total elapsed : 81.691603
Iter : 120 To explore : 911 Explored : 1116 Total elapsed : 83.524223
Iter : 130 To explore : 949 Explored : 1164 Total elapsed : 85.394266
Iter : 140 To explore : 987 Explored : 1212 Total elapsed : 87.19506
Iter : 150 To explore : 1034 Explored : 1269 Total elapsed : 89.2199
Iter : 160 To explore : 1084 Explored : 1329 Total elapsed : 91.134825
Iter : 170 To explore : 1107 Explored : 1362 Total elapsed : 93.237449
Iter : 180 To explore : 1112 Explored : 1377 Total elapsed : 94.913695
Iter : 190 To explore : 1110 Explored : 1385 Total elapsed : 96.759513
Iter : 200 To explore : 1108 Explored : 1393 Total elapsed : 98.740066
Iter : 210 To explore : 1098 Explored : 1393 Total elapsed : 100.565428
Iter : 220 To explore : 1182 Explored : 1487 Total elapsed : 102.985525
Iter : 230 To explore : 1281 Explored : 1596 Total elapsed : 105.232459
Iter : 240 To explore : 1350 Explored : 1675 Total elapsed : 107.715225
Iter : 250 To explore : 1418 Explored : 1753 Total elapsed : 113.469766
Iter : 260 To explore : 1491 Explored : 1836 Total elapsed : 117.476846
Iter : 270 To explore : 1562 Explored : 1917 Total elapsed : 119.852056
Iter : 280 To explore : 1623 Explored : 1988 Total elapsed : 121.653299
Iter : 290 To explore : 1703 Explored : 2078 Total elapsed : 125.952944
Iter : 300 To explore : 1734 Explored : 2119 Total elapsed : 129.417978
Iter : 310 To explore : 1760 Explored : 2155 Total elapsed : 131.578485
Iter : 320 To explore : 1826 Explored : 2231 Total elapsed : 134.502442
Iter : 330 To explore : 1920 Explored : 2335 Total elapsed : 136.065453
Iter : 340 To explore : 2003 Explored : 2428 Total elapsed : 138.533206
Iter : 350 To explore : 2084 Explored : 2519 Total elapsed : 140.41137
Iter : 360 To explore : 2179 Explored : 2624 Total elapsed : 141.938282
Iter : 370 To explore : 2254 Explored : 2709 Total elapsed : 143.980622
Iter : 380 To explore : 2295 Explored : 2760 Total elapsed : 145.883911
Iter : 390 To explore : 2352 Explored : 2827 Total elapsed : 147.453654
Iter : 400 To explore : 2423 Explored : 2908 Total elapsed : 149.023589
Iter : 410 To explore : 2506 Explored : 3001 Total elapsed : 151.912999
Iter : 420 To explore : 2585 Explored : 3090 Total elapsed : 167.002713
Iter : 430 To explore : 2671 Explored : 3186 Total elapsed : 201.553508
Iter : 440 To explore : 2734 Explored : 3259 Total elapsed : 207.926204
Iter : 450 To explore : 2772 Explored : 3307 Total elapsed : 209.796312
Iter : 460 To explore : 2798 Explored : 3343 Total elapsed : 211.624294
Iter : 470 To explore : 2869 Explored : 3424 Total elapsed : 215.989415
Iter : 480 To explore : 2890 Explored : 3455 Total elapsed : 221.051941
Iter : 490 To explore : 2944 Explored : 3519 Total elapsed : 246.338645
Iter : 500 To explore : 2973 Explored : 3558 Total elapsed : 249.209172
Iter : 510 To explore : 3026 Explored : 3621 Total elapsed : 252.083035
Iter : 520 To explore : 3053 Explored : 3658 Total elapsed : 253.62336
Iter : 530 To explore : 3057 Explored : 3672 Total elapsed : 256.066118
Iter : 540 To explore : 3064 Explored : 3689 Total elapsed : 257.56381
Iter : 550 To explore : 3112 Explored : 3747 Total elapsed : 270.719425
Iter : 560 To explore : 3139 Explored : 3784 Total elapsed : 276.932086
Iter : 570 To explore : 3152 Explored : 3807 Total elapsed : 278.880547
Iter : 580 To explore : 3160 Explored : 3825 Total elapsed : 280.764658
Iter : 590 To explore : 3172 Explored : 3847 Total elapsed : 298.80695
Iter : 600 To explore : 3209 Explored : 3894 Total elapsed : 301.244535
Iter : 610 To explore : 3221 Explored : 3916 Total elapsed : 312.511955
Iter : 620 To explore : 3232 Explored : 3937 Total elapsed : 334.859495
Iter : 630 To explore : 3226 Explored : 3941 Total elapsed : 353.410368
Iter : 640 To explore : 3222 Explored : 3947 Total elapsed : 356.278361
Iter : 650 To explore : 3216 Explored : 3951 Total elapsed : 359.169132
Iter : 660 To explore : 3222 Explored : 3967 Total elapsed : 361.913314
Iter : 670 To explore : 3229 Explored : 3984 Total elapsed : 364.325833
Iter : 680 To explore : 3239 Explored : 4004 Total elapsed : 366.968005
Iter : 690 To explore : 3294 Explored : 4069 Total elapsed : 368.893071
Iter : 700 To explore : 3305 Explored : 4090 Total elapsed : 371.230132
Iter : 710 To explore : 3338 Explored : 4133 Total elapsed : 375.589023
Iter : 720 To explore : 3365 Explored : 4170 Total elapsed : 379.427381
Iter : 730 To explore : 3387 Explored : 4202 Total elapsed : 381.719882
Iter : 740 To explore : 3392 Explored : 4217 Total elapsed : 383.296727
Iter : 750 To explore : 3399 Explored : 4234 Total elapsed : 385.95492
Iter : 760 To explore : 3410 Explored : 4255 Total elapsed : 388.196418
Iter : 770 To explore : 3407 Explored : 4262 Total elapsed : 391.34669
Iter : 780 To explore : 3399 Explored : 4264 Total elapsed : 393.635656
Iter : 790 To explore : 3480 Explored : 4355 Total elapsed : 396.366692
Iter : 800 To explore : 3581 Explored : 4466 Total elapsed : 399.356283
Iter : 810 To explore : 3658 Explored : 4553 Total elapsed : 401.391757
Iter : 820 To explore : 3725 Explored : 4630 Total elapsed : 403.351472
Iter : 830 To explore : 3775 Explored : 4690 Total elapsed : 405.568378
Iter : 840 To explore : 3839 Explored : 4764 Total elapsed : 407.262866
Iter : 850 To explore : 3902 Explored : 4837 Total elapsed : 409.355728
Iter : 860 To explore : 3950 Explored : 4895 Total elapsed : 411.34782
Iter : 870 To explore : 3999 Explored : 4954 Total elapsed : 412.917766
Iter : 880 To explore : 4038 Explored : 5003 Total elapsed : 415.438757
Iter : 890 To explore : 4083 Explored : 5058 Total elapsed : 417.710817
Iter : 900 To explore : 4124 Explored : 5109 Total elapsed : 419.775243
Iter : 910 To explore : 4145 Explored : 5140 Total elapsed : 421.81957
Iter : 920 To explore : 4192 Explored : 5197 Total elapsed : 423.430944
Iter : 930 To explore : 4261 Explored : 5276 Total elapsed : 425.099569
Iter : 940 To explore : 4316 Explored : 5341 Total elapsed : 426.564054
Iter : 950 To explore : 4374 Explored : 5409 Total elapsed : 428.293151
Iter : 960 To explore : 4400 Explored : 5445 Total elapsed : 430.732852
Iter : 970 To explore : 4420 Explored : 5475 Total elapsed : 432.787403
Iter : 980 To explore : 4452 Explored : 5517 Total elapsed : 434.694005
Iter : 990 To explore : 4486 Explored : 5561 Total elapsed : 437.150525
Iter : 1000 To explore : 4509 Explored : 5594 Total elapsed : 439.107363
Iter : 1010 To explore : 4533 Explored : 5628 Total elapsed : 440.774163
Iter : 1020 To explore : 4548 Explored : 5653 Total elapsed : 442.77556
Iter : 1030 To explore : 4558 Explored : 5673 Total elapsed : 444.213463
Iter : 1040 To explore : 4562 Explored : 5687 Total elapsed : 445.628477
Iter : 1050 To explore : 4556 Explored : 5691 Total elapsed : 447.072039
Iter : 1060 To explore : 4558 Explored : 5703 Total elapsed : 448.635031
Iter : 1070 To explore : 4570 Explored : 5725 Total elapsed : 450.221371
Iter : 1080 To explore : 4578 Explored : 5743 Total elapsed : 451.731865
Iter : 1090 To explore : 4573 Explored : 5748 Total elapsed : 453.436745
Iter : 1100 To explore : 4570 Explored : 5755 Total elapsed : 455.420075
Iter : 1110 To explore : 4580 Explored : 5775 Total elapsed : 457.531071
Iter : 1120 To explore : 4587 Explored : 5792 Total elapsed : 459.855935
Iter : 1130 To explore : 4607 Explored : 5822 Total elapsed : 462.959616
Iter : 1140 To explore : 4619 Explored : 5844 Total elapsed : 465.258933
Iter : 1150 To explore : 4626 Explored : 5861 Total elapsed : 467.804863
Iter : 1160 To explore : 4619 Explored : 5864 Total elapsed : 469.889694
Iter : 1170 To explore : 4612 Explored : 5867 Total elapsed : 471.761446
Iter : 1180 To explore : 4609 Explored : 5874 Total elapsed : 473.839243
Iter : 1190 To explore : 4604 Explored : 5879 Total elapsed : 476.32038
Iter : 1200 To explore : 4597 Explored : 5882 Total elapsed : 478.301374
Iter : 1210 To explore : 4600 Explored : 5895 Total elapsed : 480.47607
Iter : 1220 To explore : 4595 Explored : 5900 Total elapsed : 482.542073
Iter : 1230 To explore : 4596 Explored : 5911 Total elapsed : 484.011431
Iter : 1240 To explore : 4592 Explored : 5917 Total elapsed : 485.521371
Iter : 1250 To explore : 4584 Explored : 5919 Total elapsed : 487.550328
Iter : 1260 To explore : 4577 Explored : 5922 Total elapsed : 489.456051
Iter : 1270 To explore : 4567 Explored : 5922 Total elapsed : 491.34244
Iter : 1280 To explore : 4557 Explored : 5922 Total elapsed : 492.853288
Iter : 1290 To explore : 4547 Explored : 5922 Total elapsed : 494.583856
Iter : 1300 To explore : 4537 Explored : 5922 Total elapsed : 495.920877
Iter : 1310 To explore : 4542 Explored : 5937 Total elapsed : 497.804136
Iter : 1320 To explore : 4634 Explored : 6039 Total elapsed : 504.306198
Iter : 1330 To explore : 4692 Explored : 6107 Total elapsed : 509.508971
Iter : 1340 To explore : 4745 Explored : 6170 Total elapsed : 512.927836
Iter : 1350 To explore : 4840 Explored : 6275 Total elapsed : 516.626734
Iter : 1360 To explore : 4904 Explored : 6349 Total elapsed : 522.268563
Iter : 1370 To explore : 4932 Explored : 6387 Total elapsed : 524.629418
Iter : 1380 To explore : 5011 Explored : 6476 Total elapsed : 527.647491
=== Report ===
[1] [IO] line 118, (balanceOf[_to] + _value) : unproven
[2] [IO] line 120, (balanceOf[msg.sender] - _value) : proven
[3] [IO] line 121, (balanceOf[_to] + _value) : proven
[4] [IO] line 130, (balanceOf[_to] + _value) : unproven
[5] [IO] line 132, (balanceOf[_from] - _value) : proven
[6] [IO] line 133, (balanceOf[_to] + _value) : proven
[7] [IO] line 134, (allowance[_from][msg.sender] - _value) : proven
[8] [IO] line 140, (balanceOf[target] + mintedAmount) : unproven
[9] [IO] line 141, (totalSupply + mintedAmount) : unproven
[10] [IO] line 159, (balanceOf[msg.sender] + amount) : unproven
[11] [IO] line 160, (balanceOf[this] - amount) : unproven
[12] [IO] line 166, (balanceOf[this] + amount) : unproven
[13] [IO] line 167, (balanceOf[msg.sender] - amount) : unproven
[14] [IO] line 168, (amount * sellPrice) : unproven
[15] [IO] line 177, (balanceOf[msg.sender] - amount) : proven
[16] [IO] line 178, (totalSupply - amount) : unproven
[17] [DZ] line 157, (msg.value / buyPrice) : unproven

=== Result Summary ===
# Queries                : 17
- integer over/underflow : 16
- division-by-zero       : 1
- assertion              : 0

# Alarms                 : 11
- integer over/underflow : 10
- division-by-zero       : 1
- assertion              : 0

# Proven                 : 6
- integer over/underflow : 6
- division-by-zero       : 0
- assertion              : 0

Time Elapsed : 530.605447
