ON: integer over/underflow
ON: division-by-zero

2018-13220_tmp.sol:5:5: Warning: Defining constructors as functions with the same name as the contract is deprecated. Use "constructor(...) { ... }" instead.
    function owned() {
    ^ (Relevant source part starts here and spans across multiple lines).
2018-13220_tmp.sol:10:34: Warning: "throw" is deprecated in favour of "revert()", "require()" and "assert()".
        if (msg.sender != owner) throw;
                                 ^---^
2018-13220_tmp.sol:37:5: Warning: Defining constructors as functions with the same name as the contract is deprecated. Use "constructor(...) { ... }" instead.
    function token(
    ^ (Relevant source part starts here and spans across multiple lines).
2018-13220_tmp.sol:52:45: Warning: "throw" is deprecated in favour of "revert()", "require()" and "assert()".
        if (balanceOf[msg.sender] < _value) throw;           // Check if the sender has enough
                                            ^---^
2018-13220_tmp.sol:53:55: Warning: "throw" is deprecated in favour of "revert()", "require()" and "assert()".
        if (balanceOf[_to] + _value < balanceOf[_to]) throw; // Check for overflows
                                                      ^---^
2018-13220_tmp.sol:78:40: Warning: "throw" is deprecated in favour of "revert()", "require()" and "assert()".
        if (balanceOf[_from] < _value) throw;                 // Check if the sender has enough
                                       ^---^
2018-13220_tmp.sol:79:55: Warning: "throw" is deprecated in favour of "revert()", "require()" and "assert()".
        if (balanceOf[_to] + _value < balanceOf[_to]) throw;  // Check for overflows
                                                      ^---^
2018-13220_tmp.sol:80:52: Warning: "throw" is deprecated in favour of "revert()", "require()" and "assert()".
        if (_value > allowance[_from][msg.sender]) throw;   // Check allowance
                                                   ^---^
2018-13220_tmp.sol:90:9: Warning: "throw" is deprecated in favour of "revert()", "require()" and "assert()".
        throw;     // Prevents accidental sending of ether
        ^---^
2018-13220_tmp.sol:105:5: Warning: Defining constructors as functions with the same name as the contract is deprecated. Use "constructor(...) { ... }" instead.
    function MAVCash(
    ^ (Relevant source part starts here and spans across multiple lines).
2018-13220_tmp.sol:114:45: Warning: "throw" is deprecated in favour of "revert()", "require()" and "assert()".
        if (balanceOf[msg.sender] < _value) throw;           // Check if the sender has enough
                                            ^---^
2018-13220_tmp.sol:115:55: Warning: "throw" is deprecated in favour of "revert()", "require()" and "assert()".
        if (balanceOf[_to] + _value < balanceOf[_to]) throw; // Check for overflows
                                                      ^---^
2018-13220_tmp.sol:116:40: Warning: "throw" is deprecated in favour of "revert()", "require()" and "assert()".
        if (frozenAccount[msg.sender]) throw;                // Check if frozen
                                       ^---^
2018-13220_tmp.sol:125:35: Warning: "throw" is deprecated in favour of "revert()", "require()" and "assert()".
        if (frozenAccount[_from]) throw;                        // Check if frozen            
                                  ^---^
2018-13220_tmp.sol:126:40: Warning: "throw" is deprecated in favour of "revert()", "require()" and "assert()".
        if (balanceOf[_from] < _value) throw;                 // Check if the sender has enough
                                       ^---^
2018-13220_tmp.sol:127:55: Warning: "throw" is deprecated in favour of "revert()", "require()" and "assert()".
        if (balanceOf[_to] + _value < balanceOf[_to]) throw;  // Check for overflows
                                                      ^---^
2018-13220_tmp.sol:128:52: Warning: "throw" is deprecated in favour of "revert()", "require()" and "assert()".
        if (_value > allowance[_from][msg.sender]) throw;   // Check allowance
                                                   ^---^
2018-13220_tmp.sol:155:39: Warning: "throw" is deprecated in favour of "revert()", "require()" and "assert()".
        if (balanceOf[this] < amount) throw;               // checks if it has enough to sell
                                      ^---^
2018-13220_tmp.sol:162:46: Warning: "throw" is deprecated in favour of "revert()", "require()" and "assert()".
        if (balanceOf[msg.sender] < amount ) throw;        // checks if the sender has enough to sell
                                             ^---^
2018-13220_tmp.sol:166:13: Warning: "throw" is deprecated in favour of "revert()", "require()" and "assert()".
            throw;                                         // to do this last to avoid recursion attacks
            ^---^
2018-13220_tmp.sol:56:9: Warning: Invoking events without "emit" prefix is deprecated.
        Transfer(msg.sender, _to, _value);                   // Notify anyone listening that this transfer took place
        ^-------------------------------^
2018-13220_tmp.sol:84:9: Warning: Invoking events without "emit" prefix is deprecated.
        Transfer(_from, _to, _value);
        ^--------------------------^
2018-13220_tmp.sol:119:9: Warning: Invoking events without "emit" prefix is deprecated.
        Transfer(msg.sender, _to, _value);                   // Notify anyone listening that this transfer took place
        ^-------------------------------^
2018-13220_tmp.sol:132:9: Warning: Invoking events without "emit" prefix is deprecated.
        Transfer(_from, _to, _value);
        ^--------------------------^
2018-13220_tmp.sol:139:9: Warning: Invoking events without "emit" prefix is deprecated.
        Transfer(0, this, mintedAmount);
        ^-----------------------------^
2018-13220_tmp.sol:140:9: Warning: Invoking events without "emit" prefix is deprecated.
        Transfer(this, target, mintedAmount);
        ^----------------------------------^
2018-13220_tmp.sol:145:9: Warning: Invoking events without "emit" prefix is deprecated.
        FrozenFunds(target, freeze);
        ^-------------------------^
2018-13220_tmp.sol:158:9: Warning: Invoking events without "emit" prefix is deprecated.
        Transfer(this, msg.sender, amount);                // execute an event reflecting the change
        ^--------------------------------^
2018-13220_tmp.sol:168:13: Warning: Invoking events without "emit" prefix is deprecated.
            Transfer(msg.sender, this, amount);            // executes an event reflecting on the change
            ^--------------------------------^
2018-13220_tmp.sol:5:5: Warning: No visibility specified. Defaulting to "public". 
    function owned() {
    ^ (Relevant source part starts here and spans across multiple lines).
2018-13220_tmp.sol:14:5: Warning: No visibility specified. Defaulting to "public". 
    function transferOwnership(address newOwner) onlyOwner {
    ^ (Relevant source part starts here and spans across multiple lines).
2018-13220_tmp.sol:19:27: Warning: No visibility specified. Defaulting to "public". 
contract tokenRecipient { function receiveApproval(address _from, uint256 _value, address _token, bytes _extraData); }
                          ^----------------------------------------------------------------------------------------^
2018-13220_tmp.sol:37:5: Warning: No visibility specified. Defaulting to "public". 
    function token(
    ^ (Relevant source part starts here and spans across multiple lines).
2018-13220_tmp.sol:51:5: Warning: No visibility specified. Defaulting to "public". 
    function transfer(address _to, uint256 _value) {
    ^ (Relevant source part starts here and spans across multiple lines).
2018-13220_tmp.sol:60:5: Warning: No visibility specified. Defaulting to "public". 
    function approve(address _spender, uint256 _value)
    ^ (Relevant source part starts here and spans across multiple lines).
2018-13220_tmp.sol:67:5: Warning: No visibility specified. Defaulting to "public". 
    function approveAndCall(address _spender, uint256 _value, bytes _extraData)
    ^ (Relevant source part starts here and spans across multiple lines).
2018-13220_tmp.sol:77:5: Warning: No visibility specified. Defaulting to "public". 
    function transferFrom(address _from, address _to, uint256 _value) returns (bool success) {
    ^ (Relevant source part starts here and spans across multiple lines).
2018-13220_tmp.sol:89:5: Warning: No visibility specified. Defaulting to "public". 
    function () {
    ^ (Relevant source part starts here and spans across multiple lines).
2018-13220_tmp.sol:105:5: Warning: No visibility specified. Defaulting to "public". 
    function MAVCash(
    ^ (Relevant source part starts here and spans across multiple lines).
2018-13220_tmp.sol:113:5: Warning: No visibility specified. Defaulting to "public". 
    function transfer(address _to, uint256 _value) {
    ^ (Relevant source part starts here and spans across multiple lines).
2018-13220_tmp.sol:124:5: Warning: No visibility specified. Defaulting to "public". 
    function transferFrom(address _from, address _to, uint256 _value) returns (bool success) {
    ^ (Relevant source part starts here and spans across multiple lines).
2018-13220_tmp.sol:136:5: Warning: No visibility specified. Defaulting to "public". 
    function mintToken(address target, uint256 mintedAmount) onlyOwner {
    ^ (Relevant source part starts here and spans across multiple lines).
2018-13220_tmp.sol:143:5: Warning: No visibility specified. Defaulting to "public". 
    function freezeAccount(address target, bool freeze) onlyOwner {
    ^ (Relevant source part starts here and spans across multiple lines).
2018-13220_tmp.sol:148:5: Warning: No visibility specified. Defaulting to "public". 
    function setPrices(uint256 newSellPrice, uint256 newBuyPrice) onlyOwner {
    ^ (Relevant source part starts here and spans across multiple lines).
2018-13220_tmp.sol:153:5: Warning: No visibility specified. Defaulting to "public". 
    function buy() payable {
    ^ (Relevant source part starts here and spans across multiple lines).
2018-13220_tmp.sol:161:5: Warning: No visibility specified. Defaulting to "public". 
    function sell(uint256 amount) {
    ^ (Relevant source part starts here and spans across multiple lines).
- all funcs : 35
- reachable : 18
* Generating Paths ... took 4.4e-05s
- paths : 33

Iter : 10 To explore : 87 Explored : 182 Total elapsed : 8.876204
Iter : 20 To explore : 174 Explored : 279 Total elapsed : 9.846239
Iter : 30 To explore : 236 Explored : 351 Total elapsed : 10.813019
Iter : 40 To explore : 363 Explored : 488 Total elapsed : 12.447856
Iter : 50 To explore : 459 Explored : 594 Total elapsed : 13.801684
Iter : 60 To explore : 503 Explored : 648 Total elapsed : 15.11777
Iter : 70 To explore : 561 Explored : 716 Total elapsed : 16.437979
Iter : 80 To explore : 629 Explored : 794 Total elapsed : 18.362617
Iter : 90 To explore : 671 Explored : 846 Total elapsed : 19.767529
Iter : 100 To explore : 722 Explored : 907 Total elapsed : 21.040931
Iter : 110 To explore : 819 Explored : 1014 Total elapsed : 22.303481
Iter : 120 To explore : 911 Explored : 1116 Total elapsed : 23.614519
Iter : 130 To explore : 949 Explored : 1164 Total elapsed : 25.057563
Iter : 140 To explore : 987 Explored : 1212 Total elapsed : 26.341772
Iter : 150 To explore : 1034 Explored : 1269 Total elapsed : 27.64523
Iter : 160 To explore : 1084 Explored : 1329 Total elapsed : 29.02755
Iter : 170 To explore : 1107 Explored : 1362 Total elapsed : 30.318614
Iter : 180 To explore : 1112 Explored : 1377 Total elapsed : 31.711407
Iter : 190 To explore : 1110 Explored : 1385 Total elapsed : 33.186325
Iter : 200 To explore : 1108 Explored : 1393 Total elapsed : 34.508691
Iter : 210 To explore : 1098 Explored : 1393 Total elapsed : 35.992033
Iter : 220 To explore : 1182 Explored : 1487 Total elapsed : 37.722908
Iter : 230 To explore : 1281 Explored : 1596 Total elapsed : 39.67464
Iter : 240 To explore : 1350 Explored : 1675 Total elapsed : 41.424649
Iter : 250 To explore : 1418 Explored : 1753 Total elapsed : 44.361782
Iter : 260 To explore : 1491 Explored : 1836 Total elapsed : 46.563563
Iter : 270 To explore : 1562 Explored : 1917 Total elapsed : 48.214716
Iter : 280 To explore : 1623 Explored : 1988 Total elapsed : 49.619643
Iter : 290 To explore : 1703 Explored : 2078 Total elapsed : 51.645027
Iter : 300 To explore : 1734 Explored : 2119 Total elapsed : 53.559758
Iter : 310 To explore : 1760 Explored : 2155 Total elapsed : 55.172313
Iter : 320 To explore : 1826 Explored : 2231 Total elapsed : 57.065594
Iter : 330 To explore : 1920 Explored : 2335 Total elapsed : 58.429405
Iter : 340 To explore : 2003 Explored : 2428 Total elapsed : 60.184391
Iter : 350 To explore : 2084 Explored : 2519 Total elapsed : 61.682044
Iter : 360 To explore : 2179 Explored : 2624 Total elapsed : 63.042304
Iter : 370 To explore : 2254 Explored : 2709 Total elapsed : 64.586939
Iter : 380 To explore : 2295 Explored : 2760 Total elapsed : 66.125019
Iter : 390 To explore : 2352 Explored : 2827 Total elapsed : 67.510772
Iter : 400 To explore : 2423 Explored : 2908 Total elapsed : 68.87609
Iter : 410 To explore : 2506 Explored : 3001 Total elapsed : 70.688741
Iter : 420 To explore : 2585 Explored : 3090 Total elapsed : 72.209029
Iter : 430 To explore : 2671 Explored : 3186 Total elapsed : 73.654808
Iter : 440 To explore : 2734 Explored : 3259 Total elapsed : 75.09065
Iter : 450 To explore : 2772 Explored : 3307 Total elapsed : 76.59267
Iter : 460 To explore : 2798 Explored : 3343 Total elapsed : 78.048965
Iter : 470 To explore : 2869 Explored : 3424 Total elapsed : 80.440177
Iter : 480 To explore : 2890 Explored : 3455 Total elapsed : 82.909892
Iter : 490 To explore : 2944 Explored : 3519 Total elapsed : 84.658468
Iter : 500 To explore : 2973 Explored : 3558 Total elapsed : 86.404621
Iter : 510 To explore : 3026 Explored : 3621 Total elapsed : 88.037089
Iter : 520 To explore : 3053 Explored : 3658 Total elapsed : 89.410469
Iter : 530 To explore : 3057 Explored : 3672 Total elapsed : 91.155008
Iter : 540 To explore : 3064 Explored : 3689 Total elapsed : 92.472185
Iter : 550 To explore : 3112 Explored : 3747 Total elapsed : 93.916034
Iter : 560 To explore : 3139 Explored : 3784 Total elapsed : 95.424001
Iter : 570 To explore : 3152 Explored : 3807 Total elapsed : 96.910411
Iter : 580 To explore : 3160 Explored : 3825 Total elapsed : 98.350496
Iter : 590 To explore : 3172 Explored : 3847 Total elapsed : 99.973683
Iter : 600 To explore : 3209 Explored : 3894 Total elapsed : 101.716795
Iter : 610 To explore : 3221 Explored : 3916 Total elapsed : 103.289304
Iter : 620 To explore : 3232 Explored : 3937 Total elapsed : 104.797613
Iter : 630 To explore : 3226 Explored : 3941 Total elapsed : 106.455998
Iter : 640 To explore : 3222 Explored : 3947 Total elapsed : 108.287886
Iter : 650 To explore : 3216 Explored : 3951 Total elapsed : 110.061651
Iter : 660 To explore : 3222 Explored : 3967 Total elapsed : 111.796647
Iter : 670 To explore : 3229 Explored : 3984 Total elapsed : 113.488044
Iter : 680 To explore : 3239 Explored : 4004 Total elapsed : 115.349784
Iter : 690 To explore : 3294 Explored : 4069 Total elapsed : 116.761859
Iter : 700 To explore : 3305 Explored : 4090 Total elapsed : 118.422087
Iter : 710 To explore : 3338 Explored : 4133 Total elapsed : 121.029902
Iter : 720 To explore : 3365 Explored : 4170 Total elapsed : 123.337276
Iter : 730 To explore : 3387 Explored : 4202 Total elapsed : 125.032776
Iter : 740 To explore : 3392 Explored : 4217 Total elapsed : 126.33217
Iter : 750 To explore : 3399 Explored : 4234 Total elapsed : 128.274489
Iter : 760 To explore : 3410 Explored : 4255 Total elapsed : 129.877154
Iter : 770 To explore : 3407 Explored : 4262 Total elapsed : 131.903124
Iter : 780 To explore : 3399 Explored : 4264 Total elapsed : 133.587243
Iter : 790 To explore : 3480 Explored : 4355 Total elapsed : 135.408326
Iter : 800 To explore : 3581 Explored : 4466 Total elapsed : 137.390556
Iter : 810 To explore : 3658 Explored : 4553 Total elapsed : 138.88926
Iter : 820 To explore : 3725 Explored : 4630 Total elapsed : 140.465076
Iter : 830 To explore : 3775 Explored : 4690 Total elapsed : 142.287348
Iter : 840 To explore : 3839 Explored : 4764 Total elapsed : 143.763077
Iter : 850 To explore : 3902 Explored : 4837 Total elapsed : 145.376319
Iter : 860 To explore : 3950 Explored : 4895 Total elapsed : 146.931939
Iter : 870 To explore : 3999 Explored : 4954 Total elapsed : 148.252402
Iter : 880 To explore : 4038 Explored : 5003 Total elapsed : 149.943078
Iter : 890 To explore : 4083 Explored : 5058 Total elapsed : 151.622182
Iter : 900 To explore : 4124 Explored : 5109 Total elapsed : 153.191417
Iter : 910 To explore : 4145 Explored : 5140 Total elapsed : 154.767635
Iter : 920 To explore : 4192 Explored : 5197 Total elapsed : 156.083145
Iter : 930 To explore : 4261 Explored : 5276 Total elapsed : 157.42786
Iter : 940 To explore : 4316 Explored : 5341 Total elapsed : 158.794835
Iter : 950 To explore : 4374 Explored : 5409 Total elapsed : 160.206291
Iter : 960 To explore : 4400 Explored : 5445 Total elapsed : 161.929833
Iter : 970 To explore : 4420 Explored : 5475 Total elapsed : 163.490405
Iter : 980 To explore : 4452 Explored : 5517 Total elapsed : 165.016373
Iter : 990 To explore : 4486 Explored : 5561 Total elapsed : 166.767118
Iter : 1000 To explore : 4509 Explored : 5594 Total elapsed : 168.279568
Iter : 1010 To explore : 4533 Explored : 5628 Total elapsed : 169.650196
Iter : 1020 To explore : 4548 Explored : 5653 Total elapsed : 171.200946
Iter : 1030 To explore : 4558 Explored : 5673 Total elapsed : 172.631731
Iter : 1040 To explore : 4562 Explored : 5687 Total elapsed : 174.023652
Iter : 1050 To explore : 4556 Explored : 5691 Total elapsed : 175.439279
Iter : 1060 To explore : 4558 Explored : 5703 Total elapsed : 176.8092
Iter : 1070 To explore : 4570 Explored : 5725 Total elapsed : 178.123726
Iter : 1080 To explore : 4578 Explored : 5743 Total elapsed : 179.45851
Iter : 1090 To explore : 4573 Explored : 5748 Total elapsed : 180.977034
Iter : 1100 To explore : 4570 Explored : 5755 Total elapsed : 182.572593
Iter : 1110 To explore : 4580 Explored : 5775 Total elapsed : 184.265012
Iter : 1120 To explore : 4587 Explored : 5792 Total elapsed : 185.939192
Iter : 1130 To explore : 4607 Explored : 5822 Total elapsed : 187.680305
Iter : 1140 To explore : 4619 Explored : 5844 Total elapsed : 189.405436
Iter : 1150 To explore : 4626 Explored : 5861 Total elapsed : 190.976687
Iter : 1160 To explore : 4619 Explored : 5864 Total elapsed : 192.415947
Iter : 1170 To explore : 4612 Explored : 5867 Total elapsed : 193.783048
Iter : 1180 To explore : 4609 Explored : 5874 Total elapsed : 195.326972
Iter : 1190 To explore : 4604 Explored : 5879 Total elapsed : 196.999683
Iter : 1200 To explore : 4597 Explored : 5882 Total elapsed : 198.420823
Iter : 1210 To explore : 4600 Explored : 5895 Total elapsed : 200.160654
Iter : 1220 To explore : 4595 Explored : 5900 Total elapsed : 201.722901
Iter : 1230 To explore : 4596 Explored : 5911 Total elapsed : 203.155676
Iter : 1240 To explore : 4592 Explored : 5917 Total elapsed : 204.520277
Iter : 1250 To explore : 4584 Explored : 5919 Total elapsed : 205.998105
Iter : 1260 To explore : 4577 Explored : 5922 Total elapsed : 207.446008
Iter : 1270 To explore : 4567 Explored : 5922 Total elapsed : 208.984508
Iter : 1280 To explore : 4557 Explored : 5922 Total elapsed : 210.33328
Iter : 1290 To explore : 4547 Explored : 5922 Total elapsed : 211.804915
Iter : 1300 To explore : 4537 Explored : 5922 Total elapsed : 213.102108
Iter : 1310 To explore : 4542 Explored : 5937 Total elapsed : 214.563906
Iter : 1320 To explore : 4634 Explored : 6039 Total elapsed : 217.954645
Iter : 1330 To explore : 4692 Explored : 6107 Total elapsed : 220.585672
Iter : 1340 To explore : 4745 Explored : 6170 Total elapsed : 222.649192
Iter : 1350 To explore : 4840 Explored : 6275 Total elapsed : 224.915168
Iter : 1360 To explore : 4904 Explored : 6349 Total elapsed : 228.175389
Iter : 1370 To explore : 4932 Explored : 6387 Total elapsed : 229.948259
Iter : 1380 To explore : 5011 Explored : 6476 Total elapsed : 231.959014
Iter : 1390 To explore : 5117 Explored : 6592 Total elapsed : 234.360724
Iter : 1400 To explore : 5194 Explored : 6679 Total elapsed : 237.718899
Iter : 1410 To explore : 5277 Explored : 6772 Total elapsed : 240.936236
Iter : 1420 To explore : 5338 Explored : 6843 Total elapsed : 243.900427
Iter : 1430 To explore : 5389 Explored : 6904 Total elapsed : 247.226761
Iter : 1440 To explore : 5427 Explored : 6952 Total elapsed : 250.53529
Iter : 1450 To explore : 5463 Explored : 6998 Total elapsed : 253.430609
Iter : 1460 To explore : 5508 Explored : 7053 Total elapsed : 256.366201
Iter : 1470 To explore : 5511 Explored : 7066 Total elapsed : 259.751016
Iter : 1480 To explore : 5517 Explored : 7082 Total elapsed : 263.045328
Iter : 1490 To explore : 5512 Explored : 7087 Total elapsed : 266.443179
Iter : 1500 To explore : 5534 Explored : 7119 Total elapsed : 269.109512
Iter : 1510 To explore : 5611 Explored : 7206 Total elapsed : 271.173365
Iter : 1520 To explore : 5633 Explored : 7238 Total elapsed : 272.675978
Iter : 1530 To explore : 5704 Explored : 7319 Total elapsed : 274.081661
Iter : 1540 To explore : 5791 Explored : 7416 Total elapsed : 275.890649
Iter : 1550 To explore : 5854 Explored : 7489 Total elapsed : 277.735662
Iter : 1560 To explore : 5950 Explored : 7595 Total elapsed : 279.785022
Iter : 1570 To explore : 6022 Explored : 7677 Total elapsed : 282.592147
Iter : 1580 To explore : 6076 Explored : 7741 Total elapsed : 284.868028
Iter : 1590 To explore : 6144 Explored : 7819 Total elapsed : 287.310068
Iter : 1600 To explore : 6177 Explored : 7862 Total elapsed : 289.136615
Iter : 1610 To explore : 6229 Explored : 7924 Total elapsed : 291.033155
Iter : 1620 To explore : 6275 Explored : 7980 Total elapsed : 292.553998
Iter : 1630 To explore : 6306 Explored : 8021 Total elapsed : 294.444641
Iter : 1640 To explore : 6366 Explored : 8091 Total elapsed : 295.934001
Iter : 1650 To explore : 6393 Explored : 8128 Total elapsed : 297.721946
Iter : 1660 To explore : 6413 Explored : 8158 Total elapsed : 300.335993
Iter : 1670 To explore : 6422 Explored : 8177 Total elapsed : 302.225544
Iter : 1680 To explore : 6419 Explored : 8184 Total elapsed : 304.721831
Iter : 1690 To explore : 6461 Explored : 8236 Total elapsed : 306.585842
Iter : 1700 To explore : 6538 Explored : 8323 Total elapsed : 308.34907
Iter : 1710 To explore : 6596 Explored : 8391 Total elapsed : 310.33663
Iter : 1720 To explore : 6670 Explored : 8475 Total elapsed : 312.583408
Iter : 1730 To explore : 6749 Explored : 8564 Total elapsed : 314.889706
Iter : 1740 To explore : 6832 Explored : 8657 Total elapsed : 316.937727
Iter : 1750 To explore : 6884 Explored : 8719 Total elapsed : 319.021558
Iter : 1760 To explore : 6962 Explored : 8807 Total elapsed : 321.066467
Iter : 1770 To explore : 7005 Explored : 8860 Total elapsed : 323.313132
Iter : 1780 To explore : 7044 Explored : 8909 Total elapsed : 325.381788
Iter : 1790 To explore : 7088 Explored : 8963 Total elapsed : 327.03903
Iter : 1800 To explore : 7099 Explored : 8984 Total elapsed : 328.437899
Iter : 1810 To explore : 7095 Explored : 8990 Total elapsed : 331.292879
Iter : 1820 To explore : 7122 Explored : 9027 Total elapsed : 333.668439
Iter : 1830 To explore : 7155 Explored : 9070 Total elapsed : 335.937362
Iter : 1840 To explore : 7165 Explored : 9090 Total elapsed : 338.151219
Iter : 1850 To explore : 7188 Explored : 9123 Total elapsed : 340.210751
Iter : 1860 To explore : 7185 Explored : 9130 Total elapsed : 342.058672
Iter : 1870 To explore : 7216 Explored : 9171 Total elapsed : 344.03078
Iter : 1880 To explore : 7246 Explored : 9211 Total elapsed : 345.633439
Iter : 1890 To explore : 7279 Explored : 9254 Total elapsed : 347.361843
Iter : 1900 To explore : 7299 Explored : 9284 Total elapsed : 349.016794
Iter : 1910 To explore : 7318 Explored : 9313 Total elapsed : 350.789867
Iter : 1920 To explore : 7317 Explored : 9322 Total elapsed : 352.940552
Iter : 1930 To explore : 7325 Explored : 9340 Total elapsed : 354.734188
Iter : 1940 To explore : 7336 Explored : 9361 Total elapsed : 356.64748
Iter : 1950 To explore : 7352 Explored : 9387 Total elapsed : 358.630009
Iter : 1960 To explore : 7345 Explored : 9390 Total elapsed : 360.117053
Iter : 1970 To explore : 7345 Explored : 9400 Total elapsed : 361.950472
Iter : 1980 To explore : 7375 Explored : 9440 Total elapsed : 364.34209
Iter : 1990 To explore : 7380 Explored : 9455 Total elapsed : 366.216691
Iter : 2000 To explore : 7382 Explored : 9467 Total elapsed : 368.177245
Iter : 2010 To explore : 7383 Explored : 9478 Total elapsed : 370.531666
Iter : 2020 To explore : 7391 Explored : 9496 Total elapsed : 372.317788
Iter : 2030 To explore : 7387 Explored : 9502 Total elapsed : 374.152497
Iter : 2040 To explore : 7400 Explored : 9525 Total elapsed : 376.8168
Iter : 2050 To explore : 7403 Explored : 9538 Total elapsed : 378.69933
Iter : 2060 To explore : 7395 Explored : 9540 Total elapsed : 381.123565
Iter : 2070 To explore : 7390 Explored : 9545 Total elapsed : 383.986003
Iter : 2080 To explore : 7439 Explored : 9604 Total elapsed : 385.82626
Iter : 2090 To explore : 7512 Explored : 9687 Total elapsed : 387.171761
Iter : 2100 To explore : 7561 Explored : 9746 Total elapsed : 388.779907
Iter : 2110 To explore : 7626 Explored : 9821 Total elapsed : 390.503557
Iter : 2120 To explore : 7703 Explored : 9908 Total elapsed : 392.225587
Iter : 2130 To explore : 7769 Explored : 9984 Total elapsed : 393.938078
Iter : 2140 To explore : 7817 Explored : 10042 Total elapsed : 395.826189
Iter : 2150 To explore : 7858 Explored : 10093 Total elapsed : 397.641121
Iter : 2160 To explore : 7910 Explored : 10155 Total elapsed : 399.798677
Iter : 2170 To explore : 8000 Explored : 10255 Total elapsed : 401.599972
Iter : 2180 To explore : 8069 Explored : 10334 Total elapsed : 403.223927
Iter : 2190 To explore : 8100 Explored : 10375 Total elapsed : 404.941573
Iter : 2200 To explore : 8147 Explored : 10432 Total elapsed : 406.407524
Iter : 2210 To explore : 8174 Explored : 10469 Total elapsed : 407.916161
Iter : 2220 To explore : 8202 Explored : 10507 Total elapsed : 409.275917
Iter : 2230 To explore : 8219 Explored : 10534 Total elapsed : 410.939529
Iter : 2240 To explore : 8292 Explored : 10617 Total elapsed : 412.367748
Iter : 2250 To explore : 8364 Explored : 10699 Total elapsed : 413.763261
Iter : 2260 To explore : 8449 Explored : 10794 Total elapsed : 415.246886
Iter : 2270 To explore : 8517 Explored : 10872 Total elapsed : 416.717185
Iter : 2280 To explore : 8555 Explored : 10920 Total elapsed : 418.14733
Iter : 2290 To explore : 8632 Explored : 11007 Total elapsed : 419.64826
Iter : 2300 To explore : 8677 Explored : 11062 Total elapsed : 421.259671
Iter : 2310 To explore : 8714 Explored : 11109 Total elapsed : 422.869038
Iter : 2320 To explore : 8740 Explored : 11145 Total elapsed : 424.545447
Iter : 2330 To explore : 8799 Explored : 11214 Total elapsed : 426.13294
Iter : 2340 To explore : 8885 Explored : 11310 Total elapsed : 428.869596
Iter : 2350 To explore : 8952 Explored : 11387 Total elapsed : 431.711774
Iter : 2360 To explore : 9010 Explored : 11455 Total elapsed : 433.644747
Iter : 2370 To explore : 9073 Explored : 11528 Total elapsed : 435.093079
Iter : 2380 To explore : 9142 Explored : 11607 Total elapsed : 437.292102
Iter : 2390 To explore : 9207 Explored : 11682 Total elapsed : 439.29879
Iter : 2400 To explore : 9272 Explored : 11757 Total elapsed : 441.430544
Iter : 2410 To explore : 9318 Explored : 11813 Total elapsed : 443.007108
Iter : 2420 To explore : 9359 Explored : 11864 Total elapsed : 444.497318
Iter : 2430 To explore : 9397 Explored : 11912 Total elapsed : 446.158037
Iter : 2440 To explore : 9420 Explored : 11945 Total elapsed : 447.558909
Iter : 2450 To explore : 9442 Explored : 11977 Total elapsed : 449.04586
Iter : 2460 To explore : 9482 Explored : 12027 Total elapsed : 450.576425
Iter : 2470 To explore : 9522 Explored : 12077 Total elapsed : 452.106908
Iter : 2480 To explore : 9564 Explored : 12129 Total elapsed : 453.920413
Iter : 2490 To explore : 9584 Explored : 12159 Total elapsed : 455.376859
Iter : 2500 To explore : 9602 Explored : 12187 Total elapsed : 457.057891
Iter : 2510 To explore : 9644 Explored : 12239 Total elapsed : 459.187601
Iter : 2520 To explore : 9663 Explored : 12268 Total elapsed : 461.065247
Iter : 2530 To explore : 9661 Explored : 12276 Total elapsed : 462.776806
Iter : 2540 To explore : 9704 Explored : 12329 Total elapsed : 464.789665
Iter : 2550 To explore : 9734 Explored : 12369 Total elapsed : 466.246424
Iter : 2560 To explore : 9782 Explored : 12427 Total elapsed : 467.880503
Iter : 2570 To explore : 9835 Explored : 12490 Total elapsed : 469.609776
Iter : 2580 To explore : 9894 Explored : 12559 Total elapsed : 471.031789
Iter : 2590 To explore : 9943 Explored : 12618 Total elapsed : 472.666328
Iter : 2600 To explore : 9960 Explored : 12645 Total elapsed : 474.427493
Iter : 2610 To explore : 9964 Explored : 12659 Total elapsed : 475.980661
Iter : 2620 To explore : 9995 Explored : 12700 Total elapsed : 477.291415
Iter : 2630 To explore : 10012 Explored : 12727 Total elapsed : 478.634179
Iter : 2640 To explore : 10032 Explored : 12757 Total elapsed : 480.114904
Iter : 2650 To explore : 10035 Explored : 12770 Total elapsed : 481.511775
Iter : 2660 To explore : 10042 Explored : 12787 Total elapsed : 482.877273
Iter : 2670 To explore : 10042 Explored : 12797 Total elapsed : 484.426556
Iter : 2680 To explore : 10052 Explored : 12817 Total elapsed : 486.618202
Iter : 2690 To explore : 10118 Explored : 12893 Total elapsed : 488.36511
Iter : 2700 To explore : 10172 Explored : 12957 Total elapsed : 490.044611
Iter : 2710 To explore : 10220 Explored : 13015 Total elapsed : 491.72478
Iter : 2720 To explore : 10283 Explored : 13088 Total elapsed : 493.588676
Iter : 2730 To explore : 10333 Explored : 13148 Total elapsed : 495.518179
Iter : 2740 To explore : 10370 Explored : 13195 Total elapsed : 497.210889
Iter : 2750 To explore : 10411 Explored : 13246 Total elapsed : 499.338856
Iter : 2760 To explore : 10440 Explored : 13285 Total elapsed : 501.096906
Iter : 2770 To explore : 10445 Explored : 13300 Total elapsed : 502.937798
Iter : 2780 To explore : 10485 Explored : 13350 Total elapsed : 504.700747
Iter : 2790 To explore : 10517 Explored : 13392 Total elapsed : 506.291147
Iter : 2800 To explore : 10560 Explored : 13445 Total elapsed : 507.848027
Iter : 2810 To explore : 10598 Explored : 13493 Total elapsed : 509.542191
Iter : 2820 To explore : 10656 Explored : 13561 Total elapsed : 511.046539
Iter : 2830 To explore : 10719 Explored : 13634 Total elapsed : 513.149434
Iter : 2840 To explore : 10757 Explored : 13682 Total elapsed : 515.030252
Iter : 2850 To explore : 10794 Explored : 13729 Total elapsed : 517.242655
Iter : 2860 To explore : 10821 Explored : 13766 Total elapsed : 519.781558
Iter : 2870 To explore : 10846 Explored : 13801 Total elapsed : 521.452048
Iter : 2880 To explore : 10868 Explored : 13833 Total elapsed : 523.487275
Iter : 2890 To explore : 10918 Explored : 13893 Total elapsed : 525.190857
Iter : 2900 To explore : 10948 Explored : 13933 Total elapsed : 526.581011
Iter : 2910 To explore : 10975 Explored : 13970 Total elapsed : 528.2498
Iter : 2920 To explore : 10987 Explored : 13992 Total elapsed : 529.997172
=== Report ===
[1] [IO] line 115, (balanceOf[_to] + _value) : unproven
[2] [IO] line 117, (balanceOf[msg.sender] - _value) : proven
[3] [IO] line 118, (balanceOf[_to] + _value) : proven
[4] [IO] line 127, (balanceOf[_to] + _value) : unproven
[5] [IO] line 129, (balanceOf[_from] - _value) : proven
[6] [IO] line 130, (balanceOf[_to] + _value) : proven
[7] [IO] line 131, (allowance[_from][msg.sender] - _value) : proven
[8] [IO] line 137, (balanceOf[target] + mintedAmount) : unproven
[9] [IO] line 138, (totalSupply + mintedAmount) : unproven
[10] [IO] line 156, (balanceOf[msg.sender] + amount) : unproven
[11] [IO] line 157, (balanceOf[this] - amount) : unproven
[12] [IO] line 163, (balanceOf[this] + amount) : unproven
[13] [IO] line 164, (balanceOf[msg.sender] - amount) : unproven
[14] [IO] line 165, (amount * sellPrice) : unproven
[15] [DZ] line 154, (msg.value / buyPrice) : unproven

=== Result Summary ===
# Queries                : 15
- integer over/underflow : 14
- division-by-zero       : 1
- assertion              : 0

# Alarms                 : 10
- integer over/underflow : 9
- division-by-zero       : 1
- assertion              : 0

# Proven                 : 5
- integer over/underflow : 5
- division-by-zero       : 0
- assertion              : 0

Time Elapsed : 530.194301
