ON: integer over/underflow
ON: division-by-zero

0xc12d099be31567add4e4e4d0d45691c3f58f5663_tmp.sol:67:2: Warning: Defining constructors as functions with the same name as the contract is deprecated. Use "constructor(...) { ... }" instead.
	function AuctusToken() public {
 ^ (Relevant source part starts here and spans across multiple lines).
0xc12d099be31567add4e4e4d0d45691c3f58f5663_tmp.sol:129:35: Warning: This function only accepts a single "bytes" argument. Please use "abi.encodePacked(...)" or a similar function to encode the data.
			assert(to.call.value(0)(bytes4(keccak256(custom_fallback)), msg.sender, value, data));
			                               ^------------------------^
0xc12d099be31567add4e4e4d0d45691c3f58f5663_tmp.sol:129:35: Warning: The provided argument of type string memory is not implicitly convertible to expected type bytes memory.
			assert(to.call.value(0)(bytes4(keccak256(custom_fallback)), msg.sender, value, data));
			                               ^------------------------^
- all funcs : 47
- reachable : 21
* Generating Paths ... took 6.3e-05s
- paths : 34

Iter : 10 To explore : 33 Explored : 82 Total elapsed : 8.533599
Iter : 20 To explore : 44 Explored : 103 Total elapsed : 18.013788
Iter : 30 To explore : 63 Explored : 132 Total elapsed : 132.84734
Iter : 40 To explore : 69 Explored : 148 Total elapsed : 153.964704
Iter : 50 To explore : 72 Explored : 161 Total elapsed : 155.611429
Iter : 60 To explore : 99 Explored : 198 Total elapsed : 296.171467
Iter : 70 To explore : 102 Explored : 211 Total elapsed : 470.485086
=== Report ===
[1] [IO] line 88, (allowed[msg.sender][spender] + value) : unproven
[2] [IO] line 98, (currentValue - value) : proven
[3] [IO] line 105, (allowed[from][msg.sender] - value) : unproven
[4] [IO] line 141, (allowed[from][msg.sender] - value) : unproven
[5] [IO] line 177, (balances[from] - value) : unproven
[6] [IO] line 178, (balances[to] + value) : unproven
[7] [IO] line 182, (balances[from] - value) : unproven
[8] [IO] line 183, (totalSupply - value) : unproven

=== Result Summary ===
# Queries                : 8
- integer over/underflow : 8
- division-by-zero       : 0
- assertion              : 0

# Alarms                 : 7
- integer over/underflow : 7
- division-by-zero       : 0
- assertion              : 0

# Proven                 : 1
- integer over/underflow : 1
- division-by-zero       : 0
- assertion              : 0

Time Elapsed : 549.74405
