ON: integer over/underflow
ON: division-by-zero

- all funcs : 387
- reachable : 53
* Generating Paths ... took 0.001155s
- paths : 170

Iter : 10 To explore : 2782 Explored : 2791 Total elapsed : 8.75223
Iter : 20 To explore : 5777 Explored : 5796 Total elapsed : 9.121488
Iter : 30 To explore : 7594 Explored : 7623 Total elapsed : 9.445957
Iter : 40 To explore : 9379 Explored : 9418 Total elapsed : 9.791746
Iter : 50 To explore : 11154 Explored : 11203 Total elapsed : 10.13164
Iter : 60 To explore : 12437 Explored : 12496 Total elapsed : 10.502545
Iter : 70 To explore : 13873 Explored : 27712 Total elapsed : 15.91843
Iter : 80 To explore : 14102 Explored : 27951 Total elapsed : 16.277804
Iter : 90 To explore : 14881 Explored : 28740 Total elapsed : 19.735704
Iter : 100 To explore : 15887 Explored : 29756 Total elapsed : 21.269217
Iter : 110 To explore : 16884 Explored : 30763 Total elapsed : 22.290699
Iter : 120 To explore : 17872 Explored : 31761 Total elapsed : 24.547852
Iter : 130 To explore : 19292 Explored : 33191 Total elapsed : 26.661089
Iter : 140 To explore : 20008 Explored : 33917 Total elapsed : 27.478718
Iter : 150 To explore : 21180 Explored : 35099 Total elapsed : 28.193131
Iter : 160 To explore : 21915 Explored : 35844 Total elapsed : 29.214336
Iter : 170 To explore : 23063 Explored : 37002 Total elapsed : 29.898218
Iter : 180 To explore : 23786 Explored : 37735 Total elapsed : 30.83806
Iter : 190 To explore : 24910 Explored : 38869 Total elapsed : 31.513054
Iter : 200 To explore : 25621 Explored : 39590 Total elapsed : 32.493779
Iter : 210 To explore : 26916 Explored : 40895 Total elapsed : 32.995274
Iter : 220 To explore : 27992 Explored : 41981 Total elapsed : 33.636107
Iter : 230 To explore : 28492 Explored : 42491 Total elapsed : 34.760766
Iter : 240 To explore : 28981 Explored : 42990 Total elapsed : 35.70202
Iter : 250 To explore : 30037 Explored : 44056 Total elapsed : 36.353498
Iter : 260 To explore : 30714 Explored : 44743 Total elapsed : 37.286425
Iter : 270 To explore : 31746 Explored : 45785 Total elapsed : 37.968371
Iter : 280 To explore : 32411 Explored : 46460 Total elapsed : 38.92957
Iter : 290 To explore : 33419 Explored : 47478 Total elapsed : 39.543995
Iter : 300 To explore : 34072 Explored : 48141 Total elapsed : 40.589676
Iter : 310 To explore : 35056 Explored : 49135 Total elapsed : 41.259892
Iter : 320 To explore : 36186 Explored : 50275 Total elapsed : 41.733977
Iter : 330 To explore : 36625 Explored : 50724 Total elapsed : 43.099459
Iter : 340 To explore : 37569 Explored : 51678 Total elapsed : 43.68341
Iter : 350 To explore : 38190 Explored : 52309 Total elapsed : 44.718831
Iter : 360 To explore : 39110 Explored : 53239 Total elapsed : 45.416472
Iter : 370 To explore : 39719 Explored : 53858 Total elapsed : 46.324407
Iter : 380 To explore : 40615 Explored : 54764 Total elapsed : 47.021476
Iter : 390 To explore : 41212 Explored : 55371 Total elapsed : 47.934065
Iter : 400 To explore : 42084 Explored : 56253 Total elapsed : 48.508851
Iter : 410 To explore : 43074 Explored : 57253 Total elapsed : 48.979648
Iter : 420 To explore : 43649 Explored : 57838 Total elapsed : 49.872513
Iter : 430 To explore : 44477 Explored : 58676 Total elapsed : 50.494084
Iter : 440 To explore : 45040 Explored : 59249 Total elapsed : 51.438872
Iter : 450 To explore : 45844 Explored : 60063 Total elapsed : 52.079844
Iter : 460 To explore : 46395 Explored : 60624 Total elapsed : 53.111007
Iter : 470 To explore : 47175 Explored : 61414 Total elapsed : 53.804513
Iter : 480 To explore : 47714 Explored : 61963 Total elapsed : 54.681525
Iter : 490 To explore : 48137 Explored : 62396 Total elapsed : 55.783536
Iter : 500 To explore : 48889 Explored : 63158 Total elapsed : 56.381121
Iter : 510 To explore : 49351 Explored : 63630 Total elapsed : 57.176287
Iter : 520 To explore : 49438 Explored : 63727 Total elapsed : 58.760721
Iter : 530 To explore : 49558 Explored : 63857 Total elapsed : 59.633187
Iter : 540 To explore : 49676 Explored : 63985 Total elapsed : 60.136985
Iter : 550 To explore : 49821 Explored : 64140 Total elapsed : 60.832128
Iter : 560 To explore : 49969 Explored : 64298 Total elapsed : 61.451457
Iter : 570 To explore : 50082 Explored : 64421 Total elapsed : 61.939533
Iter : 580 To explore : 50223 Explored : 64572 Total elapsed : 63.129887
Iter : 590 To explore : 50333 Explored : 64692 Total elapsed : 64.030233
Iter : 600 To explore : 50509 Explored : 64878 Total elapsed : 64.752361
Iter : 610 To explore : 50659 Explored : 65038 Total elapsed : 65.234557
Iter : 620 To explore : 50809 Explored : 65198 Total elapsed : 66.058909
Iter : 630 To explore : 51021 Explored : 65420 Total elapsed : 66.430571
Iter : 640 To explore : 52135 Explored : 66544 Total elapsed : 66.893647
Iter : 650 To explore : 53815 Explored : 68234 Total elapsed : 67.428132
Iter : 660 To explore : 55721 Explored : 70150 Total elapsed : 67.95905
Iter : 670 To explore : 57865 Explored : 72304 Total elapsed : 68.563167
Iter : 680 To explore : 59455 Explored : 73904 Total elapsed : 69.190038
Iter : 690 To explore : 61020 Explored : 75479 Total elapsed : 69.676156
Iter : 700 To explore : 62554 Explored : 77023 Total elapsed : 70.203518
Iter : 710 To explore : 63787 Explored : 78266 Total elapsed : 70.637149
Iter : 720 To explore : 65714 Explored : 80203 Total elapsed : 71.23301
Iter : 730 To explore : 67174 Explored : 81673 Total elapsed : 71.731306
Iter : 740 To explore : 68609 Explored : 83118 Total elapsed : 72.264965
Iter : 750 To explore : 70019 Explored : 84538 Total elapsed : 72.777422
Iter : 760 To explore : 71470 Explored : 85999 Total elapsed : 73.277737
Iter : 770 To explore : 73160 Explored : 87699 Total elapsed : 73.785479
Iter : 780 To explore : 74825 Explored : 89374 Total elapsed : 74.250076
Iter : 790 To explore : 76249 Explored : 90808 Total elapsed : 74.737499
Iter : 800 To explore : 77594 Explored : 92163 Total elapsed : 75.231073
Iter : 810 To explore : 78914 Explored : 93493 Total elapsed : 75.731435
Iter : 820 To explore : 79794 Explored : 94383 Total elapsed : 76.166943
Iter : 830 To explore : 81074 Explored : 95673 Total elapsed : 76.654551
Iter : 840 To explore : 82329 Explored : 96938 Total elapsed : 77.13199
Iter : 850 To explore : 83559 Explored : 98178 Total elapsed : 77.650544
Iter : 860 To explore : 84764 Explored : 99393 Total elapsed : 78.187051
Iter : 870 To explore : 85944 Explored : 100583 Total elapsed : 78.682313
Iter : 880 To explore : 87099 Explored : 101748 Total elapsed : 79.193251
Iter : 890 To explore : 88681 Explored : 103340 Total elapsed : 79.723139
Iter : 900 To explore : 90351 Explored : 105020 Total elapsed : 80.201215
Iter : 910 To explore : 91584 Explored : 106263 Total elapsed : 80.706139
Iter : 920 To explore : 92689 Explored : 107378 Total elapsed : 81.252511
Iter : 930 To explore : 93769 Explored : 108468 Total elapsed : 81.724032
Iter : 940 To explore : 94824 Explored : 109533 Total elapsed : 82.188009
Iter : 950 To explore : 95854 Explored : 110573 Total elapsed : 82.695923
Iter : 960 To explore : 96859 Explored : 111588 Total elapsed : 83.200951
Iter : 970 To explore : 97839 Explored : 112578 Total elapsed : 83.683415
Iter : 980 To explore : 98794 Explored : 113543 Total elapsed : 84.205551
Iter : 990 To explore : 99724 Explored : 114483 Total elapsed : 84.706246
Iter : 1000 To explore : 100629 Explored : 115398 Total elapsed : 85.199561
Iter : 1010 To explore : 101509 Explored : 116288 Total elapsed : 85.677326
Iter : 1020 To explore : 102354 Explored : 117143 Total elapsed : 86.175631
Iter : 1030 To explore : 103184 Explored : 117983 Total elapsed : 86.687307
Iter : 1040 To explore : 103886 Explored : 118695 Total elapsed : 87.149696
Iter : 1050 To explore : 104671 Explored : 119490 Total elapsed : 87.645412
Iter : 1060 To explore : 105431 Explored : 120260 Total elapsed : 88.067855
Iter : 1070 To explore : 106164 Explored : 121003 Total elapsed : 88.538062
Iter : 1080 To explore : 106869 Explored : 121718 Total elapsed : 89.014893
Iter : 1090 To explore : 107549 Explored : 122408 Total elapsed : 89.551243
Iter : 1100 To explore : 108209 Explored : 123078 Total elapsed : 90.04969
Iter : 1110 To explore : 108844 Explored : 123723 Total elapsed : 90.559098
Iter : 1120 To explore : 109454 Explored : 124343 Total elapsed : 91.06301
Iter : 1130 To explore : 110039 Explored : 124938 Total elapsed : 91.539841
Iter : 1140 To explore : 111568 Explored : 126477 Total elapsed : 92.150081
Iter : 1150 To explore : 112627 Explored : 127546 Total elapsed : 92.596557
Iter : 1160 To explore : 114208 Explored : 129137 Total elapsed : 93.120507
Iter : 1170 To explore : 115736 Explored : 130675 Total elapsed : 93.561691
Iter : 1180 To explore : 117284 Explored : 132233 Total elapsed : 94.045443
Iter : 1190 To explore : 119040 Explored : 133999 Total elapsed : 94.65903
Iter : 1200 To explore : 120614 Explored : 135583 Total elapsed : 95.169809
Iter : 1210 To explore : 122284 Explored : 137263 Total elapsed : 95.732494
Iter : 1220 To explore : 124040 Explored : 139029 Total elapsed : 96.21802
Iter : 1230 To explore : 125510 Explored : 140509 Total elapsed : 96.745354
Iter : 1240 To explore : 127609 Explored : 142618 Total elapsed : 97.318135
Iter : 1250 To explore : 130067 Explored : 145086 Total elapsed : 98.003969
Iter : 1260 To explore : 131942 Explored : 146971 Total elapsed : 98.554398
Iter : 1270 To explore : 133532 Explored : 148571 Total elapsed : 99.088628
Iter : 1280 To explore : 135080 Explored : 150129 Total elapsed : 99.605703
Iter : 1290 To explore : 136521 Explored : 151580 Total elapsed : 100.107747
Iter : 1300 To explore : 137881 Explored : 152950 Total elapsed : 100.629793
Iter : 1310 To explore : 139221 Explored : 154300 Total elapsed : 101.16862
Iter : 1320 To explore : 140536 Explored : 155625 Total elapsed : 101.803312
Iter : 1330 To explore : 141826 Explored : 156925 Total elapsed : 102.349378
Iter : 1340 To explore : 143091 Explored : 158200 Total elapsed : 102.8202
Iter : 1350 To explore : 144331 Explored : 159450 Total elapsed : 103.375587
Iter : 1360 To explore : 145546 Explored : 160675 Total elapsed : 103.895823
Iter : 1370 To explore : 146736 Explored : 161875 Total elapsed : 104.417779
Iter : 1380 To explore : 147901 Explored : 163050 Total elapsed : 104.92237
Iter : 1390 To explore : 149041 Explored : 164200 Total elapsed : 105.457734
Iter : 1400 To explore : 150156 Explored : 165325 Total elapsed : 105.995271
Iter : 1410 To explore : 151246 Explored : 166425 Total elapsed : 106.467383
Iter : 1420 To explore : 152683 Explored : 167872 Total elapsed : 107.022958
Iter : 1430 To explore : 154188 Explored : 169387 Total elapsed : 107.591372
Iter : 1440 To explore : 155668 Explored : 170877 Total elapsed : 108.087439
Iter : 1450 To explore : 157343 Explored : 172562 Total elapsed : 108.709602
Iter : 1460 To explore : 158521 Explored : 173750 Total elapsed : 109.181987
Iter : 1470 To explore : 159452 Explored : 174691 Total elapsed : 109.639841
Iter : 1480 To explore : 160842 Explored : 176091 Total elapsed : 110.159571
Iter : 1490 To explore : 162207 Explored : 177466 Total elapsed : 110.726502
Iter : 1500 To explore : 163547 Explored : 178816 Total elapsed : 111.237643
Iter : 1510 To explore : 164862 Explored : 180141 Total elapsed : 111.752097
Iter : 1520 To explore : 166152 Explored : 181441 Total elapsed : 112.268682
Iter : 1530 To explore : 167380 Explored : 182679 Total elapsed : 112.799374
Iter : 1540 To explore : 168435 Explored : 183744 Total elapsed : 113.290932
Iter : 1550 To explore : 169465 Explored : 184784 Total elapsed : 113.807222
Iter : 1560 To explore : 170470 Explored : 185799 Total elapsed : 114.290737
Iter : 1570 To explore : 171450 Explored : 186789 Total elapsed : 114.83929
Iter : 1580 To explore : 172405 Explored : 187754 Total elapsed : 115.354533
Iter : 1590 To explore : 173335 Explored : 188694 Total elapsed : 115.907461
Iter : 1600 To explore : 174113 Explored : 189482 Total elapsed : 116.367751
Iter : 1610 To explore : 174998 Explored : 190377 Total elapsed : 116.835943
Iter : 1620 To explore : 175855 Explored : 191244 Total elapsed : 117.33872
Iter : 1630 To explore : 176690 Explored : 192089 Total elapsed : 117.820152
Iter : 1640 To explore : 177500 Explored : 192909 Total elapsed : 118.312481
Iter : 1650 To explore : 178285 Explored : 193704 Total elapsed : 118.819542
Iter : 1660 To explore : 179040 Explored : 194469 Total elapsed : 119.324253
Iter : 1670 To explore : 179770 Explored : 195209 Total elapsed : 119.866474
Iter : 1680 To explore : 180478 Explored : 195927 Total elapsed : 120.353276
Iter : 1690 To explore : 181163 Explored : 196622 Total elapsed : 120.874953
Iter : 1700 To explore : 181823 Explored : 197292 Total elapsed : 121.362642
Iter : 1710 To explore : 182458 Explored : 197937 Total elapsed : 121.950366
Iter : 1720 To explore : 183068 Explored : 198557 Total elapsed : 122.44676
Iter : 1730 To explore : 183653 Explored : 199152 Total elapsed : 122.966824
Iter : 1740 To explore : 184213 Explored : 199722 Total elapsed : 123.492953
Iter : 1750 To explore : 184748 Explored : 200267 Total elapsed : 123.969925
Iter : 1760 To explore : 185258 Explored : 200787 Total elapsed : 124.49041
Iter : 1770 To explore : 185743 Explored : 201282 Total elapsed : 124.969091
Iter : 1780 To explore : 186203 Explored : 201752 Total elapsed : 125.497367
Iter : 1790 To explore : 187638 Explored : 203197 Total elapsed : 126.221951
Iter : 1800 To explore : 189298 Explored : 204867 Total elapsed : 127.509695
Iter : 1810 To explore : 191219 Explored : 206798 Total elapsed : 129.086622
Iter : 1820 To explore : 193863 Explored : 209452 Total elapsed : 130.381481
Iter : 1830 To explore : 195893 Explored : 211492 Total elapsed : 131.167349
Iter : 1840 To explore : 197438 Explored : 213047 Total elapsed : 132.206467
Iter : 1850 To explore : 199189 Explored : 214808 Total elapsed : 133.505842
Iter : 1860 To explore : 200674 Explored : 216303 Total elapsed : 134.356454
Iter : 1870 To explore : 202142 Explored : 217781 Total elapsed : 135.180938
Iter : 1880 To explore : 203587 Explored : 219236 Total elapsed : 135.976398
Iter : 1890 To explore : 205007 Explored : 220666 Total elapsed : 136.706491
Iter : 1900 To explore : 206402 Explored : 222071 Total elapsed : 137.491012
Iter : 1910 To explore : 207772 Explored : 223451 Total elapsed : 138.43255
Iter : 1920 To explore : 209117 Explored : 224806 Total elapsed : 139.362254
Iter : 1930 To explore : 210437 Explored : 226136 Total elapsed : 140.296739
Iter : 1940 To explore : 211732 Explored : 227441 Total elapsed : 141.162814
Iter : 1950 To explore : 213002 Explored : 228721 Total elapsed : 142.105929
Iter : 1960 To explore : 214247 Explored : 229976 Total elapsed : 142.940167
Iter : 1970 To explore : 215467 Explored : 231206 Total elapsed : 143.969819
Iter : 1980 To explore : 216666 Explored : 232415 Total elapsed : 144.827846
Iter : 1990 To explore : 217836 Explored : 233595 Total elapsed : 146.016888
Iter : 2000 To explore : 219521 Explored : 235290 Total elapsed : 146.926576
Iter : 2010 To explore : 221181 Explored : 236960 Total elapsed : 147.873775
Iter : 2020 To explore : 222815 Explored : 238604 Total elapsed : 148.704926
Iter : 2030 To explore : 224425 Explored : 240224 Total elapsed : 149.519433
Iter : 2040 To explore : 225755 Explored : 241564 Total elapsed : 150.276964
Iter : 2050 To explore : 227320 Explored : 243139 Total elapsed : 150.887959
Iter : 2060 To explore : 228860 Explored : 244689 Total elapsed : 151.965979
Iter : 2070 To explore : 230375 Explored : 246214 Total elapsed : 152.564931
Iter : 2080 To explore : 231860 Explored : 247709 Total elapsed : 153.356561
Iter : 2090 To explore : 233320 Explored : 249179 Total elapsed : 154.164827
Iter : 2100 To explore : 234758 Explored : 250627 Total elapsed : 154.941891
Iter : 2110 To explore : 236173 Explored : 252052 Total elapsed : 155.771614
Iter : 2120 To explore : 237559 Explored : 253448 Total elapsed : 156.637642
Iter : 2130 To explore : 238919 Explored : 254818 Total elapsed : 157.406578
Iter : 2140 To explore : 240254 Explored : 256163 Total elapsed : 158.086423
Iter : 2150 To explore : 241564 Explored : 257483 Total elapsed : 158.898463
Iter : 2160 To explore : 242849 Explored : 258778 Total elapsed : 159.74502
Iter : 2170 To explore : 244109 Explored : 260048 Total elapsed : 160.541567
Iter : 2180 To explore : 245344 Explored : 261293 Total elapsed : 161.566401
Iter : 2190 To explore : 246554 Explored : 262513 Total elapsed : 162.450213
Iter : 2200 To explore : 247739 Explored : 263708 Total elapsed : 163.412981
Iter : 2210 To explore : 248899 Explored : 264878 Total elapsed : 164.252612
Iter : 2220 To explore : 250034 Explored : 266023 Total elapsed : 165.334649
Iter : 2230 To explore : 251148 Explored : 267147 Total elapsed : 166.135834
Iter : 2240 To explore : 252266 Explored : 268275 Total elapsed : 167.140223
Iter : 2250 To explore : 253641 Explored : 269660 Total elapsed : 167.881343
Iter : 2260 To explore : 255169 Explored : 271198 Total elapsed : 168.717889
Iter : 2270 To explore : 256223 Explored : 272262 Total elapsed : 169.58855
Iter : 2280 To explore : 257177 Explored : 273226 Total elapsed : 170.404268
Iter : 2290 To explore : 258068 Explored : 274127 Total elapsed : 171.158521
Iter : 2300 To explore : 259118 Explored : 275187 Total elapsed : 172.104609
Iter : 2310 To explore : 261334 Explored : 277413 Total elapsed : 172.944647
Iter : 2320 To explore : 262984 Explored : 279073 Total elapsed : 173.899221
Iter : 2330 To explore : 264609 Explored : 280708 Total elapsed : 174.783216
Iter : 2340 To explore : 266209 Explored : 282318 Total elapsed : 175.651022
Iter : 2350 To explore : 267784 Explored : 283903 Total elapsed : 176.510321
Iter : 2360 To explore : 269337 Explored : 285466 Total elapsed : 177.440604
Iter : 2370 To explore : 270691 Explored : 286830 Total elapsed : 178.40278
Iter : 2380 To explore : 271648 Explored : 287797 Total elapsed : 179.264098
Iter : 2390 To explore : 272518 Explored : 288677 Total elapsed : 180.099895
Iter : 2400 To explore : 273503 Explored : 289672 Total elapsed : 181.11514
Iter : 2410 To explore : 274590 Explored : 290769 Total elapsed : 182.100158
Iter : 2420 To explore : 276186 Explored : 292375 Total elapsed : 183.405062
Iter : 2430 To explore : 277851 Explored : 294050 Total elapsed : 184.320601
Iter : 2440 To explore : 279491 Explored : 295700 Total elapsed : 186.255015
Iter : 2450 To explore : 281106 Explored : 297325 Total elapsed : 187.987349
Iter : 2460 To explore : 282696 Explored : 298925 Total elapsed : 189.031965
Iter : 2470 To explore : 284261 Explored : 300500 Total elapsed : 189.957524
Iter : 2480 To explore : 285801 Explored : 302050 Total elapsed : 191.052348
Iter : 2490 To explore : 287316 Explored : 303575 Total elapsed : 192.048839
Iter : 2500 To explore : 288806 Explored : 305075 Total elapsed : 192.940012
Iter : 2510 To explore : 290271 Explored : 306550 Total elapsed : 193.915503
Iter : 2520 To explore : 291711 Explored : 308000 Total elapsed : 194.83316
Iter : 2530 To explore : 293128 Explored : 309427 Total elapsed : 195.740971
Iter : 2540 To explore : 294523 Explored : 310832 Total elapsed : 196.692392
Iter : 2550 To explore : 295893 Explored : 312212 Total elapsed : 197.692379
Iter : 2560 To explore : 297238 Explored : 313567 Total elapsed : 198.593308
Iter : 2570 To explore : 298558 Explored : 314897 Total elapsed : 199.455109
Iter : 2580 To explore : 299853 Explored : 316202 Total elapsed : 200.454466
Iter : 2590 To explore : 301120 Explored : 317479 Total elapsed : 201.314298
Iter : 2600 To explore : 302360 Explored : 318729 Total elapsed : 202.212057
Iter : 2610 To explore : 303575 Explored : 319954 Total elapsed : 203.06976
Iter : 2620 To explore : 304755 Explored : 321144 Total elapsed : 203.836402
Iter : 2630 To explore : 305920 Explored : 322319 Total elapsed : 204.578137
Iter : 2640 To explore : 306894 Explored : 323303 Total elapsed : 205.119266
Iter : 2650 To explore : 308014 Explored : 324433 Total elapsed : 206.359182
Iter : 2660 To explore : 309109 Explored : 325538 Total elapsed : 207.008643
Iter : 2670 To explore : 310176 Explored : 326615 Total elapsed : 207.8967
Iter : 2680 To explore : 311216 Explored : 327665 Total elapsed : 208.631354
Iter : 2690 To explore : 312232 Explored : 328691 Total elapsed : 209.457047
Iter : 2700 To explore : 313227 Explored : 329696 Total elapsed : 210.150226
Iter : 2710 To explore : 314197 Explored : 330676 Total elapsed : 210.877353
Iter : 2720 To explore : 315142 Explored : 331631 Total elapsed : 211.593101
Iter : 2730 To explore : 316062 Explored : 332561 Total elapsed : 212.492304
Iter : 2740 To explore : 317164 Explored : 333673 Total elapsed : 213.15513
Iter : 2750 To explore : 318379 Explored : 334898 Total elapsed : 213.63668
Iter : 2760 To explore : 319569 Explored : 336098 Total elapsed : 214.130194
Iter : 2770 To explore : 320734 Explored : 337273 Total elapsed : 214.667147
Iter : 2780 To explore : 321874 Explored : 338423 Total elapsed : 215.143242
Iter : 2790 To explore : 322989 Explored : 339548 Total elapsed : 215.643545
Iter : 2800 To explore : 324539 Explored : 341108 Total elapsed : 216.205207
Iter : 2810 To explore : 326179 Explored : 342758 Total elapsed : 216.727436
Iter : 2820 To explore : 327794 Explored : 344383 Total elapsed : 217.274702
Iter : 2830 To explore : 329384 Explored : 345983 Total elapsed : 217.794644
Iter : 2840 To explore : 330949 Explored : 347558 Total elapsed : 218.339175
Iter : 2850 To explore : 332489 Explored : 349108 Total elapsed : 218.837463
Iter : 2860 To explore : 334004 Explored : 350633 Total elapsed : 219.303108
Iter : 2870 To explore : 335777 Explored : 352416 Total elapsed : 219.909591
Iter : 2880 To explore : 336782 Explored : 353431 Total elapsed : 220.447391
Iter : 2890 To explore : 337806 Explored : 354465 Total elapsed : 221.020634
Iter : 2900 To explore : 338796 Explored : 355465 Total elapsed : 221.531679
Iter : 2910 To explore : 339761 Explored : 356440 Total elapsed : 222.087652
Iter : 2920 To explore : 340701 Explored : 357390 Total elapsed : 222.592747
Iter : 2930 To explore : 341616 Explored : 358315 Total elapsed : 223.086403
Iter : 2940 To explore : 342511 Explored : 359220 Total elapsed : 223.568326
Iter : 2950 To explore : 343606 Explored : 360325 Total elapsed : 224.183347
Iter : 2960 To explore : 345086 Explored : 361815 Total elapsed : 224.718647
Iter : 2970 To explore : 346543 Explored : 363282 Total elapsed : 225.23468
Iter : 2980 To explore : 347978 Explored : 364727 Total elapsed : 225.737186
Iter : 2990 To explore : 349388 Explored : 366147 Total elapsed : 226.33905
Iter : 3000 To explore : 350772 Explored : 367541 Total elapsed : 226.787591
Iter : 3010 To explore : 352132 Explored : 368911 Total elapsed : 227.263952
Iter : 3020 To explore : 353262 Explored : 370051 Total elapsed : 227.714583
Iter : 3030 To explore : 354577 Explored : 371376 Total elapsed : 228.256163
Iter : 3040 To explore : 355867 Explored : 372676 Total elapsed : 228.787872
Iter : 3050 To explore : 357130 Explored : 373949 Total elapsed : 229.267232
Iter : 3060 To explore : 358365 Explored : 375194 Total elapsed : 229.771391
Iter : 3070 To explore : 359575 Explored : 376414 Total elapsed : 230.367495
Iter : 3080 To explore : 360765 Explored : 377614 Total elapsed : 230.909187
Iter : 3090 To explore : 361930 Explored : 378789 Total elapsed : 231.419512
Iter : 3100 To explore : 363070 Explored : 379939 Total elapsed : 231.885472
Iter : 3110 To explore : 364185 Explored : 381064 Total elapsed : 232.388863
Iter : 3120 To explore : 365277 Explored : 382166 Total elapsed : 232.948654
Iter : 3130 To explore : 366347 Explored : 383246 Total elapsed : 233.462185
Iter : 3140 To explore : 367260 Explored : 384169 Total elapsed : 234.357358
Iter : 3150 To explore : 368116 Explored : 385035 Total elapsed : 235.353187
Iter : 3160 To explore : 368951 Explored : 385880 Total elapsed : 236.163989
Iter : 3170 To explore : 370635 Explored : 387574 Total elapsed : 237.053969
Iter : 3180 To explore : 372422 Explored : 389371 Total elapsed : 237.806452
Iter : 3190 To explore : 373156 Explored : 390115 Total elapsed : 238.28026
Iter : 3200 To explore : 373961 Explored : 390930 Total elapsed : 238.794224
Iter : 3210 To explore : 374739 Explored : 391718 Total elapsed : 239.381901
Iter : 3220 To explore : 375489 Explored : 392478 Total elapsed : 239.883305
Iter : 3230 To explore : 376214 Explored : 393213 Total elapsed : 240.345606
Iter : 3240 To explore : 376919 Explored : 393928 Total elapsed : 240.84011
Iter : 3250 To explore : 377599 Explored : 394618 Total elapsed : 241.445699
Iter : 3260 To explore : 378254 Explored : 395283 Total elapsed : 241.92714
Iter : 3270 To explore : 378884 Explored : 395923 Total elapsed : 242.441333
Iter : 3280 To explore : 379491 Explored : 396540 Total elapsed : 242.900914
Iter : 3290 To explore : 380076 Explored : 397135 Total elapsed : 243.473055
Iter : 3300 To explore : 380640 Explored : 397709 Total elapsed : 244.060892
Iter : 3310 To explore : 381178 Explored : 398257 Total elapsed : 244.527698
Iter : 3320 To explore : 381961 Explored : 399050 Total elapsed : 245.382282
Iter : 3330 To explore : 382807 Explored : 399906 Total elapsed : 246.289474
Iter : 3340 To explore : 383438 Explored : 400547 Total elapsed : 247.157175
Iter : 3350 To explore : 383930 Explored : 401049 Total elapsed : 247.736869
Iter : 3360 To explore : 384633 Explored : 401762 Total elapsed : 248.771311
Iter : 3370 To explore : 385373 Explored : 402512 Total elapsed : 250.164697
Iter : 3380 To explore : 385966 Explored : 403115 Total elapsed : 250.987009
Iter : 3390 To explore : 386451 Explored : 403610 Total elapsed : 251.519618
Iter : 3400 To explore : 386911 Explored : 404080 Total elapsed : 252.034376
Iter : 3410 To explore : 387336 Explored : 404515 Total elapsed : 252.519222
Iter : 3420 To explore : 387746 Explored : 404935 Total elapsed : 253.015627
Iter : 3430 To explore : 388114 Explored : 405313 Total elapsed : 253.524312
Iter : 3440 To explore : 388741 Explored : 405950 Total elapsed : 254.192947
Iter : 3450 To explore : 390002 Explored : 407221 Total elapsed : 255.396464
Iter : 3460 To explore : 390801 Explored : 408030 Total elapsed : 256.144027
Iter : 3470 To explore : 391395 Explored : 408634 Total elapsed : 256.855268
Iter : 3480 To explore : 392010 Explored : 409259 Total elapsed : 257.779983
Iter : 3490 To explore : 392605 Explored : 409864 Total elapsed : 258.807436
Iter : 3500 To explore : 393172 Explored : 410441 Total elapsed : 259.648572
Iter : 3510 To explore : 393712 Explored : 410991 Total elapsed : 260.808085
Iter : 3520 To explore : 394227 Explored : 411516 Total elapsed : 261.793653
Iter : 3530 To explore : 394717 Explored : 412016 Total elapsed : 262.80625
Iter : 3540 To explore : 395199 Explored : 412508 Total elapsed : 263.723342
Iter : 3550 To explore : 395585 Explored : 412904 Total elapsed : 264.413602
Iter : 3560 To explore : 396015 Explored : 413344 Total elapsed : 265.606121
Iter : 3570 To explore : 396430 Explored : 413769 Total elapsed : 266.626023
Iter : 3580 To explore : 396806 Explored : 414155 Total elapsed : 267.681278
Iter : 3590 To explore : 398406 Explored : 415765 Total elapsed : 268.197928
Iter : 3600 To explore : 399981 Explored : 417350 Total elapsed : 268.689798
Iter : 3610 To explore : 401531 Explored : 418910 Total elapsed : 269.252461
Iter : 3620 To explore : 403056 Explored : 420445 Total elapsed : 269.76693
Iter : 3630 To explore : 404556 Explored : 421955 Total elapsed : 270.242376
Iter : 3640 To explore : 406031 Explored : 423440 Total elapsed : 270.746789
Iter : 3650 To explore : 407481 Explored : 424900 Total elapsed : 271.294382
Iter : 3660 To explore : 408906 Explored : 426335 Total elapsed : 271.861617
Iter : 3670 To explore : 410306 Explored : 427745 Total elapsed : 272.365434
Iter : 3680 To explore : 411680 Explored : 429129 Total elapsed : 272.855346
Iter : 3690 To explore : 413030 Explored : 430489 Total elapsed : 273.340442
Iter : 3700 To explore : 414152 Explored : 431621 Total elapsed : 273.812771
Iter : 3710 To explore : 415457 Explored : 432936 Total elapsed : 274.395402
Iter : 3720 To explore : 416737 Explored : 434226 Total elapsed : 274.864038
Iter : 3730 To explore : 418249 Explored : 435748 Total elapsed : 275.76175
Iter : 3740 To explore : 419909 Explored : 437418 Total elapsed : 276.729445
Iter : 3750 To explore : 421544 Explored : 439063 Total elapsed : 277.760319
Iter : 3760 To explore : 423154 Explored : 440683 Total elapsed : 278.788375
Iter : 3770 To explore : 424739 Explored : 442278 Total elapsed : 279.724397
Iter : 3780 To explore : 426298 Explored : 443847 Total elapsed : 280.6201
Iter : 3790 To explore : 427828 Explored : 445387 Total elapsed : 281.464572
Iter : 3800 To explore : 429333 Explored : 446902 Total elapsed : 282.471628
Iter : 3810 To explore : 430809 Explored : 448388 Total elapsed : 283.489454
Iter : 3820 To explore : 432259 Explored : 449848 Total elapsed : 284.430659
Iter : 3830 To explore : 433684 Explored : 451283 Total elapsed : 285.329995
Iter : 3840 To explore : 435084 Explored : 452693 Total elapsed : 286.281793
Iter : 3850 To explore : 436459 Explored : 454078 Total elapsed : 287.280591
Iter : 3860 To explore : 437809 Explored : 455438 Total elapsed : 288.255438
Iter : 3870 To explore : 439132 Explored : 456771 Total elapsed : 289.188597
Iter : 3880 To explore : 440427 Explored : 458076 Total elapsed : 290.113659
Iter : 3890 To explore : 441697 Explored : 459356 Total elapsed : 291.027124
Iter : 3900 To explore : 442941 Explored : 460610 Total elapsed : 291.97003
Iter : 3910 To explore : 444161 Explored : 461840 Total elapsed : 292.930587
Iter : 3920 To explore : 445179 Explored : 462868 Total elapsed : 293.607898
Iter : 3930 To explore : 446354 Explored : 464053 Total elapsed : 294.481052
Iter : 3940 To explore : 447504 Explored : 465213 Total elapsed : 295.194332
Iter : 3950 To explore : 448629 Explored : 466348 Total elapsed : 295.960304
Iter : 3960 To explore : 449729 Explored : 467458 Total elapsed : 296.788272
Iter : 3970 To explore : 450804 Explored : 468543 Total elapsed : 297.703879
Iter : 3980 To explore : 451975 Explored : 469724 Total elapsed : 298.321827
Iter : 3990 To explore : 453585 Explored : 471344 Total elapsed : 298.885603
Iter : 4000 To explore : 455170 Explored : 472939 Total elapsed : 299.463681
Iter : 4010 To explore : 456730 Explored : 474509 Total elapsed : 300.142124
Iter : 4020 To explore : 458265 Explored : 476054 Total elapsed : 300.693296
Iter : 4030 To explore : 459775 Explored : 477574 Total elapsed : 301.262429
Iter : 4040 To explore : 461260 Explored : 479069 Total elapsed : 301.740324
Iter : 4050 To explore : 462713 Explored : 480532 Total elapsed : 302.36822
Iter : 4060 To explore : 464148 Explored : 481977 Total elapsed : 303.018606
Iter : 4070 To explore : 465332 Explored : 483171 Total elapsed : 303.507572
Iter : 4080 To explore : 466722 Explored : 484571 Total elapsed : 303.983394
Iter : 4090 To explore : 468213 Explored : 486072 Total elapsed : 304.509532
Iter : 4100 To explore : 469867 Explored : 487736 Total elapsed : 305.128104
Iter : 4110 To explore : 471492 Explored : 489371 Total elapsed : 305.690594
Iter : 4120 To explore : 473092 Explored : 490981 Total elapsed : 306.235564
Iter : 4130 To explore : 474667 Explored : 492566 Total elapsed : 306.737737
Iter : 4140 To explore : 476217 Explored : 494126 Total elapsed : 307.297345
Iter : 4150 To explore : 477742 Explored : 495661 Total elapsed : 307.803038
Iter : 4160 To explore : 479238 Explored : 497167 Total elapsed : 308.357478
Iter : 4170 To explore : 480708 Explored : 498647 Total elapsed : 308.955954
Iter : 4180 To explore : 482151 Explored : 500100 Total elapsed : 309.451857
Iter : 4190 To explore : 483566 Explored : 501525 Total elapsed : 309.980419
Iter : 4200 To explore : 484955 Explored : 502924 Total elapsed : 310.464452
Iter : 4210 To explore : 486315 Explored : 504294 Total elapsed : 311.006978
Iter : 4220 To explore : 487650 Explored : 505639 Total elapsed : 311.585889
Iter : 4230 To explore : 488960 Explored : 506959 Total elapsed : 312.121466
Iter : 4240 To explore : 490245 Explored : 508254 Total elapsed : 312.664
Iter : 4250 To explore : 491505 Explored : 509524 Total elapsed : 313.200544
Iter : 4260 To explore : 492740 Explored : 510769 Total elapsed : 313.686472
Iter : 4270 To explore : 493949 Explored : 511988 Total elapsed : 314.194941
Iter : 4280 To explore : 495134 Explored : 513183 Total elapsed : 314.78262
Iter : 4290 To explore : 496124 Explored : 514183 Total elapsed : 315.272994
Iter : 4300 To explore : 497264 Explored : 515333 Total elapsed : 315.750039
Iter : 4310 To explore : 498381 Explored : 516460 Total elapsed : 316.221408
Iter : 4320 To explore : 499476 Explored : 517565 Total elapsed : 316.665953
Iter : 4330 To explore : 500546 Explored : 518645 Total elapsed : 317.205923
Iter : 4340 To explore : 501591 Explored : 519700 Total elapsed : 317.807515
Iter : 4350 To explore : 502900 Explored : 521019 Total elapsed : 318.369076
Iter : 4360 To explore : 503897 Explored : 522026 Total elapsed : 318.932693
Iter : 4370 To explore : 504871 Explored : 523010 Total elapsed : 319.447084
Iter : 4380 To explore : 505926 Explored : 524075 Total elapsed : 320.040065
Iter : 4390 To explore : 506310 Explored : 524469 Total elapsed : 320.467672
Iter : 4400 To explore : 507947 Explored : 526116 Total elapsed : 321.098712
Iter : 4410 To explore : 509414 Explored : 527593 Total elapsed : 321.651784
Iter : 4420 To explore : 510757 Explored : 528946 Total elapsed : 322.250302
Iter : 4430 To explore : 511572 Explored : 529771 Total elapsed : 322.753397
Iter : 4440 To explore : 512734 Explored : 530943 Total elapsed : 323.283689
Iter : 4450 To explore : 514561 Explored : 532780 Total elapsed : 323.883247
Iter : 4460 To explore : 516734 Explored : 534963 Total elapsed : 324.515384
Iter : 4470 To explore : 518365 Explored : 536604 Total elapsed : 325.048828
Iter : 4480 To explore : 520713 Explored : 538962 Total elapsed : 325.632254
Iter : 4490 To explore : 522724 Explored : 540983 Total elapsed : 326.155205
Iter : 4500 To explore : 524259 Explored : 542528 Total elapsed : 326.713405
Iter : 4510 To explore : 526001 Explored : 544280 Total elapsed : 327.414762
Iter : 4520 To explore : 527865 Explored : 546154 Total elapsed : 327.960784
Iter : 4530 To explore : 529967 Explored : 548266 Total elapsed : 328.534957
Iter : 4540 To explore : 531442 Explored : 549751 Total elapsed : 329.018155
Iter : 4550 To explore : 532891 Explored : 551210 Total elapsed : 329.564265
Iter : 4560 To explore : 534311 Explored : 552640 Total elapsed : 330.104663
Iter : 4570 To explore : 535706 Explored : 554045 Total elapsed : 330.721963
Iter : 4580 To explore : 537072 Explored : 555421 Total elapsed : 331.26039
Iter : 4590 To explore : 538412 Explored : 556771 Total elapsed : 331.748611
Iter : 4600 To explore : 539724 Explored : 558093 Total elapsed : 332.212529
Iter : 4610 To explore : 541009 Explored : 559388 Total elapsed : 332.765743
Iter : 4620 To explore : 542269 Explored : 560658 Total elapsed : 333.325764
Iter : 4630 To explore : 543504 Explored : 561903 Total elapsed : 333.875801
Iter : 4640 To explore : 544714 Explored : 563123 Total elapsed : 334.345421
Iter : 4650 To explore : 545899 Explored : 564318 Total elapsed : 334.859113
Iter : 4660 To explore : 547410 Explored : 565839 Total elapsed : 335.397286
Iter : 4670 To explore : 548982 Explored : 567421 Total elapsed : 335.94895
Iter : 4680 To explore : 550498 Explored : 568947 Total elapsed : 336.498996
Iter : 4690 To explore : 552558 Explored : 571017 Total elapsed : 337.154158
Iter : 4700 To explore : 554103 Explored : 572572 Total elapsed : 337.678517
Iter : 4710 To explore : 555631 Explored : 574110 Total elapsed : 338.188059
Iter : 4720 To explore : 556924 Explored : 575413 Total elapsed : 338.725344
Iter : 4730 To explore : 557885 Explored : 576384 Total elapsed : 339.204107
Iter : 4740 To explore : 558990 Explored : 577499 Total elapsed : 339.725582
Iter : 4750 To explore : 560066 Explored : 578585 Total elapsed : 340.26037
Iter : 4760 To explore : 561122 Explored : 579651 Total elapsed : 340.842987
Iter : 4770 To explore : 562157 Explored : 580696 Total elapsed : 341.313639
Iter : 4780 To explore : 563167 Explored : 581716 Total elapsed : 341.863788
Iter : 4790 To explore : 564152 Explored : 582711 Total elapsed : 342.367068
Iter : 4800 To explore : 565118 Explored : 583687 Total elapsed : 342.89211
Iter : 4810 To explore : 566066 Explored : 584645 Total elapsed : 343.408006
Iter : 4820 To explore : 566991 Explored : 585580 Total elapsed : 344.009567
Iter : 4830 To explore : 567891 Explored : 586490 Total elapsed : 344.514646
Iter : 4840 To explore : 568766 Explored : 587375 Total elapsed : 345.058531
Iter : 4850 To explore : 569616 Explored : 588235 Total elapsed : 345.539969
Iter : 4860 To explore : 570442 Explored : 589071 Total elapsed : 346.04376
Iter : 4870 To explore : 571247 Explored : 589886 Total elapsed : 346.552007
Iter : 4880 To explore : 572023 Explored : 590672 Total elapsed : 347.143721
Iter : 4890 To explore : 572773 Explored : 591432 Total elapsed : 347.71313
Iter : 4900 To explore : 573498 Explored : 592167 Total elapsed : 348.206295
Iter : 4910 To explore : 574198 Explored : 592877 Total elapsed : 348.733302
Iter : 4920 To explore : 574873 Explored : 593562 Total elapsed : 349.271129
Iter : 4930 To explore : 575523 Explored : 594222 Total elapsed : 349.786902
Iter : 4940 To explore : 576138 Explored : 594847 Total elapsed : 350.305092
Iter : 4950 To explore : 577415 Explored : 596134 Total elapsed : 351.033789
Iter : 4960 To explore : 578900 Explored : 597629 Total elapsed : 351.561972
Iter : 4970 To explore : 580360 Explored : 599099 Total elapsed : 352.086235
Iter : 4980 To explore : 581795 Explored : 600544 Total elapsed : 352.565672
Iter : 4990 To explore : 583205 Explored : 601964 Total elapsed : 353.042508
Iter : 5000 To explore : 584594 Explored : 603363 Total elapsed : 353.540617
Iter : 5010 To explore : 585957 Explored : 604736 Total elapsed : 354.194063
Iter : 5020 To explore : 587292 Explored : 606081 Total elapsed : 354.734386
Iter : 5030 To explore : 588602 Explored : 607401 Total elapsed : 355.269411
Iter : 5040 To explore : 589887 Explored : 608696 Total elapsed : 355.754292
Iter : 5050 To explore : 591147 Explored : 609966 Total elapsed : 356.248638
Iter : 5060 To explore : 592382 Explored : 611211 Total elapsed : 356.754016
Iter : 5070 To explore : 593592 Explored : 612431 Total elapsed : 357.344888
Iter : 5080 To explore : 594772 Explored : 613621 Total elapsed : 357.936875
Iter : 5090 To explore : 596641 Explored : 615500 Total elapsed : 358.602008
Iter : 5100 To explore : 597277 Explored : 616146 Total elapsed : 359.024787
Iter : 5110 To explore : 597787 Explored : 616666 Total elapsed : 359.500192
Iter : 5120 To explore : 599328 Explored : 618217 Total elapsed : 360.133509
Iter : 5130 To explore : 600302 Explored : 619201 Total elapsed : 360.605485
Iter : 5140 To explore : 600829 Explored : 619738 Total elapsed : 361.279441
Iter : 5150 To explore : 601344 Explored : 620263 Total elapsed : 361.878536
Iter : 5160 To explore : 601833 Explored : 620762 Total elapsed : 362.52835
Iter : 5170 To explore : 602293 Explored : 621232 Total elapsed : 363.083212
Iter : 5180 To explore : 602728 Explored : 621677 Total elapsed : 363.609136
Iter : 5190 To explore : 603138 Explored : 622097 Total elapsed : 364.089411
Iter : 5200 To explore : 603793 Explored : 622762 Total elapsed : 364.624196
Iter : 5210 To explore : 605232 Explored : 624211 Total elapsed : 365.350675
Iter : 5220 To explore : 606321 Explored : 625310 Total elapsed : 365.892464
Iter : 5230 To explore : 607228 Explored : 626227 Total elapsed : 366.389128
Iter : 5240 To explore : 608558 Explored : 627567 Total elapsed : 367.00928
Iter : 5250 To explore : 609558 Explored : 628577 Total elapsed : 367.553112
Iter : 5260 To explore : 610546 Explored : 629575 Total elapsed : 368.053784
Iter : 5270 To explore : 611385 Explored : 630424 Total elapsed : 368.639225
Iter : 5280 To explore : 612270 Explored : 631319 Total elapsed : 369.419539
Iter : 5290 To explore : 613092 Explored : 632151 Total elapsed : 369.956618
Iter : 5300 To explore : 613724 Explored : 632793 Total elapsed : 370.405794
Iter : 5310 To explore : 614734 Explored : 633813 Total elapsed : 370.906107
Iter : 5320 To explore : 615639 Explored : 634728 Total elapsed : 371.469158
Iter : 5330 To explore : 616142 Explored : 635241 Total elapsed : 371.857514
Iter : 5340 To explore : 617347 Explored : 636456 Total elapsed : 372.648265
Iter : 5350 To explore : 618784 Explored : 637903 Total elapsed : 373.543342
Iter : 5360 To explore : 621053 Explored : 640182 Total elapsed : 374.865661
Iter : 5370 To explore : 622187 Explored : 641326 Total elapsed : 375.59825
Iter : 5380 To explore : 623529 Explored : 642678 Total elapsed : 376.737879
Iter : 5390 To explore : 625038 Explored : 644197 Total elapsed : 378.011466
Iter : 5400 To explore : 626333 Explored : 645502 Total elapsed : 379.73765
Iter : 5410 To explore : 627600 Explored : 646779 Total elapsed : 380.814785
Iter : 5420 To explore : 628845 Explored : 648034 Total elapsed : 381.710854
Iter : 5430 To explore : 630065 Explored : 649264 Total elapsed : 382.724477
Iter : 5440 To explore : 631260 Explored : 650469 Total elapsed : 383.658986
Iter : 5450 To explore : 632252 Explored : 651471 Total elapsed : 384.428985
Iter : 5460 To explore : 632923 Explored : 652152 Total elapsed : 384.871485
Iter : 5470 To explore : 634265 Explored : 653504 Total elapsed : 385.556013
Iter : 5480 To explore : 636259 Explored : 655508 Total elapsed : 386.162668
Iter : 5490 To explore : 637787 Explored : 657046 Total elapsed : 387.151666
Iter : 5500 To explore : 638212 Explored : 657481 Total elapsed : 388.161369
Iter : 5510 To explore : 639043 Explored : 658322 Total elapsed : 389.179929
Iter : 5520 To explore : 639744 Explored : 659033 Total elapsed : 390.058487
Iter : 5530 To explore : 640824 Explored : 660123 Total elapsed : 390.868389
Iter : 5540 To explore : 642063 Explored : 661372 Total elapsed : 392.123042
Iter : 5550 To explore : 643826 Explored : 663145 Total elapsed : 393.584878
Iter : 5560 To explore : 644792 Explored : 664121 Total elapsed : 394.350869
Iter : 5570 To explore : 646032 Explored : 665371 Total elapsed : 395.103794
Iter : 5580 To explore : 647493 Explored : 666842 Total elapsed : 395.793226
Iter : 5590 To explore : 649293 Explored : 668652 Total elapsed : 396.459579
Iter : 5600 To explore : 650502 Explored : 669871 Total elapsed : 397.35098
Iter : 5610 To explore : 651685 Explored : 671064 Total elapsed : 397.895332
Iter : 5620 To explore : 652845 Explored : 672234 Total elapsed : 398.467716
Iter : 5630 To explore : 653980 Explored : 673379 Total elapsed : 398.974815
Iter : 5640 To explore : 655090 Explored : 674499 Total elapsed : 399.601675
Iter : 5650 To explore : 656175 Explored : 675594 Total elapsed : 400.19821
Iter : 5660 To explore : 657235 Explored : 676664 Total elapsed : 400.929828
Iter : 5670 To explore : 658270 Explored : 677709 Total elapsed : 401.541924
Iter : 5680 To explore : 659278 Explored : 678727 Total elapsed : 402.562019
Iter : 5690 To explore : 660198 Explored : 679657 Total elapsed : 403.483831
Iter : 5700 To explore : 661093 Explored : 680562 Total elapsed : 404.420928
Iter : 5710 To explore : 661963 Explored : 681442 Total elapsed : 405.393941
Iter : 5720 To explore : 662808 Explored : 682297 Total elapsed : 406.273905
Iter : 5730 To explore : 663628 Explored : 683127 Total elapsed : 407.242288
Iter : 5740 To explore : 664318 Explored : 683827 Total elapsed : 408.142485
Iter : 5750 To explore : 665093 Explored : 684612 Total elapsed : 409.030241
Iter : 5760 To explore : 665833 Explored : 685362 Total elapsed : 410.018345
Iter : 5770 To explore : 666558 Explored : 686097 Total elapsed : 410.634871
Iter : 5780 To explore : 667258 Explored : 686807 Total elapsed : 411.632135
Iter : 5790 To explore : 667933 Explored : 687492 Total elapsed : 412.160392
Iter : 5800 To explore : 668583 Explored : 688152 Total elapsed : 412.968544
Iter : 5810 To explore : 669208 Explored : 688787 Total elapsed : 413.754553
Iter : 5820 To explore : 669808 Explored : 689397 Total elapsed : 414.680713
Iter : 5830 To explore : 671017 Explored : 690616 Total elapsed : 415.346499
Iter : 5840 To explore : 672622 Explored : 692231 Total elapsed : 415.985886
Iter : 5850 To explore : 674202 Explored : 693821 Total elapsed : 416.504972
Iter : 5860 To explore : 675757 Explored : 695386 Total elapsed : 417.277919
Iter : 5870 To explore : 677287 Explored : 696926 Total elapsed : 417.759473
Iter : 5880 To explore : 678793 Explored : 698442 Total elapsed : 418.664832
Iter : 5890 To explore : 680345 Explored : 700004 Total elapsed : 419.399285
Iter : 5900 To explore : 681981 Explored : 701650 Total elapsed : 420.515388
Iter : 5910 To explore : 683591 Explored : 703270 Total elapsed : 421.389266
Iter : 5920 To explore : 684700 Explored : 704389 Total elapsed : 422.105422
Iter : 5930 To explore : 685660 Explored : 705359 Total elapsed : 422.616974
Iter : 5940 To explore : 686596 Explored : 706305 Total elapsed : 423.404537
Iter : 5950 To explore : 687506 Explored : 707225 Total elapsed : 424.001739
Iter : 5960 To explore : 688139 Explored : 707868 Total elapsed : 425.019968
Iter : 5970 To explore : 688684 Explored : 708423 Total elapsed : 426.051369
Iter : 5980 To explore : 689204 Explored : 708953 Total elapsed : 426.965514
Iter : 5990 To explore : 689699 Explored : 709458 Total elapsed : 427.964908
Iter : 6000 To explore : 690169 Explored : 709938 Total elapsed : 428.840942
Iter : 6010 To explore : 690614 Explored : 710393 Total elapsed : 429.745067
Iter : 6020 To explore : 691034 Explored : 710823 Total elapsed : 430.754709
Iter : 6030 To explore : 691429 Explored : 711228 Total elapsed : 431.750394
Iter : 6040 To explore : 691799 Explored : 711608 Total elapsed : 432.73487
Iter : 6050 To explore : 692144 Explored : 711963 Total elapsed : 433.65364
Iter : 6060 To explore : 692464 Explored : 712293 Total elapsed : 434.561733
Iter : 6070 To explore : 693219 Explored : 713058 Total elapsed : 435.155739
Iter : 6080 To explore : 693833 Explored : 713682 Total elapsed : 435.668978
Iter : 6090 To explore : 694765 Explored : 714624 Total elapsed : 436.30072
Iter : 6100 To explore : 695968 Explored : 715837 Total elapsed : 437.029866
Iter : 6110 To explore : 696706 Explored : 716585 Total elapsed : 437.610189
Iter : 6120 To explore : 697456 Explored : 717345 Total elapsed : 438.411965
Iter : 6130 To explore : 698181 Explored : 718080 Total elapsed : 439.015585
Iter : 6140 To explore : 698803 Explored : 718712 Total elapsed : 439.655867
Iter : 6150 To explore : 699177 Explored : 719096 Total elapsed : 440.108704
Iter : 6160 To explore : 699894 Explored : 719823 Total elapsed : 440.63112
Iter : 6170 To explore : 700544 Explored : 720483 Total elapsed : 441.273555
Iter : 6180 To explore : 701534 Explored : 721483 Total elapsed : 442.171187
Iter : 6190 To explore : 702584 Explored : 722543 Total elapsed : 443.273987
Iter : 6200 To explore : 703497 Explored : 723466 Total elapsed : 444.08687
Iter : 6210 To explore : 704282 Explored : 724261 Total elapsed : 446.141207
Iter : 6220 To explore : 705037 Explored : 725026 Total elapsed : 447.811357
Iter : 6230 To explore : 705923 Explored : 725922 Total elapsed : 448.632717
Iter : 6240 To explore : 706888 Explored : 726897 Total elapsed : 449.558023
Iter : 6250 To explore : 707656 Explored : 727675 Total elapsed : 450.18712
Iter : 6260 To explore : 708361 Explored : 728390 Total elapsed : 451.09665
Iter : 6270 To explore : 709111 Explored : 729150 Total elapsed : 452.23763
Iter : 6280 To explore : 709766 Explored : 729815 Total elapsed : 453.202136
Iter : 6290 To explore : 710394 Explored : 730453 Total elapsed : 454.268655
Iter : 6300 To explore : 710994 Explored : 731063 Total elapsed : 455.21548
Iter : 6310 To explore : 711569 Explored : 731648 Total elapsed : 456.236027
Iter : 6320 To explore : 712119 Explored : 732208 Total elapsed : 457.211975
Iter : 6330 To explore : 712644 Explored : 732743 Total elapsed : 458.138996
Iter : 6340 To explore : 713144 Explored : 733253 Total elapsed : 459.05165
Iter : 6350 To explore : 713619 Explored : 733738 Total elapsed : 459.967295
Iter : 6360 To explore : 714069 Explored : 734198 Total elapsed : 460.904408
Iter : 6370 To explore : 714494 Explored : 734633 Total elapsed : 461.828031
Iter : 6380 To explore : 714894 Explored : 735043 Total elapsed : 462.760998
Iter : 6390 To explore : 715269 Explored : 735428 Total elapsed : 463.672489
Iter : 6400 To explore : 715619 Explored : 735788 Total elapsed : 464.645348
Iter : 6410 To explore : 715944 Explored : 736123 Total elapsed : 465.611179
Iter : 6420 To explore : 716625 Explored : 736814 Total elapsed : 466.532274
Iter : 6430 To explore : 717535 Explored : 737734 Total elapsed : 467.809574
Iter : 6440 To explore : 718420 Explored : 738629 Total elapsed : 468.738424
Iter : 6450 To explore : 719280 Explored : 739499 Total elapsed : 469.611783
Iter : 6460 To explore : 720115 Explored : 740344 Total elapsed : 470.688199
Iter : 6470 To explore : 720925 Explored : 741164 Total elapsed : 471.640474
Iter : 6480 To explore : 721710 Explored : 741959 Total elapsed : 472.425872
Iter : 6490 To explore : 722470 Explored : 742729 Total elapsed : 473.38982
Iter : 6500 To explore : 723205 Explored : 743474 Total elapsed : 474.136261
Iter : 6510 To explore : 723915 Explored : 744194 Total elapsed : 474.98384
Iter : 6520 To explore : 724600 Explored : 744889 Total elapsed : 475.790148
Iter : 6530 To explore : 725260 Explored : 745559 Total elapsed : 476.728294
Iter : 6540 To explore : 725885 Explored : 746194 Total elapsed : 477.531001
Iter : 6550 To explore : 726495 Explored : 746814 Total elapsed : 478.487141
Iter : 6560 To explore : 727018 Explored : 747347 Total elapsed : 479.217093
Iter : 6570 To explore : 727583 Explored : 747922 Total elapsed : 480.222256
Iter : 6580 To explore : 728123 Explored : 748472 Total elapsed : 481.202714
Iter : 6590 To explore : 728638 Explored : 748997 Total elapsed : 481.841396
Iter : 6600 To explore : 729128 Explored : 749497 Total elapsed : 482.624407
Iter : 6610 To explore : 729593 Explored : 749972 Total elapsed : 483.46921
Iter : 6620 To explore : 730033 Explored : 750422 Total elapsed : 484.131263
Iter : 6630 To explore : 730453 Explored : 750852 Total elapsed : 484.977568
Iter : 6640 To explore : 730848 Explored : 751257 Total elapsed : 485.688279
Iter : 6650 To explore : 731218 Explored : 751637 Total elapsed : 486.657188
Iter : 6660 To explore : 731563 Explored : 751992 Total elapsed : 487.374985
Iter : 6670 To explore : 732065 Explored : 752504 Total elapsed : 488.176602
Iter : 6680 To explore : 733270 Explored : 753719 Total elapsed : 488.702879
Iter : 6690 To explore : 734450 Explored : 754909 Total elapsed : 489.237577
Iter : 6700 To explore : 735605 Explored : 756074 Total elapsed : 489.728209
Iter : 6710 To explore : 736734 Explored : 757213 Total elapsed : 490.271174
Iter : 6720 To explore : 737834 Explored : 758323 Total elapsed : 490.772716
Iter : 6730 To explore : 738909 Explored : 759408 Total elapsed : 491.42095
Iter : 6740 To explore : 739621 Explored : 760130 Total elapsed : 491.96468
Iter : 6750 To explore : 740534 Explored : 761053 Total elapsed : 492.563816
Iter : 6760 To explore : 741247 Explored : 761776 Total elapsed : 493.075409
Iter : 6770 To explore : 741937 Explored : 762476 Total elapsed : 493.563644
Iter : 6780 To explore : 742602 Explored : 763151 Total elapsed : 494.024757
Iter : 6790 To explore : 743242 Explored : 763801 Total elapsed : 494.514107
Iter : 6800 To explore : 743857 Explored : 764426 Total elapsed : 495.004614
Iter : 6810 To explore : 744448 Explored : 765027 Total elapsed : 495.5702
Iter : 6820 To explore : 745018 Explored : 765607 Total elapsed : 496.209481
Iter : 6830 To explore : 745561 Explored : 766160 Total elapsed : 496.756828
Iter : 6840 To explore : 746076 Explored : 766685 Total elapsed : 497.259028
Iter : 6850 To explore : 746566 Explored : 767185 Total elapsed : 497.77432
Iter : 6860 To explore : 747031 Explored : 767660 Total elapsed : 498.265958
Iter : 6870 To explore : 747467 Explored : 768106 Total elapsed : 498.750971
Iter : 6880 To explore : 748077 Explored : 768726 Total elapsed : 499.2277
Iter : 6890 To explore : 748662 Explored : 769321 Total elapsed : 499.741192
Iter : 6900 To explore : 749222 Explored : 769891 Total elapsed : 500.306607
Iter : 6910 To explore : 749757 Explored : 770436 Total elapsed : 500.902418
Iter : 6920 To explore : 750269 Explored : 770958 Total elapsed : 501.408044
Iter : 6930 To explore : 750759 Explored : 771458 Total elapsed : 501.934606
Iter : 6940 To explore : 751224 Explored : 771933 Total elapsed : 502.418804
Iter : 6950 To explore : 751664 Explored : 772383 Total elapsed : 502.899036
Iter : 6960 To explore : 752079 Explored : 772808 Total elapsed : 503.44289
Iter : 6970 To explore : 752469 Explored : 773208 Total elapsed : 504.210411
Iter : 6980 To explore : 752834 Explored : 773583 Total elapsed : 504.732662
Iter : 6990 To explore : 753173 Explored : 773932 Total elapsed : 505.433028
Iter : 7000 To explore : 753475 Explored : 774244 Total elapsed : 506.040307
Iter : 7010 To explore : 754066 Explored : 774845 Total elapsed : 506.51311
Iter : 7020 To explore : 754944 Explored : 775733 Total elapsed : 507.030009
Iter : 7030 To explore : 755304 Explored : 776103 Total elapsed : 507.499021
Iter : 7040 To explore : 755824 Explored : 776633 Total elapsed : 507.990325
Iter : 7050 To explore : 756839 Explored : 777658 Total elapsed : 508.507504
Iter : 7060 To explore : 757827 Explored : 778656 Total elapsed : 509.100357
Iter : 7070 To explore : 758791 Explored : 779630 Total elapsed : 509.617548
Iter : 7080 To explore : 759798 Explored : 780647 Total elapsed : 510.598907
Iter : 7090 To explore : 761286 Explored : 782145 Total elapsed : 511.167666
Iter : 7100 To explore : 762069 Explored : 782938 Total elapsed : 511.607135
Iter : 7110 To explore : 763671 Explored : 784550 Total elapsed : 512.128916
Iter : 7120 To explore : 765251 Explored : 786140 Total elapsed : 512.598283
Iter : 7130 To explore : 766287 Explored : 787186 Total elapsed : 513.048096
Iter : 7140 To explore : 767825 Explored : 788734 Total elapsed : 513.578925
Iter : 7150 To explore : 769335 Explored : 790254 Total elapsed : 514.116355
Iter : 7160 To explore : 770818 Explored : 791747 Total elapsed : 514.652884
Iter : 7170 To explore : 772280 Explored : 793219 Total elapsed : 515.259363
Iter : 7180 To explore : 773720 Explored : 794669 Total elapsed : 515.873267
Iter : 7190 To explore : 775140 Explored : 796099 Total elapsed : 516.384324
Iter : 7200 To explore : 776315 Explored : 797284 Total elapsed : 516.949638
Iter : 7210 To explore : 778058 Explored : 799037 Total elapsed : 517.525796
Iter : 7220 To explore : 779360 Explored : 800349 Total elapsed : 518.023847
Iter : 7230 To explore : 780238 Explored : 801237 Total elapsed : 518.719557
Iter : 7240 To explore : 781123 Explored : 802132 Total elapsed : 519.194751
Iter : 7250 To explore : 782398 Explored : 803417 Total elapsed : 519.774778
Iter : 7260 To explore : 783037 Explored : 804066 Total elapsed : 520.294371
Iter : 7270 To explore : 784284 Explored : 805323 Total elapsed : 520.918322
Iter : 7280 To explore : 785513 Explored : 806562 Total elapsed : 521.466181
Iter : 7290 To explore : 786715 Explored : 807774 Total elapsed : 521.960245
Iter : 7300 To explore : 787883 Explored : 808952 Total elapsed : 522.475744
Iter : 7310 To explore : 789033 Explored : 810112 Total elapsed : 523.136598
Iter : 7320 To explore : 790151 Explored : 811240 Total elapsed : 523.781106
Iter : 7330 To explore : 791246 Explored : 812345 Total elapsed : 524.362441
Iter : 7340 To explore : 792314 Explored : 813423 Total elapsed : 524.960772
Iter : 7350 To explore : 793359 Explored : 814478 Total elapsed : 525.618189
Iter : 7360 To explore : 795147 Explored : 816276 Total elapsed : 526.272959
Iter : 7370 To explore : 797757 Explored : 818896 Total elapsed : 527.047843
Iter : 7380 To explore : 799783 Explored : 820932 Total elapsed : 527.699619
Iter : 7390 To explore : 802130 Explored : 823289 Total elapsed : 528.315704
Iter : 7400 To explore : 804785 Explored : 825954 Total elapsed : 528.924519
Iter : 7410 To explore : 807273 Explored : 828452 Total elapsed : 529.614715
=== Report ===
[1] [IO] line 400, (counter._value + 1) : unproven
[2] [IO] line 404, (counter._value - 1) : unproven
[3] [IO] line 986, (_ownedTokens[from].length - 1) : unproven
[4] [IO] line 998, (_ownedTokens[from].length - 1) : unproven
[5] [IO] line 1013, (_allTokens.length - 1) : unproven
[6] [IO] line 1025, (_allTokens.length - 1) : unproven
[7] [IO] line 1381, ((((_ba.length + _bb.length) + _bc.length) + _bd.length) + _be.length) : unproven
[8] [IO] line 1381, (((_ba.length + _bb.length) + _bc.length) + _bd.length) : unproven
[9] [IO] line 1381, ((_ba.length + _bb.length) + _bc.length) : unproven
[10] [IO] line 1381, (_ba.length + _bb.length) : unproven
[11] [IO] line 1488, (i + 1) : proven
[12] [IO] line 1499, (i + 1) : proven
[13] [IO] line 1505, (amount * 2) : unproven
[14] [IO] line 1517, (msg.value - fee) : proven
[15] [IO] line 1536, (i + 1) : proven
[16] [IO] line 1547, (i + 1) : proven
[17] [IO] line 1548, (id + 1) : unproven
[18] [IO] line 1564, (i + 1) : proven
[19] [DZ] line 1507, (toOwner / 100) : proven

=== Result Summary ===
# Queries                : 19
- integer over/underflow : 18
- division-by-zero       : 1
- assertion              : 0

# Alarms                 : 12
- integer over/underflow : 12
- division-by-zero       : 0
- assertion              : 0

# Proven                 : 7
- integer over/underflow : 6
- division-by-zero       : 1
- assertion              : 0

Time Elapsed : 530.045887
