ON: integer over/underflow
ON: division-by-zero

0x2d0e95bd4795d7ace0da3c0ff7b706a5970eb9d3_tmp.sol:6:5: Warning: Defining constructors as functions with the same name as the contract is deprecated. Use "constructor(...) { ... }" instead.
    function owned() public {
    ^ (Relevant source part starts here and spans across multiple lines).
0x2d0e95bd4795d7ace0da3c0ff7b706a5970eb9d3_tmp.sol:37:5: Warning: Defining constructors as functions with the same name as the contract is deprecated. Use "constructor(...) { ... }" instead.
    function TokenERC20(
    ^ (Relevant source part starts here and spans across multiple lines).
0x2d0e95bd4795d7ace0da3c0ff7b706a5970eb9d3_tmp.sol:91:5: Warning: Defining constructors as functions with the same name as the contract is deprecated. Use "constructor(...) { ... }" instead.
    function AllSportsCoin(
    ^ (Relevant source part starts here and spans across multiple lines).
0x2d0e95bd4795d7ace0da3c0ff7b706a5970eb9d3_tmp.sol:64:9: Warning: Invoking events without "emit" prefix is deprecated.
        Transfer(_from, _to, _value);
        ^--------------------------^
0x2d0e95bd4795d7ace0da3c0ff7b706a5970eb9d3_tmp.sol:101:9: Warning: Invoking events without "emit" prefix is deprecated.
        Transfer(_from, _to, _value);
        ^--------------------------^
- all funcs : 17
- reachable : 5
* Generating Paths ... took 1.3e-05s
- paths : 8

=== Report ===
[1] [IO] line 42, (10 ** uint256(decimals)) : proven
[2] [IO] line 42, (initialSupply * (10 ** uint256(decimals))) : proven
[3] [IO] line 98, (balanceOf[_to] + _value) : proven
[4] [IO] line 99, (balanceOf[_from] - _value) : proven
[5] [IO] line 100, (balanceOf[_to] + _value) : proven

=== Result Summary ===
# Queries                : 5
- integer over/underflow : 5
- division-by-zero       : 0
- assertion              : 0

# Alarms                 : 0
- integer over/underflow : 0
- division-by-zero       : 0
- assertion              : 0

# Proven                 : 5
- integer over/underflow : 5
- division-by-zero       : 0
- assertion              : 0

Time Elapsed : 0.300858
