ON: integer over/underflow
ON: division-by-zero

0xd850942ef8811f2a866692a623011bde52a462c1_tmp.sol:7:5: Warning: Defining constructors as functions with the same name as the contract is deprecated. Use "constructor(...) { ... }" instead.
    function Owned() {
    ^ (Relevant source part starts here and spans across multiple lines).
0xd850942ef8811f2a866692a623011bde52a462c1_tmp.sol:158:5: Warning: Defining constructors as functions with the same name as the contract is deprecated. Use "constructor(...) { ... }" instead.
    function VEN() {
    ^ (Relevant source part starts here and spans across multiple lines).
0xd850942ef8811f2a866692a623011bde52a462c1_tmp.sol:386:5: Warning: Defining constructors as functions with the same name as the contract is deprecated. Use "constructor(...) { ... }" instead.
    function VENSale() {
    ^ (Relevant source part starts here and spans across multiple lines).
0xd850942ef8811f2a866692a623011bde52a462c1_tmp.sol:189:17: Warning: Invoking events without "emit" prefix is deprecated.
                Transfer(this, _owner, bonus);
                ^---------------------------^
0xd850942ef8811f2a866692a623011bde52a462c1_tmp.sol:221:13: Warning: Invoking events without "emit" prefix is deprecated.
            Transfer(msg.sender, _to, _amount);
            ^--------------------------------^
0xd850942ef8811f2a866692a623011bde52a462c1_tmp.sol:252:13: Warning: Invoking events without "emit" prefix is deprecated.
            Transfer(_from, _to, _amount);
            ^---------------------------^
0xd850942ef8811f2a866692a623011bde52a462c1_tmp.sol:263:9: Warning: Invoking events without "emit" prefix is deprecated.
        Approval(msg.sender, _spender, _amount);
        ^-------------------------------------^
0xd850942ef8811f2a866692a623011bde52a462c1_tmp.sol:270:9: Warning: Invoking events without "emit" prefix is deprecated.
        Approval(msg.sender, _spender, _value);
        ^------------------------------------^
0xd850942ef8811f2a866692a623011bde52a462c1_tmp.sol:296:9: Warning: Invoking events without "emit" prefix is deprecated.
        Transfer(0, _owner, _amount);
        ^--------------------------^
0xd850942ef8811f2a866692a623011bde52a462c1_tmp.sol:303:9: Warning: Invoking events without "emit" prefix is deprecated.
        Transfer(0, this, _bonus);
        ^-----------------------^
0xd850942ef8811f2a866692a623011bde52a462c1_tmp.sol:490:13: Warning: Invoking events without "emit" prefix is deprecated.
            onSold(msg.sender, requested, ethCost);        
            ^------------------------------------^
0xd850942ef8811f2a866692a623011bde52a462c1_tmp.sol:528:9: Warning: Invoking events without "emit" prefix is deprecated.
        onSold(_channelAccount, _venAmount, 0);
        ^------------------------------------^
0xd850942ef8811f2a866692a623011bde52a462c1_tmp.sol:568:9: Warning: Invoking events without "emit" prefix is deprecated.
        onInitialized();
        ^-------------^
0xd850942ef8811f2a866692a623011bde52a462c1_tmp.sol:585:9: Warning: Invoking events without "emit" prefix is deprecated.
        onFinalized();
        ^-----------^
0xd850942ef8811f2a866692a623011bde52a462c1_tmp.sol:7:5: Warning: No visibility specified. Defaulting to "public". 
    function Owned() {
    ^ (Relevant source part starts here and spans across multiple lines).
0xd850942ef8811f2a866692a623011bde52a462c1_tmp.sol:16:5: Warning: No visibility specified. Defaulting to "public". 
    function setOwner(address _newOwner) onlyOwner {
    ^ (Relevant source part starts here and spans across multiple lines).
0xd850942ef8811f2a866692a623011bde52a462c1_tmp.sol:82:5: Warning: No visibility specified. Defaulting to "public". 
    function totalSupply() constant returns (uint256 supply);
    ^-------------------------------------------------------^
0xd850942ef8811f2a866692a623011bde52a462c1_tmp.sol:86:5: Warning: No visibility specified. Defaulting to "public". 
    function balanceOf(address _owner) constant returns (uint256 balance);
    ^--------------------------------------------------------------------^
0xd850942ef8811f2a866692a623011bde52a462c1_tmp.sol:92:5: Warning: No visibility specified. Defaulting to "public". 
    function transfer(address _to, uint256 _value) returns (bool success);
    ^--------------------------------------------------------------------^
0xd850942ef8811f2a866692a623011bde52a462c1_tmp.sol:99:5: Warning: No visibility specified. Defaulting to "public". 
    function transferFrom(address _from, address _to, uint256 _value) returns (bool success);
    ^---------------------------------------------------------------------------------------^
0xd850942ef8811f2a866692a623011bde52a462c1_tmp.sol:105:5: Warning: No visibility specified. Defaulting to "public". 
    function approve(address _spender, uint256 _value) returns (bool success);
    ^------------------------------------------------------------------------^
0xd850942ef8811f2a866692a623011bde52a462c1_tmp.sol:110:5: Warning: No visibility specified. Defaulting to "public". 
    function allowance(address _owner, address _spender) constant returns (uint256 remaining);
    ^----------------------------------------------------------------------------------------^
0xd850942ef8811f2a866692a623011bde52a462c1_tmp.sol:158:5: Warning: No visibility specified. Defaulting to "public". 
    function VEN() {
    ^ (Relevant source part starts here and spans across multiple lines).
0xd850942ef8811f2a866692a623011bde52a462c1_tmp.sol:161:5: Warning: No visibility specified. Defaulting to "public". 
    function totalSupply() constant returns (uint256 supply){
    ^ (Relevant source part starts here and spans across multiple lines).
0xd850942ef8811f2a866692a623011bde52a462c1_tmp.sol:166:5: Warning: No visibility specified. Defaulting to "public". 
    function () {
    ^ (Relevant source part starts here and spans across multiple lines).
0xd850942ef8811f2a866692a623011bde52a462c1_tmp.sol:171:5: Warning: No visibility specified. Defaulting to "public". 
    function isSealed() constant returns (bool) {
    ^ (Relevant source part starts here and spans across multiple lines).
0xd850942ef8811f2a866692a623011bde52a462c1_tmp.sol:175:5: Warning: No visibility specified. Defaulting to "public". 
    function lastMintedTimestamp(address _owner) constant returns(uint32) {
    ^ (Relevant source part starts here and spans across multiple lines).
0xd850942ef8811f2a866692a623011bde52a462c1_tmp.sol:195:5: Warning: No visibility specified. Defaulting to "public". 
    function balanceOf(address _owner) constant returns (uint256 balance) {
    ^ (Relevant source part starts here and spans across multiple lines).
0xd850942ef8811f2a866692a623011bde52a462c1_tmp.sol:209:5: Warning: No visibility specified. Defaulting to "public". 
    function transfer(address _to, uint256 _amount) returns (bool success) {
    ^ (Relevant source part starts here and spans across multiple lines).
0xd850942ef8811f2a866692a623011bde52a462c1_tmp.sol:234:5: Warning: No visibility specified. Defaulting to "public". 
    function transferFrom(
    ^ (Relevant source part starts here and spans across multiple lines).
0xd850942ef8811f2a866692a623011bde52a462c1_tmp.sol:261:5: Warning: No visibility specified. Defaulting to "public". 
    function approve(address _spender, uint256 _amount) returns (bool success) {
    ^ (Relevant source part starts here and spans across multiple lines).
0xd850942ef8811f2a866692a623011bde52a462c1_tmp.sol:268:5: Warning: No visibility specified. Defaulting to "public". 
    function approveAndCall(address _spender, uint256 _value, bytes _extraData) returns (bool success) {
    ^ (Relevant source part starts here and spans across multiple lines).
0xd850942ef8811f2a866692a623011bde52a462c1_tmp.sol:280:5: Warning: No visibility specified. Defaulting to "public". 
    function allowance(address _owner, address _spender) constant returns (uint256 remaining) {
    ^ (Relevant source part starts here and spans across multiple lines).
0xd850942ef8811f2a866692a623011bde52a462c1_tmp.sol:285:5: Warning: No visibility specified. Defaulting to "public". 
    function mint(address _owner, uint256 _amount, bool _isRaw, uint32 timestamp) onlyOwner{
    ^ (Relevant source part starts here and spans across multiple lines).
0xd850942ef8811f2a866692a623011bde52a462c1_tmp.sol:300:5: Warning: No visibility specified. Defaulting to "public". 
    function offerBonus(uint256 _bonus) onlyOwner { 
    ^ (Relevant source part starts here and spans across multiple lines).
0xd850942ef8811f2a866692a623011bde52a462c1_tmp.sol:307:5: Warning: No visibility specified. Defaulting to "public". 
    function seal() onlyOwner {
    ^ (Relevant source part starts here and spans across multiple lines).
0xd850942ef8811f2a866692a623011bde52a462c1_tmp.sol:313:5: Warning: No visibility specified. Defaulting to "public". 
    function receiveApproval(address _from, uint256 _value, address _tokenContract, bytes _extraData);
    ^------------------------------------------------------------------------------------------------^
0xd850942ef8811f2a866692a623011bde52a462c1_tmp.sol:386:5: Warning: No visibility specified. Defaulting to "public". 
    function VENSale() {
    ^ (Relevant source part starts here and spans across multiple lines).
0xd850942ef8811f2a866692a623011bde52a462c1_tmp.sol:392:5: Warning: No visibility specified. Defaulting to "public". 
    function exchangeRate() constant returns (uint256){
    ^ (Relevant source part starts here and spans across multiple lines).
0xd850942ef8811f2a866692a623011bde52a462c1_tmp.sol:403:5: Warning: No visibility specified. Defaulting to "public". 
    function blockTime() constant returns (uint32) {
    ^ (Relevant source part starts here and spans across multiple lines).
0xd850942ef8811f2a866692a623011bde52a462c1_tmp.sol:409:5: Warning: No visibility specified. Defaulting to "public". 
    function stage() constant returns (Stage) { 
    ^ (Relevant source part starts here and spans across multiple lines).
0xd850942ef8811f2a866692a623011bde52a462c1_tmp.sol:453:5: Warning: No visibility specified. Defaulting to "public". 
    function () payable {        
    ^ (Relevant source part starts here and spans across multiple lines).
0xd850942ef8811f2a866692a623011bde52a462c1_tmp.sol:458:5: Warning: No visibility specified. Defaulting to "public". 
    function buy() payable {
    ^ (Relevant source part starts here and spans across multiple lines).
0xd850942ef8811f2a866692a623011bde52a462c1_tmp.sol:501:5: Warning: No visibility specified. Defaulting to "public". 
    function officialSold() constant returns (uint256) {
    ^ (Relevant source part starts here and spans across multiple lines).
0xd850942ef8811f2a866692a623011bde52a462c1_tmp.sol:506:5: Warning: No visibility specified. Defaulting to "public". 
    function channelsSold() constant returns (uint256) {
    ^ (Relevant source part starts here and spans across multiple lines).
0xd850942ef8811f2a866692a623011bde52a462c1_tmp.sol:511:5: Warning: No visibility specified. Defaulting to "public". 
    function offerToChannel(address _channelAccount, uint256 _venAmount) onlyOwner {
    ^ (Relevant source part starts here and spans across multiple lines).
0xd850942ef8811f2a866692a623011bde52a462c1_tmp.sol:535:5: Warning: No visibility specified. Defaulting to "public". 
    function initialize(
    ^ (Relevant source part starts here and spans across multiple lines).
0xd850942ef8811f2a866692a623011bde52a462c1_tmp.sol:572:5: Warning: No visibility specified. Defaulting to "public". 
    function finalize() onlyOwner {
    ^ (Relevant source part starts here and spans across multiple lines).
0xd850942ef8811f2a866692a623011bde52a462c1_tmp.sol:26:3: Warning: Function state mutability can be restricted to pure
  function mul(uint256 a, uint256 b) internal constant returns (uint256) {
  ^ (Relevant source part starts here and spans across multiple lines).
0xd850942ef8811f2a866692a623011bde52a462c1_tmp.sol:32:3: Warning: Function state mutability can be restricted to pure
  function div(uint256 a, uint256 b) internal constant returns (uint256) {
  ^ (Relevant source part starts here and spans across multiple lines).
0xd850942ef8811f2a866692a623011bde52a462c1_tmp.sol:39:3: Warning: Function state mutability can be restricted to pure
  function sub(uint256 a, uint256 b) internal constant returns (uint256) {
  ^ (Relevant source part starts here and spans across multiple lines).
0xd850942ef8811f2a866692a623011bde52a462c1_tmp.sol:44:3: Warning: Function state mutability can be restricted to pure
  function add(uint256 a, uint256 b) internal constant returns (uint256) {
  ^ (Relevant source part starts here and spans across multiple lines).
0xd850942ef8811f2a866692a623011bde52a462c1_tmp.sol:50:3: Warning: Function state mutability can be restricted to pure
  function toUINT112(uint256 a) internal constant returns(uint112) {
  ^ (Relevant source part starts here and spans across multiple lines).
0xd850942ef8811f2a866692a623011bde52a462c1_tmp.sol:55:3: Warning: Function state mutability can be restricted to pure
  function toUINT120(uint256 a) internal constant returns(uint120) {
  ^ (Relevant source part starts here and spans across multiple lines).
0xd850942ef8811f2a866692a623011bde52a462c1_tmp.sol:60:3: Warning: Function state mutability can be restricted to pure
  function toUINT128(uint256 a) internal constant returns(uint128) {
  ^ (Relevant source part starts here and spans across multiple lines).
- all funcs : 70
- reachable : 32
* Generating Paths ... took 0.003511s
- paths : 198

Iter : 10 To explore : 10319 Explored : 10328 Total elapsed : 102.54012
Iter : 20 To explore : 22964 Explored : 22983 Total elapsed : 121.661483
Iter : 30 To explore : 35509 Explored : 35538 Total elapsed : 141.244697
Iter : 40 To explore : 47964 Explored : 48003 Total elapsed : 161.827336
Iter : 50 To explore : 60329 Explored : 60378 Total elapsed : 183.42149
Iter : 60 To explore : 72612 Explored : 72671 Total elapsed : 205.002162
Iter : 70 To explore : 84803 Explored : 84872 Total elapsed : 226.970344
Iter : 80 To explore : 96908 Explored : 96987 Total elapsed : 248.535911
Iter : 90 To explore : 108927 Explored : 109016 Total elapsed : 270.557608
Iter : 100 To explore : 120854 Explored : 120953 Total elapsed : 293.198476
Iter : 110 To explore : 132699 Explored : 132808 Total elapsed : 316.053634
Iter : 120 To explore : 144454 Explored : 144573 Total elapsed : 339.098888
Iter : 130 To explore : 156119 Explored : 156248 Total elapsed : 361.283342
Iter : 140 To explore : 167702 Explored : 167841 Total elapsed : 383.684032
Iter : 150 To explore : 179193 Explored : 179342 Total elapsed : 406.825332
Iter : 160 To explore : 190598 Explored : 190757 Total elapsed : 430.313248
Iter : 170 To explore : 201917 Explored : 202086 Total elapsed : 453.981094
Iter : 180 To explore : 213144 Explored : 213323 Total elapsed : 477.733978
=== Report ===
[1] [IO] line 287, (_amount + accounts[_owner].rawTokens) : unproven
[2] [IO] line 288, (_amount + supplies.rawTokens) : unproven
[3] [IO] line 290, (_amount + accounts[_owner].balance) : unproven
[4] [IO] line 295, (_amount + supplies.total) : unproven
[5] [IO] line 301, (bonusOffered + _bonus) : unproven
[6] [IO] line 302, (_bonus + supplies.total) : unproven
[7] [IO] line 338, (10 ** 27) : proven
[8] [IO] line 341, (10 ** 25) : proven
[9] [IO] line 341, (9 * (10 ** 25)) : proven
[10] [IO] line 342, (10 ** 25) : proven
[11] [IO] line 342, (23 * (10 ** 25)) : proven
[12] [IO] line 343, (10 ** 25) : proven
[13] [IO] line 343, (5 * (10 ** 25)) : proven
[14] [IO] line 344, (10 ** 25) : proven
[15] [IO] line 344, (22 * (10 ** 25)) : proven
[16] [IO] line 347, (((privateSupply + commercialPlan) + reservedForTeam) + reservedForOperations) : proven
[17] [IO] line 347, ((privateSupply + commercialPlan) + reservedForTeam) : proven
[18] [IO] line 347, (privateSupply + commercialPlan) : proven
[19] [IO] line 349, (((10 ** 9) * (10 ** 18)) - nonPublicSupply) : proven
[20] [IO] line 349, ((10 ** 9) * (10 ** 18)) : proven
[21] [IO] line 349, (10 ** 18) : proven
[22] [IO] line 349, (10 ** 9) : proven
[23] [IO] line 352, (10 ** 18) : proven
[24] [IO] line 352, (64371825 * (10 ** 18)) : proven
[25] [IO] line 353, (publicSupply - officialLimit) : proven
[26] [IO] line 369, (3500 + 525) : proven
[27] [IO] line 424, (uint256(soldOut.official) + soldOut.channels) : unproven
[28] [IO] line 431, (startTime + earlyStageLasts) : proven
[29] [IO] line 467, (ven.lastMintedTimestamp(msg.sender) + minBuyInterval) : unproven
[30] [IO] line 472, (maxBuyEthAmount * rate) : proven
[31] [IO] line 474, (msg.value * rate) : unproven
[32] [IO] line 477, (officialLimit - soldOut.official) : unproven
[33] [IO] line 489, (requested + soldOut.official) : proven
[34] [IO] line 493, (msg.value - ethCost) : unproven
[35] [IO] line 516, (_venAmount + soldOut.channels) : unproven
[36] [IO] line 555, (reservedForTeam + reservedForOperations) : proven
[37] [IO] line 562, (privateSupply + commercialPlan) : proven
[38] [IO] line 576, ((publicSupply - soldOut.official) - soldOut.channels) : unproven
[39] [IO] line 576, (publicSupply - soldOut.official) : unproven
[40] [DZ] line 461, (1000000000000000000 / 100) : proven
[41] [DZ] line 483, (requested / rate) : proven

=== Result Summary ===
# Queries                : 41
- integer over/underflow : 39
- division-by-zero       : 2
- assertion              : 0

# Alarms                 : 14
- integer over/underflow : 14
- division-by-zero       : 0
- assertion              : 0

# Proven                 : 27
- integer over/underflow : 25
- division-by-zero       : 2
- assertion              : 0

Time Elapsed : 590.790539
