ON: integer over/underflow
ON: division-by-zero

2018-13144_tmp.sol:83:5: Warning: Defining constructors as functions with the same name as the contract is deprecated. Use "constructor(...) { ... }" instead.
    function HumanStandardToken(uint256 _initialAmount, string _tokenName, uint8 _decimalUnits, string _tokenSymbol) {
    ^ (Relevant source part starts here and spans across multiple lines).
2018-13144_tmp.sol:39:9: Warning: Invoking events without "emit" prefix is deprecated.
        Transfer(msg.sender, _to, _value);//触发转币交易事件
        ^-------------------------------^
2018-13144_tmp.sol:52:9: Warning: Invoking events without "emit" prefix is deprecated.
        Transfer(_from, _to, _value);//触发转币交易事件
        ^--------------------------^
2018-13144_tmp.sol:63:9: Warning: Invoking events without "emit" prefix is deprecated.
        Approval(msg.sender, _spender, _value);
        ^------------------------------------^
2018-13144_tmp.sol:95:9: Warning: Invoking events without "emit" prefix is deprecated.
        Approval(msg.sender, _spender, _value);
        ^------------------------------------^
2018-13144_tmp.sol:99:46: Warning: "sha3" has been deprecated in favour of "keccak256"
        require(_spender.call(bytes4(bytes32(sha3("receiveApproval(address,uint256,address,bytes)"))), msg.sender, _value, this, _extraData));
                                             ^----------------------------------------------------^
2018-13144_tmp.sol:7:5: Warning: No visibility specified. Defaulting to "public". 
    function balanceOf(address _owner) constant returns (uint256 balance);
    ^--------------------------------------------------------------------^
2018-13144_tmp.sol:10:5: Warning: No visibility specified. Defaulting to "public". 
    function transfer(address _to, uint256 _value) returns (bool success);
    ^--------------------------------------------------------------------^
2018-13144_tmp.sol:13:5: Warning: No visibility specified. Defaulting to "public". 
    function transferFrom(address _from, address _to, uint256 _value) returns   
    ^ (Relevant source part starts here and spans across multiple lines).
2018-13144_tmp.sol:17:5: Warning: No visibility specified. Defaulting to "public". 
    function approve(address _spender, uint256 _value) returns (bool success);
    ^------------------------------------------------------------------------^
2018-13144_tmp.sol:20:5: Warning: No visibility specified. Defaulting to "public". 
    function allowance(address _owner, address _spender) constant returns 
    ^ (Relevant source part starts here and spans across multiple lines).
2018-13144_tmp.sol:32:5: Warning: No visibility specified. Defaulting to "public". 
    function transfer(address _to, uint256 _value) returns (bool success) {
    ^ (Relevant source part starts here and spans across multiple lines).
2018-13144_tmp.sol:44:5: Warning: No visibility specified. Defaulting to "public". 
    function transferFrom(address _from, address _to, uint256 _value) returns 
    ^ (Relevant source part starts here and spans across multiple lines).
2018-13144_tmp.sol:55:5: Warning: No visibility specified. Defaulting to "public". 
    function balanceOf(address _owner) constant returns (uint256 balance) {
    ^ (Relevant source part starts here and spans across multiple lines).
2018-13144_tmp.sol:60:5: Warning: No visibility specified. Defaulting to "public". 
    function approve(address _spender, uint256 _value) returns (bool success)   
    ^ (Relevant source part starts here and spans across multiple lines).
2018-13144_tmp.sol:68:5: Warning: No visibility specified. Defaulting to "public". 
    function allowance(address _owner, address _spender) constant returns (uint256 remaining) {
    ^ (Relevant source part starts here and spans across multiple lines).
2018-13144_tmp.sol:83:5: Warning: No visibility specified. Defaulting to "public". 
    function HumanStandardToken(uint256 _initialAmount, string _tokenName, uint8 _decimalUnits, string _tokenSymbol) {
    ^ (Relevant source part starts here and spans across multiple lines).
2018-13144_tmp.sol:93:5: Warning: No visibility specified. Defaulting to "public". 
    function approveAndCall(address _spender, uint256 _value, bytes _extraData) returns (bool success) {
    ^ (Relevant source part starts here and spans across multiple lines).
- all funcs : 29
- reachable : 9
* Generating Paths ... took 1.9e-05s
- paths : 13

Iter : 10 To explore : 1 Explored : 17 Total elapsed : 1.472305
=== Report ===
[1] [IO] line 37, (balances[msg.sender] - _value) : proven
[2] [IO] line 38, (balances[_to] + _value) : proven
[3] [IO] line 49, (balances[_to] + _value) : unproven
[4] [IO] line 50, (balances[_from] - _value) : unproven
[5] [IO] line 51, (allowed[_from][msg.sender] - _value) : proven

=== Result Summary ===
# Queries                : 5
- integer over/underflow : 5
- division-by-zero       : 0
- assertion              : 0

# Alarms                 : 2
- integer over/underflow : 2
- division-by-zero       : 0
- assertion              : 0

# Proven                 : 3
- integer over/underflow : 3
- division-by-zero       : 0
- assertion              : 0

Time Elapsed : 1.521279
