ON: integer over/underflow
ON: division-by-zero

2018-11561_tmp.sol:103:9: Warning: "throw" is deprecated in favour of "revert()", "require()" and "assert()".
        throw;
        ^---^
2018-11561_tmp.sol:125:5: Warning: Defining constructors as functions with the same name as the contract is deprecated. Use "constructor(...) { ... }" instead.
    function ERC20Token(
    ^ (Relevant source part starts here and spans across multiple lines).
2018-11561_tmp.sol:53:13: Warning: Invoking events without "emit" prefix is deprecated.
            Transfer(msg.sender, _to, _value);
            ^-------------------------------^
2018-11561_tmp.sol:65:13: Warning: Invoking events without "emit" prefix is deprecated.
            Transfer(_from, _to, _value);
            ^--------------------------^
2018-11561_tmp.sol:74:10: Warning: Invoking events without "emit" prefix is deprecated.
         Transfer(msg.sender, addresses[i], _value);
         ^----------------------------------------^
2018-11561_tmp.sol:84:9: Warning: Invoking events without "emit" prefix is deprecated.
        Approval(msg.sender, _spender, _value);
        ^------------------------------------^
2018-11561_tmp.sol:137:9: Warning: Invoking events without "emit" prefix is deprecated.
        Approval(msg.sender, _spender, _value);
        ^------------------------------------^
2018-11561_tmp.sol:142:54: Warning: "sha3" has been deprecated in favour of "keccak256"
 ... sha3("receiveApproval(address,uint256,address,bytes)") ... 
     ^----------------------------------------------------^
2018-11561_tmp.sol:6:5: Warning: No visibility specified. Defaulting to "public". 
    function totalSupply() constant returns (uint256 supply) {}
    ^---------------------------------------------------------^
2018-11561_tmp.sol:6:46: Warning: Unused function parameter. Remove or comment out the variable name to silence this warning.
    function totalSupply() constant returns (uint256 supply) {}
                                             ^------------^
2018-11561_tmp.sol:10:5: Warning: No visibility specified. Defaulting to "public". 
    function balanceOf(address _owner) constant returns (uint256 balance) {}
    ^----------------------------------------------------------------------^
2018-11561_tmp.sol:10:24: Warning: Unused function parameter. Remove or comment out the variable name to silence this warning.
    function balanceOf(address _owner) constant returns (uint256 balance) {}
                       ^------------^
2018-11561_tmp.sol:10:58: Warning: Unused function parameter. Remove or comment out the variable name to silence this warning.
    function balanceOf(address _owner) constant returns (uint256 balance) {}
                                                         ^-------------^
2018-11561_tmp.sol:16:5: Warning: No visibility specified. Defaulting to "public". 
    function transfer(address _to, uint256 _value) returns (bool success) {}
    ^----------------------------------------------------------------------^
2018-11561_tmp.sol:16:23: Warning: Unused function parameter. Remove or comment out the variable name to silence this warning.
    function transfer(address _to, uint256 _value) returns (bool success) {}
                      ^---------^
2018-11561_tmp.sol:16:36: Warning: Unused function parameter. Remove or comment out the variable name to silence this warning.
    function transfer(address _to, uint256 _value) returns (bool success) {}
                                   ^------------^
2018-11561_tmp.sol:16:61: Warning: Unused function parameter. Remove or comment out the variable name to silence this warning.
    function transfer(address _to, uint256 _value) returns (bool success) {}
                                                            ^----------^
2018-11561_tmp.sol:23:5: Warning: No visibility specified. Defaulting to "public". 
    function transferFrom(address _from, address _to, uint256 _value) returns (bool success) {}
    ^-----------------------------------------------------------------------------------------^
2018-11561_tmp.sol:23:27: Warning: Unused function parameter. Remove or comment out the variable name to silence this warning.
    function transferFrom(address _from, address _to, uint256 _value) returns (bool success) {}
                          ^-----------^
2018-11561_tmp.sol:23:42: Warning: Unused function parameter. Remove or comment out the variable name to silence this warning.
    function transferFrom(address _from, address _to, uint256 _value) returns (bool success) {}
                                         ^---------^
2018-11561_tmp.sol:23:55: Warning: Unused function parameter. Remove or comment out the variable name to silence this warning.
    function transferFrom(address _from, address _to, uint256 _value) returns (bool success) {}
                                                      ^------------^
2018-11561_tmp.sol:23:80: Warning: Unused function parameter. Remove or comment out the variable name to silence this warning.
    function transferFrom(address _from, address _to, uint256 _value) returns (bool success) {}
                                                                               ^----------^
2018-11561_tmp.sol:29:5: Warning: No visibility specified. Defaulting to "public". 
    function approve(address _spender, uint256 _value) returns (bool success) {}
    ^--------------------------------------------------------------------------^
2018-11561_tmp.sol:29:22: Warning: Unused function parameter. Remove or comment out the variable name to silence this warning.
    function approve(address _spender, uint256 _value) returns (bool success) {}
                     ^--------------^
2018-11561_tmp.sol:29:40: Warning: Unused function parameter. Remove or comment out the variable name to silence this warning.
    function approve(address _spender, uint256 _value) returns (bool success) {}
                                       ^------------^
2018-11561_tmp.sol:29:65: Warning: Unused function parameter. Remove or comment out the variable name to silence this warning.
    function approve(address _spender, uint256 _value) returns (bool success) {}
                                                                ^----------^
2018-11561_tmp.sol:34:5: Warning: No visibility specified. Defaulting to "public". 
    function allowance(address _owner, address _spender) constant returns (uint256 remaining) {}
    ^------------------------------------------------------------------------------------------^
2018-11561_tmp.sol:34:24: Warning: Unused function parameter. Remove or comment out the variable name to silence this warning.
    function allowance(address _owner, address _spender) constant returns (uint256 remaining) {}
                       ^------------^
2018-11561_tmp.sol:34:40: Warning: Unused function parameter. Remove or comment out the variable name to silence this warning.
    function allowance(address _owner, address _spender) constant returns (uint256 remaining) {}
                                       ^--------------^
2018-11561_tmp.sol:34:76: Warning: Unused function parameter. Remove or comment out the variable name to silence this warning.
    function allowance(address _owner, address _spender) constant returns (uint256 remaining) {}
                                                                           ^---------------^
2018-11561_tmp.sol:45:5: Warning: No visibility specified. Defaulting to "public". 
    function transfer(address _to, uint256 _value) returns (bool success) {
    ^ (Relevant source part starts here and spans across multiple lines).
2018-11561_tmp.sol:58:5: Warning: No visibility specified. Defaulting to "public". 
    function transferFrom(address _from, address _to, uint256 _value) returns (bool success) {
    ^ (Relevant source part starts here and spans across multiple lines).
2018-11561_tmp.sol:70:5: Warning: No visibility specified. Defaulting to "public". 
    function distributeToken(address[] addresses, uint256 _value) {
    ^ (Relevant source part starts here and spans across multiple lines).
2018-11561_tmp.sol:78:5: Warning: No visibility specified. Defaulting to "public". 
    function balanceOf(address _owner) constant returns (uint256 balance) {
    ^ (Relevant source part starts here and spans across multiple lines).
2018-11561_tmp.sol:82:5: Warning: No visibility specified. Defaulting to "public". 
    function approve(address _spender, uint256 _value) returns (bool success) {
    ^ (Relevant source part starts here and spans across multiple lines).
2018-11561_tmp.sol:88:5: Warning: No visibility specified. Defaulting to "public". 
    function allowance(address _owner, address _spender) constant returns (uint256 remaining) {
    ^ (Relevant source part starts here and spans across multiple lines).
2018-11561_tmp.sol:101:5: Warning: No visibility specified. Defaulting to "public". 
    function () {
    ^ (Relevant source part starts here and spans across multiple lines).
2018-11561_tmp.sol:125:5: Warning: No visibility specified. Defaulting to "public". 
    function ERC20Token(
    ^ (Relevant source part starts here and spans across multiple lines).
2018-11561_tmp.sol:135:5: Warning: No visibility specified. Defaulting to "public". 
    function approveAndCall(address _spender, uint256 _value, bytes _extraData) returns (bool success) {
    ^ (Relevant source part starts here and spans across multiple lines).
2018-11561_tmp.sol:6:5: Warning: Function state mutability can be restricted to pure
    function totalSupply() constant returns (uint256 supply) {}
    ^---------------------------------------------------------^
2018-11561_tmp.sol:10:5: Warning: Function state mutability can be restricted to pure
    function balanceOf(address _owner) constant returns (uint256 balance) {}
    ^----------------------------------------------------------------------^
2018-11561_tmp.sol:16:5: Warning: Function state mutability can be restricted to pure
    function transfer(address _to, uint256 _value) returns (bool success) {}
    ^----------------------------------------------------------------------^
2018-11561_tmp.sol:23:5: Warning: Function state mutability can be restricted to pure
    function transferFrom(address _from, address _to, uint256 _value) returns (bool success) {}
    ^-----------------------------------------------------------------------------------------^
2018-11561_tmp.sol:29:5: Warning: Function state mutability can be restricted to pure
    function approve(address _spender, uint256 _value) returns (bool success) {}
    ^--------------------------------------------------------------------------^
2018-11561_tmp.sol:34:5: Warning: Function state mutability can be restricted to pure
    function allowance(address _owner, address _spender) constant returns (uint256 remaining) {}
    ^------------------------------------------------------------------------------------------^
- all funcs : 32
- reachable : 11
* Generating Paths ... took 2.6e-05s
- paths : 19

Iter : 10 To explore : 638 Explored : 647 Total elapsed : 31.171401
Iter : 20 To explore : 1148 Explored : 1167 Total elapsed : 41.234101
Iter : 30 To explore : 1577 Explored : 1606 Total elapsed : 41.538144
Iter : 40 To explore : 1974 Explored : 2013 Total elapsed : 84.179725
Iter : 50 To explore : 2270 Explored : 2319 Total elapsed : 104.434985
Iter : 60 To explore : 2550 Explored : 2609 Total elapsed : 105.121946
Iter : 70 To explore : 2685 Explored : 2754 Total elapsed : 105.881636
Iter : 80 To explore : 2748 Explored : 2827 Total elapsed : 106.725947
Iter : 90 To explore : 3037 Explored : 3126 Total elapsed : 115.622534
Iter : 100 To explore : 3589 Explored : 3688 Total elapsed : 156.470204
Iter : 110 To explore : 3460 Explored : 7383 Total elapsed : 163.416576
Iter : 120 To explore : 3450 Explored : 7383 Total elapsed : 185.809899
Iter : 130 To explore : 3447 Explored : 7390 Total elapsed : 196.831836
Iter : 140 To explore : 3438 Explored : 7391 Total elapsed : 207.754298
Iter : 150 To explore : 3438 Explored : 7401 Total elapsed : 208.621224
Iter : 160 To explore : 3428 Explored : 7401 Total elapsed : 209.572658
Iter : 170 To explore : 3422 Explored : 7405 Total elapsed : 210.444399
Iter : 180 To explore : 3419 Explored : 7412 Total elapsed : 221.389224
Iter : 190 To explore : 3503 Explored : 7506 Total elapsed : 262.798397
Iter : 200 To explore : 3713 Explored : 7726 Total elapsed : 263.620441
Iter : 210 To explore : 3824 Explored : 7847 Total elapsed : 276.018934
Iter : 220 To explore : 3814 Explored : 7847 Total elapsed : 325.345979
Iter : 230 To explore : 4300 Explored : 8343 Total elapsed : 337.493577
Iter : 240 To explore : 4685 Explored : 8738 Total elapsed : 339.068393
Iter : 250 To explore : 4814 Explored : 8877 Total elapsed : 339.890637
Iter : 260 To explore : 4928 Explored : 9001 Total elapsed : 340.710819
Iter : 270 To explore : 5024 Explored : 9107 Total elapsed : 341.54432
Iter : 280 To explore : 5142 Explored : 9235 Total elapsed : 342.377212
Iter : 290 To explore : 5223 Explored : 9326 Total elapsed : 353.223128
Iter : 300 To explore : 5772 Explored : 9885 Total elapsed : 404.610645
Iter : 310 To explore : 6288 Explored : 10411 Total elapsed : 406.637089
Iter : 320 To explore : 6712 Explored : 10845 Total elapsed : 409.728195
Iter : 330 To explore : 7078 Explored : 11221 Total elapsed : 419.24959
Iter : 340 To explore : 7642 Explored : 11795 Total elapsed : 433.604359
Iter : 350 To explore : 8114 Explored : 12277 Total elapsed : 455.158668
Iter : 360 To explore : 8504 Explored : 12677 Total elapsed : 466.917799
Iter : 370 To explore : 8974 Explored : 13157 Total elapsed : 520.257545
=== Report ===
[1] [IO] line 51, (balances[msg.sender] - _value) : proven
[2] [IO] line 52, (balances[_to] + _value) : unproven
[3] [IO] line 62, (balances[_to] + _value) : unproven
[4] [IO] line 63, (balances[_from] - _value) : unproven
[5] [IO] line 64, (allowed[_from][msg.sender] - _value) : proven
[6] [IO] line 71, (i + 1) : proven
[7] [IO] line 72, (balances[msg.sender] - _value) : unproven
[8] [IO] line 73, (balances[addresses[i]] + _value) : unproven
[9] [IO] line 127, (10 ** 24) : proven
[10] [IO] line 127, (12 * (10 ** 24)) : proven

=== Result Summary ===
# Queries                : 10
- integer over/underflow : 10
- division-by-zero       : 0
- assertion              : 0

# Alarms                 : 5
- integer over/underflow : 5
- division-by-zero       : 0
- assertion              : 0

# Proven                 : 5
- integer over/underflow : 5
- division-by-zero       : 0
- assertion              : 0

Time Elapsed : 531.124308
