ON: integer over/underflow
ON: division-by-zero

2018-10376_tmp.sol:54:5: Warning: Defining constructors as functions with the same name as the contract is deprecated. Use "constructor(...) { ... }" instead.
    function Owned() public {
    ^ (Relevant source part starts here and spans across multiple lines).
2018-10376_tmp.sol:79:5: Warning: Defining constructors as functions with the same name as the contract is deprecated. Use "constructor(...) { ... }" instead.
    function Controlled() public {
    ^ (Relevant source part starts here and spans across multiple lines).
2018-10376_tmp.sol:188:5: Warning: Defining constructors as functions with the same name as the contract is deprecated. Use "constructor(...) { ... }" instead.
    function SMT() public {
    ^ (Relevant source part starts here and spans across multiple lines).
2018-10376_tmp.sol:71:9: Warning: Invoking events without "emit" prefix is deprecated.
        OwnerUpdate(owner, newOwner);
        ^--------------------------^
2018-10376_tmp.sol:138:13: Warning: Invoking events without "emit" prefix is deprecated.
            Transfer(msg.sender, _to, _value);
            ^-------------------------------^
2018-10376_tmp.sol:149:13: Warning: Invoking events without "emit" prefix is deprecated.
            Transfer(_from, _to, _value);
            ^--------------------------^
2018-10376_tmp.sol:160:9: Warning: Invoking events without "emit" prefix is deprecated.
        Approval(msg.sender, _spender, _value);
        ^------------------------------------^
2018-10376_tmp.sol:209:21: Warning: This function only accepts a single "bytes" argument. Please use "abi.encodePacked(...)" or a similar function to encode the data.
        bytes32 h = keccak256(_from,_to,_value,_feeSmt,nonce);
                    ^---------------------------------------^
2018-10376_tmp.sol:215:9: Warning: Invoking events without "emit" prefix is deprecated.
        Transfer(_from, _to, _value);
        ^--------------------------^
2018-10376_tmp.sol:218:9: Warning: Invoking events without "emit" prefix is deprecated.
        Transfer(_from, msg.sender, _feeSmt);
        ^----------------------------------^
2018-10376_tmp.sol:239:24: Warning: This function only accepts a single "bytes" argument. Please use "abi.encodePacked(...)" or a similar function to encode the data.
        bytes32 hash = keccak256(_from,_spender,_value,nonce);
                       ^------------------------------------^
2018-10376_tmp.sol:242:9: Warning: Invoking events without "emit" prefix is deprecated.
        Approval(_from, _spender, _value);
        ^-------------------------------^
2018-10376_tmp.sol:259:9: Warning: Invoking events without "emit" prefix is deprecated.
        Approval(msg.sender, _spender, _value);
        ^------------------------------------^
2018-10376_tmp.sol:271:9: Warning: Invoking events without "emit" prefix is deprecated.
        Approval(msg.sender, _spender, _value);
        ^------------------------------------^
- all funcs : 76
- reachable : 24
* Generating Paths ... took 0.000195s
- paths : 82

Iter : 10 To explore : 753 Explored : 762 Total elapsed : 4.740445
Iter : 20 To explore : 1557 Explored : 1576 Total elapsed : 5.295006
Iter : 30 To explore : 2181 Explored : 2210 Total elapsed : 6.564452
Iter : 40 To explore : 2779 Explored : 2818 Total elapsed : 95.06576
Iter : 50 To explore : 3217 Explored : 3266 Total elapsed : 218.511926
Iter : 60 To explore : 3398 Explored : 6787 Total elapsed : 222.878033
Iter : 70 To explore : 3389 Explored : 6788 Total elapsed : 225.880706
Iter : 80 To explore : 3379 Explored : 6788 Total elapsed : 228.783383
Iter : 90 To explore : 3374 Explored : 6793 Total elapsed : 232.572903
Iter : 100 To explore : 3817 Explored : 7246 Total elapsed : 235.804314
Iter : 110 To explore : 4095 Explored : 7534 Total elapsed : 302.010531
Iter : 120 To explore : 4258 Explored : 7707 Total elapsed : 423.553286
Iter : 130 To explore : 4363 Explored : 7822 Total elapsed : 457.946505
Iter : 140 To explore : 5174 Explored : 8643 Total elapsed : 461.221443
Iter : 150 To explore : 5959 Explored : 9438 Total elapsed : 464.477457
Iter : 160 To explore : 6758 Explored : 10247 Total elapsed : 467.761264
Iter : 170 To explore : 7310 Explored : 10809 Total elapsed : 470.697363
=== Report ===
[1] [IO] line 135, (balances[_to] + _value) : unproven
[2] [IO] line 136, (balances[msg.sender] - _value) : proven
[3] [IO] line 137, (balances[_to] + _value) : proven
[4] [IO] line 145, (balances[_to] + _value) : unproven
[5] [IO] line 146, (balances[_to] + _value) : proven
[6] [IO] line 147, (balances[_from] - _value) : proven
[7] [IO] line 148, (allowed[_from][msg.sender] - _value) : proven
[8] [IO] line 189, (now + 86400) : unproven
[9] [IO] line 206, (_feeSmt + _value) : unproven
[10] [IO] line 212, (balances[_to] + _value) : unproven
[11] [IO] line 213, (balances[msg.sender] + _feeSmt) : unproven
[12] [IO] line 214, (balances[_to] + _value) : proven
[13] [IO] line 217, (balances[msg.sender] + _feeSmt) : unproven
[14] [IO] line 220, (_value + _feeSmt) : unproven
[15] [IO] line 220, (balances[_from] - (_value + _feeSmt)) : unproven
[16] [IO] line 221, (nonce + 1) : unproven
[17] [IO] line 243, (nonce + 1) : unproven
[18] [IO] line 286, (i + 1) : proven
[19] [IO] line 289, (balances[to] + value) : unproven
[20] [IO] line 289, (totalSupply + value) : unproven
[21] [IO] line 290, (totalSupply + value) : proven
[22] [IO] line 291, (balances[to] + value) : proven

=== Result Summary ===
# Queries                : 22
- integer over/underflow : 22
- division-by-zero       : 0
- assertion              : 0

# Alarms                 : 13
- integer over/underflow : 13
- division-by-zero       : 0
- assertion              : 0

# Proven                 : 9
- integer over/underflow : 9
- division-by-zero       : 0
- assertion              : 0

Time Elapsed : 533.235437
