ON: integer over/underflow
ON: division-by-zero

0xf8b358b3397a8ea5464f8cc753645d42e14b79ea_tmp.sol:15:5: Warning: Defining constructors as functions with the same name as the contract is deprecated. Use "constructor(...) { ... }" instead.
    function OwnableToken() public {
    ^ (Relevant source part starts here and spans across multiple lines).
0xf8b358b3397a8ea5464f8cc753645d42e14b79ea_tmp.sol:266:5: Warning: Defining constructors as functions with the same name as the contract is deprecated. Use "constructor(...) { ... }" instead.
    function ABL(
    ^ (Relevant source part starts here and spans across multiple lines).
0xf8b358b3397a8ea5464f8cc753645d42e14b79ea_tmp.sol:124:5: Warning: Invoking events without "emit" prefix is deprecated.
    Transfer(msg.sender, _to, _value);
    ^-------------------------------^
0xf8b358b3397a8ea5464f8cc753645d42e14b79ea_tmp.sol:178:5: Warning: Invoking events without "emit" prefix is deprecated.
    Transfer(_from, _to, _value);
    ^--------------------------^
0xf8b358b3397a8ea5464f8cc753645d42e14b79ea_tmp.sol:194:5: Warning: Invoking events without "emit" prefix is deprecated.
    Approval(msg.sender, _spender, _value);
    ^------------------------------------^
0xf8b358b3397a8ea5464f8cc753645d42e14b79ea_tmp.sol:220:5: Warning: Invoking events without "emit" prefix is deprecated.
    Approval(msg.sender, _spender, allowed[msg.sender][_spender]);
    ^-----------------------------------------------------------^
0xf8b358b3397a8ea5464f8cc753645d42e14b79ea_tmp.sol:241:5: Warning: Invoking events without "emit" prefix is deprecated.
    Approval(msg.sender, _spender, allowed[msg.sender][_spender]);
    ^-----------------------------------------------------------^
- all funcs : 66
- reachable : 18
* Generating Paths ... took 0.0001s
- paths : 47

Iter : 10 To explore : 1477 Explored : 1486 Total elapsed : 44.483965
Iter : 20 To explore : 2832 Explored : 2851 Total elapsed : 53.199384
Iter : 30 To explore : 2623 Explored : 5465 Total elapsed : 87.858661
Iter : 40 To explore : 3001 Explored : 5853 Total elapsed : 109.837088
Iter : 50 To explore : 2297 Explored : 8226 Total elapsed : 159.862859
Iter : 60 To explore : 2341 Explored : 8280 Total elapsed : 178.521068
Iter : 70 To explore : 2493 Explored : 11129 Total elapsed : 209.591121
Iter : 80 To explore : 3224 Explored : 11870 Total elapsed : 214.93038
Iter : 90 To explore : 4018 Explored : 12674 Total elapsed : 224.988206
Iter : 100 To explore : 4664 Explored : 13330 Total elapsed : 235.090571
Iter : 110 To explore : 5420 Explored : 14096 Total elapsed : 240.235828
Iter : 120 To explore : 6249 Explored : 14935 Total elapsed : 242.242885
Iter : 130 To explore : 6935 Explored : 15631 Total elapsed : 245.513039
Iter : 140 To explore : 7545 Explored : 16251 Total elapsed : 247.544464
Iter : 150 To explore : 8078 Explored : 16794 Total elapsed : 249.609721
Iter : 160 To explore : 8554 Explored : 17280 Total elapsed : 251.636154
Iter : 170 To explore : 8935 Explored : 17671 Total elapsed : 253.619898
Iter : 180 To explore : 9234 Explored : 17980 Total elapsed : 255.585696
Iter : 190 To explore : 9440 Explored : 18196 Total elapsed : 259.221509
Iter : 200 To explore : 9571 Explored : 18337 Total elapsed : 261.174924
Iter : 210 To explore : 5058 Explored : 23940 Total elapsed : 314.800904
Iter : 220 To explore : 5172 Explored : 24064 Total elapsed : 327.785101
Iter : 230 To explore : 5273 Explored : 24175 Total elapsed : 333.368671
Iter : 240 To explore : 5406 Explored : 24318 Total elapsed : 337.191941
Iter : 250 To explore : 5537 Explored : 24459 Total elapsed : 339.141818
Iter : 260 To explore : 5674 Explored : 24606 Total elapsed : 347.474841
Iter : 270 To explore : 5795 Explored : 24737 Total elapsed : 349.374298
Iter : 280 To explore : 5221 Explored : 30246 Total elapsed : 387.430355
Iter : 290 To explore : 5383 Explored : 30418 Total elapsed : 399.453483
Iter : 300 To explore : 5529 Explored : 30574 Total elapsed : 408.389293
Iter : 310 To explore : 5683 Explored : 30738 Total elapsed : 412.880324
Iter : 320 To explore : 5878 Explored : 30943 Total elapsed : 415.72527
Iter : 330 To explore : 6050 Explored : 31125 Total elapsed : 419.999579
Iter : 340 To explore : 6216 Explored : 31301 Total elapsed : 432.913753
Iter : 350 To explore : 6348 Explored : 31443 Total elapsed : 434.897659
Iter : 360 To explore : 6385 Explored : 31490 Total elapsed : 436.85021
Iter : 370 To explore : 1972 Explored : 33710 Total elapsed : 461.858076
Iter : 380 To explore : 2026 Explored : 33774 Total elapsed : 473.900709
Iter : 390 To explore : 2096 Explored : 33854 Total elapsed : 480.085412
Iter : 400 To explore : 2171 Explored : 33939 Total elapsed : 485.498175
Iter : 410 To explore : 2234 Explored : 34012 Total elapsed : 501.044889
Iter : 420 To explore : 2368 Explored : 34156 Total elapsed : 508.851918
Iter : 430 To explore : 2723 Explored : 34521 Total elapsed : 514.513256
=== Report ===
[1] [IO] line 122, (balances[msg.sender] - _value) : proven
[2] [IO] line 123, (balances[_to] + _value) : unproven
[3] [IO] line 175, (balances[_from] - _value) : proven
[4] [IO] line 176, (balances[_to] + _value) : unproven
[5] [IO] line 177, (allowed[_from][msg.sender] - _value) : proven
[6] [IO] line 219, (allowed[msg.sender][_spender] + _addedValue) : unproven
[7] [IO] line 239, (oldValue - _subtractedValue) : proven
[8] [IO] line 260, (10 ** uint256(18)) : proven
[9] [IO] line 260, (SUM * (10 ** uint256(18))) : proven
[10] [IO] line 272, (DISTRIBUTION + DEVELOPERS) : proven
[11] [IO] line 274, (10 ** uint256(18)) : proven
[12] [IO] line 274, (DISTRIBUTION * (10 ** uint256(18))) : proven
[13] [IO] line 277, (10 ** uint256(18)) : proven
[14] [IO] line 277, (DEVELOPERS * (10 ** uint256(18))) : proven
[15] [IO] line 305, (10 ** uint256(18)) : proven
[16] [IO] line 305, (_amount * (10 ** uint256(18))) : unproven
[17] [IO] line 307, (totalSupply + amount) : unproven
[18] [IO] line 308, (balances[_to] + amount) : unproven
[19] [IO] line 322, (10 ** uint256(18)) : proven
[20] [IO] line 322, (_amount * (10 ** uint256(18))) : unproven
[21] [IO] line 322, (totalSupply - (_amount * (10 ** uint256(18)))) : unproven
[22] [IO] line 323, (10 ** uint256(18)) : proven
[23] [IO] line 323, (_amount * (10 ** uint256(18))) : unproven
[24] [IO] line 323, (balances[msg.sender] - (_amount * (10 ** uint256(18)))) : unproven

=== Result Summary ===
# Queries                : 24
- integer over/underflow : 24
- division-by-zero       : 0
- assertion              : 0

# Alarms                 : 10
- integer over/underflow : 10
- division-by-zero       : 0
- assertion              : 0

# Proven                 : 14
- integer over/underflow : 14
- division-by-zero       : 0
- assertion              : 0

Time Elapsed : 530.766972
