ON: integer over/underflow
ON: division-by-zero

2018-13127_tmp.sol:198:3: Warning: Defining constructors as functions with the same name as the contract is deprecated. Use "constructor(...) { ... }" instead.
  function DSPXToken(address _preSale, address _team) {
  ^ (Relevant source part starts here and spans across multiple lines).
2018-13127_tmp.sol:71:5: Warning: Invoking events without "emit" prefix is deprecated.
    Transfer(msg.sender, _to, _value);
    ^-------------------------------^
2018-13127_tmp.sol:129:5: Warning: Invoking events without "emit" prefix is deprecated.
    Transfer(_from, _to, _value);
    ^--------------------------^
2018-13127_tmp.sol:145:5: Warning: Invoking events without "emit" prefix is deprecated.
    Approval(msg.sender, _spender, _value);
    ^------------------------------------^
2018-13127_tmp.sol:167:5: Warning: Invoking events without "emit" prefix is deprecated.
    Approval(msg.sender, _spender, allowed[msg.sender][_spender]);
    ^-----------------------------------------------------------^
2018-13127_tmp.sol:178:5: Warning: Invoking events without "emit" prefix is deprecated.
    Approval(msg.sender, _spender, allowed[msg.sender][_spender]);
    ^-----------------------------------------------------------^
2018-13127_tmp.sol:213:5: Warning: Invoking events without "emit" prefix is deprecated.
    Transfer(0x0, holder, value);
    ^--------------------------^
2018-13127_tmp.sol:198:3: Warning: No visibility specified. Defaulting to "public". 
  function DSPXToken(address _preSale, address _team) {
  ^ (Relevant source part starts here and spans across multiple lines).
2018-13127_tmp.sol:206:3: Warning: No visibility specified. Defaulting to "public". 
  function mint(address holder, uint value) {
  ^ (Relevant source part starts here and spans across multiple lines).
- all funcs : 52
- reachable : 15
* Generating Paths ... took 4.7e-05s
- paths : 30

Iter : 10 To explore : 251 Explored : 506 Total elapsed : 1.537593
Iter : 20 To explore : 243 Explored : 1004 Total elapsed : 13.838608
Iter : 30 To explore : 269 Explored : 1312 Total elapsed : 25.791327
Iter : 40 To explore : 379 Explored : 1432 Total elapsed : 26.916735
Iter : 50 To explore : 418 Explored : 1481 Total elapsed : 38.289052
Iter : 60 To explore : 521 Explored : 1594 Total elapsed : 39.241402
Iter : 70 To explore : 498 Explored : 2127 Total elapsed : 65.880437
Iter : 80 To explore : 549 Explored : 2188 Total elapsed : 70.733302
Iter : 90 To explore : 587 Explored : 2236 Total elapsed : 94.05329
Iter : 100 To explore : 617 Explored : 2276 Total elapsed : 105.1641
Iter : 110 To explore : 650 Explored : 2319 Total elapsed : 106.134115
Iter : 120 To explore : 276 Explored : 2594 Total elapsed : 129.157492
Iter : 130 To explore : 266 Explored : 2594 Total elapsed : 145.218671
Iter : 140 To explore : 258 Explored : 2596 Total elapsed : 156.31009
Iter : 150 To explore : 253 Explored : 2601 Total elapsed : 167.30361
Iter : 160 To explore : 251 Explored : 2846 Total elapsed : 200.681819
Iter : 170 To explore : 246 Explored : 2851 Total elapsed : 216.622101
Iter : 180 To explore : 246 Explored : 2861 Total elapsed : 247.651388
Iter : 190 To explore : 244 Explored : 2869 Total elapsed : 248.751758
Iter : 200 To explore : 239 Explored : 2874 Total elapsed : 249.733594
Iter : 210 To explore : 295 Explored : 2940 Total elapsed : 263.253622
Iter : 220 To explore : 384 Explored : 3039 Total elapsed : 273.456454
Iter : 230 To explore : 465 Explored : 3130 Total elapsed : 276.903142
Iter : 240 To explore : 523 Explored : 3198 Total elapsed : 294.799876
Iter : 250 To explore : 581 Explored : 3266 Total elapsed : 305.928797
Iter : 260 To explore : 637 Explored : 3332 Total elapsed : 317.114133
Iter : 270 To explore : 674 Explored : 3379 Total elapsed : 318.15081
Iter : 280 To explore : 736 Explored : 3451 Total elapsed : 325.796778
Iter : 290 To explore : 781 Explored : 3506 Total elapsed : 336.743924
Iter : 300 To explore : 810 Explored : 3545 Total elapsed : 341.820036
Iter : 310 To explore : 852 Explored : 3597 Total elapsed : 346.58251
Iter : 320 To explore : 873 Explored : 3628 Total elapsed : 347.735736
Iter : 330 To explore : 907 Explored : 3672 Total elapsed : 365.742987
Iter : 340 To explore : 958 Explored : 3733 Total elapsed : 366.717847
Iter : 350 To explore : 969 Explored : 3754 Total elapsed : 372.839835
Iter : 360 To explore : 983 Explored : 3778 Total elapsed : 413.803848
Iter : 370 To explore : 991 Explored : 3796 Total elapsed : 431.608343
Iter : 380 To explore : 1001 Explored : 3816 Total elapsed : 432.739714
Iter : 390 To explore : 1010 Explored : 3835 Total elapsed : 447.770365
Iter : 400 To explore : 1016 Explored : 3851 Total elapsed : 452.942695
Iter : 410 To explore : 1023 Explored : 3868 Total elapsed : 453.93835
Iter : 420 To explore : 1019 Explored : 3874 Total elapsed : 471.807124
Iter : 430 To explore : 1016 Explored : 3881 Total elapsed : 477.250226
Iter : 440 To explore : 1029 Explored : 3904 Total elapsed : 488.425313
Iter : 450 To explore : 1093 Explored : 3978 Total elapsed : 489.377416
Iter : 460 To explore : 1132 Explored : 4027 Total elapsed : 500.597555
Iter : 470 To explore : 1173 Explored : 4078 Total elapsed : 501.540744
Iter : 480 To explore : 1204 Explored : 4119 Total elapsed : 502.498715
Iter : 490 To explore : 1237 Explored : 4162 Total elapsed : 503.459229
Iter : 500 To explore : 1275 Explored : 4210 Total elapsed : 514.545313
Iter : 510 To explore : 1299 Explored : 4244 Total elapsed : 525.520437
=== Report ===
[1] [IO] line 69, (balances[msg.sender] - _value) : proven
[2] [IO] line 70, (balances[_to] + _value) : unproven
[3] [IO] line 126, (balances[_from] - _value) : proven
[4] [IO] line 127, (balances[_to] + _value) : unproven
[5] [IO] line 128, (allowed[_from][msg.sender] - _value) : proven
[6] [IO] line 166, (allowed[msg.sender][_spender] + _addedValue) : unproven
[7] [IO] line 176, (oldValue - _subtractedValue) : proven
[8] [IO] line 195, (888888888 * 1000000000000000000) : proven
[9] [IO] line 209, (totalSupply + value) : unproven
[10] [IO] line 211, (balances[holder] + value) : unproven
[11] [IO] line 212, (totalSupply + value) : unproven

=== Result Summary ===
# Queries                : 11
- integer over/underflow : 11
- division-by-zero       : 0
- assertion              : 0

# Alarms                 : 6
- integer over/underflow : 6
- division-by-zero       : 0
- assertion              : 0

# Proven                 : 5
- integer over/underflow : 5
- division-by-zero       : 0
- assertion              : 0

Time Elapsed : 535.841594
