ON: integer over/underflow
ON: division-by-zero

2018-11239_tmp.sol:18:3: Warning: Defining constructors as functions with the same name as the contract is deprecated. Use "constructor(...) { ... }" instead.
  function Hexagon() public {
  ^ (Relevant source part starts here and spans across multiple lines).
2018-11239_tmp.sol:47:5: Warning: Invoking events without "emit" prefix is deprecated.
    Burn(msg.sender, _value);
    ^----------------------^
2018-11239_tmp.sol:59:5: Warning: Invoking events without "emit" prefix is deprecated.
    Approval(msg.sender, _spender, _value);
    ^------------------------------------^
2018-11239_tmp.sol:93:5: Warning: Invoking events without "emit" prefix is deprecated.
    Burn(_from, burnPerTransaction);
    ^-----------------------------^
2018-11239_tmp.sol:95:5: Warning: Invoking events without "emit" prefix is deprecated.
    Transfer(_from, _to, _value);
    ^--------------------------^
- all funcs : 14
- reachable : 10
* Generating Paths ... took 6.2e-05s
- paths : 20

Iter : 10 To explore : 428 Explored : 437 Total elapsed : 183.03346
Iter : 20 To explore : 473 Explored : 1430 Total elapsed : 305.592563
Iter : 30 To explore : 527 Explored : 1981 Total elapsed : 387.684208
Iter : 40 To explore : 712 Explored : 2176 Total elapsed : 538.398855
=== Report ===
[1] [IO] line 41, (balanceOf[msg.sender] - _value) : proven
[2] [IO] line 43, (balanceOf[0] + _value) : unproven
[3] [IO] line 45, (currentSupply - _value) : unproven
[4] [IO] line 69, (allowance[_from][msg.sender] - _value) : proven
[5] [IO] line 81, (_value + burnPerTransaction) : unproven
[6] [IO] line 83, (balanceOf[_to] + _value) : unproven
[7] [IO] line 85, (_value + burnPerTransaction) : unproven
[8] [IO] line 85, (balanceOf[_from] - (_value + burnPerTransaction)) : proven
[9] [IO] line 87, (balanceOf[_to] + _value) : proven
[10] [IO] line 89, (balanceOf[0] + burnPerTransaction) : unproven
[11] [IO] line 91, (currentSupply - burnPerTransaction) : unproven

=== Result Summary ===
# Queries                : 11
- integer over/underflow : 11
- division-by-zero       : 0
- assertion              : 0

# Alarms                 : 7
- integer over/underflow : 7
- division-by-zero       : 0
- assertion              : 0

# Proven                 : 4
- integer over/underflow : 4
- division-by-zero       : 0
- assertion              : 0

Time Elapsed : 538.39894
