ON: integer over/underflow
ON: division-by-zero

0x5e6016ae7d7c49d347dcf834860b9f3ee282812b_tmp.sol:85:5: Warning: Defining constructors as functions with the same name as the contract is deprecated. Use "constructor(...) { ... }" instead.
    function EZToken(address _founderAddress, address _year1, address _year2, address _year3, address _year4, address _year5, address _year6, address _year7, address _year8, address _year9, address _year10 ) public {
    ^ (Relevant source part starts here and spans across multiple lines).
0x5e6016ae7d7c49d347dcf834860b9f3ee282812b_tmp.sol:3:28: Warning: Functions in interfaces should be declared external.
interface tokenRecipient { function receiveApproval(address _from, uint256 _value, address _token, bytes _extraData) public; }
                           ^-----------------------------------------------------------------------------------------------^
0x5e6016ae7d7c49d347dcf834860b9f3ee282812b_tmp.sol:89:9: Warning: Invoking events without "emit" prefix is deprecated.
        Transfer(address(0), msg.sender, icoSupply);
        ^-----------------------------------------^
0x5e6016ae7d7c49d347dcf834860b9f3ee282812b_tmp.sol:150:9: Warning: Invoking events without "emit" prefix is deprecated.
        Transfer(msg.sender, _to, _value);
        ^-------------------------------^
0x5e6016ae7d7c49d347dcf834860b9f3ee282812b_tmp.sol:170:9: Warning: Invoking events without "emit" prefix is deprecated.
        Transfer(_from, _to, _value);
        ^--------------------------^
0x5e6016ae7d7c49d347dcf834860b9f3ee282812b_tmp.sol:186:9: Warning: Invoking events without "emit" prefix is deprecated.
        Approval(msg.sender, _spender, _value);
        ^------------------------------------^
0x5e6016ae7d7c49d347dcf834860b9f3ee282812b_tmp.sol:202:9: Warning: Invoking events without "emit" prefix is deprecated.
        Approval(msg.sender, _spender, allowed[msg.sender][_spender]);
        ^-----------------------------------------------------------^
0x5e6016ae7d7c49d347dcf834860b9f3ee282812b_tmp.sol:223:9: Warning: Invoking events without "emit" prefix is deprecated.
        Approval(msg.sender, _spender, allowed[msg.sender][_spender]);
        ^-----------------------------------------------------------^
0x5e6016ae7d7c49d347dcf834860b9f3ee282812b_tmp.sol:240:9: Warning: Invoking events without "emit" prefix is deprecated.
        Burn(burner, _value);
        ^------------------^
0x5e6016ae7d7c49d347dcf834860b9f3ee282812b_tmp.sol:85:111: Warning: Unused function parameter. Remove or comment out the variable name to silence this warning.
 ... address _year5 ... 
     ^------------^
0x5e6016ae7d7c49d347dcf834860b9f3ee282812b_tmp.sol:85:127: Warning: Unused function parameter. Remove or comment out the variable name to silence this warning.
 ... address _year6 ... 
     ^------------^
0x5e6016ae7d7c49d347dcf834860b9f3ee282812b_tmp.sol:85:143: Warning: Unused function parameter. Remove or comment out the variable name to silence this warning.
 ... address _year7 ... 
     ^------------^
0x5e6016ae7d7c49d347dcf834860b9f3ee282812b_tmp.sol:85:159: Warning: Unused function parameter. Remove or comment out the variable name to silence this warning.
 ... address _year8 ... 
     ^------------^
0x5e6016ae7d7c49d347dcf834860b9f3ee282812b_tmp.sol:85:175: Warning: Unused function parameter. Remove or comment out the variable name to silence this warning.
 ... address _year9 ... 
     ^------------^
0x5e6016ae7d7c49d347dcf834860b9f3ee282812b_tmp.sol:85:191: Warning: Unused function parameter. Remove or comment out the variable name to silence this warning.
 ... address _year10 ... 
     ^-------------^
- all funcs : 22
- reachable : 11
* Generating Paths ... took 0.00017s
- paths : 40

Iter : 10 To explore : 10469 Explored : 11791 Total elapsed : 24.001163
Iter : 20 To explore : 23464 Explored : 24796 Total elapsed : 47.920559
Iter : 30 To explore : 36359 Explored : 37701 Total elapsed : 71.826627
Iter : 40 To explore : 49154 Explored : 50506 Total elapsed : 97.157878
Iter : 50 To explore : 61849 Explored : 63211 Total elapsed : 120.519328
Iter : 60 To explore : 74444 Explored : 75816 Total elapsed : 145.201203
Iter : 70 To explore : 85693 Explored : 172702 Total elapsed : 176.431975
Iter : 80 To explore : 85683 Explored : 172702 Total elapsed : 209.383257
Iter : 90 To explore : 85673 Explored : 172702 Total elapsed : 235.454502
Iter : 100 To explore : 85663 Explored : 172702 Total elapsed : 270.057863
Iter : 110 To explore : 85653 Explored : 172702 Total elapsed : 306.663368
Iter : 120 To explore : 85643 Explored : 172702 Total elapsed : 330.520321
Iter : 130 To explore : 85633 Explored : 172702 Total elapsed : 356.714272
Iter : 140 To explore : 90593 Explored : 177672 Total elapsed : 377.912898
Iter : 150 To explore : 102941 Explored : 190030 Total elapsed : 381.467418
Iter : 160 To explore : 115196 Explored : 202295 Total elapsed : 385.117524
Iter : 170 To explore : 127320 Explored : 214429 Total elapsed : 388.773897
Iter : 180 To explore : 137885 Explored : 225004 Total elapsed : 392.512265
Iter : 190 To explore : 146165 Explored : 375620 Total elapsed : 412.157419
Iter : 200 To explore : 151297 Explored : 380762 Total elapsed : 437.64863
Iter : 210 To explore : 157692 Explored : 387167 Total elapsed : 459.411402
Iter : 220 To explore : 161513 Explored : 390998 Total elapsed : 481.841752
Iter : 230 To explore : 166597 Explored : 396092 Total elapsed : 499.133601
Iter : 240 To explore : 175463 Explored : 404968 Total elapsed : 508.371196
Iter : 250 To explore : 183022 Explored : 412537 Total elapsed : 519.931167
=== Report ===
[1] [IO] line 86, (10 ** 8) : proven
[2] [IO] line 86, (50000000 * (10 ** 8)) : proven
[3] [IO] line 88, (10 ** 8) : proven
[4] [IO] line 88, (icoSupply * (10 ** 8)) : proven
[5] [IO] line 119, (_amount * 100000000) : proven
[6] [IO] line 148, (balances[msg.sender] - _value) : proven
[7] [IO] line 149, (balances[_to] + _value) : proven
[8] [IO] line 167, (balances[_from] - _value) : proven
[9] [IO] line 168, (balances[_to] + _value) : proven
[10] [IO] line 169, (allowed[_from][msg.sender] - _value) : proven
[11] [IO] line 201, (allowed[msg.sender][_spender] + _addedValue) : unproven
[12] [IO] line 221, (oldValue - _subtractedValue) : proven
[13] [IO] line 238, (balances[burner] - _value) : proven
[14] [IO] line 239, (totalSupply_ - _value) : unproven

=== Result Summary ===
# Queries                : 14
- integer over/underflow : 14
- division-by-zero       : 0
- assertion              : 0

# Alarms                 : 2
- integer over/underflow : 2
- division-by-zero       : 0
- assertion              : 0

# Proven                 : 12
- integer over/underflow : 12
- division-by-zero       : 0
- assertion              : 0

Time Elapsed : 530.301171
