ON: integer over/underflow
ON: division-by-zero

- all funcs : 54
- reachable : 13
* Generating Paths ... took 4.3e-05s
- paths : 30

=== Report ===
[1] [IO] line 112, (10 ** 27) : proven
[2] [IO] line 112, (6 * (10 ** 27)) : proven
[3] [IO] line 133, (balances[msg.sender] - _value) : proven
[4] [IO] line 134, (balances[_to] + _value) : proven
[5] [IO] line 152, (balances[_from] - _value) : proven
[6] [IO] line 153, (balances[_to] + _value) : proven
[7] [IO] line 154, (allowed[_from][msg.sender] - _value) : proven

=== Result Summary ===
# Queries                : 7
- integer over/underflow : 7
- division-by-zero       : 0
- assertion              : 0

# Alarms                 : 0
- integer over/underflow : 0
- division-by-zero       : 0
- assertion              : 0

# Proven                 : 7
- integer over/underflow : 7
- division-by-zero       : 0
- assertion              : 0

Time Elapsed : 0.254419
