ON: integer over/underflow
ON: division-by-zero

2018-13230_tmp.sol:6:5: Warning: Defining constructors as functions with the same name as the contract is deprecated. Use "constructor(...) { ... }" instead.
    function owned() {
    ^ (Relevant source part starts here and spans across multiple lines).
2018-13230_tmp.sol:11:34: Warning: "throw" is deprecated in favour of "revert()", "require()" and "assert()".
        if (msg.sender != owner) throw;
                                 ^---^
2018-13230_tmp.sol:38:5: Warning: Defining constructors as functions with the same name as the contract is deprecated. Use "constructor(...) { ... }" instead.
    function token(
    ^ (Relevant source part starts here and spans across multiple lines).
2018-13230_tmp.sol:53:45: Warning: "throw" is deprecated in favour of "revert()", "require()" and "assert()".
        if (balanceOf[msg.sender] < _value) throw;           // Check if the sender has enough
                                            ^---^
2018-13230_tmp.sol:54:55: Warning: "throw" is deprecated in favour of "revert()", "require()" and "assert()".
        if (balanceOf[_to] + _value < balanceOf[_to]) throw; // Check for overflows
                                                      ^---^
2018-13230_tmp.sol:79:40: Warning: "throw" is deprecated in favour of "revert()", "require()" and "assert()".
        if (balanceOf[_from] < _value) throw;                 // Check if the sender has enough
                                       ^---^
2018-13230_tmp.sol:80:55: Warning: "throw" is deprecated in favour of "revert()", "require()" and "assert()".
        if (balanceOf[_to] + _value < balanceOf[_to]) throw;  // Check for overflows
                                                      ^---^
2018-13230_tmp.sol:81:52: Warning: "throw" is deprecated in favour of "revert()", "require()" and "assert()".
        if (_value > allowance[_from][msg.sender]) throw;   // Check allowance
                                                   ^---^
2018-13230_tmp.sol:91:9: Warning: "throw" is deprecated in favour of "revert()", "require()" and "assert()".
        throw;     // Prevents accidental sending of ether
        ^---^
2018-13230_tmp.sol:111:5: Warning: Defining constructors as functions with the same name as the contract is deprecated. Use "constructor(...) { ... }" instead.
    function DestiNeedToken() token (initialSupply, tokenName, decimalUnits, tokenSymbol) {}
    ^--------------------------------------------------------------------------------------^
2018-13230_tmp.sol:114:45: Warning: "throw" is deprecated in favour of "revert()", "require()" and "assert()".
        if (balanceOf[msg.sender] < _value) throw;           // Check if the sender has enough
                                            ^---^
2018-13230_tmp.sol:115:55: Warning: "throw" is deprecated in favour of "revert()", "require()" and "assert()".
        if (balanceOf[_to] + _value < balanceOf[_to]) throw; // Check for overflows
                                                      ^---^
2018-13230_tmp.sol:116:40: Warning: "throw" is deprecated in favour of "revert()", "require()" and "assert()".
        if (frozenAccount[msg.sender]) throw;                // Check if frozen
                                       ^---^
2018-13230_tmp.sol:125:35: Warning: "throw" is deprecated in favour of "revert()", "require()" and "assert()".
        if (frozenAccount[_from]) throw;                        // Check if frozen
                                  ^---^
2018-13230_tmp.sol:126:40: Warning: "throw" is deprecated in favour of "revert()", "require()" and "assert()".
        if (balanceOf[_from] < _value) throw;                 // Check if the sender has enough
                                       ^---^
2018-13230_tmp.sol:127:55: Warning: "throw" is deprecated in favour of "revert()", "require()" and "assert()".
        if (balanceOf[_to] + _value < balanceOf[_to]) throw;  // Check for overflows
                                                      ^---^
2018-13230_tmp.sol:128:52: Warning: "throw" is deprecated in favour of "revert()", "require()" and "assert()".
        if (_value > allowance[_from][msg.sender]) throw;   // Check allowance
                                                   ^---^
2018-13230_tmp.sol:155:39: Warning: "throw" is deprecated in favour of "revert()", "require()" and "assert()".
        if (balanceOf[this] < amount) throw;               // checks if it has enough to sell
                                      ^---^
2018-13230_tmp.sol:162:46: Warning: "throw" is deprecated in favour of "revert()", "require()" and "assert()".
        if (balanceOf[msg.sender] < amount ) throw;        // checks if the sender has enough to sell
                                             ^---^
2018-13230_tmp.sol:166:13: Warning: "throw" is deprecated in favour of "revert()", "require()" and "assert()".
            throw;                                         // to do this last to avoid recursion attacks
            ^---^
2018-13230_tmp.sol:57:9: Warning: Invoking events without "emit" prefix is deprecated.
        Transfer(msg.sender, _to, _value);                   // Notify anyone listening that this transfer took place
        ^-------------------------------^
2018-13230_tmp.sol:85:9: Warning: Invoking events without "emit" prefix is deprecated.
        Transfer(_from, _to, _value);
        ^--------------------------^
2018-13230_tmp.sol:119:9: Warning: Invoking events without "emit" prefix is deprecated.
        Transfer(msg.sender, _to, _value);                   // Notify anyone listening that this transfer took place
        ^-------------------------------^
2018-13230_tmp.sol:132:9: Warning: Invoking events without "emit" prefix is deprecated.
        Transfer(_from, _to, _value);
        ^--------------------------^
2018-13230_tmp.sol:139:9: Warning: Invoking events without "emit" prefix is deprecated.
        Transfer(0, this, mintedAmount);
        ^-----------------------------^
2018-13230_tmp.sol:140:9: Warning: Invoking events without "emit" prefix is deprecated.
        Transfer(this, target, mintedAmount);
        ^----------------------------------^
2018-13230_tmp.sol:145:9: Warning: Invoking events without "emit" prefix is deprecated.
        FrozenFunds(target, freeze);
        ^-------------------------^
2018-13230_tmp.sol:158:9: Warning: Invoking events without "emit" prefix is deprecated.
        Transfer(this, msg.sender, amount);                // execute an event reflecting the change
        ^--------------------------------^
2018-13230_tmp.sol:168:13: Warning: Invoking events without "emit" prefix is deprecated.
            Transfer(msg.sender, this, amount);            // executes an event reflecting on the change
            ^--------------------------------^
2018-13230_tmp.sol:6:5: Warning: No visibility specified. Defaulting to "public". 
    function owned() {
    ^ (Relevant source part starts here and spans across multiple lines).
2018-13230_tmp.sol:15:5: Warning: No visibility specified. Defaulting to "public". 
    function transferOwnership(address newOwner) onlyOwner {
    ^ (Relevant source part starts here and spans across multiple lines).
2018-13230_tmp.sol:20:27: Warning: No visibility specified. Defaulting to "public". 
contract tokenRecipient { function receiveApproval(address _from, uint256 _value, address _token, bytes _extraData); }
                          ^----------------------------------------------------------------------------------------^
2018-13230_tmp.sol:38:5: Warning: No visibility specified. Defaulting to "public". 
    function token(
    ^ (Relevant source part starts here and spans across multiple lines).
2018-13230_tmp.sol:52:5: Warning: No visibility specified. Defaulting to "public". 
    function transfer(address _to, uint256 _value) {
    ^ (Relevant source part starts here and spans across multiple lines).
2018-13230_tmp.sol:61:5: Warning: No visibility specified. Defaulting to "public". 
    function approve(address _spender, uint256 _value)
    ^ (Relevant source part starts here and spans across multiple lines).
2018-13230_tmp.sol:68:5: Warning: No visibility specified. Defaulting to "public". 
    function approveAndCall(address _spender, uint256 _value, bytes _extraData)
    ^ (Relevant source part starts here and spans across multiple lines).
2018-13230_tmp.sol:78:5: Warning: No visibility specified. Defaulting to "public". 
    function transferFrom(address _from, address _to, uint256 _value) returns (bool success) {
    ^ (Relevant source part starts here and spans across multiple lines).
2018-13230_tmp.sol:90:5: Warning: No visibility specified. Defaulting to "public". 
    function () {
    ^ (Relevant source part starts here and spans across multiple lines).
2018-13230_tmp.sol:111:5: Warning: No visibility specified. Defaulting to "public". 
    function DestiNeedToken() token (initialSupply, tokenName, decimalUnits, tokenSymbol) {}
    ^--------------------------------------------------------------------------------------^
2018-13230_tmp.sol:113:5: Warning: No visibility specified. Defaulting to "public". 
    function transfer(address _to, uint256 _value) {
    ^ (Relevant source part starts here and spans across multiple lines).
2018-13230_tmp.sol:124:5: Warning: No visibility specified. Defaulting to "public". 
    function transferFrom(address _from, address _to, uint256 _value) returns (bool success) {
    ^ (Relevant source part starts here and spans across multiple lines).
2018-13230_tmp.sol:136:5: Warning: No visibility specified. Defaulting to "public". 
    function mintToken(address target, uint256 mintedAmount) onlyOwner {
    ^ (Relevant source part starts here and spans across multiple lines).
2018-13230_tmp.sol:143:5: Warning: No visibility specified. Defaulting to "public". 
    function freezeAccount(address target, bool freeze) onlyOwner {
    ^ (Relevant source part starts here and spans across multiple lines).
2018-13230_tmp.sol:148:5: Warning: No visibility specified. Defaulting to "public". 
    function setPrices(uint256 newSellPrice, uint256 newBuyPrice) onlyOwner {
    ^ (Relevant source part starts here and spans across multiple lines).
2018-13230_tmp.sol:153:5: Warning: No visibility specified. Defaulting to "public". 
    function buy() payable {
    ^ (Relevant source part starts here and spans across multiple lines).
2018-13230_tmp.sol:161:5: Warning: No visibility specified. Defaulting to "public". 
    function sell(uint256 amount) {
    ^ (Relevant source part starts here and spans across multiple lines).
- all funcs : 37
- reachable : 20
* Generating Paths ... took 4.8e-05s
- paths : 35

Iter : 10 To explore : 829 Explored : 838 Total elapsed : 3.445628
Iter : 20 To explore : 784 Explored : 2433 Total elapsed : 28.506106
Iter : 30 To explore : 851 Explored : 2510 Total elapsed : 35.039886
Iter : 40 To explore : 1354 Explored : 4990 Total elapsed : 67.834483
Iter : 50 To explore : 2096 Explored : 5742 Total elapsed : 69.325933
Iter : 60 To explore : 2151 Explored : 7876 Total elapsed : 86.787227
Iter : 70 To explore : 2763 Explored : 8498 Total elapsed : 88.283778
Iter : 80 To explore : 3101 Explored : 11941 Total elapsed : 101.173067
Iter : 90 To explore : 3091 Explored : 11941 Total elapsed : 102.679355
Iter : 100 To explore : 3410 Explored : 12270 Total elapsed : 104.152661
Iter : 110 To explore : 3753 Explored : 12623 Total elapsed : 105.657848
Iter : 120 To explore : 3735 Explored : 16252 Total elapsed : 114.060955
Iter : 130 To explore : 4060 Explored : 16587 Total elapsed : 115.563838
Iter : 140 To explore : 4631 Explored : 17168 Total elapsed : 116.976158
Iter : 150 To explore : 5110 Explored : 17657 Total elapsed : 118.366222
Iter : 160 To explore : 5398 Explored : 17955 Total elapsed : 119.832857
Iter : 170 To explore : 5712 Explored : 18279 Total elapsed : 121.255396
Iter : 180 To explore : 5909 Explored : 18486 Total elapsed : 122.759806
Iter : 190 To explore : 5066 Explored : 22762 Total elapsed : 148.685442
Iter : 200 To explore : 5056 Explored : 22762 Total elapsed : 150.24898
Iter : 210 To explore : 5048 Explored : 22764 Total elapsed : 151.763314
Iter : 220 To explore : 5041 Explored : 22767 Total elapsed : 153.301767
Iter : 230 To explore : 5048 Explored : 22784 Total elapsed : 154.779591
Iter : 240 To explore : 5112 Explored : 22858 Total elapsed : 156.214865
Iter : 250 To explore : 5102 Explored : 22858 Total elapsed : 157.669089
Iter : 260 To explore : 5095 Explored : 22861 Total elapsed : 159.161239
Iter : 270 To explore : 5111 Explored : 22887 Total elapsed : 160.629308
Iter : 280 To explore : 5167 Explored : 22953 Total elapsed : 162.076114
Iter : 290 To explore : 5166 Explored : 22962 Total elapsed : 163.529941
Iter : 300 To explore : 5156 Explored : 22962 Total elapsed : 165.068019
Iter : 310 To explore : 5414 Explored : 23230 Total elapsed : 166.549073
Iter : 320 To explore : 5434 Explored : 23260 Total elapsed : 168.065944
Iter : 330 To explore : 5924 Explored : 23760 Total elapsed : 169.719849
Iter : 340 To explore : 6573 Explored : 24419 Total elapsed : 171.200152
Iter : 350 To explore : 7195 Explored : 25051 Total elapsed : 172.668073
Iter : 360 To explore : 7800 Explored : 25666 Total elapsed : 174.13709
Iter : 370 To explore : 8371 Explored : 26247 Total elapsed : 175.613034
Iter : 380 To explore : 8962 Explored : 26848 Total elapsed : 177.081953
Iter : 390 To explore : 9655 Explored : 27551 Total elapsed : 178.554258
Iter : 400 To explore : 10318 Explored : 28224 Total elapsed : 180.034254
Iter : 410 To explore : 10917 Explored : 28833 Total elapsed : 181.464647
Iter : 420 To explore : 11509 Explored : 29435 Total elapsed : 182.875173
Iter : 430 To explore : 12063 Explored : 29999 Total elapsed : 184.310848
Iter : 440 To explore : 12659 Explored : 30605 Total elapsed : 185.790091
Iter : 450 To explore : 13116 Explored : 31072 Total elapsed : 187.212588
Iter : 460 To explore : 13619 Explored : 31585 Total elapsed : 188.627539
Iter : 470 To explore : 13935 Explored : 31911 Total elapsed : 190.205348
Iter : 480 To explore : 14419 Explored : 32405 Total elapsed : 191.627759
Iter : 490 To explore : 14903 Explored : 32899 Total elapsed : 193.064231
Iter : 500 To explore : 15381 Explored : 33387 Total elapsed : 194.483084
Iter : 510 To explore : 15829 Explored : 33845 Total elapsed : 195.909175
Iter : 520 To explore : 16175 Explored : 34201 Total elapsed : 197.313074
Iter : 530 To explore : 16195 Explored : 34231 Total elapsed : 198.747232
Iter : 540 To explore : 16205 Explored : 34251 Total elapsed : 200.169379
Iter : 550 To explore : 16231 Explored : 34287 Total elapsed : 201.531747
Iter : 560 To explore : 16232 Explored : 34298 Total elapsed : 202.939708
Iter : 570 To explore : 16234 Explored : 34310 Total elapsed : 204.356559
Iter : 580 To explore : 16238 Explored : 34324 Total elapsed : 205.748003
Iter : 590 To explore : 16236 Explored : 34332 Total elapsed : 207.154612
Iter : 600 To explore : 2699 Explored : 36946 Total elapsed : 222.94306
Iter : 610 To explore : 2689 Explored : 36946 Total elapsed : 224.449611
Iter : 620 To explore : 2679 Explored : 36946 Total elapsed : 225.945684
Iter : 630 To explore : 2669 Explored : 36946 Total elapsed : 227.429972
Iter : 640 To explore : 2665 Explored : 36952 Total elapsed : 228.919927
Iter : 650 To explore : 2661 Explored : 36958 Total elapsed : 230.440742
Iter : 660 To explore : 2814 Explored : 37121 Total elapsed : 231.937892
Iter : 670 To explore : 3154 Explored : 37471 Total elapsed : 233.611446
Iter : 680 To explore : 3463 Explored : 37790 Total elapsed : 235.228289
Iter : 690 To explore : 3737 Explored : 38074 Total elapsed : 236.795276
Iter : 700 To explore : 3991 Explored : 38338 Total elapsed : 238.349199
Iter : 710 To explore : 4219 Explored : 38576 Total elapsed : 241.126663
Iter : 720 To explore : 4434 Explored : 38801 Total elapsed : 242.762057
Iter : 730 To explore : 4647 Explored : 39024 Total elapsed : 244.221723
Iter : 740 To explore : 4789 Explored : 39176 Total elapsed : 245.823958
Iter : 750 To explore : 4900 Explored : 39297 Total elapsed : 247.420337
Iter : 760 To explore : 4987 Explored : 39394 Total elapsed : 249.053173
Iter : 770 To explore : 5084 Explored : 39501 Total elapsed : 250.624043
Iter : 780 To explore : 5160 Explored : 39587 Total elapsed : 252.055715
Iter : 790 To explore : 5209 Explored : 39646 Total elapsed : 253.621301
Iter : 800 To explore : 5235 Explored : 39682 Total elapsed : 255.144759
Iter : 810 To explore : 5457 Explored : 39914 Total elapsed : 256.724065
Iter : 820 To explore : 5787 Explored : 40254 Total elapsed : 258.409557
Iter : 830 To explore : 6086 Explored : 40563 Total elapsed : 260.054541
Iter : 840 To explore : 6345 Explored : 40832 Total elapsed : 261.632242
Iter : 850 To explore : 6588 Explored : 41085 Total elapsed : 264.397626
Iter : 860 To explore : 6856 Explored : 41363 Total elapsed : 266.073319
Iter : 870 To explore : 7036 Explored : 41553 Total elapsed : 267.676599
Iter : 880 To explore : 7208 Explored : 41735 Total elapsed : 269.093714
Iter : 890 To explore : 7344 Explored : 41881 Total elapsed : 270.659121
Iter : 900 To explore : 7441 Explored : 41988 Total elapsed : 272.314783
Iter : 910 To explore : 7544 Explored : 42101 Total elapsed : 273.879718
Iter : 920 To explore : 7631 Explored : 42198 Total elapsed : 275.352984
Iter : 930 To explore : 7681 Explored : 42258 Total elapsed : 276.959622
Iter : 940 To explore : 7720 Explored : 42307 Total elapsed : 278.526151
Iter : 950 To explore : 7751 Explored : 42348 Total elapsed : 280.077989
Iter : 960 To explore : 8157 Explored : 42764 Total elapsed : 281.931537
Iter : 970 To explore : 8461 Explored : 43078 Total elapsed : 283.800498
Iter : 980 To explore : 8735 Explored : 43362 Total elapsed : 285.465879
Iter : 990 To explore : 8979 Explored : 43616 Total elapsed : 287.136451
Iter : 1000 To explore : 9201 Explored : 43848 Total elapsed : 291.339499
Iter : 1010 To explore : 9405 Explored : 44062 Total elapsed : 294.212197
Iter : 1020 To explore : 9583 Explored : 44250 Total elapsed : 299.568632
Iter : 1030 To explore : 9725 Explored : 44402 Total elapsed : 313.144776
Iter : 1040 To explore : 9836 Explored : 44523 Total elapsed : 314.824451
Iter : 1050 To explore : 9923 Explored : 44620 Total elapsed : 316.52914
Iter : 1060 To explore : 10020 Explored : 44727 Total elapsed : 318.11241
Iter : 1070 To explore : 10096 Explored : 44813 Total elapsed : 319.596988
Iter : 1080 To explore : 10145 Explored : 44872 Total elapsed : 321.186059
Iter : 1090 To explore : 10171 Explored : 44908 Total elapsed : 322.764166
Iter : 1100 To explore : 10437 Explored : 45184 Total elapsed : 324.343674
Iter : 1110 To explore : 10726 Explored : 45483 Total elapsed : 325.894247
Iter : 1120 To explore : 11012 Explored : 45779 Total elapsed : 327.459006
Iter : 1130 To explore : 11265 Explored : 46042 Total elapsed : 329.042067
Iter : 1140 To explore : 11548 Explored : 46335 Total elapsed : 330.633953
Iter : 1150 To explore : 11770 Explored : 46567 Total elapsed : 332.178345
Iter : 1160 To explore : 12036 Explored : 46843 Total elapsed : 333.701146
Iter : 1170 To explore : 12260 Explored : 47077 Total elapsed : 335.248864
Iter : 1180 To explore : 12482 Explored : 47309 Total elapsed : 336.966483
Iter : 1190 To explore : 12664 Explored : 47501 Total elapsed : 338.478505
Iter : 1200 To explore : 12816 Explored : 47663 Total elapsed : 339.993628
Iter : 1210 To explore : 12963 Explored : 47820 Total elapsed : 341.437595
Iter : 1220 To explore : 13141 Explored : 48008 Total elapsed : 342.608298
Iter : 1230 To explore : 13244 Explored : 48121 Total elapsed : 344.105366
Iter : 1240 To explore : 13359 Explored : 48246 Total elapsed : 345.606102
Iter : 1250 To explore : 13462 Explored : 48359 Total elapsed : 347.134829
Iter : 1260 To explore : 13514 Explored : 48421 Total elapsed : 348.614749
Iter : 1270 To explore : 13605 Explored : 48522 Total elapsed : 350.118457
Iter : 1280 To explore : 13689 Explored : 48616 Total elapsed : 351.660653
Iter : 1290 To explore : 13763 Explored : 48700 Total elapsed : 353.049093
Iter : 1300 To explore : 13808 Explored : 48755 Total elapsed : 354.63987
Iter : 1310 To explore : 13863 Explored : 48820 Total elapsed : 356.171537
Iter : 1320 To explore : 13911 Explored : 48878 Total elapsed : 357.717211
Iter : 1330 To explore : 14076 Explored : 49053 Total elapsed : 359.202114
Iter : 1340 To explore : 14391 Explored : 49378 Total elapsed : 360.765722
Iter : 1350 To explore : 14675 Explored : 49672 Total elapsed : 362.312835
Iter : 1360 To explore : 14926 Explored : 49933 Total elapsed : 363.863893
Iter : 1370 To explore : 15150 Explored : 50167 Total elapsed : 365.422973
Iter : 1380 To explore : 15354 Explored : 50381 Total elapsed : 366.970609
Iter : 1390 To explore : 15563 Explored : 50600 Total elapsed : 368.5164
Iter : 1400 To explore : 15709 Explored : 50756 Total elapsed : 369.946215
Iter : 1410 To explore : 15817 Explored : 50874 Total elapsed : 371.491193
Iter : 1420 To explore : 15895 Explored : 50962 Total elapsed : 373.033776
Iter : 1430 To explore : 15990 Explored : 51067 Total elapsed : 374.579393
Iter : 1440 To explore : 16066 Explored : 51153 Total elapsed : 376.031241
Iter : 1450 To explore : 16115 Explored : 51212 Total elapsed : 377.596651
Iter : 1460 To explore : 16141 Explored : 51248 Total elapsed : 379.109065
Iter : 1470 To explore : 16389 Explored : 51506 Total elapsed : 380.666628
Iter : 1480 To explore : 16664 Explored : 51791 Total elapsed : 382.254852
Iter : 1490 To explore : 16902 Explored : 52039 Total elapsed : 383.847477
Iter : 1500 To explore : 17117 Explored : 52264 Total elapsed : 385.410911
Iter : 1510 To explore : 17293 Explored : 52450 Total elapsed : 386.997775
Iter : 1520 To explore : 17456 Explored : 52623 Total elapsed : 388.589672
Iter : 1530 To explore : 17605 Explored : 52782 Total elapsed : 390.014904
Iter : 1540 To explore : 17717 Explored : 52904 Total elapsed : 391.590446
Iter : 1550 To explore : 17792 Explored : 52989 Total elapsed : 393.184086
Iter : 1560 To explore : 17875 Explored : 53082 Total elapsed : 394.748119
Iter : 1570 To explore : 17941 Explored : 53158 Total elapsed : 396.191692
Iter : 1580 To explore : 17980 Explored : 53207 Total elapsed : 397.776139
Iter : 1590 To explore : 18007 Explored : 53244 Total elapsed : 399.34983
Iter : 1600 To explore : 18382 Explored : 53629 Total elapsed : 401.300649
Iter : 1610 To explore : 18656 Explored : 53913 Total elapsed : 403.081222
Iter : 1620 To explore : 18906 Explored : 54173 Total elapsed : 404.82965
Iter : 1630 To explore : 19126 Explored : 54403 Total elapsed : 406.504077
Iter : 1640 To explore : 19325 Explored : 54612 Total elapsed : 408.161863
Iter : 1650 To explore : 19500 Explored : 54797 Total elapsed : 409.677277
Iter : 1660 To explore : 19636 Explored : 54943 Total elapsed : 411.274001
Iter : 1670 To explore : 19741 Explored : 55058 Total elapsed : 413.045172
Iter : 1680 To explore : 19836 Explored : 55163 Total elapsed : 414.837935
Iter : 1690 To explore : 19933 Explored : 55270 Total elapsed : 420.45659
Iter : 1700 To explore : 20001 Explored : 55348 Total elapsed : 428.085347
Iter : 1710 To explore : 20050 Explored : 55407 Total elapsed : 435.81708
Iter : 1720 To explore : 20076 Explored : 55443 Total elapsed : 437.359374
Iter : 1730 To explore : 20086 Explored : 55463 Total elapsed : 438.885146
Iter : 1740 To explore : 20263 Explored : 55650 Total elapsed : 446.424122
Iter : 1750 To explore : 20539 Explored : 55936 Total elapsed : 477.334171
Iter : 1760 To explore : 20793 Explored : 56200 Total elapsed : 503.53106
Iter : 1770 To explore : 21043 Explored : 56460 Total elapsed : 525.602207
=== Report ===
[1] [IO] line 107, (10 ** 18) : proven
[2] [IO] line 107, (950000000 * (10 ** 18)) : proven
[3] [IO] line 115, (balanceOf[_to] + _value) : unproven
[4] [IO] line 117, (balanceOf[msg.sender] - _value) : proven
[5] [IO] line 118, (balanceOf[_to] + _value) : proven
[6] [IO] line 127, (balanceOf[_to] + _value) : unproven
[7] [IO] line 129, (balanceOf[_from] - _value) : proven
[8] [IO] line 130, (balanceOf[_to] + _value) : proven
[9] [IO] line 131, (allowance[_from][msg.sender] - _value) : proven
[10] [IO] line 137, (balanceOf[target] + mintedAmount) : unproven
[11] [IO] line 138, (totalSupply + mintedAmount) : unproven
[12] [IO] line 156, (balanceOf[msg.sender] + amount) : unproven
[13] [IO] line 157, (balanceOf[this] - amount) : unproven
[14] [IO] line 163, (balanceOf[this] + amount) : unproven
[15] [IO] line 164, (balanceOf[msg.sender] - amount) : unproven
[16] [IO] line 165, (amount * sellPrice) : unproven
[17] [DZ] line 154, (msg.value / buyPrice) : unproven

=== Result Summary ===
# Queries                : 17
- integer over/underflow : 16
- division-by-zero       : 1
- assertion              : 0

# Alarms                 : 10
- integer over/underflow : 9
- division-by-zero       : 1
- assertion              : 0

# Proven                 : 7
- integer over/underflow : 7
- division-by-zero       : 0
- assertion              : 0

Time Elapsed : 532.371365
