ON: integer over/underflow
ON: division-by-zero

2018-11411_tmp.sol:24:5: Warning: Defining constructors as functions with the same name as the contract is deprecated. Use "constructor(...) { ... }" instead.
    function DimonCoin() {
    ^ (Relevant source part starts here and spans across multiple lines).
2018-11411_tmp.sol:49:14: Warning: Invoking events without "emit" prefix is deprecated.
             Transfer(owner, addresses[i], _value); }
             ^-----------------------------------^
2018-11411_tmp.sol:76:13: Warning: Invoking events without "emit" prefix is deprecated.
            Transfer(msg.sender, _to, _value);
            ^-------------------------------^
2018-11411_tmp.sol:98:13: Warning: Invoking events without "emit" prefix is deprecated.
            Transfer(_from, _to, _value);
            ^--------------------------^
2018-11411_tmp.sol:109:9: Warning: Invoking events without "emit" prefix is deprecated.
        Approval(msg.sender, _spender, _value);
        ^------------------------------------^
2018-11411_tmp.sol:4:5: Warning: No visibility specified. Defaulting to "public". 
    function balanceOf(address _owner) constant returns (uint256);
    ^------------------------------------------------------------^
2018-11411_tmp.sol:5:5: Warning: No visibility specified. Defaulting to "public". 
    function transfer(address _to, uint256 _value) returns (bool);
    ^------------------------------------------------------------^
2018-11411_tmp.sol:17:5: Warning: No visibility specified. Defaulting to "public". 
    function name() constant returns (string) { return "DimonCoin"; }
    ^---------------------------------------------------------------^
2018-11411_tmp.sol:18:5: Warning: No visibility specified. Defaulting to "public". 
    function symbol() constant returns (string) { return "FUD"; }
    ^-----------------------------------------------------------^
2018-11411_tmp.sol:19:5: Warning: No visibility specified. Defaulting to "public". 
    function decimals() constant returns (uint8) { return 8; }
    ^--------------------------------------------------------^
2018-11411_tmp.sol:24:5: Warning: No visibility specified. Defaulting to "public". 
    function DimonCoin() {
    ^ (Relevant source part starts here and spans across multiple lines).
2018-11411_tmp.sol:34:5: Warning: No visibility specified. Defaulting to "public". 
    function transferOwnership(address newOwner) onlyOwner {
    ^ (Relevant source part starts here and spans across multiple lines).
2018-11411_tmp.sol:38:5: Warning: No visibility specified. Defaulting to "public". 
    function getEthBalance(address _addr) constant returns(uint) {
    ^ (Relevant source part starts here and spans across multiple lines).
2018-11411_tmp.sol:42:5: Warning: No visibility specified. Defaulting to "public". 
    function distributeFUD(address[] addresses, uint256 _value, uint256 _ethbal) onlyOwner {
    ^ (Relevant source part starts here and spans across multiple lines).
2018-11411_tmp.sol:53:5: Warning: No visibility specified. Defaulting to "public". 
    function balanceOf(address _owner) constant returns (uint256) {
    ^ (Relevant source part starts here and spans across multiple lines).
2018-11411_tmp.sol:63:5: Warning: No visibility specified. Defaulting to "public". 
    function transfer(address _to, uint256 _value) onlyPayloadSize(2 * 32) returns (bool success) {
    ^ (Relevant source part starts here and spans across multiple lines).
2018-11411_tmp.sol:81:5: Warning: No visibility specified. Defaulting to "public". 
    function transferFrom(address _from, address _to, uint256 _value) onlyPayloadSize(2 * 32) returns (bool success) {
    ^ (Relevant source part starts here and spans across multiple lines).
2018-11411_tmp.sol:103:5: Warning: No visibility specified. Defaulting to "public". 
    function approve(address _spender, uint256 _value) returns (bool success) {
    ^ (Relevant source part starts here and spans across multiple lines).
2018-11411_tmp.sol:113:5: Warning: No visibility specified. Defaulting to "public". 
    function allowance(address _owner, address _spender) constant returns (uint256) {
    ^ (Relevant source part starts here and spans across multiple lines).
2018-11411_tmp.sol:118:5: Warning: No visibility specified. Defaulting to "public". 
    function withdrawForeignTokens(address _tokenContract) returns (bool) {
    ^ (Relevant source part starts here and spans across multiple lines).
2018-11411_tmp.sol:17:5: Warning: Function state mutability can be restricted to pure
    function name() constant returns (string) { return "DimonCoin"; }
    ^---------------------------------------------------------------^
2018-11411_tmp.sol:18:5: Warning: Function state mutability can be restricted to pure
    function symbol() constant returns (string) { return "FUD"; }
    ^-----------------------------------------------------------^
2018-11411_tmp.sol:19:5: Warning: Function state mutability can be restricted to pure
    function decimals() constant returns (uint8) { return 8; }
    ^--------------------------------------------------------^
- all funcs : 21
- reachable : 16
* Generating Paths ... took 5.9e-05s
- paths : 33

Iter : 10 To explore : 1505 Explored : 1514 Total elapsed : 44.659141
Iter : 20 To explore : 2520 Explored : 2539 Total elapsed : 64.824662
Iter : 30 To explore : 3764 Explored : 3793 Total elapsed : 64.991858
Iter : 40 To explore : 5245 Explored : 5284 Total elapsed : 117.066139
Iter : 50 To explore : 6474 Explored : 6523 Total elapsed : 117.238105
Iter : 60 To explore : 7184 Explored : 7243 Total elapsed : 117.369422
Iter : 70 To explore : 8080 Explored : 8149 Total elapsed : 117.493064
Iter : 80 To explore : 8899 Explored : 8978 Total elapsed : 168.282464
Iter : 90 To explore : 9457 Explored : 9546 Total elapsed : 168.418282
Iter : 100 To explore : 10011 Explored : 10110 Total elapsed : 168.569102
Iter : 110 To explore : 10516 Explored : 10625 Total elapsed : 188.856433
Iter : 120 To explore : 11322 Explored : 11441 Total elapsed : 189.039625
Iter : 130 To explore : 11944 Explored : 12073 Total elapsed : 189.359598
Iter : 140 To explore : 12393 Explored : 12532 Total elapsed : 189.541033
Iter : 150 To explore : 12935 Explored : 13084 Total elapsed : 189.782071
Iter : 160 To explore : 13317 Explored : 13476 Total elapsed : 190.924035
Iter : 170 To explore : 13636 Explored : 13805 Total elapsed : 191.560029
Iter : 180 To explore : 13681 Explored : 13860 Total elapsed : 212.687984
Iter : 190 To explore : 14682 Explored : 14871 Total elapsed : 224.269501
Iter : 200 To explore : 16317 Explored : 16516 Total elapsed : 268.576167
Iter : 210 To explore : 15937 Explored : 32087 Total elapsed : 301.029051
Iter : 220 To explore : 15948 Explored : 32108 Total elapsed : 322.759065
Iter : 230 To explore : 15974 Explored : 32144 Total elapsed : 334.059071
Iter : 240 To explore : 15995 Explored : 32175 Total elapsed : 356.576343
Iter : 250 To explore : 16013 Explored : 32203 Total elapsed : 357.98983
Iter : 260 To explore : 16038 Explored : 32238 Total elapsed : 359.37261
Iter : 270 To explore : 16049 Explored : 32259 Total elapsed : 360.846622
Iter : 280 To explore : 16074 Explored : 32294 Total elapsed : 362.207095
Iter : 290 To explore : 16099 Explored : 32329 Total elapsed : 363.633738
Iter : 300 To explore : 16124 Explored : 32364 Total elapsed : 365.033006
Iter : 310 To explore : 16149 Explored : 32399 Total elapsed : 366.416873
Iter : 320 To explore : 16160 Explored : 32420 Total elapsed : 367.783645
Iter : 330 To explore : 16185 Explored : 32455 Total elapsed : 369.163313
Iter : 340 To explore : 16211 Explored : 32491 Total elapsed : 370.542468
Iter : 350 To explore : 16236 Explored : 32526 Total elapsed : 371.884135
Iter : 360 To explore : 16259 Explored : 32559 Total elapsed : 393.270088
Iter : 370 To explore : 16277 Explored : 32587 Total elapsed : 394.630003
Iter : 380 To explore : 16295 Explored : 32615 Total elapsed : 396.117293
Iter : 390 To explore : 16327 Explored : 32657 Total elapsed : 397.45569
Iter : 400 To explore : 16345 Explored : 32685 Total elapsed : 399.113435
Iter : 410 To explore : 16377 Explored : 32727 Total elapsed : 401.11754
Iter : 420 To explore : 16396 Explored : 32756 Total elapsed : 402.502108
Iter : 430 To explore : 16436 Explored : 32806 Total elapsed : 403.903284
Iter : 440 To explore : 16461 Explored : 32841 Total elapsed : 405.279981
Iter : 450 To explore : 16466 Explored : 32856 Total elapsed : 406.596246
Iter : 460 To explore : 16505 Explored : 32905 Total elapsed : 407.947837
Iter : 470 To explore : 16516 Explored : 32926 Total elapsed : 409.314223
Iter : 480 To explore : 16548 Explored : 32968 Total elapsed : 410.807219
Iter : 490 To explore : 16580 Explored : 33010 Total elapsed : 412.170996
Iter : 500 To explore : 16612 Explored : 33052 Total elapsed : 413.523837
Iter : 510 To explore : 16644 Explored : 33094 Total elapsed : 414.883301
Iter : 520 To explore : 16663 Explored : 33123 Total elapsed : 416.261566
Iter : 530 To explore : 16695 Explored : 33165 Total elapsed : 417.65722
Iter : 540 To explore : 16722 Explored : 33202 Total elapsed : 418.954941
Iter : 550 To explore : 17068 Explored : 33558 Total elapsed : 420.602515
Iter : 560 To explore : 17902 Explored : 34402 Total elapsed : 433.246698
Iter : 570 To explore : 18721 Explored : 35231 Total elapsed : 448.609622
Iter : 580 To explore : 19533 Explored : 36053 Total elapsed : 458.239253
Iter : 590 To explore : 20351 Explored : 36881 Total elapsed : 480.858391
Iter : 600 To explore : 21166 Explored : 37706 Total elapsed : 503.372969
Iter : 610 To explore : 21968 Explored : 38518 Total elapsed : 526.745841
=== Report ===
[1] [IO] line 15, (10 ** 8) : proven
[2] [IO] line 15, (100000000 * (10 ** 8)) : proven
[3] [IO] line 43, (i + 1) : proven
[4] [IO] line 47, (balances[owner] - _value) : unproven
[5] [IO] line 48, (balances[addresses[i]] + _value) : unproven
[6] [IO] line 59, (size + 4) : proven
[7] [IO] line 63, (2 * 32) : proven
[8] [IO] line 70, (balances[_to] + _value) : unproven
[9] [IO] line 73, (balances[msg.sender] - _value) : proven
[10] [IO] line 74, (balances[_to] + _value) : proven
[11] [IO] line 81, (2 * 32) : proven
[12] [IO] line 90, (balances[_to] + _value) : unproven
[13] [IO] line 93, (balances[_to] + _value) : unproven
[14] [IO] line 94, (balances[_from] - _value) : unproven
[15] [IO] line 96, (allowed[_from][msg.sender] - _value) : unproven

=== Result Summary ===
# Queries                : 15
- integer over/underflow : 15
- division-by-zero       : 0
- assertion              : 0

# Alarms                 : 7
- integer over/underflow : 7
- division-by-zero       : 0
- assertion              : 0

# Proven                 : 8
- integer over/underflow : 8
- division-by-zero       : 0
- assertion              : 0

Time Elapsed : 536.888419
