ON: integer over/underflow
ON: division-by-zero

0x763186eb8d4856d536ed4478302971214febc6a9_tmp.sol:58:5: Warning: Defining constructors as functions with the same name as the contract is deprecated. Use "constructor(...) { ... }" instead.
    function BETR_TOKEN() public {
    ^ (Relevant source part starts here and spans across multiple lines).
0x763186eb8d4856d536ed4478302971214febc6a9_tmp.sol:90:9: Warning: Invoking events without "emit" prefix is deprecated.
        Transfer(msg.sender, _to, _value);
        ^-------------------------------^
0x763186eb8d4856d536ed4478302971214febc6a9_tmp.sol:105:9: Warning: Invoking events without "emit" prefix is deprecated.
        Transfer(_from, _to, _value);
        ^--------------------------^
0x763186eb8d4856d536ed4478302971214febc6a9_tmp.sol:112:9: Warning: Invoking events without "emit" prefix is deprecated.
        Approval(msg.sender, _spender, _value);
        ^------------------------------------^
0x763186eb8d4856d536ed4478302971214febc6a9_tmp.sol:130:7: Warning: Invoking events without "emit" prefix is deprecated.
      Transfer(_from, escrow, _value);
      ^-----------------------------^
0x763186eb8d4856d536ed4478302971214febc6a9_tmp.sol:157:9: Warning: Invoking events without "emit" prefix is deprecated.
        Transfer(0x0, _user, _tokensAmount);
        ^---------------------------------^
0x763186eb8d4856d536ed4478302971214febc6a9_tmp.sol:174:13: Warning: Invoking events without "emit" prefix is deprecated.
            Transfer(0x0, _users[i], _tokensAmounts[i]);
            ^-----------------------------------------^
0x763186eb8d4856d536ed4478302971214febc6a9_tmp.sol:187:9: Warning: Invoking events without "emit" prefix is deprecated.
        Transfer(0x0, _user, _tokensAmount);
        ^---------------------------------^
- all funcs : 36
- reachable : 25
* Generating Paths ... took 0.000164s
- paths : 77

Iter : 10 To explore : 2462 Explored : 2471 Total elapsed : 20.553475
Iter : 20 To explore : 4848 Explored : 4867 Total elapsed : 24.560477
Iter : 30 To explore : 7408 Explored : 7437 Total elapsed : 36.672726
Iter : 40 To explore : 9768 Explored : 9807 Total elapsed : 52.954258
Iter : 50 To explore : 11766 Explored : 11815 Total elapsed : 60.445498
Iter : 60 To explore : 13743 Explored : 13802 Total elapsed : 65.998155
Iter : 70 To explore : 14535 Explored : 28207 Total elapsed : 102.607676
Iter : 80 To explore : 15719 Explored : 29401 Total elapsed : 145.846056
Iter : 90 To explore : 16799 Explored : 30491 Total elapsed : 194.980137
Iter : 100 To explore : 17784 Explored : 31486 Total elapsed : 209.116233
Iter : 110 To explore : 18515 Explored : 32227 Total elapsed : 215.648158
Iter : 120 To explore : 19228 Explored : 32950 Total elapsed : 232.695226
Iter : 130 To explore : 19881 Explored : 33613 Total elapsed : 246.919133
Iter : 140 To explore : 20409 Explored : 34151 Total elapsed : 274.46868
Iter : 150 To explore : 20833 Explored : 34585 Total elapsed : 286.309038
Iter : 160 To explore : 21185 Explored : 34947 Total elapsed : 310.94373
Iter : 170 To explore : 21480 Explored : 35252 Total elapsed : 347.653034
Iter : 180 To explore : 21675 Explored : 35457 Total elapsed : 375.519234
Iter : 190 To explore : 21766 Explored : 35558 Total elapsed : 390.92467
Iter : 200 To explore : 22026 Explored : 35828 Total elapsed : 426.299257
Iter : 210 To explore : 22653 Explored : 36465 Total elapsed : 428.749129
Iter : 220 To explore : 23282 Explored : 37104 Total elapsed : 437.9728
Iter : 230 To explore : 24379 Explored : 38211 Total elapsed : 450.107901
Iter : 240 To explore : 25015 Explored : 38857 Total elapsed : 451.755903
Iter : 250 To explore : 25136 Explored : 38988 Total elapsed : 460.790407
Iter : 260 To explore : 26306 Explored : 40168 Total elapsed : 479.559481
Iter : 270 To explore : 27265 Explored : 41137 Total elapsed : 479.733164
Iter : 280 To explore : 28470 Explored : 42352 Total elapsed : 480.176491
Iter : 290 To explore : 30096 Explored : 43988 Total elapsed : 490.312635
Iter : 300 To explore : 31806 Explored : 45708 Total elapsed : 500.012363
Iter : 310 To explore : 33481 Explored : 47393 Total elapsed : 509.394986
=== Report ===
[1] [IO] line 40, (10 ** 18) : proven
[2] [IO] line 40, (650000000 * (10 ** 18)) : proven
[3] [IO] line 78, (tgeStartTime + tgeDuration) : unproven
[4] [IO] line 86, (balances[_to] + _value) : unproven
[5] [IO] line 88, (balances[msg.sender] - _value) : proven
[6] [IO] line 89, (balances[_to] + _value) : proven
[7] [IO] line 100, (balances[_to] + _value) : unproven
[8] [IO] line 102, (balances[_from] - _value) : proven
[9] [IO] line 103, (balances[_to] + _value) : proven
[10] [IO] line 104, (allowed[_from][msg.sender] - _value) : proven
[11] [IO] line 128, (balances[_from] - _value) : proven
[12] [IO] line 129, (balances[escrow] + _value) : unproven
[13] [IO] line 141, (totalSupply - _fee) : proven
[14] [IO] line 142, (balances[escrow] - _fee) : proven
[15] [IO] line 149, (totalSupply + _tokensAmount) : unproven
[16] [IO] line 155, (balances[_user] + _tokensAmount) : unproven
[17] [IO] line 164, (i + 1) : unproven
[18] [IO] line 165, (10 ** 18) : proven
[19] [IO] line 165, (_tokensAmounts[i] * (10 ** 18)) : unproven
[20] [IO] line 166, (totalSupply + a) : unproven
[21] [IO] line 172, (balances[_users[i]] + a) : unproven
[22] [IO] line 179, (10 ** 18) : proven
[23] [IO] line 179, (_tokensAmount * (10 ** 18)) : unproven
[24] [IO] line 179, (totalSupply + (_tokensAmount * (10 ** 18))) : unproven
[25] [IO] line 185, (10 ** 18) : proven
[26] [IO] line 185, (_tokensAmount * (10 ** 18)) : unproven
[27] [IO] line 185, (balances[_user] + (_tokensAmount * (10 ** 18))) : unproven
[28] [IO] line 201, (tgeDuration + _time) : unproven

=== Result Summary ===
# Queries                : 28
- integer over/underflow : 28
- division-by-zero       : 0
- assertion              : 0

# Alarms                 : 15
- integer over/underflow : 15
- division-by-zero       : 0
- assertion              : 0

# Proven                 : 13
- integer over/underflow : 13
- division-by-zero       : 0
- assertion              : 0

Time Elapsed : 531.448372
