ON: integer over/underflow
ON: division-by-zero

2018-13670_tmp.sol:7:5: Warning: Defining constructors as functions with the same name as the contract is deprecated. Use "constructor(...) { ... }" instead.
    function Owned() public {
    ^ (Relevant source part starts here and spans across multiple lines).
2018-13670_tmp.sol:38:5: Warning: Defining constructors as functions with the same name as the contract is deprecated. Use "constructor(...) { ... }" instead.
    function GFCB() public {
    ^ (Relevant source part starts here and spans across multiple lines).
- all funcs : 22
- reachable : 14
* Generating Paths ... took 6.3e-05s
- paths : 34

Iter : 10 To explore : 580 Explored : 589 Total elapsed : 114.477635
Iter : 20 To explore : 997 Explored : 1762 Total elapsed : 148.676805
Iter : 30 To explore : 1213 Explored : 1988 Total elapsed : 211.645601
Iter : 40 To explore : 1570 Explored : 2355 Total elapsed : 243.195901
Iter : 50 To explore : 2002 Explored : 2797 Total elapsed : 244.058788
Iter : 60 To explore : 2324 Explored : 3129 Total elapsed : 244.927088
Iter : 70 To explore : 2521 Explored : 3336 Total elapsed : 245.783237
Iter : 80 To explore : 2646 Explored : 3471 Total elapsed : 246.641043
Iter : 90 To explore : 2796 Explored : 3631 Total elapsed : 247.503759
Iter : 100 To explore : 3216 Explored : 4061 Total elapsed : 249.877994
Iter : 110 To explore : 3600 Explored : 4455 Total elapsed : 254.303474
Iter : 120 To explore : 3695 Explored : 8134 Total elapsed : 304.164177
Iter : 130 To explore : 3715 Explored : 8164 Total elapsed : 356.511642
Iter : 140 To explore : 3739 Explored : 8198 Total elapsed : 368.250118
Iter : 150 To explore : 4100 Explored : 8569 Total elapsed : 370.584611
Iter : 160 To explore : 4135 Explored : 12884 Total elapsed : 425.02468
Iter : 170 To explore : 4252 Explored : 13011 Total elapsed : 498.860955
Iter : 180 To explore : 4593 Explored : 13362 Total elapsed : 500.264839
Iter : 190 To explore : 4886 Explored : 13665 Total elapsed : 502.970757
Iter : 200 To explore : 5111 Explored : 13900 Total elapsed : 504.020912
Iter : 210 To explore : 5355 Explored : 14154 Total elapsed : 511.022995
Iter : 220 To explore : 5608 Explored : 14417 Total elapsed : 512.053769
Iter : 230 To explore : 6130 Explored : 14949 Total elapsed : 516.340462
Iter : 240 To explore : 6647 Explored : 15476 Total elapsed : 517.648337
Iter : 250 To explore : 6897 Explored : 15736 Total elapsed : 519.277684
Iter : 260 To explore : 7018 Explored : 15867 Total elapsed : 520.625672
Iter : 270 To explore : 7101 Explored : 15960 Total elapsed : 522.258964
Iter : 280 To explore : 7184 Explored : 16053 Total elapsed : 523.608585
Iter : 290 To explore : 7252 Explored : 16131 Total elapsed : 524.922999
=== Report ===
[1] [IO] line 44, (minimumBalanceInFinney * 1000000000000000) : unproven
[2] [IO] line 51, (balanceOf[_to] + _value) : unproven
[3] [IO] line 54, (balanceOf[_from] - _value) : proven
[4] [IO] line 55, (balanceOf[_to] + _value) : proven
[5] [IO] line 61, (minBalanceForAccounts - msg.sender.balance) : proven
[6] [IO] line 67, (balanceOf[target] + mintedAmount) : unproven
[7] [IO] line 68, (totalSupply + mintedAmount) : unproven
[8] [IO] line 88, (balanceOf[msg.sender] + amount) : unproven
[9] [IO] line 89, (balanceOf[this] - amount) : unproven
[10] [IO] line 96, (balanceOf[this] + amount) : unproven
[11] [IO] line 97, (balanceOf[msg.sender] - amount) : unproven
[12] [IO] line 98, (amount * sellPrice) : unproven
[13] [DZ] line 61, ((minBalanceForAccounts - msg.sender.balance) / sellPrice) : unproven
[14] [DZ] line 86, (msg.value / buyPrice) : unproven

=== Result Summary ===
# Queries                : 14
- integer over/underflow : 12
- division-by-zero       : 2
- assertion              : 0

# Alarms                 : 11
- integer over/underflow : 9
- division-by-zero       : 2
- assertion              : 0

# Proven                 : 3
- integer over/underflow : 3
- division-by-zero       : 0
- assertion              : 0

Time Elapsed : 540.005024
