ON: integer over/underflow
ON: division-by-zero

0xd2946be786f35c3cc402c29b323647abda799071_tmp.sol:109:5: Warning: Defining constructors as functions with the same name as the contract is deprecated. Use "constructor(...) { ... }" instead.
    function VikkyToken () public {
    ^ (Relevant source part starts here and spans across multiple lines).
- all funcs : 56
- reachable : 28
* Generating Paths ... took 0.000241s
- paths : 71

Iter : 10 To explore : 2102 Explored : 2111 Total elapsed : 1.286348
Iter : 20 To explore : 3989 Explored : 4008 Total elapsed : 1.603417
Iter : 30 To explore : 6073 Explored : 6102 Total elapsed : 2.073473
Iter : 40 To explore : 7961 Explored : 8000 Total elapsed : 2.614657
Iter : 50 To explore : 9751 Explored : 9800 Total elapsed : 4.045642
Iter : 60 To explore : 11571 Explored : 11630 Total elapsed : 5.129476
Iter : 70 To explore : 13548 Explored : 13617 Total elapsed : 171.120617
=== Report ===
[1] [IO] line 129, (totalDistributed + _amount) : unproven
[2] [IO] line 130, (balances[_to] + _amount) : unproven
[3] [IO] line 143, (balances[_participant] + _amount) : unproven
[4] [IO] line 144, (totalDistributed + _amount) : unproven
[5] [IO] line 160, (i + 1) : proven
[6] [IO] line 179, (tokensPerEth * msg.value) : unproven
[7] [IO] line 197, (size + 4) : proven
[8] [IO] line 201, (2 * 32) : proven
[9] [IO] line 206, (balances[msg.sender] - _amount) : proven
[10] [IO] line 207, (balances[_to] + _amount) : unproven
[11] [IO] line 212, (3 * 32) : proven
[12] [IO] line 218, (balances[_from] - _amount) : proven
[13] [IO] line 219, (allowed[_from][msg.sender] - _amount) : proven
[14] [IO] line 220, (balances[_to] + _amount) : unproven
[15] [IO] line 253, (balances[burner] - _value) : proven
[16] [IO] line 254, (totalSupply - _value) : unproven
[17] [IO] line 255, (totalDistributed - _value) : unproven
[18] [DZ] line 82, (1000000000000000000 / 100) : proven
[19] [DZ] line 179, ((tokensPerEth * msg.value) / 1000000000000000000) : proven

=== Result Summary ===
# Queries                : 19
- integer over/underflow : 17
- division-by-zero       : 2
- assertion              : 0

# Alarms                 : 9
- integer over/underflow : 9
- division-by-zero       : 0
- assertion              : 0

# Proven                 : 10
- integer over/underflow : 8
- division-by-zero       : 2
- assertion              : 0

Time Elapsed : 537.041527
