ON: integer over/underflow
ON: division-by-zero

2018-14087_tmp.sol:6:5: Warning: Defining constructors as functions with the same name as the contract is deprecated. Use "constructor(...) { ... }" instead.
    function owned() public {
    ^ (Relevant source part starts here and spans across multiple lines).
2018-14087_tmp.sol:40:5: Warning: Defining constructors as functions with the same name as the contract is deprecated. Use "constructor(...) { ... }" instead.
    function TokenERC20(uint256 initialSupply, string tokenName, string tokenSymbol) public {
    ^ (Relevant source part starts here and spans across multiple lines).
2018-14087_tmp.sol:122:2: Warning: Defining constructors as functions with the same name as the contract is deprecated. Use "constructor(...) { ... }" instead.
	function EncryptedToken() TokenERC20(INITIAL_SUPPLY, 'EUC', 'EUC') payable public {}
	^----------------------------------------------------------------------------------^
2018-14087_tmp.sol:20:28: Warning: Functions in interfaces should be declared external.
interface tokenRecipient { function receiveApproval(address _from, uint256 _value, address _token, bytes _extraData) public; }
                           ^-----------------------------------------------------------------------------------------------^
2018-14087_tmp.sol:61:9: Warning: Invoking events without "emit" prefix is deprecated.
        Transfer(_from, _to, _value);
        ^--------------------------^
2018-14087_tmp.sol:99:9: Warning: Invoking events without "emit" prefix is deprecated.
        Burn(msg.sender, _value);
        ^----------------------^
2018-14087_tmp.sol:110:9: Warning: Invoking events without "emit" prefix is deprecated.
        Burn(_from, _value);
        ^-----------------^
2018-14087_tmp.sol:132:9: Warning: Invoking events without "emit" prefix is deprecated.
        Transfer(_from, _to, _value);
        ^--------------------------^
2018-14087_tmp.sol:138:9: Warning: Invoking events without "emit" prefix is deprecated.
        Transfer(0, this, mintedAmount);
        ^-----------------------------^
2018-14087_tmp.sol:139:9: Warning: Invoking events without "emit" prefix is deprecated.
        Transfer(this, target, mintedAmount);
        ^----------------------------------^
2018-14087_tmp.sol:144:9: Warning: Invoking events without "emit" prefix is deprecated.
        FrozenFunds(target, freeze);
        ^-------------------------^
2018-14087_tmp.sol:159:7: Warning: Failure condition of 'send' ignored. Consider using 'transfer' instead.
    		owner.send(msg.value);//
    		^-------------------^
2018-14087_tmp.sol:167:7: Warning: Failure condition of 'send' ignored. Consider using 'transfer' instead.
    		owner.send(num);
    		^-------------^
- all funcs : 43
- reachable : 21
* Generating Paths ... took 8.4e-05s
- paths : 52

Iter : 10 To explore : 604 Explored : 613 Total elapsed : 8.052961
Iter : 20 To explore : 656 Explored : 1270 Total elapsed : 15.775376
Iter : 30 To explore : 1033 Explored : 2673 Total elapsed : 37.037621
Iter : 40 To explore : 1364 Explored : 3014 Total elapsed : 45.307099
Iter : 50 To explore : 1621 Explored : 3281 Total elapsed : 46.420315
Iter : 60 To explore : 1902 Explored : 3572 Total elapsed : 47.673982
Iter : 70 To explore : 2212 Explored : 3892 Total elapsed : 48.779704
Iter : 80 To explore : 2507 Explored : 4197 Total elapsed : 49.884053
Iter : 90 To explore : 2707 Explored : 4407 Total elapsed : 50.98995
Iter : 100 To explore : 2842 Explored : 4552 Total elapsed : 52.100845
Iter : 110 To explore : 2967 Explored : 4687 Total elapsed : 53.2114
Iter : 120 To explore : 2026 Explored : 7068 Total elapsed : 54.663498
Iter : 130 To explore : 2046 Explored : 7098 Total elapsed : 64.22215
Iter : 140 To explore : 2146 Explored : 7208 Total elapsed : 65.351427
Iter : 150 To explore : 2314 Explored : 9498 Total elapsed : 66.726604
Iter : 160 To explore : 2483 Explored : 9677 Total elapsed : 74.493239
Iter : 170 To explore : 2837 Explored : 10041 Total elapsed : 75.621713
Iter : 180 To explore : 3132 Explored : 10346 Total elapsed : 77.099162
Iter : 190 To explore : 3386 Explored : 10610 Total elapsed : 93.687352
Iter : 200 To explore : 3009 Explored : 13771 Total elapsed : 115.346638
Iter : 210 To explore : 3251 Explored : 14023 Total elapsed : 123.087007
Iter : 220 To explore : 3514 Explored : 14296 Total elapsed : 124.259375
Iter : 230 To explore : 3831 Explored : 14623 Total elapsed : 125.408885
Iter : 240 To explore : 4094 Explored : 14896 Total elapsed : 126.753081
Iter : 250 To explore : 4334 Explored : 15146 Total elapsed : 127.896161
Iter : 260 To explore : 4511 Explored : 15333 Total elapsed : 129.03431
Iter : 270 To explore : 4574 Explored : 15406 Total elapsed : 166.564274
Iter : 280 To explore : 4600 Explored : 15442 Total elapsed : 168.065841
Iter : 290 To explore : 4099 Explored : 19467 Total elapsed : 177.871422
Iter : 300 To explore : 4156 Explored : 19534 Total elapsed : 179.3181
Iter : 310 To explore : 4203 Explored : 19591 Total elapsed : 235.673384
Iter : 320 To explore : 4243 Explored : 19641 Total elapsed : 237.140189
Iter : 330 To explore : 4263 Explored : 19671 Total elapsed : 274.403857
Iter : 340 To explore : 4581 Explored : 19999 Total elapsed : 276.471713
Iter : 350 To explore : 5077 Explored : 20505 Total elapsed : 279.068755
Iter : 360 To explore : 5559 Explored : 20997 Total elapsed : 280.498342
Iter : 370 To explore : 6035 Explored : 21483 Total elapsed : 281.845577
Iter : 380 To explore : 6499 Explored : 21957 Total elapsed : 283.649052
Iter : 390 To explore : 6959 Explored : 22427 Total elapsed : 286.159988
Iter : 400 To explore : 7330 Explored : 22808 Total elapsed : 287.798656
Iter : 410 To explore : 7582 Explored : 23070 Total elapsed : 289.011125
Iter : 420 To explore : 7862 Explored : 23360 Total elapsed : 290.273154
Iter : 430 To explore : 8217 Explored : 23725 Total elapsed : 315.180316
Iter : 440 To explore : 8562 Explored : 24080 Total elapsed : 317.022224
Iter : 450 To explore : 8911 Explored : 24439 Total elapsed : 349.551322
Iter : 460 To explore : 9261 Explored : 24799 Total elapsed : 350.785719
Iter : 470 To explore : 9576 Explored : 25124 Total elapsed : 352.081435
Iter : 480 To explore : 9912 Explored : 25470 Total elapsed : 353.405925
Iter : 490 To explore : 10217 Explored : 25785 Total elapsed : 390.381535
Iter : 500 To explore : 10544 Explored : 26122 Total elapsed : 392.061309
Iter : 510 To explore : 10882 Explored : 26470 Total elapsed : 393.51619
Iter : 520 To explore : 11192 Explored : 26790 Total elapsed : 394.956147
Iter : 530 To explore : 11537 Explored : 27145 Total elapsed : 396.692603
Iter : 540 To explore : 11786 Explored : 27404 Total elapsed : 397.953352
Iter : 550 To explore : 12121 Explored : 27749 Total elapsed : 399.415175
Iter : 560 To explore : 12424 Explored : 28062 Total elapsed : 445.172089
Iter : 570 To explore : 12695 Explored : 28343 Total elapsed : 446.654761
Iter : 580 To explore : 12915 Explored : 28573 Total elapsed : 477.959422
=== Report ===
[1] [IO] line 41, (10 ** uint256(decimals)) : proven
[2] [IO] line 41, (initialSupply * (10 ** uint256(decimals))) : proven
[3] [IO] line 73, (allowance[_from][msg.sender] - _value) : proven
[4] [IO] line 97, (balanceOf[msg.sender] - _value) : proven
[5] [IO] line 98, (totalSupply - _value) : unproven
[6] [IO] line 107, (balanceOf[_from] - _value) : proven
[7] [IO] line 108, (allowance[_from][msg.sender] - _value) : proven
[8] [IO] line 109, (totalSupply - _value) : unproven
[9] [IO] line 127, (balanceOf[_to] + _value) : unproven
[10] [IO] line 130, (balanceOf[_from] - _value) : proven
[11] [IO] line 131, (balanceOf[_to] + _value) : proven
[12] [IO] line 136, (balanceOf[target] + mintedAmount) : unproven
[13] [IO] line 137, (totalSupply + mintedAmount) : unproven
[14] [IO] line 157, (msg.value * buyPrice) : unproven
[15] [DZ] line 152, (msg.value / buyPrice) : unproven

=== Result Summary ===
# Queries                : 15
- integer over/underflow : 14
- division-by-zero       : 1
- assertion              : 0

# Alarms                 : 7
- integer over/underflow : 6
- division-by-zero       : 1
- assertion              : 0

# Proven                 : 8
- integer over/underflow : 8
- division-by-zero       : 0
- assertion              : 0

Time Elapsed : 530.167659
