ON: integer over/underflow
ON: division-by-zero

0x006bea43baa3f7a6f765f14f10a1a1b08334ef45_tmp.sol:54:5: Warning: Defining constructors as functions with the same name as the contract is deprecated. Use "constructor(...) { ... }" instead.
    function SafeMath() {
    ^ (Relevant source part starts here and spans across multiple lines).
0x006bea43baa3f7a6f765f14f10a1a1b08334ef45_tmp.sol:121:5: Warning: Defining constructors as functions with the same name as the contract is deprecated. Use "constructor(...) { ... }" instead.
    function ERC20Token(string _name, string _symbol, uint8 _decimals) {
    ^ (Relevant source part starts here and spans across multiple lines).
0x006bea43baa3f7a6f765f14f10a1a1b08334ef45_tmp.sol:217:5: Warning: Defining constructors as functions with the same name as the contract is deprecated. Use "constructor(...) { ... }" instead.
    function Owned() {
    ^ (Relevant source part starts here and spans across multiple lines).
0x006bea43baa3f7a6f765f14f10a1a1b08334ef45_tmp.sol:261:5: Warning: Defining constructors as functions with the same name as the contract is deprecated. Use "constructor(...) { ... }" instead.
    function TokenHolder() {
    ^ (Relevant source part starts here and spans across multiple lines).
0x006bea43baa3f7a6f765f14f10a1a1b08334ef45_tmp.sol:319:5: Warning: Defining constructors as functions with the same name as the contract is deprecated. Use "constructor(...) { ... }" instead.
    function SmartToken(string _name, string _symbol, uint8 _decimals)
    ^ (Relevant source part starts here and spans across multiple lines).
0x006bea43baa3f7a6f765f14f10a1a1b08334ef45_tmp.sol:441:5: Warning: Defining constructors as functions with the same name as the contract is deprecated. Use "constructor(...) { ... }" instead.
    function Ownable() {
    ^ (Relevant source part starts here and spans across multiple lines).
0x006bea43baa3f7a6f765f14f10a1a1b08334ef45_tmp.sol:448:13: Warning: "throw" is deprecated in favour of "revert()", "require()" and "assert()".
            throw;
            ^---^
0x006bea43baa3f7a6f765f14f10a1a1b08334ef45_tmp.sol:521:5: Warning: Defining constructors as functions with the same name as the contract is deprecated. Use "constructor(...) { ... }" instead.
    function StoxSmartToken() SmartToken('Stox', 'STX', 18) {
    ^ (Relevant source part starts here and spans across multiple lines).
0x006bea43baa3f7a6f765f14f10a1a1b08334ef45_tmp.sol:555:5: Warning: Defining constructors as functions with the same name as the contract is deprecated. Use "constructor(...) { ... }" instead.
    function Trustee(StoxSmartToken _stox) {
    ^ (Relevant source part starts here and spans across multiple lines).
0x006bea43baa3f7a6f765f14f10a1a1b08334ef45_tmp.sol:722:13: Warning: "throw" is deprecated in favour of "revert()", "require()" and "assert()".
            throw;
            ^---^
0x006bea43baa3f7a6f765f14f10a1a1b08334ef45_tmp.sol:731:13: Warning: "throw" is deprecated in favour of "revert()", "require()" and "assert()".
            throw;
            ^---^
0x006bea43baa3f7a6f765f14f10a1a1b08334ef45_tmp.sol:740:5: Warning: Defining constructors as functions with the same name as the contract is deprecated. Use "constructor(...) { ... }" instead.
    function StoxSmartTokenSale(address _stox, address _fundingRecipient, uint256 _startTime) {
    ^ (Relevant source part starts here and spans across multiple lines).
0x006bea43baa3f7a6f765f14f10a1a1b08334ef45_tmp.sol:772:13: Warning: "throw" is deprecated in favour of "revert()", "require()" and "assert()".
            throw;
            ^---^
0x006bea43baa3f7a6f765f14f10a1a1b08334ef45_tmp.sol:8:47: Warning: This declaration shadows an existing declaration.
    function owner() public constant returns (address owner);
                                              ^-----------^
0x006bea43baa3f7a6f765f14f10a1a1b08334ef45_tmp.sol:8:5: The shadowed declaration is here:
    function owner() public constant returns (address owner);
    ^-------------------------------------------------------^

0x006bea43baa3f7a6f765f14f10a1a1b08334ef45_tmp.sol:19:46: Warning: This declaration shadows an existing declaration.
    function name() public constant returns (string name);
                                             ^---------^
0x006bea43baa3f7a6f765f14f10a1a1b08334ef45_tmp.sol:19:5: The shadowed declaration is here:
    function name() public constant returns (string name);
    ^----------------------------------------------------^

0x006bea43baa3f7a6f765f14f10a1a1b08334ef45_tmp.sol:20:48: Warning: This declaration shadows an existing declaration.
    function symbol() public constant returns (string symbol);
                                               ^-----------^
0x006bea43baa3f7a6f765f14f10a1a1b08334ef45_tmp.sol:20:5: The shadowed declaration is here:
    function symbol() public constant returns (string symbol);
    ^--------------------------------------------------------^

0x006bea43baa3f7a6f765f14f10a1a1b08334ef45_tmp.sol:21:50: Warning: This declaration shadows an existing declaration.
    function decimals() public constant returns (uint8 decimals);
                                                 ^------------^
0x006bea43baa3f7a6f765f14f10a1a1b08334ef45_tmp.sol:21:5: The shadowed declaration is here:
    function decimals() public constant returns (uint8 decimals);
    ^-----------------------------------------------------------^

0x006bea43baa3f7a6f765f14f10a1a1b08334ef45_tmp.sol:22:53: Warning: This declaration shadows an existing declaration.
    function totalSupply() public constant returns (uint256 totalSupply);
                                                    ^-----------------^
0x006bea43baa3f7a6f765f14f10a1a1b08334ef45_tmp.sol:22:5: The shadowed declaration is here:
    function totalSupply() public constant returns (uint256 totalSupply);
    ^-------------------------------------------------------------------^

0x006bea43baa3f7a6f765f14f10a1a1b08334ef45_tmp.sol:602:9: Warning: This declaration shadows an existing declaration.
        Grant grant = grants[_holder];
        ^---------^
0x006bea43baa3f7a6f765f14f10a1a1b08334ef45_tmp.sol:568:5: The shadowed declaration is here:
    function grant(address _to, uint256 _value, uint256 _start, uint256 _cliff, uint256 _end, bool _revokable)
    ^ (Relevant source part starts here and spans across multiple lines).

0x006bea43baa3f7a6f765f14f10a1a1b08334ef45_tmp.sol:623:9: Warning: This declaration shadows an existing declaration.
        Grant grant = grants[_holder];
        ^---------^
0x006bea43baa3f7a6f765f14f10a1a1b08334ef45_tmp.sol:568:5: The shadowed declaration is here:
    function grant(address _to, uint256 _value, uint256 _start, uint256 _cliff, uint256 _end, bool _revokable)
    ^ (Relevant source part starts here and spans across multiple lines).

0x006bea43baa3f7a6f765f14f10a1a1b08334ef45_tmp.sol:667:9: Warning: This declaration shadows an existing declaration.
        Grant grant = grants[msg.sender];
        ^---------^
0x006bea43baa3f7a6f765f14f10a1a1b08334ef45_tmp.sol:568:5: The shadowed declaration is here:
    function grant(address _to, uint256 _value, uint256 _start, uint256 _cliff, uint256 _end, bool _revokable)
    ^ (Relevant source part starts here and spans across multiple lines).

0x006bea43baa3f7a6f765f14f10a1a1b08334ef45_tmp.sol:602:9: Warning: Variable is declared as a storage pointer. Use an explicit "storage" keyword to silence this warning.
        Grant grant = grants[_holder];
        ^---------^
0x006bea43baa3f7a6f765f14f10a1a1b08334ef45_tmp.sol:623:9: Warning: Variable is declared as a storage pointer. Use an explicit "storage" keyword to silence this warning.
        Grant grant = grants[_holder];
        ^---------^
0x006bea43baa3f7a6f765f14f10a1a1b08334ef45_tmp.sol:667:9: Warning: Variable is declared as a storage pointer. Use an explicit "storage" keyword to silence this warning.
        Grant grant = grants[msg.sender];
        ^---------^
0x006bea43baa3f7a6f765f14f10a1a1b08334ef45_tmp.sol:151:9: Warning: Invoking events without "emit" prefix is deprecated.
        Transfer(msg.sender, _to, _value);
        ^-------------------------------^
0x006bea43baa3f7a6f765f14f10a1a1b08334ef45_tmp.sol:174:9: Warning: Invoking events without "emit" prefix is deprecated.
        Transfer(_from, _to, _value);
        ^--------------------------^
0x006bea43baa3f7a6f765f14f10a1a1b08334ef45_tmp.sol:200:9: Warning: Invoking events without "emit" prefix is deprecated.
        Approval(msg.sender, _spender, _value);
        ^------------------------------------^
0x006bea43baa3f7a6f765f14f10a1a1b08334ef45_tmp.sol:244:9: Warning: Invoking events without "emit" prefix is deprecated.
        OwnerUpdate(owner, newOwner);
        ^--------------------------^
0x006bea43baa3f7a6f765f14f10a1a1b08334ef45_tmp.sol:323:9: Warning: Invoking events without "emit" prefix is deprecated.
        NewSmartToken(address(this));
        ^--------------------------^
0x006bea43baa3f7a6f765f14f10a1a1b08334ef45_tmp.sol:358:9: Warning: Invoking events without "emit" prefix is deprecated.
        Issuance(_amount);
        ^---------------^
0x006bea43baa3f7a6f765f14f10a1a1b08334ef45_tmp.sol:359:9: Warning: Invoking events without "emit" prefix is deprecated.
        Transfer(this, _to, _amount);
        ^--------------------------^
0x006bea43baa3f7a6f765f14f10a1a1b08334ef45_tmp.sol:376:9: Warning: Invoking events without "emit" prefix is deprecated.
        Transfer(_from, this, _amount);
        ^----------------------------^
0x006bea43baa3f7a6f765f14f10a1a1b08334ef45_tmp.sol:377:9: Warning: Invoking events without "emit" prefix is deprecated.
        Destruction(_amount);
        ^------------------^
0x006bea43baa3f7a6f765f14f10a1a1b08334ef45_tmp.sol:399:13: Warning: Invoking events without "emit" prefix is deprecated.
            Destruction(_value);
            ^-----------------^
0x006bea43baa3f7a6f765f14f10a1a1b08334ef45_tmp.sol:423:13: Warning: Invoking events without "emit" prefix is deprecated.
            Destruction(_value);
            ^-----------------^
0x006bea43baa3f7a6f765f14f10a1a1b08334ef45_tmp.sol:461:9: Warning: Invoking events without "emit" prefix is deprecated.
        OwnershipRequested(msg.sender, newOwnerCandidate);
        ^-----------------------------------------------^
0x006bea43baa3f7a6f765f14f10a1a1b08334ef45_tmp.sol:470:13: Warning: Invoking events without "emit" prefix is deprecated.
            OwnershipTransferred(owner, newOwnerCandidate);
            ^--------------------------------------------^
0x006bea43baa3f7a6f765f14f10a1a1b08334ef45_tmp.sol:596:9: Warning: Invoking events without "emit" prefix is deprecated.
        NewGrant(msg.sender, _to, _value);
        ^-------------------------------^
0x006bea43baa3f7a6f765f14f10a1a1b08334ef45_tmp.sol:615:9: Warning: Invoking events without "emit" prefix is deprecated.
        RevokeGrant(_holder, refund);
        ^--------------------------^
0x006bea43baa3f7a6f765f14f10a1a1b08334ef45_tmp.sol:686:9: Warning: Invoking events without "emit" prefix is deprecated.
        UnlockGrant(msg.sender, transferable);
        ^-----------------------------------^
0x006bea43baa3f7a6f765f14f10a1a1b08334ef45_tmp.sol:796:21: Warning: Using "years" as a unit denomination is deprecated.
            now.add(1 years), true);
                    ^-----^
0x006bea43baa3f7a6f765f14f10a1a1b08334ef45_tmp.sol:800:21: Warning: Using "years" as a unit denomination is deprecated.
            now.add(2 years), true);
                    ^-----^
0x006bea43baa3f7a6f765f14f10a1a1b08334ef45_tmp.sol:841:9: Warning: Invoking events without "emit" prefix is deprecated.
        TokensIssued(_recipient, _tokens);
        ^-------------------------------^
0x006bea43baa3f7a6f765f14f10a1a1b08334ef45_tmp.sol:54:5: Warning: No visibility specified. Defaulting to "public". 
    function SafeMath() {
    ^ (Relevant source part starts here and spans across multiple lines).
0x006bea43baa3f7a6f765f14f10a1a1b08334ef45_tmp.sol:121:5: Warning: No visibility specified. Defaulting to "public". 
    function ERC20Token(string _name, string _symbol, uint8 _decimals) {
    ^ (Relevant source part starts here and spans across multiple lines).
0x006bea43baa3f7a6f765f14f10a1a1b08334ef45_tmp.sol:217:5: Warning: No visibility specified. Defaulting to "public". 
    function Owned() {
    ^ (Relevant source part starts here and spans across multiple lines).
0x006bea43baa3f7a6f765f14f10a1a1b08334ef45_tmp.sol:261:5: Warning: No visibility specified. Defaulting to "public". 
    function TokenHolder() {
    ^ (Relevant source part starts here and spans across multiple lines).
0x006bea43baa3f7a6f765f14f10a1a1b08334ef45_tmp.sol:319:5: Warning: No visibility specified. Defaulting to "public". 
    function SmartToken(string _name, string _symbol, uint8 _decimals)
    ^ (Relevant source part starts here and spans across multiple lines).
0x006bea43baa3f7a6f765f14f10a1a1b08334ef45_tmp.sol:441:5: Warning: No visibility specified. Defaulting to "public". 
    function Ownable() {
    ^ (Relevant source part starts here and spans across multiple lines).
0x006bea43baa3f7a6f765f14f10a1a1b08334ef45_tmp.sol:456:5: Warning: No visibility specified. Defaulting to "public". 
    function transferOwnership(address _newOwnerCandidate) onlyOwner {
    ^ (Relevant source part starts here and spans across multiple lines).
0x006bea43baa3f7a6f765f14f10a1a1b08334ef45_tmp.sol:465:5: Warning: No visibility specified. Defaulting to "public". 
    function acceptOwnership() {
    ^ (Relevant source part starts here and spans across multiple lines).
0x006bea43baa3f7a6f765f14f10a1a1b08334ef45_tmp.sol:521:5: Warning: No visibility specified. Defaulting to "public". 
    function StoxSmartToken() SmartToken('Stox', 'STX', 18) {
    ^ (Relevant source part starts here and spans across multiple lines).
0x006bea43baa3f7a6f765f14f10a1a1b08334ef45_tmp.sol:555:5: Warning: No visibility specified. Defaulting to "public". 
    function Trustee(StoxSmartToken _stox) {
    ^ (Relevant source part starts here and spans across multiple lines).
0x006bea43baa3f7a6f765f14f10a1a1b08334ef45_tmp.sol:740:5: Warning: No visibility specified. Defaulting to "public". 
    function StoxSmartTokenSale(address _stox, address _fundingRecipient, uint256 _startTime) {
    ^ (Relevant source part starts here and spans across multiple lines).
0x006bea43baa3f7a6f765f14f10a1a1b08334ef45_tmp.sol:65:5: Warning: Function state mutability can be restricted to pure
    function safeAdd(uint256 _x, uint256 _y) internal returns (uint256) {
    ^ (Relevant source part starts here and spans across multiple lines).
0x006bea43baa3f7a6f765f14f10a1a1b08334ef45_tmp.sol:79:5: Warning: Function state mutability can be restricted to pure
    function safeSub(uint256 _x, uint256 _y) internal returns (uint256) {
    ^ (Relevant source part starts here and spans across multiple lines).
0x006bea43baa3f7a6f765f14f10a1a1b08334ef45_tmp.sol:92:5: Warning: Function state mutability can be restricted to pure
    function safeMul(uint256 _x, uint256 _y) internal returns (uint256) {
    ^ (Relevant source part starts here and spans across multiple lines).
0x006bea43baa3f7a6f765f14f10a1a1b08334ef45_tmp.sol:477:5: Warning: Function state mutability can be restricted to pure
    function mul(uint256 a, uint256 b) internal returns (uint256) {
    ^ (Relevant source part starts here and spans across multiple lines).
0x006bea43baa3f7a6f765f14f10a1a1b08334ef45_tmp.sol:483:5: Warning: Function state mutability can be restricted to pure
    function div(uint256 a, uint256 b) internal returns (uint256) {
    ^ (Relevant source part starts here and spans across multiple lines).
0x006bea43baa3f7a6f765f14f10a1a1b08334ef45_tmp.sol:490:5: Warning: Function state mutability can be restricted to pure
    function sub(uint256 a, uint256 b) internal returns (uint256) {
    ^ (Relevant source part starts here and spans across multiple lines).
0x006bea43baa3f7a6f765f14f10a1a1b08334ef45_tmp.sol:495:5: Warning: Function state mutability can be restricted to pure
    function add(uint256 a, uint256 b) internal returns (uint256) {
    ^ (Relevant source part starts here and spans across multiple lines).
0x006bea43baa3f7a6f765f14f10a1a1b08334ef45_tmp.sol:501:5: Warning: Function state mutability can be restricted to pure
    function max64(uint64 a, uint64 b) internal constant returns (uint64) {
    ^ (Relevant source part starts here and spans across multiple lines).
0x006bea43baa3f7a6f765f14f10a1a1b08334ef45_tmp.sol:505:5: Warning: Function state mutability can be restricted to pure
    function min64(uint64 a, uint64 b) internal constant returns (uint64) {
    ^ (Relevant source part starts here and spans across multiple lines).
0x006bea43baa3f7a6f765f14f10a1a1b08334ef45_tmp.sol:509:5: Warning: Function state mutability can be restricted to pure
    function max256(uint256 a, uint256 b) internal constant returns (uint256) {
    ^ (Relevant source part starts here and spans across multiple lines).
0x006bea43baa3f7a6f765f14f10a1a1b08334ef45_tmp.sol:513:5: Warning: Function state mutability can be restricted to pure
    function min256(uint256 a, uint256 b) internal constant returns (uint256) {
    ^ (Relevant source part starts here and spans across multiple lines).
0x006bea43baa3f7a6f765f14f10a1a1b08334ef45_tmp.sol:661:34: Warning: Function declared as view, but this expression (potentially) modifies the state and thus requires non-payable (the default) or payable.
         return _grant.value.mul(_time.sub(_grant.start)).div(_grant.end.sub(_grant.start));
                                 ^---------------------^
0x006bea43baa3f7a6f765f14f10a1a1b08334ef45_tmp.sol:661:17: Warning: Function declared as view, but this expression (potentially) modifies the state and thus requires non-payable (the default) or payable.
         return _grant.value.mul(_time.sub(_grant.start)).div(_grant.end.sub(_grant.start));
                ^---------------------------------------^
0x006bea43baa3f7a6f765f14f10a1a1b08334ef45_tmp.sol:661:63: Warning: Function declared as view, but this expression (potentially) modifies the state and thus requires non-payable (the default) or payable.
         return _grant.value.mul(_time.sub(_grant.start)).div(_grant.end.sub(_grant.start));
                                                              ^--------------------------^
0x006bea43baa3f7a6f765f14f10a1a1b08334ef45_tmp.sol:661:17: Warning: Function declared as view, but this expression (potentially) modifies the state and thus requires non-payable (the default) or payable.
         return _grant.value.mul(_time.sub(_grant.start)).div(_grant.end.sub(_grant.start));
                ^-------------------------------------------------------------------------^
- all funcs : 197
- reachable : 83
* Generating Paths ... took 0.001974s
- paths : 217

Iter : 10 To explore : 1690 Explored : 1699 Total elapsed : 70.735805
Iter : 20 To explore : 3459 Explored : 3478 Total elapsed : 131.936429
Iter : 30 To explore : 5301 Explored : 5330 Total elapsed : 193.102158
Iter : 40 To explore : 7267 Explored : 7306 Total elapsed : 295.875067
Iter : 50 To explore : 9195 Explored : 9244 Total elapsed : 357.514358
Iter : 60 To explore : 7710 Explored : 34949 Total elapsed : 470.594532
Iter : 70 To explore : 9325 Explored : 36574 Total elapsed : 492.94605
Iter : 80 To explore : 10820 Explored : 38079 Total elapsed : 515.758861
=== Report ===
[1] [IO] line 66, (_x + _y) : unproven
[2] [IO] line 478, (a * b) : unproven
[3] [IO] line 492, (a - b) : proven
[4] [IO] line 496, (a + b) : unproven
[5] [IO] line 715, ((ETH_CAP * EXCHANGE_RATE) * (10 ** 18)) : proven
[6] [IO] line 715, (10 ** 18) : proven
[7] [IO] line 715, (ETH_CAP * EXCHANGE_RATE) : proven
[8] [IO] line 749, (startTime + DURATION) : unproven
[9] [IO] line 764, (10 ** 18) : proven
[10] [IO] line 764, (14800000 * (10 ** 18)) : proven
[11] [DZ] line 479, (c / a) : unproven
[12] [DZ] line 485, (a / b) : proven

=== Result Summary ===
# Queries                : 12
- integer over/underflow : 10
- division-by-zero       : 2
- assertion              : 0

# Alarms                 : 5
- integer over/underflow : 4
- division-by-zero       : 1
- assertion              : 0

# Proven                 : 7
- integer over/underflow : 6
- division-by-zero       : 1
- assertion              : 0

Time Elapsed : 531.302304
