ON: integer over/underflow
ON: division-by-zero

2018-18665_tmp.sol:57:5: Warning: Defining constructors as functions with the same name as the contract is deprecated. Use "constructor(...) { ... }" instead.
    function NexxusToken() {
    ^ (Relevant source part starts here and spans across multiple lines).
2018-18665_tmp.sol:20:13: Warning: Invoking events without "emit" prefix is deprecated.
            Transfer(msg.sender, _to, _value);
            ^-------------------------------^
2018-18665_tmp.sol:29:13: Warning: Invoking events without "emit" prefix is deprecated.
            Transfer(_from, _to, _value);
            ^--------------------------^
2018-18665_tmp.sol:38:9: Warning: Invoking events without "emit" prefix is deprecated.
        Approval(msg.sender, _spender, _value);
        ^------------------------------------^
2018-18665_tmp.sol:64:9: Warning: Invoking events without "emit" prefix is deprecated.
        Approval(msg.sender, _spender, _value);
        ^------------------------------------^
2018-18665_tmp.sol:65:54: Warning: "sha3" has been deprecated in favour of "keccak256"
 ... sha3("receiveApproval(address,uint256,address,bytes)") ... 
     ^----------------------------------------------------^
2018-18665_tmp.sol:72:7: Warning: Invoking events without "emit" prefix is deprecated.
    		Transfer(0, owner, _amount);
    		^-------------------------^
2018-18665_tmp.sol:5:5: Warning: No visibility specified. Defaulting to "public". 
    function balanceOf(address _owner) constant returns (uint256 balance);
    ^--------------------------------------------------------------------^
2018-18665_tmp.sol:6:5: Warning: No visibility specified. Defaulting to "public". 
    function transfer(address _to, uint256 _value) returns (bool success);
    ^--------------------------------------------------------------------^
2018-18665_tmp.sol:7:5: Warning: No visibility specified. Defaulting to "public". 
    function transferFrom(address _from, address _to, uint256 _value) returns (bool success);
    ^---------------------------------------------------------------------------------------^
2018-18665_tmp.sol:8:5: Warning: No visibility specified. Defaulting to "public". 
    function approve(address _spender, uint256 _value) returns (bool success);
    ^------------------------------------------------------------------------^
2018-18665_tmp.sol:9:5: Warning: No visibility specified. Defaulting to "public". 
    function allowance(address _owner, address _spender) constant returns (uint256 remaining);
    ^----------------------------------------------------------------------------------------^
2018-18665_tmp.sol:16:5: Warning: No visibility specified. Defaulting to "public". 
    function transfer(address _to, uint256 _value) returns (bool success) {
    ^ (Relevant source part starts here and spans across multiple lines).
2018-18665_tmp.sol:24:5: Warning: No visibility specified. Defaulting to "public". 
    function transferFrom(address _from, address _to, uint256 _value) returns (bool success) {
    ^ (Relevant source part starts here and spans across multiple lines).
2018-18665_tmp.sol:33:5: Warning: No visibility specified. Defaulting to "public". 
    function balanceOf(address _owner) constant returns (uint256 balance) {
    ^ (Relevant source part starts here and spans across multiple lines).
2018-18665_tmp.sol:36:5: Warning: No visibility specified. Defaulting to "public". 
    function approve(address _spender, uint256 _value) returns (bool success) {
    ^ (Relevant source part starts here and spans across multiple lines).
2018-18665_tmp.sol:41:5: Warning: No visibility specified. Defaulting to "public". 
    function allowance(address _owner, address _spender) constant returns (uint256 remaining) {
    ^ (Relevant source part starts here and spans across multiple lines).
2018-18665_tmp.sol:50:5: Warning: No visibility specified. Defaulting to "public". 
    function () {return;}
    ^-------------------^
2018-18665_tmp.sol:57:5: Warning: No visibility specified. Defaulting to "public". 
    function NexxusToken() {
    ^ (Relevant source part starts here and spans across multiple lines).
2018-18665_tmp.sol:62:5: Warning: No visibility specified. Defaulting to "public". 
    function approveAndCall(address _spender, uint256 _value, bytes _extraData) returns (bool success) {
    ^ (Relevant source part starts here and spans across multiple lines).
2018-18665_tmp.sol:68:2: Warning: No visibility specified. Defaulting to "public". 
	function mintToken(uint256 _amount) {
 ^ (Relevant source part starts here and spans across multiple lines).
2018-18665_tmp.sol:75:2: Warning: No visibility specified. Defaulting to "public". 
	function disableToken(bool _disable) { 
 ^ (Relevant source part starts here and spans across multiple lines).
- all funcs : 33
- reachable : 13
* Generating Paths ... took 6.9e-05s
- paths : 23

Iter : 10 To explore : 72 Explored : 152 Total elapsed : 1.348086
Iter : 20 To explore : 67 Explored : 240 Total elapsed : 2.809669
Iter : 30 To explore : 67 Explored : 250 Total elapsed : 4.011919
Iter : 40 To explore : 126 Explored : 319 Total elapsed : 5.90095
Iter : 50 To explore : 173 Explored : 376 Total elapsed : 40.844485
Iter : 60 To explore : 177 Explored : 390 Total elapsed : 53.716946
Iter : 70 To explore : 192 Explored : 415 Total elapsed : 55.444177
Iter : 80 To explore : 217 Explored : 450 Total elapsed : 61.583758
Iter : 90 To explore : 230 Explored : 473 Total elapsed : 68.462599
Iter : 100 To explore : 236 Explored : 489 Total elapsed : 69.662532
Iter : 110 To explore : 293 Explored : 556 Total elapsed : 81.308235
Iter : 120 To explore : 303 Explored : 576 Total elapsed : 103.753232
Iter : 130 To explore : 317 Explored : 600 Total elapsed : 127.599536
Iter : 140 To explore : 341 Explored : 634 Total elapsed : 135.05212
Iter : 150 To explore : 358 Explored : 661 Total elapsed : 142.457659
Iter : 160 To explore : 385 Explored : 698 Total elapsed : 155.771296
Iter : 170 To explore : 410 Explored : 733 Total elapsed : 176.860169
Iter : 180 To explore : 436 Explored : 769 Total elapsed : 178.051905
Iter : 190 To explore : 448 Explored : 791 Total elapsed : 193.429903
Iter : 200 To explore : 457 Explored : 810 Total elapsed : 220.422996
Iter : 210 To explore : 476 Explored : 839 Total elapsed : 227.558419
Iter : 220 To explore : 504 Explored : 877 Total elapsed : 228.828255
Iter : 230 To explore : 513 Explored : 896 Total elapsed : 230.013864
Iter : 240 To explore : 523 Explored : 916 Total elapsed : 231.252519
Iter : 250 To explore : 532 Explored : 935 Total elapsed : 232.602659
Iter : 260 To explore : 546 Explored : 959 Total elapsed : 233.805948
Iter : 270 To explore : 559 Explored : 982 Total elapsed : 235.013003
Iter : 280 To explore : 586 Explored : 1019 Total elapsed : 236.247995
Iter : 290 To explore : 596 Explored : 1039 Total elapsed : 237.455744
Iter : 300 To explore : 599 Explored : 1052 Total elapsed : 238.659916
Iter : 310 To explore : 594 Explored : 1057 Total elapsed : 239.858185
Iter : 320 To explore : 592 Explored : 1065 Total elapsed : 241.060412
Iter : 330 To explore : 590 Explored : 1073 Total elapsed : 242.255768
Iter : 340 To explore : 599 Explored : 1092 Total elapsed : 243.515437
Iter : 350 To explore : 609 Explored : 1112 Total elapsed : 265.402112
Iter : 360 To explore : 635 Explored : 1148 Total elapsed : 281.576225
Iter : 370 To explore : 653 Explored : 1176 Total elapsed : 283.13498
Iter : 380 To explore : 674 Explored : 1207 Total elapsed : 290.313704
Iter : 390 To explore : 710 Explored : 1253 Total elapsed : 291.517531
Iter : 400 To explore : 725 Explored : 1278 Total elapsed : 298.796606
Iter : 410 To explore : 777 Explored : 1340 Total elapsed : 300.015073
Iter : 420 To explore : 807 Explored : 1380 Total elapsed : 301.206177
Iter : 430 To explore : 832 Explored : 1415 Total elapsed : 302.560244
Iter : 440 To explore : 838 Explored : 1431 Total elapsed : 309.968337
Iter : 450 To explore : 838 Explored : 1441 Total elapsed : 319.484425
Iter : 460 To explore : 843 Explored : 1456 Total elapsed : 327.224118
Iter : 470 To explore : 871 Explored : 1494 Total elapsed : 328.415625
Iter : 480 To explore : 879 Explored : 1512 Total elapsed : 350.457392
Iter : 490 To explore : 885 Explored : 1528 Total elapsed : 374.210386
Iter : 500 To explore : 900 Explored : 1553 Total elapsed : 384.020971
Iter : 510 To explore : 905 Explored : 1568 Total elapsed : 400.115435
Iter : 520 To explore : 907 Explored : 1580 Total elapsed : 401.315052
Iter : 530 To explore : 907 Explored : 1590 Total elapsed : 408.670333
Iter : 540 To explore : 926 Explored : 1619 Total elapsed : 409.850974
Iter : 550 To explore : 942 Explored : 1645 Total elapsed : 411.033478
Iter : 560 To explore : 963 Explored : 1676 Total elapsed : 412.21641
Iter : 570 To explore : 984 Explored : 1707 Total elapsed : 413.402496
Iter : 580 To explore : 994 Explored : 1727 Total elapsed : 414.610735
Iter : 590 To explore : 1019 Explored : 1762 Total elapsed : 415.825655
Iter : 600 To explore : 1039 Explored : 1792 Total elapsed : 417.031305
Iter : 610 To explore : 1052 Explored : 1815 Total elapsed : 418.233525
Iter : 620 To explore : 1053 Explored : 1826 Total elapsed : 419.432473
Iter : 630 To explore : 1066 Explored : 1849 Total elapsed : 420.636693
Iter : 640 To explore : 1064 Explored : 1857 Total elapsed : 421.84539
Iter : 650 To explore : 1061 Explored : 1864 Total elapsed : 423.052326
Iter : 660 To explore : 1072 Explored : 1885 Total elapsed : 424.25952
Iter : 670 To explore : 1073 Explored : 1896 Total elapsed : 425.461924
Iter : 680 To explore : 1067 Explored : 1900 Total elapsed : 426.662843
Iter : 690 To explore : 1060 Explored : 1903 Total elapsed : 427.872182
Iter : 700 To explore : 1067 Explored : 1920 Total elapsed : 429.084366
Iter : 710 To explore : 1059 Explored : 1922 Total elapsed : 430.29353
Iter : 720 To explore : 1068 Explored : 1941 Total elapsed : 431.506549
Iter : 730 To explore : 1066 Explored : 1949 Total elapsed : 432.716172
Iter : 740 To explore : 1064 Explored : 1957 Total elapsed : 433.920849
Iter : 750 To explore : 1064 Explored : 1967 Total elapsed : 435.122932
Iter : 760 To explore : 1062 Explored : 1975 Total elapsed : 436.347546
Iter : 770 To explore : 1054 Explored : 1977 Total elapsed : 437.554409
Iter : 780 To explore : 1056 Explored : 1989 Total elapsed : 438.772547
Iter : 790 To explore : 1054 Explored : 1997 Total elapsed : 439.981268
Iter : 800 To explore : 1045 Explored : 1998 Total elapsed : 441.190315
Iter : 810 To explore : 1037 Explored : 2000 Total elapsed : 442.407713
Iter : 820 To explore : 1056 Explored : 2029 Total elapsed : 443.692368
Iter : 830 To explore : 1065 Explored : 2048 Total elapsed : 444.904745
Iter : 840 To explore : 1068 Explored : 2061 Total elapsed : 446.117177
Iter : 850 To explore : 1077 Explored : 2080 Total elapsed : 447.431007
Iter : 860 To explore : 1074 Explored : 2087 Total elapsed : 457.450904
Iter : 870 To explore : 1073 Explored : 2096 Total elapsed : 458.647911
Iter : 880 To explore : 1067 Explored : 2100 Total elapsed : 459.847005
Iter : 890 To explore : 1060 Explored : 2103 Total elapsed : 461.038184
Iter : 900 To explore : 1053 Explored : 2106 Total elapsed : 462.228839
Iter : 910 To explore : 1046 Explored : 2109 Total elapsed : 463.421411
Iter : 920 To explore : 1038 Explored : 2111 Total elapsed : 464.613864
Iter : 930 To explore : 1088 Explored : 2171 Total elapsed : 474.626191
Iter : 940 To explore : 1111 Explored : 2204 Total elapsed : 475.837843
Iter : 950 To explore : 1130 Explored : 2233 Total elapsed : 485.344814
Iter : 960 To explore : 1162 Explored : 2275 Total elapsed : 486.697229
Iter : 970 To explore : 1163 Explored : 2286 Total elapsed : 493.631719
Iter : 980 To explore : 1177 Explored : 2310 Total elapsed : 494.835648
Iter : 990 To explore : 1205 Explored : 2348 Total elapsed : 496.028769
Iter : 1000 To explore : 1207 Explored : 2360 Total elapsed : 505.811655
Iter : 1010 To explore : 1212 Explored : 2375 Total elapsed : 521.19292
=== Report ===
[1] [IO] line 18, (balances[msg.sender] - _value) : proven
[2] [IO] line 19, (balances[_to] + _value) : unproven
[3] [IO] line 26, (balances[_to] + _value) : unproven
[4] [IO] line 27, (balances[_from] - _value) : unproven
[5] [IO] line 28, (allowed[_from][msg.sender] - _value) : proven
[6] [IO] line 70, (totalSupply + _amount) : unproven
[7] [IO] line 71, (balances[owner] + _amount) : unproven

=== Result Summary ===
# Queries                : 7
- integer over/underflow : 7
- division-by-zero       : 0
- assertion              : 0

# Alarms                 : 5
- integer over/underflow : 5
- division-by-zero       : 0
- assertion              : 0

# Proven                 : 2
- integer over/underflow : 2
- division-by-zero       : 0
- assertion              : 0

Time Elapsed : 533.877937
