ON: integer over/underflow
ON: division-by-zero

0x34364BEe11607b1963d66BCA665FDE93fCA666a8_tmp.sol:203:3: Warning: Defining constructors as functions with the same name as the contract is deprecated. Use "constructor(...) { ... }" instead.
  function Ownable() public {
  ^ (Relevant source part starts here and spans across multiple lines).
0x34364BEe11607b1963d66BCA665FDE93fCA666a8_tmp.sol:265:3: Warning: Defining constructors as functions with the same name as the contract is deprecated. Use "constructor(...) { ... }" instead.
  function YOUToken() public {
  ^ (Relevant source part starts here and spans across multiple lines).
- all funcs : 66
- reachable : 20
* Generating Paths ... took 0.000103s
- paths : 43

Iter : 10 To explore : 6733 Explored : 6742 Total elapsed : 123.557541
Iter : 20 To explore : 14118 Explored : 14137 Total elapsed : 217.957971
Iter : 30 To explore : 21403 Explored : 21432 Total elapsed : 332.203913
Iter : 40 To explore : 27608 Explored : 27647 Total elapsed : 341.447226
Iter : 50 To explore : 34342 Explored : 34391 Total elapsed : 356.389071
Iter : 60 To explore : 41337 Explored : 41396 Total elapsed : 393.837637
Iter : 70 To explore : 48232 Explored : 48301 Total elapsed : 417.733238
Iter : 80 To explore : 55027 Explored : 55106 Total elapsed : 449.828086
Iter : 90 To explore : 61536 Explored : 61625 Total elapsed : 507.485793
Iter : 100 To explore : 67811 Explored : 67910 Total elapsed : 519.703253
=== Report ===
[1] [IO] line 78, (balances[msg.sender] - _value) : proven
[2] [IO] line 79, (balances[_to] + _value) : unproven
[3] [IO] line 117, (balances[_from] - _value) : proven
[4] [IO] line 118, (balances[_to] + _value) : unproven
[5] [IO] line 119, (allowed[_from][msg.sender] - _value) : proven
[6] [IO] line 161, (allowed[msg.sender][_spender] + _addedValue) : unproven
[7] [IO] line 181, (oldValue - _subtractedValue) : proven
[8] [IO] line 236, (10 ** 18) : proven
[9] [IO] line 237, (10 ** 26) : proven
[10] [IO] line 237, (32 * (10 ** 26)) : proven
[11] [IO] line 239, (10 ** 25) : proven
[12] [IO] line 239, (32 * (10 ** 25)) : proven
[13] [IO] line 240, (10 ** 25) : proven
[14] [IO] line 240, (64 * (10 ** 25)) : proven
[15] [IO] line 241, (10 ** 25) : proven
[16] [IO] line 241, (48 * (10 ** 25)) : proven
[17] [IO] line 242, (10 ** 25) : proven
[18] [IO] line 242, (80 * (10 ** 25)) : proven
[19] [IO] line 243, (10 ** 25) : proven
[20] [IO] line 243, (96 * (10 ** 25)) : proven
[21] [IO] line 245, (10 ** 25) : proven
[22] [IO] line 245, (16 * (10 ** 25)) : proven
[23] [IO] line 267, ((PRIVATE_SUPPLY + FOUNDATION_SUPPLY) + COMMUNITY_SUPPLY) : proven
[24] [IO] line 267, (PRIVATE_SUPPLY + FOUNDATION_SUPPLY) : proven
[25] [IO] line 274, (now + 86400) : unproven
[26] [IO] line 275, (now + 86400) : unproven
[27] [IO] line 280, (ANGEL_SUPPLY - ANGEL_SUPPLY_VESTING) : proven
[28] [IO] line 281, (totalSupply + angelFirstSupplyBalance) : unproven
[29] [IO] line 291, (angelVestingGrant.transfered + amount) : unproven
[30] [IO] line 292, (totalSupply + amount) : unproven
[31] [IO] line 293, (balances[angelVestingGrant.beneficiary] + amount) : unproven
[32] [IO] line 302, (teamVestingGrant.transfered + amount) : unproven
[33] [IO] line 303, (totalSupply + amount) : unproven
[34] [IO] line 304, (balances[teamVestingGrant.beneficiary] + amount) : unproven
[35] [IO] line 320, (amountPerRelease * ((time - grant.start) / grant.duration)) : unproven
[36] [IO] line 320, (time - grant.start) : unproven
[37] [IO] line 324, (amount - grant.transfered) : unproven
[38] [DZ] line 319, (grant.amount / grant.releaseCount) : unproven
[39] [DZ] line 320, ((time - grant.start) / grant.duration) : unproven

=== Result Summary ===
# Queries                : 39
- integer over/underflow : 37
- division-by-zero       : 2
- assertion              : 0

# Alarms                 : 17
- integer over/underflow : 15
- division-by-zero       : 2
- assertion              : 0

# Proven                 : 22
- integer over/underflow : 22
- division-by-zero       : 0
- assertion              : 0

Time Elapsed : 531.302767
