ON: integer over/underflow
ON: division-by-zero

2018-14005_tmp.sol:64:8: Warning: "throw" is deprecated in favour of "revert()", "require()" and "assert()".
       throw;
       ^---^
2018-14005_tmp.sol:169:3: Warning: Defining constructors as functions with the same name as the contract is deprecated. Use "constructor(...) { ... }" instead.
  function Ownable() {
  ^ (Relevant source part starts here and spans across multiple lines).
2018-14005_tmp.sol:199:3: Warning: Defining constructors as functions with the same name as the contract is deprecated. Use "constructor(...) { ... }" instead.
  function MalaysianCoin () { 
  ^ (Relevant source part starts here and spans across multiple lines).
2018-14005_tmp.sol:72:5: Warning: Invoking events without "emit" prefix is deprecated.
    Transfer(msg.sender, _to, _value);
    ^-------------------------------^
2018-14005_tmp.sol:109:5: Warning: Invoking events without "emit" prefix is deprecated.
    Transfer(_from, _to, _value);
    ^--------------------------^
2018-14005_tmp.sol:125:5: Warning: Invoking events without "emit" prefix is deprecated.
    Approval(msg.sender, _spender, _value);
    ^------------------------------------^
2018-14005_tmp.sol:146:5: Warning: Invoking events without "emit" prefix is deprecated.
    Approval(msg.sender, _spender, allowed[msg.sender][_spender]);
    ^-----------------------------------------------------------^
2018-14005_tmp.sol:157:5: Warning: Invoking events without "emit" prefix is deprecated.
    Approval(msg.sender, _spender, allowed[msg.sender][_spender]);
    ^-----------------------------------------------------------^
2018-14005_tmp.sol:170:13: Warning: This looks like an address but has an invalid checksum. If this is not used as an address, please prepend '00'. Correct checksummed address: '0x79574f4474BA144820798cCaebB779fe8c8029D0'. For more information please see https://solidity.readthedocs.io/en/develop/types.html#address-literals
    owner = 0x79574f4474ba144820798ccaebb779fe8c8029d0;
            ^----------------------------------------^
2018-14005_tmp.sol:197:33: Warning: Initial value for constant variable has to be compile-time constant. This will fail to compile with the next breaking version change.
  uint public constant burned = max;
                                ^-^
2018-14005_tmp.sol:206:9: Warning: Invoking events without "emit" prefix is deprecated.
        Transfer(Buterin, 0 , ((initialSupply / 10) - n));
        ^-----------------------------------------------^
2018-14005_tmp.sol:207:9: Warning: Invoking events without "emit" prefix is deprecated.
        Transfer(this, owner, (initialSupply - (initialSupply / 10) - n));
        ^---------------------------------------------------------------^
2018-14005_tmp.sol:208:9: Warning: Invoking events without "emit" prefix is deprecated.
        Transfer(Buterin, owner, i);
        ^-------------------------^
2018-14005_tmp.sol:220:7: Warning: Invoking events without "emit" prefix is deprecated.
      Transfer(msg.sender, addresses[j], 10000);
      ^---------------------------------------^
2018-14005_tmp.sol:231:7: Warning: Invoking events without "emit" prefix is deprecated.
      Transfer(msg.sender, addresses[j], 5000);
      ^--------------------------------------^
2018-14005_tmp.sol:243:7: Warning: Invoking events without "emit" prefix is deprecated.
      Transfer(msg.sender, addresses[j], 1000);
      ^--------------------------------------^
2018-14005_tmp.sol:252:4: Warning: Invoking events without "emit" prefix is deprecated.
   Transfer(msg.sender, addresses[j], _value);
   ^----------------------------------------^
2018-14005_tmp.sol:14:3: Warning: No visibility specified. Defaulting to "public". 
  function balanceOf(address who) constant returns (uint256);
  ^---------------------------------------------------------^
2018-14005_tmp.sol:15:3: Warning: No visibility specified. Defaulting to "public". 
  function transfer(address to, uint256 value) returns (bool);
  ^----------------------------------------------------------^
2018-14005_tmp.sol:26:3: Warning: No visibility specified. Defaulting to "public". 
  function allowance(address owner, address spender) constant returns (uint256);
  ^----------------------------------------------------------------------------^
2018-14005_tmp.sol:27:3: Warning: No visibility specified. Defaulting to "public". 
  function transferFrom(address from, address to, uint256 value) returns (bool);
  ^----------------------------------------------------------------------------^
2018-14005_tmp.sol:28:3: Warning: No visibility specified. Defaulting to "public". 
  function approve(address spender, uint256 value) returns (bool);
  ^--------------------------------------------------------------^
2018-14005_tmp.sol:69:2: Warning: No visibility specified. Defaulting to "public". 
 function transfer(address _to, uint256 _value) onlyPayloadSize(2 * 32) returns (bool) {
 ^ (Relevant source part starts here and spans across multiple lines).
2018-14005_tmp.sol:81:3: Warning: No visibility specified. Defaulting to "public". 
  function balanceOf(address _owner) constant returns (uint256 balance) {
  ^ (Relevant source part starts here and spans across multiple lines).
2018-14005_tmp.sol:169:3: Warning: No visibility specified. Defaulting to "public". 
  function Ownable() {
  ^ (Relevant source part starts here and spans across multiple lines).
2018-14005_tmp.sol:184:3: Warning: No visibility specified. Defaulting to "public". 
  function transferOwnership(address newOwner) onlyOwner {
  ^ (Relevant source part starts here and spans across multiple lines).
2018-14005_tmp.sol:199:3: Warning: No visibility specified. Defaulting to "public". 
  function MalaysianCoin () { 
  ^ (Relevant source part starts here and spans across multiple lines).
2018-14005_tmp.sol:212:1: Warning: No visibility specified. Defaulting to "public". 
function transferAUTOtokens10(address[] addresses) {
^ (Relevant source part starts here and spans across multiple lines).
2018-14005_tmp.sol:223:1: Warning: No visibility specified. Defaulting to "public". 
function transferAUTOtokens5(address[] addresses) {
^ (Relevant source part starts here and spans across multiple lines).
2018-14005_tmp.sol:234:1: Warning: No visibility specified. Defaulting to "public". 
function transferAUTOtoken1(address[] addresses) {
^ (Relevant source part starts here and spans across multiple lines).
2018-14005_tmp.sol:246:4: Warning: No visibility specified. Defaulting to "public". 
   function transferAny(address[] addresses, uint256 _value)
   ^ (Relevant source part starts here and spans across multiple lines).
2018-14005_tmp.sol:36:3: Warning: Function state mutability can be restricted to pure
  function mul(uint256 a, uint256 b) internal constant returns (uint256) {
  ^ (Relevant source part starts here and spans across multiple lines).
2018-14005_tmp.sol:41:3: Warning: Function state mutability can be restricted to pure
  function div(uint256 a, uint256 b) internal constant returns (uint256) {
  ^ (Relevant source part starts here and spans across multiple lines).
2018-14005_tmp.sol:47:3: Warning: Function state mutability can be restricted to pure
  function sub(uint256 a, uint256 b) internal constant returns (uint256) {
  ^ (Relevant source part starts here and spans across multiple lines).
2018-14005_tmp.sol:51:3: Warning: Function state mutability can be restricted to pure
  function add(uint256 a, uint256 b) internal constant returns (uint256) {
  ^ (Relevant source part starts here and spans across multiple lines).
- all funcs : 63
- reachable : 18
* Generating Paths ... took 5.6e-05s
- paths : 37

Iter : 10 To explore : 4552 Explored : 4561 Total elapsed : 44.540488
Iter : 20 To explore : 9338 Explored : 9357 Total elapsed : 110.406905
Iter : 30 To explore : 13625 Explored : 13654 Total elapsed : 151.549085
Iter : 40 To explore : 14032 Explored : 41289 Total elapsed : 186.762996
Iter : 50 To explore : 14022 Explored : 41289 Total elapsed : 241.335747
Iter : 60 To explore : 15408 Explored : 57171 Total elapsed : 266.42365
Iter : 70 To explore : 15398 Explored : 57171 Total elapsed : 328.179146
Iter : 80 To explore : 18254 Explored : 60037 Total elapsed : 338.934254
Iter : 90 To explore : 22835 Explored : 64628 Total elapsed : 339.427559
Iter : 100 To explore : 25076 Explored : 116161 Total elapsed : 349.051746
Iter : 110 To explore : 25066 Explored : 116161 Total elapsed : 381.19863
Iter : 120 To explore : 26441 Explored : 117546 Total elapsed : 381.777321
Iter : 130 To explore : 31012 Explored : 122127 Total elapsed : 382.618106
Iter : 140 To explore : 31453 Explored : 122578 Total elapsed : 383.196138
Iter : 150 To explore : 33294 Explored : 124429 Total elapsed : 413.77931
Iter : 160 To explore : 35648 Explored : 126793 Total elapsed : 434.987416
Iter : 170 To explore : 36112 Explored : 127267 Total elapsed : 489.155991
Iter : 180 To explore : 38448 Explored : 129613 Total elapsed : 529.649787
=== Report ===
[1] [IO] line 63, (size + 4) : proven
[2] [IO] line 69, (2 * 32) : proven
[3] [IO] line 70, (balances[msg.sender] - _value) : unproven
[4] [IO] line 71, (balances[_to] + _value) : unproven
[5] [IO] line 106, (balances[_from] - _value) : proven
[6] [IO] line 107, (balances[_to] + _value) : unproven
[7] [IO] line 108, (allowed[_from][msg.sender] - _value) : proven
[8] [IO] line 145, (allowed[msg.sender][_spender] + _addedValue) : unproven
[9] [IO] line 155, (oldValue - _subtractedValue) : proven
[10] [IO] line 194, (10 ** decimals) : proven
[11] [IO] line 194, (25000000 * (10 ** decimals)) : proven
[12] [IO] line 201, (initialSupply - burned) : proven
[13] [IO] line 203, (10 ** decimals) : proven
[14] [IO] line 203, (2500000 * (10 ** decimals)) : proven
[15] [IO] line 205, (((balances[owner] + balances[Buterin]) - balances[0]) + i) : unproven
[16] [IO] line 205, ((balances[owner] + balances[Buterin]) - balances[0]) : unproven
[17] [IO] line 205, (balances[owner] + balances[Buterin]) : proven
[18] [IO] line 206, ((initialSupply / 10) - n) : proven
[19] [IO] line 207, ((initialSupply - (initialSupply / 10)) - n) : proven
[20] [IO] line 207, (initialSupply - (initialSupply / 10)) : proven
[21] [IO] line 215, (j + 1) : proven
[22] [IO] line 218, (balances[msg.sender] - 10000) : unproven
[23] [IO] line 219, (balances[addresses[j]] + 10000) : unproven
[24] [IO] line 226, (j + 1) : proven
[25] [IO] line 229, (balances[msg.sender] - 5000) : unproven
[26] [IO] line 230, (balances[addresses[j]] + 5000) : unproven
[27] [IO] line 238, (j + 1) : proven
[28] [IO] line 241, (balances[msg.sender] - 1000) : unproven
[29] [IO] line 242, (balances[addresses[j]] + 1000) : unproven
[30] [IO] line 249, (j + 1) : proven
[31] [IO] line 250, (balances[msg.sender] - _value) : unproven
[32] [IO] line 251, (balances[addresses[j]] + _value) : unproven
[33] [DZ] line 206, (initialSupply / 10) : proven
[34] [DZ] line 207, (initialSupply / 10) : proven

=== Result Summary ===
# Queries                : 34
- integer over/underflow : 32
- division-by-zero       : 2
- assertion              : 0

# Alarms                 : 14
- integer over/underflow : 14
- division-by-zero       : 0
- assertion              : 0

# Proven                 : 20
- integer over/underflow : 18
- division-by-zero       : 2
- assertion              : 0

Time Elapsed : 530.033403
