ON: integer over/underflow
ON: division-by-zero

2018-13225_tmp.sol:5:3: Warning: Defining constructors as functions with the same name as the contract is deprecated. Use "constructor(...) { ... }" instead.
  function owned() {
  ^ (Relevant source part starts here and spans across multiple lines).
2018-13225_tmp.sol:37:3: Warning: Defining constructors as functions with the same name as the contract is deprecated. Use "constructor(...) { ... }" instead.
  function token(
  ^ (Relevant source part starts here and spans across multiple lines).
2018-13225_tmp.sol:108:3: Warning: Defining constructors as functions with the same name as the contract is deprecated. Use "constructor(...) { ... }" instead.
  function MyYLCToken(
  ^ (Relevant source part starts here and spans across multiple lines).
2018-13225_tmp.sol:56:5: Warning: Invoking events without "emit" prefix is deprecated.
    Transfer(msg.sender, _to, _value);                   // Notify anyone listening that this transfer took place
    ^-------------------------------^
2018-13225_tmp.sol:84:5: Warning: Invoking events without "emit" prefix is deprecated.
    Transfer(_from, _to, _value);
    ^--------------------------^
2018-13225_tmp.sol:122:5: Warning: Invoking events without "emit" prefix is deprecated.
    Transfer(msg.sender, _to, _value);                   // Notify anyone listening that this transfer took place
    ^-------------------------------^
2018-13225_tmp.sol:135:5: Warning: Invoking events without "emit" prefix is deprecated.
    Transfer(_from, _to, _value);
    ^--------------------------^
2018-13225_tmp.sol:142:5: Warning: Invoking events without "emit" prefix is deprecated.
    Transfer(0, this, mintedAmount);
    ^-----------------------------^
2018-13225_tmp.sol:143:5: Warning: Invoking events without "emit" prefix is deprecated.
    Transfer(this, target, mintedAmount);
    ^----------------------------------^
2018-13225_tmp.sol:148:5: Warning: Invoking events without "emit" prefix is deprecated.
    FrozenFunds(target, freeze);
    ^-------------------------^
2018-13225_tmp.sol:161:5: Warning: Invoking events without "emit" prefix is deprecated.
    Transfer(this, msg.sender, amount);                // execute an event reflecting the change
    ^--------------------------------^
2018-13225_tmp.sol:170:5: Warning: Invoking events without "emit" prefix is deprecated.
    Transfer(msg.sender, this, amount);                // executes an event reflecting on the change
    ^--------------------------------^
2018-13225_tmp.sol:177:5: Warning: Invoking events without "emit" prefix is deprecated.
    Burn(msg.sender, amount);
    ^----------------------^
2018-13225_tmp.sol:5:3: Warning: No visibility specified. Defaulting to "public". 
  function owned() {
  ^ (Relevant source part starts here and spans across multiple lines).
2018-13225_tmp.sol:14:3: Warning: No visibility specified. Defaulting to "public". 
  function transferOwnership(address newOwner) onlyOwner {
  ^ (Relevant source part starts here and spans across multiple lines).
2018-13225_tmp.sol:19:27: Warning: No visibility specified. Defaulting to "public". 
contract tokenRecipient { function receiveApproval(address _from, uint256 _value, address _token, bytes _extraData); }
                          ^----------------------------------------------------------------------------------------^
2018-13225_tmp.sol:37:3: Warning: No visibility specified. Defaulting to "public". 
  function token(
  ^ (Relevant source part starts here and spans across multiple lines).
2018-13225_tmp.sol:51:3: Warning: No visibility specified. Defaulting to "public". 
  function transfer(address _to, uint256 _value) {
  ^ (Relevant source part starts here and spans across multiple lines).
2018-13225_tmp.sol:60:3: Warning: No visibility specified. Defaulting to "public". 
  function approve(address _spender, uint256 _value)
  ^ (Relevant source part starts here and spans across multiple lines).
2018-13225_tmp.sol:67:3: Warning: No visibility specified. Defaulting to "public". 
  function approveAndCall(address _spender, uint256 _value, bytes _extraData)
  ^ (Relevant source part starts here and spans across multiple lines).
2018-13225_tmp.sol:77:3: Warning: No visibility specified. Defaulting to "public". 
  function transferFrom(address _from, address _to, uint256 _value) returns (bool success) {
  ^ (Relevant source part starts here and spans across multiple lines).
2018-13225_tmp.sol:89:3: Warning: No visibility specified. Defaulting to "public". 
  function () {
  ^ (Relevant source part starts here and spans across multiple lines).
2018-13225_tmp.sol:108:3: Warning: No visibility specified. Defaulting to "public". 
  function MyYLCToken(
  ^ (Relevant source part starts here and spans across multiple lines).
2018-13225_tmp.sol:116:3: Warning: No visibility specified. Defaulting to "public". 
  function transfer(address _to, uint256 _value) {
  ^ (Relevant source part starts here and spans across multiple lines).
2018-13225_tmp.sol:127:3: Warning: No visibility specified. Defaulting to "public". 
  function transferFrom(address _from, address _to, uint256 _value) returns (bool success) {
  ^ (Relevant source part starts here and spans across multiple lines).
2018-13225_tmp.sol:139:3: Warning: No visibility specified. Defaulting to "public". 
  function mintToken(address target, uint256 mintedAmount) onlyOwner {
  ^ (Relevant source part starts here and spans across multiple lines).
2018-13225_tmp.sol:146:3: Warning: No visibility specified. Defaulting to "public". 
  function freezeAccount(address target, bool freeze) onlyOwner {
  ^ (Relevant source part starts here and spans across multiple lines).
2018-13225_tmp.sol:151:3: Warning: No visibility specified. Defaulting to "public". 
  function setPrices(uint256 newSellPrice, uint256 newBuyPrice) onlyOwner {
  ^ (Relevant source part starts here and spans across multiple lines).
2018-13225_tmp.sol:156:3: Warning: No visibility specified. Defaulting to "public". 
  function buy() payable {
  ^ (Relevant source part starts here and spans across multiple lines).
2018-13225_tmp.sol:164:3: Warning: No visibility specified. Defaulting to "public". 
  function sell(uint256 amount) {
  ^ (Relevant source part starts here and spans across multiple lines).
2018-13225_tmp.sol:173:3: Warning: No visibility specified. Defaulting to "public". 
  function burn(uint256 amount) onlyOwner returns (bool success) {
  ^ (Relevant source part starts here and spans across multiple lines).
- all funcs : 37
- reachable : 19
* Generating Paths ... took 5.8e-05s
- paths : 37

Iter : 10 To explore : 87 Explored : 182 Total elapsed : 22.08564
Iter : 20 To explore : 174 Explored : 279 Total elapsed : 23.626446
Iter : 30 To explore : 236 Explored : 351 Total elapsed : 25.239557
Iter : 40 To explore : 363 Explored : 488 Total elapsed : 34.490396
Iter : 50 To explore : 459 Explored : 594 Total elapsed : 37.285849
Iter : 60 To explore : 503 Explored : 648 Total elapsed : 58.281863
Iter : 70 To explore : 561 Explored : 716 Total elapsed : 64.912238
Iter : 80 To explore : 629 Explored : 794 Total elapsed : 67.386286
Iter : 90 To explore : 671 Explored : 846 Total elapsed : 69.201385
Iter : 100 To explore : 722 Explored : 907 Total elapsed : 70.628151
Iter : 110 To explore : 819 Explored : 1014 Total elapsed : 71.991449
Iter : 120 To explore : 911 Explored : 1116 Total elapsed : 73.848746
Iter : 130 To explore : 949 Explored : 1164 Total elapsed : 75.651304
Iter : 140 To explore : 987 Explored : 1212 Total elapsed : 77.566557
Iter : 150 To explore : 1034 Explored : 1269 Total elapsed : 79.461378
Iter : 160 To explore : 1084 Explored : 1329 Total elapsed : 81.318215
Iter : 170 To explore : 1107 Explored : 1362 Total elapsed : 83.29795
Iter : 180 To explore : 1112 Explored : 1377 Total elapsed : 84.949078
Iter : 190 To explore : 1110 Explored : 1385 Total elapsed : 86.867793
Iter : 200 To explore : 1108 Explored : 1393 Total elapsed : 88.784249
Iter : 210 To explore : 1098 Explored : 1393 Total elapsed : 90.676563
Iter : 220 To explore : 1182 Explored : 1487 Total elapsed : 92.953076
Iter : 230 To explore : 1281 Explored : 1596 Total elapsed : 95.807346
Iter : 240 To explore : 1350 Explored : 1675 Total elapsed : 98.178198
Iter : 250 To explore : 1418 Explored : 1753 Total elapsed : 104.413226
Iter : 260 To explore : 1491 Explored : 1836 Total elapsed : 108.273375
Iter : 270 To explore : 1562 Explored : 1917 Total elapsed : 110.468699
Iter : 280 To explore : 1623 Explored : 1988 Total elapsed : 112.1937
Iter : 290 To explore : 1703 Explored : 2078 Total elapsed : 115.68627
Iter : 300 To explore : 1734 Explored : 2119 Total elapsed : 119.105696
Iter : 310 To explore : 1760 Explored : 2155 Total elapsed : 121.415049
Iter : 320 To explore : 1826 Explored : 2231 Total elapsed : 124.663526
Iter : 330 To explore : 1920 Explored : 2335 Total elapsed : 126.167848
Iter : 340 To explore : 2003 Explored : 2428 Total elapsed : 128.53957
Iter : 350 To explore : 2084 Explored : 2519 Total elapsed : 130.382855
Iter : 360 To explore : 2179 Explored : 2624 Total elapsed : 131.998843
Iter : 370 To explore : 2254 Explored : 2709 Total elapsed : 134.054752
Iter : 380 To explore : 2295 Explored : 2760 Total elapsed : 135.998441
Iter : 390 To explore : 2352 Explored : 2827 Total elapsed : 137.643637
Iter : 400 To explore : 2423 Explored : 2908 Total elapsed : 139.215332
Iter : 410 To explore : 2506 Explored : 3001 Total elapsed : 141.784711
Iter : 420 To explore : 2585 Explored : 3090 Total elapsed : 159.474618
Iter : 430 To explore : 2671 Explored : 3186 Total elapsed : 194.717805
Iter : 440 To explore : 2734 Explored : 3259 Total elapsed : 204.169947
Iter : 450 To explore : 2772 Explored : 3307 Total elapsed : 206.006216
Iter : 460 To explore : 2798 Explored : 3343 Total elapsed : 207.868458
Iter : 470 To explore : 2869 Explored : 3424 Total elapsed : 212.181993
Iter : 480 To explore : 2890 Explored : 3455 Total elapsed : 217.986674
Iter : 490 To explore : 2944 Explored : 3519 Total elapsed : 241.854092
Iter : 500 To explore : 2973 Explored : 3558 Total elapsed : 244.400486
Iter : 510 To explore : 3026 Explored : 3621 Total elapsed : 247.098186
Iter : 520 To explore : 3053 Explored : 3658 Total elapsed : 248.683431
Iter : 530 To explore : 3057 Explored : 3672 Total elapsed : 251.043765
Iter : 540 To explore : 3064 Explored : 3689 Total elapsed : 252.477498
Iter : 550 To explore : 3112 Explored : 3747 Total elapsed : 268.073305
Iter : 560 To explore : 3139 Explored : 3784 Total elapsed : 273.069878
Iter : 570 To explore : 3152 Explored : 3807 Total elapsed : 275.027822
Iter : 580 To explore : 3160 Explored : 3825 Total elapsed : 277.115553
Iter : 590 To explore : 3172 Explored : 3847 Total elapsed : 295.701358
Iter : 600 To explore : 3209 Explored : 3894 Total elapsed : 298.087295
Iter : 610 To explore : 3221 Explored : 3916 Total elapsed : 309.445757
Iter : 620 To explore : 3232 Explored : 3937 Total elapsed : 332.823183
Iter : 630 To explore : 3226 Explored : 3941 Total elapsed : 350.292612
Iter : 640 To explore : 3222 Explored : 3947 Total elapsed : 353.164595
Iter : 650 To explore : 3216 Explored : 3951 Total elapsed : 355.993194
Iter : 660 To explore : 3222 Explored : 3967 Total elapsed : 358.937272
Iter : 670 To explore : 3229 Explored : 3984 Total elapsed : 361.334858
Iter : 680 To explore : 3239 Explored : 4004 Total elapsed : 363.927386
Iter : 690 To explore : 3294 Explored : 4069 Total elapsed : 365.851877
Iter : 700 To explore : 3305 Explored : 4090 Total elapsed : 368.391376
Iter : 710 To explore : 3338 Explored : 4133 Total elapsed : 372.992292
Iter : 720 To explore : 3365 Explored : 4170 Total elapsed : 376.623602
Iter : 730 To explore : 3387 Explored : 4202 Total elapsed : 378.929756
Iter : 740 To explore : 3392 Explored : 4217 Total elapsed : 380.556661
Iter : 750 To explore : 3399 Explored : 4234 Total elapsed : 383.423169
Iter : 760 To explore : 3410 Explored : 4255 Total elapsed : 385.669655
Iter : 770 To explore : 3407 Explored : 4262 Total elapsed : 388.797428
Iter : 780 To explore : 3399 Explored : 4264 Total elapsed : 391.162105
Iter : 790 To explore : 3480 Explored : 4355 Total elapsed : 393.580971
Iter : 800 To explore : 3581 Explored : 4466 Total elapsed : 396.319121
Iter : 810 To explore : 3658 Explored : 4553 Total elapsed : 398.396145
Iter : 820 To explore : 3725 Explored : 4630 Total elapsed : 400.528359
Iter : 830 To explore : 3775 Explored : 4690 Total elapsed : 402.882119
Iter : 840 To explore : 3839 Explored : 4764 Total elapsed : 404.663735
Iter : 850 To explore : 3902 Explored : 4837 Total elapsed : 406.810685
Iter : 860 To explore : 3950 Explored : 4895 Total elapsed : 408.766623
Iter : 870 To explore : 3999 Explored : 4954 Total elapsed : 410.334217
Iter : 880 To explore : 4038 Explored : 5003 Total elapsed : 412.927746
Iter : 890 To explore : 4083 Explored : 5058 Total elapsed : 415.358479
Iter : 900 To explore : 4124 Explored : 5109 Total elapsed : 417.414308
Iter : 910 To explore : 4145 Explored : 5140 Total elapsed : 419.505274
Iter : 920 To explore : 4192 Explored : 5197 Total elapsed : 421.085006
Iter : 930 To explore : 4261 Explored : 5276 Total elapsed : 422.713457
Iter : 940 To explore : 4316 Explored : 5341 Total elapsed : 424.241463
Iter : 950 To explore : 4374 Explored : 5409 Total elapsed : 426.127741
Iter : 960 To explore : 4400 Explored : 5445 Total elapsed : 428.410859
Iter : 970 To explore : 4420 Explored : 5475 Total elapsed : 430.437041
Iter : 980 To explore : 4452 Explored : 5517 Total elapsed : 432.250201
Iter : 990 To explore : 4486 Explored : 5561 Total elapsed : 434.654028
Iter : 1000 To explore : 4509 Explored : 5594 Total elapsed : 436.664809
Iter : 1010 To explore : 4533 Explored : 5628 Total elapsed : 438.285165
Iter : 1020 To explore : 4548 Explored : 5653 Total elapsed : 440.183291
Iter : 1030 To explore : 4558 Explored : 5673 Total elapsed : 441.67769
Iter : 1040 To explore : 4562 Explored : 5687 Total elapsed : 443.16153
Iter : 1050 To explore : 4556 Explored : 5691 Total elapsed : 444.709141
Iter : 1060 To explore : 4558 Explored : 5703 Total elapsed : 446.254176
Iter : 1070 To explore : 4570 Explored : 5725 Total elapsed : 447.834124
Iter : 1080 To explore : 4578 Explored : 5743 Total elapsed : 449.401133
Iter : 1090 To explore : 4573 Explored : 5748 Total elapsed : 451.184634
Iter : 1100 To explore : 4570 Explored : 5755 Total elapsed : 453.196842
Iter : 1110 To explore : 4580 Explored : 5775 Total elapsed : 455.593592
Iter : 1120 To explore : 4587 Explored : 5792 Total elapsed : 458.129295
Iter : 1130 To explore : 4607 Explored : 5822 Total elapsed : 461.237271
Iter : 1140 To explore : 4619 Explored : 5844 Total elapsed : 463.605228
Iter : 1150 To explore : 4626 Explored : 5861 Total elapsed : 466.348411
Iter : 1160 To explore : 4619 Explored : 5864 Total elapsed : 468.671654
Iter : 1170 To explore : 4612 Explored : 5867 Total elapsed : 470.278385
Iter : 1180 To explore : 4609 Explored : 5874 Total elapsed : 472.433242
Iter : 1190 To explore : 4604 Explored : 5879 Total elapsed : 475.236045
Iter : 1200 To explore : 4597 Explored : 5882 Total elapsed : 477.152877
Iter : 1210 To explore : 4600 Explored : 5895 Total elapsed : 479.460736
Iter : 1220 To explore : 4595 Explored : 5900 Total elapsed : 481.791815
Iter : 1230 To explore : 4596 Explored : 5911 Total elapsed : 483.40737
Iter : 1240 To explore : 4592 Explored : 5917 Total elapsed : 484.996301
Iter : 1250 To explore : 4584 Explored : 5919 Total elapsed : 486.966195
Iter : 1260 To explore : 4577 Explored : 5922 Total elapsed : 488.723186
Iter : 1270 To explore : 4567 Explored : 5922 Total elapsed : 490.668862
Iter : 1280 To explore : 4557 Explored : 5922 Total elapsed : 492.207281
Iter : 1290 To explore : 4547 Explored : 5922 Total elapsed : 493.966449
Iter : 1300 To explore : 4537 Explored : 5922 Total elapsed : 495.372515
Iter : 1310 To explore : 4542 Explored : 5937 Total elapsed : 497.20331
Iter : 1320 To explore : 4634 Explored : 6039 Total elapsed : 504.105785
Iter : 1330 To explore : 4692 Explored : 6107 Total elapsed : 509.233503
Iter : 1340 To explore : 4745 Explored : 6170 Total elapsed : 512.445118
Iter : 1350 To explore : 4840 Explored : 6275 Total elapsed : 516.377508
Iter : 1360 To explore : 4904 Explored : 6349 Total elapsed : 522.33772
Iter : 1370 To explore : 4932 Explored : 6387 Total elapsed : 525.080212
Iter : 1380 To explore : 5011 Explored : 6476 Total elapsed : 528.310087
=== Report ===
[1] [IO] line 118, (balanceOf[_to] + _value) : unproven
[2] [IO] line 120, (balanceOf[msg.sender] - _value) : proven
[3] [IO] line 121, (balanceOf[_to] + _value) : proven
[4] [IO] line 130, (balanceOf[_to] + _value) : unproven
[5] [IO] line 132, (balanceOf[_from] - _value) : proven
[6] [IO] line 133, (balanceOf[_to] + _value) : proven
[7] [IO] line 134, (allowance[_from][msg.sender] - _value) : proven
[8] [IO] line 140, (balanceOf[target] + mintedAmount) : unproven
[9] [IO] line 141, (totalSupply + mintedAmount) : unproven
[10] [IO] line 159, (balanceOf[msg.sender] + amount) : unproven
[11] [IO] line 160, (balanceOf[this] - amount) : unproven
[12] [IO] line 166, (balanceOf[this] + amount) : unproven
[13] [IO] line 167, (balanceOf[msg.sender] - amount) : unproven
[14] [IO] line 168, (amount * sellPrice) : unproven
[15] [IO] line 175, (balanceOf[msg.sender] - amount) : proven
[16] [IO] line 176, (totalSupply - amount) : unproven
[17] [DZ] line 157, (msg.value / buyPrice) : unproven

=== Result Summary ===
# Queries                : 17
- integer over/underflow : 16
- division-by-zero       : 1
- assertion              : 0

# Alarms                 : 11
- integer over/underflow : 10
- division-by-zero       : 1
- assertion              : 0

# Proven                 : 6
- integer over/underflow : 6
- division-by-zero       : 0
- assertion              : 0

Time Elapsed : 530.491693
