ON: integer over/underflow
ON: division-by-zero

0x6745fab6801e376cd24f03572b9c9b0d4edddccf_tmp.sol:34:3: Warning: Defining constructors as functions with the same name as the contract is deprecated. Use "constructor(...) { ... }" instead.
  function Ownable() {
  ^ (Relevant source part starts here and spans across multiple lines).
0x6745fab6801e376cd24f03572b9c9b0d4edddccf_tmp.sol:322:3: Warning: Defining constructors as functions with the same name as the contract is deprecated. Use "constructor(...) { ... }" instead.
  function ElementToken(string _name, string _symbol, uint256 _tokens, uint8 _decimals) {
  ^ (Relevant source part starts here and spans across multiple lines).
0x6745fab6801e376cd24f03572b9c9b0d4edddccf_tmp.sol:54:5: Warning: Invoking events without "emit" prefix is deprecated.
    OwnershipTransferred(owner, newOwner);
    ^-----------------------------------^
0x6745fab6801e376cd24f03572b9c9b0d4edddccf_tmp.sol:124:5: Warning: Invoking events without "emit" prefix is deprecated.
    Transfer(msg.sender, _to, _value);
    ^-------------------------------^
0x6745fab6801e376cd24f03572b9c9b0d4edddccf_tmp.sol:187:5: Warning: Invoking events without "emit" prefix is deprecated.
    Transfer(_from, _to, _value);
    ^--------------------------^
0x6745fab6801e376cd24f03572b9c9b0d4edddccf_tmp.sol:203:5: Warning: Invoking events without "emit" prefix is deprecated.
    Approval(msg.sender, _spender, _value);
    ^------------------------------------^
0x6745fab6801e376cd24f03572b9c9b0d4edddccf_tmp.sol:226:5: Warning: Invoking events without "emit" prefix is deprecated.
    Approval(msg.sender, _spender, allowed[msg.sender][_spender]);
    ^-----------------------------------------------------------^
0x6745fab6801e376cd24f03572b9c9b0d4edddccf_tmp.sol:238:5: Warning: Invoking events without "emit" prefix is deprecated.
    Approval(msg.sender, _spender, allowed[msg.sender][_spender]);
    ^-----------------------------------------------------------^
0x6745fab6801e376cd24f03572b9c9b0d4edddccf_tmp.sol:282:5: Warning: Invoking events without "emit" prefix is deprecated.
    Pause();
    ^-----^
0x6745fab6801e376cd24f03572b9c9b0d4edddccf_tmp.sol:290:5: Warning: Invoking events without "emit" prefix is deprecated.
    Unpause();
    ^-------^
0x6745fab6801e376cd24f03572b9c9b0d4edddccf_tmp.sol:328:5: Warning: Invoking events without "emit" prefix is deprecated.
    Transfer(0x0, msg.sender, totalSupply);                  // create Transfer event for minting
    ^------------------------------------^
0x6745fab6801e376cd24f03572b9c9b0d4edddccf_tmp.sol:34:3: Warning: No visibility specified. Defaulting to "public". 
  function Ownable() {
  ^ (Relevant source part starts here and spans across multiple lines).
0x6745fab6801e376cd24f03572b9c9b0d4edddccf_tmp.sol:223:3: Warning: No visibility specified. Defaulting to "public". 
  function increaseApproval (address _spender, uint _addedValue)
  ^ (Relevant source part starts here and spans across multiple lines).
0x6745fab6801e376cd24f03572b9c9b0d4edddccf_tmp.sol:230:3: Warning: No visibility specified. Defaulting to "public". 
  function decreaseApproval (address _spender, uint _subtractedValue)
  ^ (Relevant source part starts here and spans across multiple lines).
0x6745fab6801e376cd24f03572b9c9b0d4edddccf_tmp.sol:322:3: Warning: No visibility specified. Defaulting to "public". 
  function ElementToken(string _name, string _symbol, uint256 _tokens, uint8 _decimals) {
  ^ (Relevant source part starts here and spans across multiple lines).
0x6745fab6801e376cd24f03572b9c9b0d4edddccf_tmp.sol:77:3: Warning: Function state mutability can be restricted to pure
  function mul(uint256 a, uint256 b) internal constant returns (uint256) {
  ^ (Relevant source part starts here and spans across multiple lines).
0x6745fab6801e376cd24f03572b9c9b0d4edddccf_tmp.sol:83:3: Warning: Function state mutability can be restricted to pure
  function div(uint256 a, uint256 b) internal constant returns (uint256) {
  ^ (Relevant source part starts here and spans across multiple lines).
0x6745fab6801e376cd24f03572b9c9b0d4edddccf_tmp.sol:90:3: Warning: Function state mutability can be restricted to pure
  function sub(uint256 a, uint256 b) internal constant returns (uint256) {
  ^ (Relevant source part starts here and spans across multiple lines).
0x6745fab6801e376cd24f03572b9c9b0d4edddccf_tmp.sol:95:3: Warning: Function state mutability can be restricted to pure
  function add(uint256 a, uint256 b) internal constant returns (uint256) {
  ^ (Relevant source part starts here and spans across multiple lines).
- all funcs : 74
- reachable : 14
* Generating Paths ... took 6.5e-05s
- paths : 30

Iter : 10 To explore : 39 Explored : 83 Total elapsed : 7.170743
Iter : 20 To explore : 61 Explored : 115 Total elapsed : 27.980777
Iter : 30 To explore : 95 Explored : 159 Total elapsed : 64.181485
Iter : 40 To explore : 102 Explored : 176 Total elapsed : 68.988203
Iter : 50 To explore : 102 Explored : 186 Total elapsed : 92.144535
Iter : 60 To explore : 100 Explored : 194 Total elapsed : 93.128886
Iter : 70 To explore : 119 Explored : 223 Total elapsed : 115.037934
Iter : 80 To explore : 136 Explored : 250 Total elapsed : 235.37471
Iter : 90 To explore : 136 Explored : 260 Total elapsed : 287.063809
Iter : 100 To explore : 138 Explored : 272 Total elapsed : 361.28877
Iter : 110 To explore : 136 Explored : 280 Total elapsed : 397.248385
Iter : 120 To explore : 134 Explored : 288 Total elapsed : 398.116954
Iter : 130 To explore : 130 Explored : 294 Total elapsed : 398.988034
Iter : 140 To explore : 125 Explored : 299 Total elapsed : 412.830272
Iter : 150 To explore : 119 Explored : 303 Total elapsed : 426.03485
Iter : 160 To explore : 118 Explored : 312 Total elapsed : 426.907439
Iter : 170 To explore : 129 Explored : 333 Total elapsed : 429.24415
Iter : 180 To explore : 129 Explored : 343 Total elapsed : 430.137856
Iter : 190 To explore : 129 Explored : 353 Total elapsed : 548.740671
=== Report ===
[1] [IO] line 122, (balances[msg.sender] - _value) : unproven
[2] [IO] line 123, (balances[_to] + _value) : unproven
[3] [IO] line 184, (balances[_from] - _value) : unproven
[4] [IO] line 185, (balances[_to] + _value) : unproven
[5] [IO] line 186, (_allowance - _value) : unproven
[6] [IO] line 225, (allowed[msg.sender][_spender] + _addedValue) : unproven
[7] [IO] line 236, (oldValue - _subtractedValue) : proven
[8] [IO] line 326, (10 ** uint256(decimals)) : unproven
[9] [IO] line 326, (_tokens * (10 ** uint256(decimals))) : unproven

=== Result Summary ===
# Queries                : 9
- integer over/underflow : 9
- division-by-zero       : 0
- assertion              : 0

# Alarms                 : 8
- integer over/underflow : 8
- division-by-zero       : 0
- assertion              : 0

# Proven                 : 1
- integer over/underflow : 1
- division-by-zero       : 0
- assertion              : 0

Time Elapsed : 548.740732
