ON: integer over/underflow
ON: division-by-zero

2018-14003_tmp.sol:6:5: Warning: Defining constructors as functions with the same name as the contract is deprecated. Use "constructor(...) { ... }" instead.
    function owned() public {
    ^ (Relevant source part starts here and spans across multiple lines).
2018-14003_tmp.sol:43:5: Warning: Defining constructors as functions with the same name as the contract is deprecated. Use "constructor(...) { ... }" instead.
    function TokenERC20(
    ^ (Relevant source part starts here and spans across multiple lines).
2018-14003_tmp.sol:161:5: Warning: Defining constructors as functions with the same name as the contract is deprecated. Use "constructor(...) { ... }" instead.
    function WMCToken(
    ^ (Relevant source part starts here and spans across multiple lines).
2018-14003_tmp.sol:70:9: Warning: Invoking events without "emit" prefix is deprecated.
        Transfer(_from, _to, _value);
        ^--------------------------^
2018-14003_tmp.sol:128:9: Warning: Invoking events without "emit" prefix is deprecated.
        Burn(msg.sender, _value);
        ^----------------------^
2018-14003_tmp.sol:146:9: Warning: Invoking events without "emit" prefix is deprecated.
        Burn(_from, _value);
        ^-----------------^
2018-14003_tmp.sol:176:9: Warning: Invoking events without "emit" prefix is deprecated.
        Transfer(_from, _to, _value);
        ^--------------------------^
2018-14003_tmp.sol:184:9: Warning: Invoking events without "emit" prefix is deprecated.
        FrozenFunds(target, freeze);
        ^-------------------------^
2018-14003_tmp.sol:197:9: Warning: Invoking events without "emit" prefix is deprecated.
        Transfer(msg.sender, _receivers[i], _value);
        ^-----------------------------------------^
- all funcs : 32
- reachable : 12
* Generating Paths ... took 6.1e-05s
- paths : 35

Iter : 10 To explore : 874 Explored : 883 Total elapsed : 3.436934
Iter : 20 To explore : 1741 Explored : 1760 Total elapsed : 21.139143
Iter : 30 To explore : 2116 Explored : 4174 Total elapsed : 56.110341
Iter : 40 To explore : 2196 Explored : 4264 Total elapsed : 69.132789
Iter : 50 To explore : 2293 Explored : 4371 Total elapsed : 104.881463
Iter : 60 To explore : 2697 Explored : 4785 Total elapsed : 105.322979
Iter : 70 To explore : 2977 Explored : 5075 Total elapsed : 120.252284
Iter : 80 To explore : 3019 Explored : 7894 Total elapsed : 168.933422
Iter : 90 To explore : 3224 Explored : 8109 Total elapsed : 182.14629
Iter : 100 To explore : 3266 Explored : 8161 Total elapsed : 195.132138
Iter : 110 To explore : 3306 Explored : 8211 Total elapsed : 211.561745
Iter : 120 To explore : 3341 Explored : 8256 Total elapsed : 257.333729
Iter : 130 To explore : 3378 Explored : 8303 Total elapsed : 302.121326
Iter : 140 To explore : 3415 Explored : 8350 Total elapsed : 360.490942
Iter : 150 To explore : 3433 Explored : 8378 Total elapsed : 373.975214
Iter : 160 To explore : 3472 Explored : 8427 Total elapsed : 382.997492
Iter : 170 To explore : 3506 Explored : 8471 Total elapsed : 416.725236
Iter : 180 To explore : 3517 Explored : 8492 Total elapsed : 417.518214
Iter : 190 To explore : 3518 Explored : 8503 Total elapsed : 422.809821
Iter : 200 To explore : 3515 Explored : 8510 Total elapsed : 459.721549
Iter : 210 To explore : 3511 Explored : 8516 Total elapsed : 497.736384
=== Report ===
[1] [IO] line 48, (10 ** uint256(decimals)) : proven
[2] [IO] line 48, (initialSupply * (10 ** uint256(decimals))) : unproven
[3] [IO] line 98, (allowance[_from][msg.sender] - _value) : proven
[4] [IO] line 126, (balanceOf[msg.sender] - _value) : proven
[5] [IO] line 127, (totalSupply - _value) : unproven
[6] [IO] line 143, (balanceOf[_from] - _value) : proven
[7] [IO] line 144, (allowance[_from][msg.sender] - _value) : proven
[8] [IO] line 145, (totalSupply - _value) : unproven
[9] [IO] line 171, (balanceOf[_to] + _value) : unproven
[10] [IO] line 174, (balanceOf[_from] - _value) : proven
[11] [IO] line 175, (balanceOf[_to] + _value) : proven
[12] [IO] line 189, (uint256(cnt) * _value) : unproven
[13] [IO] line 194, (balanceOf[msg.sender] - amount) : proven
[14] [IO] line 195, (i + 1) : proven
[15] [IO] line 196, (balanceOf[_receivers[i]] + _value) : unproven

=== Result Summary ===
# Queries                : 15
- integer over/underflow : 15
- division-by-zero       : 0
- assertion              : 0

# Alarms                 : 6
- integer over/underflow : 6
- division-by-zero       : 0
- assertion              : 0

# Proven                 : 9
- integer over/underflow : 9
- division-by-zero       : 0
- assertion              : 0

Time Elapsed : 531.702119
