ON: integer over/underflow
ON: division-by-zero

Doneth_tmp.sol:131:56: Warning: This declaration shadows an existing declaration.
 ... string name ... 
     ^---------^
Doneth_tmp.sol:41:5: The shadowed declaration is here:
    string public name;
    ^----------------^

Doneth_tmp.sol:131:69: Warning: This declaration shadows an existing declaration.
 ... address owner ... 
     ^-----------^
Doneth_tmp.sol:19:5: The shadowed declaration is here:
    address public owner;
    ^------------------^

Doneth_tmp.sol:131:85: Warning: This declaration shadows an existing declaration.
 ... uint256 genesisBlockNumber ... 
     ^------------------------^
Doneth_tmp.sol:50:5: The shadowed declaration is here:
    uint256 public genesisBlockNumber;
    ^-------------------------------^

Doneth_tmp.sol:131:114: Warning: This declaration shadows an existing declaration.
 ... uint256 totalShares ... 
     ^-----------------^
Doneth_tmp.sol:44:5: The shadowed declaration is here:
    uint256 public totalShares;
    ^------------------------^

Doneth_tmp.sol:131:136: Warning: This declaration shadows an existing declaration.
 ... uint256 totalWithdrawn ... 
     ^--------------------^
Doneth_tmp.sol:47:5: The shadowed declaration is here:
    uint256 public totalWithdrawn;
    ^---------------------------^

Doneth_tmp.sol:160:70: Warning: This declaration shadows an existing declaration.
    function updateMember(address who, uint256 shares, bool isAdmin, string name) public onlyAdmin() {
                                                                     ^---------^
Doneth_tmp.sol:41:5: The shadowed declaration is here:
    string public name;
    ^----------------^

Doneth_tmp.sol:89:9: Warning: Invoking events without "emit" prefix is deprecated.
        AddShare(tx.origin, 1, members[tx.origin].shares);
        ^-----------------------------------------------^
Doneth_tmp.sol:105:9: Warning: Invoking events without "emit" prefix is deprecated.
        Deposit(msg.sender, msg.value);
        ^----------------------------^
Doneth_tmp.sol:128:16: Warning: Using contract member "balance" inherited from the address type is deprecated. Convert the contract to "address" type to access the member, for example use "address(contract).balance" instead.
        return this.balance;
               ^----------^
Doneth_tmp.sol:161:13: Warning: "sha3" has been deprecated in favour of "keccak256"
        if (sha3(members[who].memberName) != sha3(name)) changeMemberName(who, name);
            ^---------------------------^
Doneth_tmp.sol:161:13: Warning: This function only accepts a single "bytes" argument. Please use "abi.encodePacked(...)" or a similar function to encode the data.
        if (sha3(members[who].memberName) != sha3(name)) changeMemberName(who, name);
            ^---------------------------^
Doneth_tmp.sol:161:13: Warning: The provided argument of type string storage ref is not implicitly convertible to expected type bytes memory.
        if (sha3(members[who].memberName) != sha3(name)) changeMemberName(who, name);
            ^---------------------------^
Doneth_tmp.sol:161:46: Warning: "sha3" has been deprecated in favour of "keccak256"
        if (sha3(members[who].memberName) != sha3(name)) changeMemberName(who, name);
                                             ^--------^
Doneth_tmp.sol:161:46: Warning: This function only accepts a single "bytes" argument. Please use "abi.encodePacked(...)" or a similar function to encode the data.
        if (sha3(members[who].memberName) != sha3(name)) changeMemberName(who, name);
                                             ^--------^
Doneth_tmp.sol:161:46: Warning: The provided argument of type string memory is not implicitly convertible to expected type bytes memory.
        if (sha3(members[who].memberName) != sha3(name)) changeMemberName(who, name);
                                             ^--------^
Doneth_tmp.sol:170:9: Warning: Invoking events without "emit" prefix is deprecated.
        ChangeMemberName(who, members[who].memberName, newName);
        ^-----------------------------------------------------^
Doneth_tmp.sol:175:9: Warning: Invoking events without "emit" prefix is deprecated.
        ChangePrivilege(who, members[who].admin, newValue);
        ^------------------------------------------------^
Doneth_tmp.sol:182:9: Warning: Invoking events without "emit" prefix is deprecated.
        ChangeContractName(name, newName);
        ^-------------------------------^
Doneth_tmp.sol:191:56: Warning: Using contract member "balance" inherited from the address type is deprecated. Convert the contract to "address" type to access the member, for example use "address(contract).balance" instead.
        if ((newAllocation - sharedExpenseWithdrawn) > this.balance) revert();
                                                       ^----------^
Doneth_tmp.sol:193:29: Warning: Using contract member "balance" inherited from the address type is deprecated. Convert the contract to "address" type to access the member, for example use "address(contract).balance" instead.
        ChangeSharedExpense(this.balance, sharedExpense, newAllocation);
                            ^----------^
Doneth_tmp.sol:193:9: Warning: Invoking events without "emit" prefix is deprecated.
        ChangeSharedExpense(this.balance, sharedExpense, newAllocation);
        ^-------------------------------------------------------------^
Doneth_tmp.sol:212:9: Warning: Invoking events without "emit" prefix is deprecated.
        AddShare(who, amount, members[who].shares);
        ^----------------------------------------^
Doneth_tmp.sol:219:9: Warning: Invoking events without "emit" prefix is deprecated.
        RemoveShare(who, amount, members[who].shares);
        ^-------------------------------------------^
Doneth_tmp.sol:234:9: Warning: Invoking events without "emit" prefix is deprecated.
        Withdraw(msg.sender, amount, totalWithdrawn);
        ^------------------------------------------^
Doneth_tmp.sol:245:9: Warning: Invoking events without "emit" prefix is deprecated.
        TokenWithdraw(msg.sender, amount, token, tokens[token]);
        ^-----------------------------------------------------^
Doneth_tmp.sol:255:9: Warning: Invoking events without "emit" prefix is deprecated.
        WithdrawSharedExpense(msg.sender, to, amount, sharedExpenseWithdrawn);
        ^-------------------------------------------------------------------^
Doneth_tmp.sol:264:32: Warning: Using contract member "balance" inherited from the address type is deprecated. Convert the contract to "address" type to access the member, for example use "address(contract).balance" instead.
        uint256 balanceSum = ((this.balance) + totalWithdrawn);
                               ^----------^
Doneth_tmp.sol:131:5: Warning: Function state mutability can be restricted to pure
    function getContractInfo() public constant returns(string name, address owner,  uint256 genesisBlockNumber,  uint256 totalShares,  uint256 totalWithdrawn) {
    ^ (Relevant source part starts here and spans across multiple lines).
Doneth_tmp.sol:326:5: Warning: Function state mutability can be restricted to pure
    function mul(uint256 a, uint256 b) internal constant returns (uint256) {
    ^ (Relevant source part starts here and spans across multiple lines).
Doneth_tmp.sol:332:5: Warning: Function state mutability can be restricted to pure
    function div(uint256 a, uint256 b) internal constant returns (uint256) {
    ^ (Relevant source part starts here and spans across multiple lines).
Doneth_tmp.sol:339:5: Warning: Function state mutability can be restricted to pure
    function sub(uint256 a, uint256 b) internal constant returns (uint256) {
    ^ (Relevant source part starts here and spans across multiple lines).
Doneth_tmp.sol:344:5: Warning: Function state mutability can be restricted to pure
    function add(uint256 a, uint256 b) internal constant returns (uint256) {
    ^ (Relevant source part starts here and spans across multiple lines).
- all funcs : 68
- reachable : 41
* Generating Paths ... took 0.022539s
- paths : 772

Iter : 10 To explore : 1306 Explored : 1315 Total elapsed : 55.00787
Iter : 20 To explore : 2512 Explored : 2531 Total elapsed : 86.790511
Iter : 30 To explore : 3433 Explored : 3462 Total elapsed : 119.13538
Iter : 40 To explore : 4388 Explored : 4427 Total elapsed : 155.366005
Iter : 50 To explore : 5195 Explored : 5244 Total elapsed : 195.263776
Iter : 60 To explore : 6029 Explored : 6088 Total elapsed : 243.496595
Iter : 70 To explore : 6527 Explored : 12883 Total elapsed : 313.66357
Iter : 80 To explore : 7237 Explored : 13603 Total elapsed : 413.442237
Iter : 90 To explore : 7785 Explored : 14161 Total elapsed : 516.93814
=== Report ===
[1] [IO] line 87, (totalShares + 1) : unproven
[2] [IO] line 88, (members[tx.origin].shares + 1) : unproven
[3] [IO] line 191, (newAllocation - sharedExpenseWithdrawn) : proven
[4] [IO] line 202, (amount - currentShares) : proven
[5] [IO] line 204, (currentShares - amount) : proven
[6] [IO] line 210, (totalShares + amount) : unproven
[7] [IO] line 211, (members[who].shares + amount) : unproven
[8] [IO] line 217, (totalShares - amount) : unproven
[9] [IO] line 218, (members[who].shares - amount) : unproven
[10] [IO] line 229, (newTotal - members[msg.sender].withdrawn) : unproven
[11] [IO] line 231, (members[msg.sender].withdrawn + amount) : unproven
[12] [IO] line 232, (totalWithdrawn + amount) : unproven
[13] [IO] line 240, (newTotal - members[msg.sender].tokensWithdrawn[token]) : unproven
[14] [IO] line 242, (members[msg.sender].tokensWithdrawn[token] + amount) : unproven
[15] [IO] line 243, (tokens[token] + amount) : unproven
[16] [IO] line 253, (sharedExpenseWithdrawn + amount) : proven
[17] [IO] line 264, (this.balance + totalWithdrawn) : unproven
[18] [IO] line 265, (balanceSum - sharedExpense) : unproven
[19] [IO] line 266, (balanceSum + sharedExpenseWithdrawn) : unproven
[20] [IO] line 270, (ethPerSharePPN * members[who].shares) : unproven
[21] [IO] line 271, (10 ** PRECISION) : proven
[22] [IO] line 277, (checkERC20Balance(token) + tokens[token]) : unproven
[23] [IO] line 281, (tokPerSharePPN * members[who].shares) : unproven
[24] [IO] line 282, (10 ** PRECISION) : proven
[25] [IO] line 287, (sharedExpense - sharedExpenseWithdrawn) : proven
[26] [IO] line 327, (a * b) : unproven
[27] [IO] line 354, (10 ** (precision + 1)) : unproven
[28] [IO] line 354, (precision + 1) : unproven
[29] [IO] line 356, (div(_numerator, denominator) + 5) : unproven
[30] [DZ] line 271, (ethPPN / (10 ** PRECISION)) : proven
[31] [DZ] line 282, (tokPPN / (10 ** PRECISION)) : proven
[32] [DZ] line 328, (c / a) : unproven
[33] [DZ] line 334, (a / b) : unproven
[34] [DZ] line 356, ((div(_numerator, denominator) + 5) / 10) : proven

=== Result Summary ===
# Queries                : 34
- integer over/underflow : 29
- division-by-zero       : 5
- assertion              : 0

# Alarms                 : 24
- integer over/underflow : 22
- division-by-zero       : 2
- assertion              : 0

# Proven                 : 10
- integer over/underflow : 7
- division-by-zero       : 3
- assertion              : 0

Time Elapsed : 540.08549
