ON: integer over/underflow
ON: division-by-zero

2018-13533_tmp.sol:10:5: Warning: Defining constructors as functions with the same name as the contract is deprecated. Use "constructor(...) { ... }" instead.
    function owned() public {
    ^ (Relevant source part starts here and spans across multiple lines).
2018-13533_tmp.sol:34:5: Warning: Defining constructors as functions with the same name as the contract is deprecated. Use "constructor(...) { ... }" instead.
    function TokenERC20(
    ^ (Relevant source part starts here and spans across multiple lines).
2018-13533_tmp.sol:87:5: Warning: Defining constructors as functions with the same name as the contract is deprecated. Use "constructor(...) { ... }" instead.
    function ALUXToken(
    ^ (Relevant source part starts here and spans across multiple lines).
2018-13533_tmp.sol:52:9: Warning: Invoking events without "emit" prefix is deprecated.
        Transfer(_from, _to, _value);
        ^--------------------------^
2018-13533_tmp.sol:101:9: Warning: Invoking events without "emit" prefix is deprecated.
        Transfer(_from, _to, _value);
        ^--------------------------^
2018-13533_tmp.sol:134:9: Warning: Invoking events without "emit" prefix is deprecated.
        Transfer(0, this, mintedAmount);
        ^-----------------------------^
2018-13533_tmp.sol:135:9: Warning: Invoking events without "emit" prefix is deprecated.
        Transfer(this, owner, mintedAmount);
        ^---------------------------------^
2018-13533_tmp.sol:140:9: Warning: Invoking events without "emit" prefix is deprecated.
        FrozenFunds(target, freeze);
        ^-------------------------^
2018-13533_tmp.sol:156:9: Warning: Invoking events without "emit" prefix is deprecated.
        LogDeposit(msg.sender, msg.value);
        ^-------------------------------^
2018-13533_tmp.sol:161:9: Warning: Invoking events without "emit" prefix is deprecated.
        LogWithdrawal(msg.sender, amountInWeis);
        ^-------------------------------------^
- all funcs : 40
- reachable : 22
* Generating Paths ... took 0.000274s
- paths : 104

