ON: integer over/underflow
ON: division-by-zero

0x6704b673c70de9bf74c8fba4b4bd748f0e2190e1_tmp.sol:34:5: Warning: Defining constructors as functions with the same name as the contract is deprecated. Use "constructor(...) { ... }" instead.
    function DetailedERC20(string _name, string _symbol, uint8 _decimals) public {
    ^ (Relevant source part starts here and spans across multiple lines).
0x6704b673c70de9bf74c8fba4b4bd748f0e2190e1_tmp.sol:275:5: Warning: Defining constructors as functions with the same name as the contract is deprecated. Use "constructor(...) { ... }" instead.
    function Ownable() public {
    ^ (Relevant source part starts here and spans across multiple lines).
0x6704b673c70de9bf74c8fba4b4bd748f0e2190e1_tmp.sol:384:5: Warning: Defining constructors as functions with the same name as the contract is deprecated. Use "constructor(...) { ... }" instead.
    function UbexToken(
    ^ (Relevant source part starts here and spans across multiple lines).
0x6704b673c70de9bf74c8fba4b4bd748f0e2190e1_tmp.sol:384:5: Warning: No visibility specified. Defaulting to "public". 
    function UbexToken(
    ^ (Relevant source part starts here and spans across multiple lines).
- all funcs : 115
- reachable : 15
* Generating Paths ... took 5.7e-05s
- paths : 33

Iter : 10 To explore : 24 Explored : 74 Total elapsed : 12.168191
Iter : 20 To explore : 23 Explored : 98 Total elapsed : 26.010374
Iter : 30 To explore : 29 Explored : 114 Total elapsed : 51.32658
Iter : 40 To explore : 31 Explored : 126 Total elapsed : 58.221237
Iter : 50 To explore : 36 Explored : 141 Total elapsed : 59.213991
Iter : 60 To explore : 31 Explored : 146 Total elapsed : 60.192523
Iter : 70 To explore : 31 Explored : 156 Total elapsed : 61.138105
Iter : 80 To explore : 26 Explored : 161 Total elapsed : 62.092194
Iter : 90 To explore : 17 Explored : 162 Total elapsed : 63.050602
Iter : 100 To explore : 10 Explored : 165 Total elapsed : 64.018905
Iter : 110 To explore : 0 Explored : 165 Total elapsed : 64.992054
=== Report ===
[1] [IO] line 116, (balances[msg.sender] - _value) : proven
[2] [IO] line 117, (balances[_to] + _value) : proven
[3] [IO] line 155, (balances[_who] - _value) : proven
[4] [IO] line 156, (totalSupply_ - _value) : proven
[5] [IO] line 186, (balances[_from] - _value) : proven
[6] [IO] line 187, (balances[_to] + _value) : proven
[7] [IO] line 188, (allowed[_from][msg.sender] - _value) : proven
[8] [IO] line 230, (allowed[msg.sender][_spender] + _addedValue) : unproven
[9] [IO] line 250, (oldValue - _subtractedValue) : proven

=== Result Summary ===
# Queries                : 9
- integer over/underflow : 9
- division-by-zero       : 0
- assertion              : 0

# Alarms                 : 1
- integer over/underflow : 1
- division-by-zero       : 0
- assertion              : 0

# Proven                 : 8
- integer over/underflow : 8
- division-by-zero       : 0
- assertion              : 0

Time Elapsed : 64.992107
