ON: integer over/underflow
ON: division-by-zero

2018-14089_tmp.sol:68:46: Warning: "throw" is deprecated in favour of "revert()", "require()" and "assert()".
        if(msg.data.length < (2 * 32) + 4) { throw; }
                                             ^---^
2018-14089_tmp.sol:88:46: Warning: "throw" is deprecated in favour of "revert()", "require()" and "assert()".
        if(msg.data.length < (3 * 32) + 4) { throw; }
                                             ^---^
2018-14089_tmp.sol:130:36: Warning: "throw" is deprecated in favour of "revert()", "require()" and "assert()".
        if (msg.sender != owner) { throw; }
                                   ^---^
2018-14089_tmp.sol:136:36: Warning: "throw" is deprecated in favour of "revert()", "require()" and "assert()".
        if (msg.sender != owner) { throw; }
                                   ^---^
2018-14089_tmp.sol:142:36: Warning: "throw" is deprecated in favour of "revert()", "require()" and "assert()".
        if (msg.sender != owner) { throw; }
                                   ^---^
2018-14089_tmp.sol:155:36: Warning: "throw" is deprecated in favour of "revert()", "require()" and "assert()".
        if (msg.sender != owner) { throw; }
                                   ^---^
2018-14089_tmp.sol:160:36: Warning: "throw" is deprecated in favour of "revert()", "require()" and "assert()".
        if (msg.sender != owner) { throw; }
                                   ^---^
2018-14089_tmp.sol:165:36: Warning: "throw" is deprecated in favour of "revert()", "require()" and "assert()".
        if (msg.sender != owner) { throw; }
                                   ^---^
2018-14089_tmp.sol:171:35: Warning: "throw" is deprecated in favour of "revert()", "require()" and "assert()".
        if (!purchasingAllowed) { throw; }
                                  ^---^
2018-14089_tmp.sol:81:13: Warning: Invoking events without "emit" prefix is deprecated.
            Transfer(msg.sender, _to, _value);
            ^-------------------------------^
2018-14089_tmp.sol:105:13: Warning: Invoking events without "emit" prefix is deprecated.
            Transfer(_from, _to, _value);
            ^--------------------------^
2018-14089_tmp.sol:116:9: Warning: Invoking events without "emit" prefix is deprecated.
        Approval(msg.sender, _spender, _value);
        ^------------------------------------^
2018-14089_tmp.sol:184:9: Warning: Invoking events without "emit" prefix is deprecated.
        Transfer(address(this), msg.sender, tokensIssued);
        ^-----------------------------------------------^
2018-14089_tmp.sol:188:32: Warning: Using contract member "balance" inherited from the address type is deprecated. Convert the contract to "address" type to access the member, for example use "address(contract).balance" instead.
        uint256 etherBalance = this.balance;
                               ^----------^
2018-14089_tmp.sol:201:9: Warning: Invoking events without "emit" prefix is deprecated.
        Burnt(msg.sender, num * 1e8, totalSupply);
        ^---------------------------------------^
2018-14089_tmp.sol:202:9: Warning: Invoking events without "emit" prefix is deprecated.
        Transfer(msg.sender, 0x0, num * 1e8);
        ^----------------------------------^
2018-14089_tmp.sol:29:5: Warning: No visibility specified. Defaulting to "public". 
    function balanceOf(address _owner) constant returns (uint256);
    ^------------------------------------------------------------^
2018-14089_tmp.sol:30:5: Warning: No visibility specified. Defaulting to "public". 
    function transfer(address _to, uint256 _value) returns (bool);
    ^------------------------------------------------------------^
2018-14089_tmp.sol:48:5: Warning: No visibility specified. Defaulting to "public". 
    function name() constant returns (string) { return "Virgo_ZodiacToken"; }
    ^-----------------------------------------------------------------------^
2018-14089_tmp.sol:49:5: Warning: No visibility specified. Defaulting to "public". 
    function symbol() constant returns (string) { return "VIR♍"; }
    ^--------------------------------------------------------------^
2018-14089_tmp.sol:50:5: Warning: No visibility specified. Defaulting to "public". 
    function decimals() constant returns (uint8) { return 8; }
    ^--------------------------------------------------------^
2018-14089_tmp.sol:64:5: Warning: No visibility specified. Defaulting to "public". 
    function balanceOf(address _owner) constant returns (uint256) { return balances[_owner]; }
    ^----------------------------------------------------------------------------------------^
2018-14089_tmp.sol:66:5: Warning: No visibility specified. Defaulting to "public". 
    function transfer(address _to, uint256 _value) returns (bool success) {
    ^ (Relevant source part starts here and spans across multiple lines).
2018-14089_tmp.sol:86:5: Warning: No visibility specified. Defaulting to "public". 
    function transferFrom(address _from, address _to, uint256 _value) returns (bool success) {
    ^ (Relevant source part starts here and spans across multiple lines).
2018-14089_tmp.sol:110:5: Warning: No visibility specified. Defaulting to "public". 
    function approve(address _spender, uint256 _value) returns (bool success) {
    ^ (Relevant source part starts here and spans across multiple lines).
2018-14089_tmp.sol:120:5: Warning: No visibility specified. Defaulting to "public". 
    function allowance(address _owner, address _spender) constant returns (uint256) {
    ^ (Relevant source part starts here and spans across multiple lines).
2018-14089_tmp.sol:129:5: Warning: No visibility specified. Defaulting to "public". 
    function enablePurchasing() {
    ^ (Relevant source part starts here and spans across multiple lines).
2018-14089_tmp.sol:135:5: Warning: No visibility specified. Defaulting to "public". 
    function disablePurchasing() {
    ^ (Relevant source part starts here and spans across multiple lines).
2018-14089_tmp.sol:141:5: Warning: No visibility specified. Defaulting to "public". 
    function withdrawForeignTokens(address _tokenContract) returns (bool) {
    ^ (Relevant source part starts here and spans across multiple lines).
2018-14089_tmp.sol:150:5: Warning: No visibility specified. Defaulting to "public". 
    function getStats() constant returns (uint256, uint256, uint256, bool) {
    ^ (Relevant source part starts here and spans across multiple lines).
2018-14089_tmp.sol:154:5: Warning: No visibility specified. Defaulting to "public". 
    function setAIRDROPBounce(uint _newPrice)  {
    ^ (Relevant source part starts here and spans across multiple lines).
2018-14089_tmp.sol:159:5: Warning: No visibility specified. Defaulting to "public". 
    function setICORatio(uint _newPrice)  {
    ^ (Relevant source part starts here and spans across multiple lines).
2018-14089_tmp.sol:164:5: Warning: No visibility specified. Defaulting to "public". 
    function setMINfinney(uint _newPrice)  {
    ^ (Relevant source part starts here and spans across multiple lines).
2018-14089_tmp.sol:170:5: Warning: No visibility specified. Defaulting to "public". 
    function() payable {
    ^ (Relevant source part starts here and spans across multiple lines).
2018-14089_tmp.sol:48:5: Warning: Function state mutability can be restricted to pure
    function name() constant returns (string) { return "Virgo_ZodiacToken"; }
    ^-----------------------------------------------------------------------^
2018-14089_tmp.sol:49:5: Warning: Function state mutability can be restricted to pure
    function symbol() constant returns (string) { return "VIR♍"; }
    ^--------------------------------------------------------------^
2018-14089_tmp.sol:50:5: Warning: Function state mutability can be restricted to pure
    function decimals() constant returns (uint8) { return 8; }
    ^--------------------------------------------------------^
- all funcs : 38
- reachable : 27
* Generating Paths ... took 6.5e-05s
- paths : 50

Iter : 10 To explore : 1647 Explored : 1656 Total elapsed : 186.541459
Iter : 20 To explore : 2283 Explored : 4578 Total elapsed : 383.415958
=== Report ===
[1] [IO] line 68, ((2 * 32) + 4) : proven
[2] [IO] line 68, (2 * 32) : proven
[3] [IO] line 75, (balances[_to] + _value) : unproven
[4] [IO] line 78, (balances[msg.sender] - _value) : proven
[5] [IO] line 79, (balances[_to] + _value) : proven
[6] [IO] line 88, ((3 * 32) + 4) : proven
[7] [IO] line 88, (3 * 32) : proven
[8] [IO] line 97, (balances[_to] + _value) : unproven
[9] [IO] line 100, (balances[_to] + _value) : unproven
[10] [IO] line 101, (balances[_from] - _value) : unproven
[11] [IO] line 103, (allowed[_from][msg.sender] - _value) : unproven
[12] [IO] line 173, (1000000000000000 * MINfinney) : unproven
[13] [IO] line 176, (totalContribution + msg.value) : unproven
[14] [IO] line 178, (((msg.value / 10000000000) * ICORatio) + (AIRDROPBounce * 100000000)) : unproven
[15] [IO] line 178, ((msg.value / 10000000000) * ICORatio) : unproven
[16] [IO] line 178, (AIRDROPBounce * 100000000) : unproven
[17] [IO] line 181, (totalSupply + tokensIssued) : unproven
[18] [IO] line 182, (balances[msg.sender] + tokensIssued) : unproven
[19] [IO] line 193, (num * 100000000) : unproven
[20] [IO] line 194, (num * 100000000) : unproven
[21] [IO] line 195, (num * 100000000) : unproven
[22] [IO] line 199, (balances[msg.sender] - (num * 100000000)) : proven
[23] [IO] line 199, (num * 100000000) : unproven
[24] [IO] line 200, (num * 100000000) : unproven
[25] [IO] line 200, (totalSupply - (num * 100000000)) : proven
[26] [IO] line 201, (num * 100000000) : unproven
[27] [IO] line 202, (num * 100000000) : unproven
[28] [IO] line 204, (num * 100000000) : unproven
[29] [IO] line 204, (pre_balance - (num * 100000000)) : proven
[30] [DZ] line 178, (msg.value / 10000000000) : proven

=== Result Summary ===
# Queries                : 30
- integer over/underflow : 29
- division-by-zero       : 1
- assertion              : 0

# Alarms                 : 20
- integer over/underflow : 20
- division-by-zero       : 0
- assertion              : 0

# Proven                 : 10
- integer over/underflow : 9
- division-by-zero       : 1
- assertion              : 0

Time Elapsed : 536.295091
