ON: integer over/underflow
ON: division-by-zero

0x9041fe5b3fdea0f5e4afdc17e75180738d877a01_tmp.sol:124:5: Warning: Defining constructors as functions with the same name as the contract is deprecated. Use "constructor(...) { ... }" instead.
    function ProToken(
    ^ (Relevant source part starts here and spans across multiple lines).
0x9041fe5b3fdea0f5e4afdc17e75180738d877a01_tmp.sol:69:13: Warning: Invoking events without "emit" prefix is deprecated.
            Transfer(msg.sender, _to, _value);
            ^-------------------------------^
0x9041fe5b3fdea0f5e4afdc17e75180738d877a01_tmp.sol:81:13: Warning: Invoking events without "emit" prefix is deprecated.
            Transfer(_from, _to, _value);
            ^--------------------------^
0x9041fe5b3fdea0f5e4afdc17e75180738d877a01_tmp.sol:92:9: Warning: Invoking events without "emit" prefix is deprecated.
        Approval(msg.sender, _spender, _value);
        ^------------------------------------^
0x9041fe5b3fdea0f5e4afdc17e75180738d877a01_tmp.sol:140:9: Warning: Invoking events without "emit" prefix is deprecated.
        Approval(msg.sender, _spender, _value);
        ^------------------------------------^
0x9041fe5b3fdea0f5e4afdc17e75180738d877a01_tmp.sol:20:5: Warning: No visibility specified. Defaulting to "public". 
    function balanceOf(address _owner) constant returns (uint256 balance);
    ^--------------------------------------------------------------------^
0x9041fe5b3fdea0f5e4afdc17e75180738d877a01_tmp.sol:26:5: Warning: No visibility specified. Defaulting to "public". 
    function transfer(address _to, uint256 _value) returns (bool success);
    ^--------------------------------------------------------------------^
0x9041fe5b3fdea0f5e4afdc17e75180738d877a01_tmp.sol:33:5: Warning: No visibility specified. Defaulting to "public". 
    function transferFrom(address _from, address _to, uint256 _value) returns (bool success);
    ^---------------------------------------------------------------------------------------^
0x9041fe5b3fdea0f5e4afdc17e75180738d877a01_tmp.sol:39:5: Warning: No visibility specified. Defaulting to "public". 
    function approve(address _spender, uint256 _value) returns (bool success);
    ^------------------------------------------------------------------------^
0x9041fe5b3fdea0f5e4afdc17e75180738d877a01_tmp.sol:44:5: Warning: No visibility specified. Defaulting to "public". 
    function allowance(address _owner, address _spender) constant returns (uint256 remaining);
    ^----------------------------------------------------------------------------------------^
0x9041fe5b3fdea0f5e4afdc17e75180738d877a01_tmp.sol:61:5: Warning: No visibility specified. Defaulting to "public". 
    function transfer(address _to, uint256 _value) returns (bool success) {
    ^ (Relevant source part starts here and spans across multiple lines).
0x9041fe5b3fdea0f5e4afdc17e75180738d877a01_tmp.sol:74:5: Warning: No visibility specified. Defaulting to "public". 
    function transferFrom(address _from, address _to, uint256 _value) returns (bool success) {
    ^ (Relevant source part starts here and spans across multiple lines).
0x9041fe5b3fdea0f5e4afdc17e75180738d877a01_tmp.sol:86:5: Warning: No visibility specified. Defaulting to "public". 
    function balanceOf(address _owner) constant returns (uint256 balance) {
    ^ (Relevant source part starts here and spans across multiple lines).
0x9041fe5b3fdea0f5e4afdc17e75180738d877a01_tmp.sol:90:5: Warning: No visibility specified. Defaulting to "public". 
    function approve(address _spender, uint256 _value) returns (bool success) {
    ^ (Relevant source part starts here and spans across multiple lines).
0x9041fe5b3fdea0f5e4afdc17e75180738d877a01_tmp.sol:96:5: Warning: No visibility specified. Defaulting to "public". 
    function allowance(address _owner, address _spender) constant returns (uint256 remaining) {
    ^ (Relevant source part starts here and spans across multiple lines).
0x9041fe5b3fdea0f5e4afdc17e75180738d877a01_tmp.sol:106:5: Warning: No visibility specified. Defaulting to "public". 
    function () {
    ^ (Relevant source part starts here and spans across multiple lines).
0x9041fe5b3fdea0f5e4afdc17e75180738d877a01_tmp.sol:124:5: Warning: No visibility specified. Defaulting to "public". 
    function ProToken(
    ^ (Relevant source part starts here and spans across multiple lines).
0x9041fe5b3fdea0f5e4afdc17e75180738d877a01_tmp.sol:138:5: Warning: No visibility specified. Defaulting to "public". 
    function approveAndCall(address _spender, uint256 _value, bytes _extraData) returns (bool success) {
    ^ (Relevant source part starts here and spans across multiple lines).
- all funcs : 30
- reachable : 10
* Generating Paths ... took 2.4e-05s
- paths : 16

Iter : 10 To explore : 1 Explored : 17 Total elapsed : 1.823984
=== Report ===
[1] [IO] line 67, (balances[msg.sender] - _value) : proven
[2] [IO] line 68, (balances[_to] + _value) : proven
[3] [IO] line 78, (balances[_to] + _value) : unproven
[4] [IO] line 79, (balances[_from] - _value) : unproven
[5] [IO] line 80, (allowed[_from][msg.sender] - _value) : proven

=== Result Summary ===
# Queries                : 5
- integer over/underflow : 5
- division-by-zero       : 0
- assertion              : 0

# Alarms                 : 2
- integer over/underflow : 2
- division-by-zero       : 0
- assertion              : 0

# Proven                 : 3
- integer over/underflow : 3
- division-by-zero       : 0
- assertion              : 0

Time Elapsed : 1.909117
