ON: integer over/underflow
ON: division-by-zero

2018-14004_tmp.sol:58:8: Warning: "throw" is deprecated in favour of "revert()", "require()" and "assert()".
       throw;
       ^---^
2018-14004_tmp.sol:170:3: Warning: Defining constructors as functions with the same name as the contract is deprecated. Use "constructor(...) { ... }" instead.
  function Ownable() {
  ^ (Relevant source part starts here and spans across multiple lines).
2018-14004_tmp.sol:203:3: Warning: Defining constructors as functions with the same name as the contract is deprecated. Use "constructor(...) { ... }" instead.
  function Globecoin () { 
  ^ (Relevant source part starts here and spans across multiple lines).
2018-14004_tmp.sol:290:5: Warning: Defining constructors as functions with the same name as the contract is deprecated. Use "constructor(...) { ... }" instead.
    function developer_Crowdsale() payable Globecoin() {}
    ^---------------------------------------------------^
2018-14004_tmp.sol:66:5: Warning: Invoking events without "emit" prefix is deprecated.
    Transfer(msg.sender, _to, _value);
    ^-------------------------------^
2018-14004_tmp.sol:103:5: Warning: Invoking events without "emit" prefix is deprecated.
    Transfer(_from, _to, _value);
    ^--------------------------^
2018-14004_tmp.sol:119:5: Warning: Invoking events without "emit" prefix is deprecated.
    Approval(msg.sender, _spender, _value);
    ^------------------------------------^
2018-14004_tmp.sol:141:5: Warning: Invoking events without "emit" prefix is deprecated.
    Approval(msg.sender, _spender, allowed[msg.sender][_spender]);
    ^-----------------------------------------------------------^
2018-14004_tmp.sol:152:5: Warning: Invoking events without "emit" prefix is deprecated.
    Approval(msg.sender, _spender, allowed[msg.sender][_spender]);
    ^-----------------------------------------------------------^
2018-14004_tmp.sol:163:19: Warning: This looks like an address but has an invalid checksum. If this is not used as an address, please prepend '00'. Correct checksummed address: '0x4B01721F0244E7c5B5F63c20942850E447f5a5Ee'. For more information please see https://solidity.readthedocs.io/en/develop/types.html#address-literals
address initial = 0x4b01721f0244e7c5b5f63c20942850e447f5a5ee; 
                  ^----------------------------------------^
2018-14004_tmp.sol:164:16: Warning: This looks like an address but has an invalid checksum. If this is not used as an address, please prepend '00'. Correct checksummed address: '0x8d12A197cB00D4747a1fe03395095ce2A5CC6819'. For more information please see https://solidity.readthedocs.io/en/develop/types.html#address-literals
address base = 0x8d12a197cb00d4747a1fe03395095ce2a5cc6819; 
               ^----------------------------------------^
2018-14004_tmp.sol:165:15: Warning: This looks like an address but has an invalid checksum. If this is not used as an address, please prepend '00'. Correct checksummed address: '0x3f5CE5FBFe3E9af3971dD833D26bA9b5C936f0bE'. For more information please see https://solidity.readthedocs.io/en/develop/types.html#address-literals
address _x0 = 0x3f5ce5fbfe3e9af3971dd833d26ba9b5c936f0be; 
              ^----------------------------------------^
2018-14004_tmp.sol:166:20: Warning: This looks like an address but has an invalid checksum. If this is not used as an address, please prepend '00'. Correct checksummed address: '0x5E575279bf9f4acf0A130c186861454247394C06'. For more information please see https://solidity.readthedocs.io/en/develop/types.html#address-literals
address _initial = 0x5e575279bf9f4acf0a130c186861454247394c06; 
                   ^----------------------------------------^
2018-14004_tmp.sol:167:17: Warning: This looks like an address but has an invalid checksum. If this is not used as an address, please prepend '00'. Correct checksummed address: '0x876EabF441B2EE5B5b0554Fd502a8E0600950cFa'. For more information please see https://solidity.readthedocs.io/en/develop/types.html#address-literals
address _base = 0x876eabf441b2ee5b5b0554fd502a8e0600950cfa; 
                ^----------------------------------------^
2018-14004_tmp.sol:204:1: Warning: Invoking events without "emit" prefix is deprecated.
Transfer(initial, _base , max);
^----------------------------^
2018-14004_tmp.sol:205:1: Warning: Invoking events without "emit" prefix is deprecated.
Transfer(_x0, this , available);
^-----------------------------^
2018-14004_tmp.sol:206:1: Warning: Invoking events without "emit" prefix is deprecated.
Transfer(_initial, funds, custom);
^-------------------------------^
2018-14004_tmp.sol:207:1: Warning: Invoking events without "emit" prefix is deprecated.
Transfer(_base, fee, custom);
^--------------------------^
2018-14004_tmp.sol:208:1: Warning: Invoking events without "emit" prefix is deprecated.
Transfer(base, owner, max);
^------------------------^
2018-14004_tmp.sol:231:7: Warning: Invoking events without "emit" prefix is deprecated.
      Transfer(msg.sender, addresses[j], 100000);
      ^----------------------------------------^
2018-14004_tmp.sol:241:4: Warning: Invoking events without "emit" prefix is deprecated.
   Transfer(msg.sender, addresses[j], _value);
   ^----------------------------------------^
2018-14004_tmp.sol:285:5: Warning: Invoking events without "emit" prefix is deprecated.
    Transfer(this, msg.sender, Globecoins);
    ^------------------------------------^
2018-14004_tmp.sol:292:24: Warning: Using contract member "balance" inherited from the address type is deprecated. Convert the contract to "address" type to access the member, for example use "address(contract).balance" instead.
        owner.transfer(this.balance);
                       ^----------^
2018-14004_tmp.sol:8:3: Warning: No visibility specified. Defaulting to "public". 
  function balanceOf(address who) constant returns (uint256);
  ^---------------------------------------------------------^
2018-14004_tmp.sol:9:3: Warning: No visibility specified. Defaulting to "public". 
  function transfer(address to, uint256 value) returns (bool);
  ^----------------------------------------------------------^
2018-14004_tmp.sol:20:3: Warning: No visibility specified. Defaulting to "public". 
  function allowance(address owner, address spender) constant returns (uint256);
  ^----------------------------------------------------------------------------^
2018-14004_tmp.sol:21:3: Warning: No visibility specified. Defaulting to "public". 
  function transferFrom(address from, address to, uint256 value) returns (bool);
  ^----------------------------------------------------------------------------^
2018-14004_tmp.sol:22:3: Warning: No visibility specified. Defaulting to "public". 
  function approve(address spender, uint256 value) returns (bool);
  ^--------------------------------------------------------------^
2018-14004_tmp.sol:63:2: Warning: No visibility specified. Defaulting to "public". 
 function transfer(address _to, uint256 _value) onlyPayloadSize(2 * 32) returns (bool) {
 ^ (Relevant source part starts here and spans across multiple lines).
2018-14004_tmp.sol:75:3: Warning: No visibility specified. Defaulting to "public". 
  function balanceOf(address _owner) constant returns (uint256 balance) {
  ^ (Relevant source part starts here and spans across multiple lines).
2018-14004_tmp.sol:170:3: Warning: No visibility specified. Defaulting to "public". 
  function Ownable() {
  ^ (Relevant source part starts here and spans across multiple lines).
2018-14004_tmp.sol:184:3: Warning: No visibility specified. Defaulting to "public". 
  function transferOwnership(address newOwner) onlyOwner {
  ^ (Relevant source part starts here and spans across multiple lines).
2018-14004_tmp.sol:203:3: Warning: No visibility specified. Defaulting to "public". 
  function Globecoin () { 
  ^ (Relevant source part starts here and spans across multiple lines).
2018-14004_tmp.sol:223:1: Warning: No visibility specified. Defaulting to "public". 
function distribute_100_tokens_to_many(address[] addresses) {
^ (Relevant source part starts here and spans across multiple lines).
2018-14004_tmp.sol:235:4: Warning: No visibility specified. Defaulting to "public". 
   function transfer_tokens_after_ICO(address[] addresses, uint256 _value)
   ^ (Relevant source part starts here and spans across multiple lines).
2018-14004_tmp.sol:245:1: Warning: No visibility specified. Defaulting to "public". 
function developer_Coin_Character (string change_coin_character) {
^ (Relevant source part starts here and spans across multiple lines).
2018-14004_tmp.sol:248:1: Warning: No visibility specified. Defaulting to "public". 
function developer_new_address_for_funds (address new_address_for_funds) {
^ (Relevant source part starts here and spans across multiple lines).
2018-14004_tmp.sol:251:1: Warning: No visibility specified. Defaulting to "public". 
function developer_add_Exchanges (string _add_Exchanges) {
^ (Relevant source part starts here and spans across multiple lines).
2018-14004_tmp.sol:254:1: Warning: No visibility specified. Defaulting to "public". 
function developer_add_cost_of_transfers (string _add_cost_of_transfers) {
^ (Relevant source part starts here and spans across multiple lines).
2018-14004_tmp.sol:257:1: Warning: No visibility specified. Defaulting to "public". 
function developer_new_price (string _new_price) {
^ (Relevant source part starts here and spans across multiple lines).
2018-14004_tmp.sol:260:1: Warning: No visibility specified. Defaulting to "public". 
function developer_crowdsale_text (string _crowdsale_text) {
^ (Relevant source part starts here and spans across multiple lines).
2018-14004_tmp.sol:263:1: Warning: No visibility specified. Defaulting to "public". 
function developer_new_symbol (string _new_symbol) {
^ (Relevant source part starts here and spans across multiple lines).
2018-14004_tmp.sol:267:1: Warning: No visibility specified. Defaulting to "public". 
function () payable {
^ (Relevant source part starts here and spans across multiple lines).
2018-14004_tmp.sol:290:5: Warning: No visibility specified. Defaulting to "public". 
    function developer_Crowdsale() payable Globecoin() {}
    ^---------------------------------------------------^
2018-14004_tmp.sol:291:5: Warning: No visibility specified. Defaulting to "public". 
    function balance_wirthdraw () onlyOwner {
    ^ (Relevant source part starts here and spans across multiple lines).
2018-14004_tmp.sol:295:5: Warning: No visibility specified. Defaulting to "public". 
    function balances_available_for_crowdsale () constant returns (uint256 crowdsale_balance) {
    ^ (Relevant source part starts here and spans across multiple lines).
2018-14004_tmp.sol:30:3: Warning: Function state mutability can be restricted to pure
  function mul(uint256 a, uint256 b) internal constant returns (uint256) {
  ^ (Relevant source part starts here and spans across multiple lines).
2018-14004_tmp.sol:35:3: Warning: Function state mutability can be restricted to pure
  function div(uint256 a, uint256 b) internal constant returns (uint256) {
  ^ (Relevant source part starts here and spans across multiple lines).
2018-14004_tmp.sol:41:3: Warning: Function state mutability can be restricted to pure
  function sub(uint256 a, uint256 b) internal constant returns (uint256) {
  ^ (Relevant source part starts here and spans across multiple lines).
2018-14004_tmp.sol:45:3: Warning: Function state mutability can be restricted to pure
  function add(uint256 a, uint256 b) internal constant returns (uint256) {
  ^ (Relevant source part starts here and spans across multiple lines).
- all funcs : 95
- reachable : 24
* Generating Paths ... took 0.000118s
- paths : 47

Iter : 10 To explore : 5667 Explored : 5676 Total elapsed : 53.770614
Iter : 20 To explore : 11754 Explored : 11773 Total elapsed : 84.527004
Iter : 30 To explore : 17779 Explored : 17808 Total elapsed : 84.955877
Iter : 40 To explore : 20105 Explored : 59200 Total elapsed : 134.198571
Iter : 50 To explore : 21323 Explored : 60428 Total elapsed : 234.589673
Iter : 60 To explore : 24854 Explored : 63969 Total elapsed : 235.557716
Iter : 70 To explore : 26083 Explored : 65208 Total elapsed : 402.343885
=== Report ===
[1] [IO] line 17, (10 ** 7) : proven
[2] [IO] line 18, (10 ** 8) : proven
[3] [IO] line 18, (14 * (10 ** 8)) : proven
[4] [IO] line 19, (10 ** 8) : proven
[5] [IO] line 19, (15 * (10 ** 8)) : proven
[6] [IO] line 57, (size + 4) : proven
[7] [IO] line 63, (2 * 32) : proven
[8] [IO] line 64, (balances[msg.sender] - _value) : unproven
[9] [IO] line 65, (balances[_to] + _value) : unproven
[10] [IO] line 85, (5 * max) : proven
[11] [IO] line 100, (balances[_from] - _value) : proven
[12] [IO] line 101, (balances[_to] + _value) : unproven
[13] [IO] line 102, (allowed[_from][msg.sender] - _value) : proven
[14] [IO] line 129, (10 ** 2) : proven
[15] [IO] line 129, (i * (10 ** 2)) : proven
[16] [IO] line 140, (allowed[msg.sender][_spender] + _addedValue) : unproven
[17] [IO] line 150, (oldValue - _subtractedValue) : proven
[18] [IO] line 201, (10 ** 9) : proven
[19] [IO] line 201, (14 * (10 ** 9)) : proven
[20] [IO] line 214, ((initialSupply / 4) - (4 * i)) : proven
[21] [IO] line 214, (4 * i) : proven
[22] [IO] line 216, ((initialSupply / 2) - (3 * i)) : proven
[23] [IO] line 216, (3 * i) : proven
[24] [IO] line 217, ((initialSupply / 8) - i) : proven
[25] [IO] line 218, (3 * i) : proven
[26] [IO] line 226, (j + 1) : proven
[27] [IO] line 229, (balances[msg.sender] - 100000) : unproven
[28] [IO] line 230, (balances[addresses[j]] + 100000) : unproven
[29] [IO] line 238, (j + 1) : proven
[30] [IO] line 239, (balances[msg.sender] - _value) : unproven
[31] [IO] line 240, (balances[addresses[j]] + _value) : unproven
[32] [IO] line 269, (10 ** 15) : proven
[33] [IO] line 269, (740 * msg.value) : unproven
[34] [IO] line 280, (10 ** 15) : proven
[35] [IO] line 280, (Globecoins * (10 ** 15)) : proven
[36] [IO] line 281, (msg.value - valueWei) : proven
[37] [IO] line 283, (balances[msg.sender] + Globecoins) : unproven
[38] [IO] line 284, (balances[this] - Globecoins) : unproven
[39] [DZ] line 214, (initialSupply / 4) : proven
[40] [DZ] line 215, (initialSupply / 8) : proven
[41] [DZ] line 216, (initialSupply / 2) : proven
[42] [DZ] line 217, (initialSupply / 8) : proven
[43] [DZ] line 269, ((740 * msg.value) / (10 ** 15)) : proven
[44] [DZ] line 280, ((Globecoins * (10 ** 15)) / 740) : proven
[45] [DZ] line 296, (balances[this] / 1000) : proven

=== Result Summary ===
# Queries                : 45
- integer over/underflow : 38
- division-by-zero       : 7
- assertion              : 0

# Alarms                 : 11
- integer over/underflow : 11
- division-by-zero       : 0
- assertion              : 0

# Proven                 : 34
- integer over/underflow : 27
- division-by-zero       : 7
- assertion              : 0

Time Elapsed : 538.952009
